[2025-09-21T04:48:17.162+0000] {processor.py:186} INFO - Started process (PID=119) to work on /home/airflow/.local/lib/python3.12/site-packages/airflow/example_dags/example_dataset_alias_with_no_taskflow.py
[2025-09-21T04:48:17.171+0000] {processor.py:914} INFO - Processing file /home/airflow/.local/lib/python3.12/site-packages/airflow/example_dags/example_dataset_alias_with_no_taskflow.py for tasks to queue
[2025-09-21T04:48:17.186+0000] {logging_mixin.py:190} INFO - [2025-09-21T04:48:17.183+0000] {dagbag.py:588} INFO - Filling up the DagBag from /home/airflow/.local/lib/python3.12/site-packages/airflow/example_dags/example_dataset_alias_with_no_taskflow.py
[2025-09-21T04:48:21.323+0000] {processor.py:925} INFO - DAG(s) 'dataset_s3_bucket_consumer_with_no_taskflow', 'dataset_alias_example_alias_consumer_with_no_taskflow', 'dataset_s3_bucket_producer_with_no_taskflow', 'dataset_alias_example_alias_producer_with_no_taskflow' retrieved from /home/airflow/.local/lib/python3.12/site-packages/airflow/example_dags/example_dataset_alias_with_no_taskflow.py
[2025-09-21T04:48:21.974+0000] {logging_mixin.py:190} INFO - [2025-09-21T04:48:21.974+0000] {override.py:1911} INFO - Created Permission View: can delete on DAG:dataset_s3_bucket_consumer_with_no_taskflow
[2025-09-21T04:48:22.041+0000] {logging_mixin.py:190} INFO - [2025-09-21T04:48:22.040+0000] {override.py:1911} INFO - Created Permission View: can read on DAG:dataset_s3_bucket_consumer_with_no_taskflow
[2025-09-21T04:48:22.070+0000] {logging_mixin.py:190} INFO - [2025-09-21T04:48:22.066+0000] {override.py:1911} INFO - Created Permission View: can edit on DAG:dataset_s3_bucket_consumer_with_no_taskflow
[2025-09-21T04:48:22.104+0000] {logging_mixin.py:190} INFO - [2025-09-21T04:48:22.103+0000] {override.py:1911} INFO - Created Permission View: can read on DAG Run:dataset_s3_bucket_consumer_with_no_taskflow
[2025-09-21T04:48:22.126+0000] {logging_mixin.py:190} INFO - [2025-09-21T04:48:22.126+0000] {override.py:1911} INFO - Created Permission View: menu access on DAG Run:dataset_s3_bucket_consumer_with_no_taskflow
[2025-09-21T04:48:22.156+0000] {logging_mixin.py:190} INFO - [2025-09-21T04:48:22.155+0000] {override.py:1911} INFO - Created Permission View: can delete on DAG Run:dataset_s3_bucket_consumer_with_no_taskflow
[2025-09-21T04:48:22.204+0000] {logging_mixin.py:190} INFO - [2025-09-21T04:48:22.203+0000] {override.py:1911} INFO - Created Permission View: can create on DAG Run:dataset_s3_bucket_consumer_with_no_taskflow
[2025-09-21T04:48:22.280+0000] {logging_mixin.py:190} INFO - [2025-09-21T04:48:22.280+0000] {override.py:1911} INFO - Created Permission View: can delete on DAG:dataset_alias_example_alias_consumer_with_no_taskflow
[2025-09-21T04:48:22.306+0000] {logging_mixin.py:190} INFO - [2025-09-21T04:48:22.305+0000] {override.py:1911} INFO - Created Permission View: can read on DAG:dataset_alias_example_alias_consumer_with_no_taskflow
[2025-09-21T04:48:22.326+0000] {logging_mixin.py:190} INFO - [2025-09-21T04:48:22.326+0000] {override.py:1911} INFO - Created Permission View: can edit on DAG:dataset_alias_example_alias_consumer_with_no_taskflow
[2025-09-21T04:48:22.358+0000] {logging_mixin.py:190} INFO - [2025-09-21T04:48:22.357+0000] {override.py:1911} INFO - Created Permission View: can read on DAG Run:dataset_alias_example_alias_consumer_with_no_taskflow
[2025-09-21T04:48:22.394+0000] {logging_mixin.py:190} INFO - [2025-09-21T04:48:22.393+0000] {override.py:1911} INFO - Created Permission View: menu access on DAG Run:dataset_alias_example_alias_consumer_with_no_taskflow
[2025-09-21T04:48:22.428+0000] {logging_mixin.py:190} INFO - [2025-09-21T04:48:22.428+0000] {override.py:1911} INFO - Created Permission View: can delete on DAG Run:dataset_alias_example_alias_consumer_with_no_taskflow
[2025-09-21T04:48:22.477+0000] {logging_mixin.py:190} INFO - [2025-09-21T04:48:22.472+0000] {override.py:1911} INFO - Created Permission View: can create on DAG Run:dataset_alias_example_alias_consumer_with_no_taskflow
[2025-09-21T04:48:22.555+0000] {logging_mixin.py:190} INFO - [2025-09-21T04:48:22.554+0000] {override.py:1911} INFO - Created Permission View: can delete on DAG:dataset_s3_bucket_producer_with_no_taskflow
[2025-09-21T04:48:22.597+0000] {logging_mixin.py:190} INFO - [2025-09-21T04:48:22.596+0000] {override.py:1911} INFO - Created Permission View: can read on DAG:dataset_s3_bucket_producer_with_no_taskflow
[2025-09-21T04:48:22.629+0000] {logging_mixin.py:190} INFO - [2025-09-21T04:48:22.628+0000] {override.py:1911} INFO - Created Permission View: can edit on DAG:dataset_s3_bucket_producer_with_no_taskflow
[2025-09-21T04:48:22.651+0000] {logging_mixin.py:190} INFO - [2025-09-21T04:48:22.651+0000] {override.py:1911} INFO - Created Permission View: can read on DAG Run:dataset_s3_bucket_producer_with_no_taskflow
[2025-09-21T04:48:22.673+0000] {logging_mixin.py:190} INFO - [2025-09-21T04:48:22.673+0000] {override.py:1911} INFO - Created Permission View: menu access on DAG Run:dataset_s3_bucket_producer_with_no_taskflow
[2025-09-21T04:48:22.690+0000] {logging_mixin.py:190} INFO - [2025-09-21T04:48:22.689+0000] {override.py:1911} INFO - Created Permission View: can delete on DAG Run:dataset_s3_bucket_producer_with_no_taskflow
[2025-09-21T04:48:22.708+0000] {logging_mixin.py:190} INFO - [2025-09-21T04:48:22.708+0000] {override.py:1911} INFO - Created Permission View: can create on DAG Run:dataset_s3_bucket_producer_with_no_taskflow
[2025-09-21T04:48:22.745+0000] {logging_mixin.py:190} INFO - [2025-09-21T04:48:22.744+0000] {override.py:1911} INFO - Created Permission View: can delete on DAG:dataset_alias_example_alias_producer_with_no_taskflow
[2025-09-21T04:48:22.761+0000] {logging_mixin.py:190} INFO - [2025-09-21T04:48:22.760+0000] {override.py:1911} INFO - Created Permission View: can read on DAG:dataset_alias_example_alias_producer_with_no_taskflow
[2025-09-21T04:48:22.775+0000] {logging_mixin.py:190} INFO - [2025-09-21T04:48:22.775+0000] {override.py:1911} INFO - Created Permission View: can edit on DAG:dataset_alias_example_alias_producer_with_no_taskflow
[2025-09-21T04:48:22.796+0000] {logging_mixin.py:190} INFO - [2025-09-21T04:48:22.795+0000] {override.py:1911} INFO - Created Permission View: can read on DAG Run:dataset_alias_example_alias_producer_with_no_taskflow
[2025-09-21T04:48:22.820+0000] {logging_mixin.py:190} INFO - [2025-09-21T04:48:22.820+0000] {override.py:1911} INFO - Created Permission View: menu access on DAG Run:dataset_alias_example_alias_producer_with_no_taskflow
[2025-09-21T04:48:22.843+0000] {logging_mixin.py:190} INFO - [2025-09-21T04:48:22.842+0000] {override.py:1911} INFO - Created Permission View: can delete on DAG Run:dataset_alias_example_alias_producer_with_no_taskflow
[2025-09-21T04:48:22.855+0000] {logging_mixin.py:190} INFO - [2025-09-21T04:48:22.855+0000] {override.py:1911} INFO - Created Permission View: can create on DAG Run:dataset_alias_example_alias_producer_with_no_taskflow
[2025-09-21T04:48:22.860+0000] {logging_mixin.py:190} INFO - [2025-09-21T04:48:22.859+0000] {dag.py:3239} INFO - Sync 4 DAGs
[2025-09-21T04:48:22.904+0000] {logging_mixin.py:190} INFO - [2025-09-21T04:48:22.904+0000] {dag.py:3262} INFO - Creating ORM DAG for dataset_s3_bucket_producer_with_no_taskflow
[2025-09-21T04:48:22.909+0000] {logging_mixin.py:190} INFO - [2025-09-21T04:48:22.909+0000] {dag.py:3262} INFO - Creating ORM DAG for dataset_s3_bucket_consumer_with_no_taskflow
[2025-09-21T04:48:22.911+0000] {logging_mixin.py:190} INFO - [2025-09-21T04:48:22.911+0000] {dag.py:3262} INFO - Creating ORM DAG for dataset_alias_example_alias_producer_with_no_taskflow
[2025-09-21T04:48:22.916+0000] {logging_mixin.py:190} INFO - [2025-09-21T04:48:22.916+0000] {dag.py:3262} INFO - Creating ORM DAG for dataset_alias_example_alias_consumer_with_no_taskflow
[2025-09-21T04:48:22.958+0000] {logging_mixin.py:190} INFO - [2025-09-21T04:48:22.958+0000] {dag.py:4180} INFO - Setting next_dagrun for dataset_alias_example_alias_consumer_with_no_taskflow to None, run_after=None
[2025-09-21T04:48:22.965+0000] {logging_mixin.py:190} INFO - [2025-09-21T04:48:22.965+0000] {dag.py:4180} INFO - Setting next_dagrun for dataset_alias_example_alias_producer_with_no_taskflow to None, run_after=None
[2025-09-21T04:48:22.966+0000] {logging_mixin.py:190} INFO - [2025-09-21T04:48:22.966+0000] {dag.py:4180} INFO - Setting next_dagrun for dataset_s3_bucket_consumer_with_no_taskflow to None, run_after=None
[2025-09-21T04:48:22.969+0000] {logging_mixin.py:190} INFO - [2025-09-21T04:48:22.968+0000] {dag.py:4180} INFO - Setting next_dagrun for dataset_s3_bucket_producer_with_no_taskflow to None, run_after=None
[2025-09-21T04:48:23.046+0000] {processor.py:208} INFO - Processing /home/airflow/.local/lib/python3.12/site-packages/airflow/example_dags/example_dataset_alias_with_no_taskflow.py took 5.943 seconds
[2025-09-21T04:48:53.179+0000] {processor.py:186} INFO - Started process (PID=184) to work on /home/airflow/.local/lib/python3.12/site-packages/airflow/example_dags/example_dataset_alias_with_no_taskflow.py
[2025-09-21T04:48:53.182+0000] {processor.py:914} INFO - Processing file /home/airflow/.local/lib/python3.12/site-packages/airflow/example_dags/example_dataset_alias_with_no_taskflow.py for tasks to queue
[2025-09-21T04:48:53.187+0000] {logging_mixin.py:190} INFO - [2025-09-21T04:48:53.186+0000] {dagbag.py:588} INFO - Filling up the DagBag from /home/airflow/.local/lib/python3.12/site-packages/airflow/example_dags/example_dataset_alias_with_no_taskflow.py
[2025-09-21T04:48:54.345+0000] {processor.py:925} INFO - DAG(s) 'dataset_s3_bucket_producer_with_no_taskflow', 'dataset_alias_example_alias_producer_with_no_taskflow', 'dataset_alias_example_alias_consumer_with_no_taskflow', 'dataset_s3_bucket_consumer_with_no_taskflow' retrieved from /home/airflow/.local/lib/python3.12/site-packages/airflow/example_dags/example_dataset_alias_with_no_taskflow.py
[2025-09-21T04:48:54.412+0000] {logging_mixin.py:190} INFO - [2025-09-21T04:48:54.411+0000] {dag.py:3239} INFO - Sync 4 DAGs
[2025-09-21T04:48:54.547+0000] {logging_mixin.py:190} INFO - [2025-09-21T04:48:54.547+0000] {dag.py:4180} INFO - Setting next_dagrun for dataset_alias_example_alias_consumer_with_no_taskflow to None, run_after=None
[2025-09-21T04:48:54.568+0000] {logging_mixin.py:190} INFO - [2025-09-21T04:48:54.568+0000] {dag.py:4180} INFO - Setting next_dagrun for dataset_alias_example_alias_producer_with_no_taskflow to None, run_after=None
[2025-09-21T04:48:54.574+0000] {logging_mixin.py:190} INFO - [2025-09-21T04:48:54.574+0000] {dag.py:4180} INFO - Setting next_dagrun for dataset_s3_bucket_consumer_with_no_taskflow to None, run_after=None
[2025-09-21T04:48:54.582+0000] {logging_mixin.py:190} INFO - [2025-09-21T04:48:54.582+0000] {dag.py:4180} INFO - Setting next_dagrun for dataset_s3_bucket_producer_with_no_taskflow to None, run_after=None
[2025-09-21T04:48:54.693+0000] {processor.py:208} INFO - Processing /home/airflow/.local/lib/python3.12/site-packages/airflow/example_dags/example_dataset_alias_with_no_taskflow.py took 1.541 seconds
[2025-09-21T04:49:25.791+0000] {processor.py:186} INFO - Started process (PID=248) to work on /home/airflow/.local/lib/python3.12/site-packages/airflow/example_dags/example_dataset_alias_with_no_taskflow.py
[2025-09-21T04:49:25.792+0000] {processor.py:914} INFO - Processing file /home/airflow/.local/lib/python3.12/site-packages/airflow/example_dags/example_dataset_alias_with_no_taskflow.py for tasks to queue
[2025-09-21T04:49:25.798+0000] {logging_mixin.py:190} INFO - [2025-09-21T04:49:25.796+0000] {dagbag.py:588} INFO - Filling up the DagBag from /home/airflow/.local/lib/python3.12/site-packages/airflow/example_dags/example_dataset_alias_with_no_taskflow.py
[2025-09-21T04:49:29.091+0000] {processor.py:925} INFO - DAG(s) 'dataset_alias_example_alias_consumer_with_no_taskflow', 'dataset_s3_bucket_consumer_with_no_taskflow', 'dataset_s3_bucket_producer_with_no_taskflow', 'dataset_alias_example_alias_producer_with_no_taskflow' retrieved from /home/airflow/.local/lib/python3.12/site-packages/airflow/example_dags/example_dataset_alias_with_no_taskflow.py
[2025-09-21T04:49:29.179+0000] {logging_mixin.py:190} INFO - [2025-09-21T04:49:29.179+0000] {dag.py:3239} INFO - Sync 4 DAGs
[2025-09-21T04:49:29.265+0000] {logging_mixin.py:190} INFO - [2025-09-21T04:49:29.265+0000] {dag.py:4180} INFO - Setting next_dagrun for dataset_alias_example_alias_consumer_with_no_taskflow to None, run_after=None
[2025-09-21T04:49:29.274+0000] {logging_mixin.py:190} INFO - [2025-09-21T04:49:29.274+0000] {dag.py:4180} INFO - Setting next_dagrun for dataset_alias_example_alias_producer_with_no_taskflow to None, run_after=None
[2025-09-21T04:49:29.283+0000] {logging_mixin.py:190} INFO - [2025-09-21T04:49:29.282+0000] {dag.py:4180} INFO - Setting next_dagrun for dataset_s3_bucket_consumer_with_no_taskflow to None, run_after=None
[2025-09-21T04:49:29.287+0000] {logging_mixin.py:190} INFO - [2025-09-21T04:49:29.287+0000] {dag.py:4180} INFO - Setting next_dagrun for dataset_s3_bucket_producer_with_no_taskflow to None, run_after=None
[2025-09-21T04:49:29.355+0000] {processor.py:208} INFO - Processing /home/airflow/.local/lib/python3.12/site-packages/airflow/example_dags/example_dataset_alias_with_no_taskflow.py took 3.576 seconds
[2025-09-21T04:49:59.889+0000] {processor.py:186} INFO - Started process (PID=318) to work on /home/airflow/.local/lib/python3.12/site-packages/airflow/example_dags/example_dataset_alias_with_no_taskflow.py
[2025-09-21T04:49:59.890+0000] {processor.py:914} INFO - Processing file /home/airflow/.local/lib/python3.12/site-packages/airflow/example_dags/example_dataset_alias_with_no_taskflow.py for tasks to queue
[2025-09-21T04:49:59.892+0000] {logging_mixin.py:190} INFO - [2025-09-21T04:49:59.892+0000] {dagbag.py:588} INFO - Filling up the DagBag from /home/airflow/.local/lib/python3.12/site-packages/airflow/example_dags/example_dataset_alias_with_no_taskflow.py
[2025-09-21T04:50:00.438+0000] {processor.py:925} INFO - DAG(s) 'dataset_alias_example_alias_producer_with_no_taskflow', 'dataset_s3_bucket_consumer_with_no_taskflow', 'dataset_s3_bucket_producer_with_no_taskflow', 'dataset_alias_example_alias_consumer_with_no_taskflow' retrieved from /home/airflow/.local/lib/python3.12/site-packages/airflow/example_dags/example_dataset_alias_with_no_taskflow.py
[2025-09-21T04:50:00.454+0000] {logging_mixin.py:190} INFO - [2025-09-21T04:50:00.453+0000] {dag.py:3239} INFO - Sync 4 DAGs
[2025-09-21T04:50:00.472+0000] {logging_mixin.py:190} INFO - [2025-09-21T04:50:00.472+0000] {dag.py:4180} INFO - Setting next_dagrun for dataset_alias_example_alias_consumer_with_no_taskflow to None, run_after=None
[2025-09-21T04:50:00.474+0000] {logging_mixin.py:190} INFO - [2025-09-21T04:50:00.474+0000] {dag.py:4180} INFO - Setting next_dagrun for dataset_alias_example_alias_producer_with_no_taskflow to None, run_after=None
[2025-09-21T04:50:00.476+0000] {logging_mixin.py:190} INFO - [2025-09-21T04:50:00.475+0000] {dag.py:4180} INFO - Setting next_dagrun for dataset_s3_bucket_consumer_with_no_taskflow to None, run_after=None
[2025-09-21T04:50:00.477+0000] {logging_mixin.py:190} INFO - [2025-09-21T04:50:00.476+0000] {dag.py:4180} INFO - Setting next_dagrun for dataset_s3_bucket_producer_with_no_taskflow to None, run_after=None
[2025-09-21T04:50:00.492+0000] {processor.py:208} INFO - Processing /home/airflow/.local/lib/python3.12/site-packages/airflow/example_dags/example_dataset_alias_with_no_taskflow.py took 0.610 seconds
[2025-09-21T04:50:31.413+0000] {processor.py:186} INFO - Started process (PID=384) to work on /home/airflow/.local/lib/python3.12/site-packages/airflow/example_dags/example_dataset_alias_with_no_taskflow.py
[2025-09-21T04:50:31.414+0000] {processor.py:914} INFO - Processing file /home/airflow/.local/lib/python3.12/site-packages/airflow/example_dags/example_dataset_alias_with_no_taskflow.py for tasks to queue
[2025-09-21T04:50:31.416+0000] {logging_mixin.py:190} INFO - [2025-09-21T04:50:31.416+0000] {dagbag.py:588} INFO - Filling up the DagBag from /home/airflow/.local/lib/python3.12/site-packages/airflow/example_dags/example_dataset_alias_with_no_taskflow.py
[2025-09-21T04:50:32.016+0000] {processor.py:925} INFO - DAG(s) 'dataset_alias_example_alias_producer_with_no_taskflow', 'dataset_alias_example_alias_consumer_with_no_taskflow', 'dataset_s3_bucket_producer_with_no_taskflow', 'dataset_s3_bucket_consumer_with_no_taskflow' retrieved from /home/airflow/.local/lib/python3.12/site-packages/airflow/example_dags/example_dataset_alias_with_no_taskflow.py
[2025-09-21T04:50:32.044+0000] {logging_mixin.py:190} INFO - [2025-09-21T04:50:32.043+0000] {dag.py:3239} INFO - Sync 4 DAGs
[2025-09-21T04:50:32.074+0000] {logging_mixin.py:190} INFO - [2025-09-21T04:50:32.074+0000] {dag.py:4180} INFO - Setting next_dagrun for dataset_alias_example_alias_consumer_with_no_taskflow to None, run_after=None
[2025-09-21T04:50:32.078+0000] {logging_mixin.py:190} INFO - [2025-09-21T04:50:32.078+0000] {dag.py:4180} INFO - Setting next_dagrun for dataset_alias_example_alias_producer_with_no_taskflow to None, run_after=None
[2025-09-21T04:50:32.080+0000] {logging_mixin.py:190} INFO - [2025-09-21T04:50:32.080+0000] {dag.py:4180} INFO - Setting next_dagrun for dataset_s3_bucket_consumer_with_no_taskflow to None, run_after=None
[2025-09-21T04:50:32.082+0000] {logging_mixin.py:190} INFO - [2025-09-21T04:50:32.081+0000] {dag.py:4180} INFO - Setting next_dagrun for dataset_s3_bucket_producer_with_no_taskflow to None, run_after=None
[2025-09-21T04:50:32.116+0000] {processor.py:208} INFO - Processing /home/airflow/.local/lib/python3.12/site-packages/airflow/example_dags/example_dataset_alias_with_no_taskflow.py took 0.709 seconds
[2025-09-21T04:51:02.496+0000] {processor.py:186} INFO - Started process (PID=451) to work on /home/airflow/.local/lib/python3.12/site-packages/airflow/example_dags/example_dataset_alias_with_no_taskflow.py
[2025-09-21T04:51:02.496+0000] {processor.py:914} INFO - Processing file /home/airflow/.local/lib/python3.12/site-packages/airflow/example_dags/example_dataset_alias_with_no_taskflow.py for tasks to queue
[2025-09-21T04:51:02.498+0000] {logging_mixin.py:190} INFO - [2025-09-21T04:51:02.498+0000] {dagbag.py:588} INFO - Filling up the DagBag from /home/airflow/.local/lib/python3.12/site-packages/airflow/example_dags/example_dataset_alias_with_no_taskflow.py
[2025-09-21T04:51:03.039+0000] {processor.py:925} INFO - DAG(s) 'dataset_alias_example_alias_producer_with_no_taskflow', 'dataset_s3_bucket_producer_with_no_taskflow', 'dataset_s3_bucket_consumer_with_no_taskflow', 'dataset_alias_example_alias_consumer_with_no_taskflow' retrieved from /home/airflow/.local/lib/python3.12/site-packages/airflow/example_dags/example_dataset_alias_with_no_taskflow.py
[2025-09-21T04:51:03.059+0000] {logging_mixin.py:190} INFO - [2025-09-21T04:51:03.058+0000] {dag.py:3239} INFO - Sync 4 DAGs
[2025-09-21T04:51:03.076+0000] {logging_mixin.py:190} INFO - [2025-09-21T04:51:03.076+0000] {dag.py:4180} INFO - Setting next_dagrun for dataset_alias_example_alias_consumer_with_no_taskflow to None, run_after=None
[2025-09-21T04:51:03.078+0000] {logging_mixin.py:190} INFO - [2025-09-21T04:51:03.078+0000] {dag.py:4180} INFO - Setting next_dagrun for dataset_alias_example_alias_producer_with_no_taskflow to None, run_after=None
[2025-09-21T04:51:03.079+0000] {logging_mixin.py:190} INFO - [2025-09-21T04:51:03.079+0000] {dag.py:4180} INFO - Setting next_dagrun for dataset_s3_bucket_consumer_with_no_taskflow to None, run_after=None
[2025-09-21T04:51:03.080+0000] {logging_mixin.py:190} INFO - [2025-09-21T04:51:03.080+0000] {dag.py:4180} INFO - Setting next_dagrun for dataset_s3_bucket_producer_with_no_taskflow to None, run_after=None
[2025-09-21T04:51:03.099+0000] {processor.py:208} INFO - Processing /home/airflow/.local/lib/python3.12/site-packages/airflow/example_dags/example_dataset_alias_with_no_taskflow.py took 0.610 seconds
[2025-09-21T04:51:34.043+0000] {processor.py:186} INFO - Started process (PID=521) to work on /home/airflow/.local/lib/python3.12/site-packages/airflow/example_dags/example_dataset_alias_with_no_taskflow.py
[2025-09-21T04:51:34.044+0000] {processor.py:914} INFO - Processing file /home/airflow/.local/lib/python3.12/site-packages/airflow/example_dags/example_dataset_alias_with_no_taskflow.py for tasks to queue
[2025-09-21T04:51:34.046+0000] {logging_mixin.py:190} INFO - [2025-09-21T04:51:34.046+0000] {dagbag.py:588} INFO - Filling up the DagBag from /home/airflow/.local/lib/python3.12/site-packages/airflow/example_dags/example_dataset_alias_with_no_taskflow.py
[2025-09-21T04:51:34.636+0000] {processor.py:925} INFO - DAG(s) 'dataset_alias_example_alias_consumer_with_no_taskflow', 'dataset_alias_example_alias_producer_with_no_taskflow', 'dataset_s3_bucket_consumer_with_no_taskflow', 'dataset_s3_bucket_producer_with_no_taskflow' retrieved from /home/airflow/.local/lib/python3.12/site-packages/airflow/example_dags/example_dataset_alias_with_no_taskflow.py
[2025-09-21T04:51:34.652+0000] {logging_mixin.py:190} INFO - [2025-09-21T04:51:34.652+0000] {dag.py:3239} INFO - Sync 4 DAGs
[2025-09-21T04:51:34.671+0000] {logging_mixin.py:190} INFO - [2025-09-21T04:51:34.671+0000] {dag.py:4180} INFO - Setting next_dagrun for dataset_alias_example_alias_consumer_with_no_taskflow to None, run_after=None
[2025-09-21T04:51:34.673+0000] {logging_mixin.py:190} INFO - [2025-09-21T04:51:34.673+0000] {dag.py:4180} INFO - Setting next_dagrun for dataset_alias_example_alias_producer_with_no_taskflow to None, run_after=None
[2025-09-21T04:51:34.674+0000] {logging_mixin.py:190} INFO - [2025-09-21T04:51:34.674+0000] {dag.py:4180} INFO - Setting next_dagrun for dataset_s3_bucket_consumer_with_no_taskflow to None, run_after=None
[2025-09-21T04:51:34.675+0000] {logging_mixin.py:190} INFO - [2025-09-21T04:51:34.675+0000] {dag.py:4180} INFO - Setting next_dagrun for dataset_s3_bucket_producer_with_no_taskflow to None, run_after=None
[2025-09-21T04:51:34.691+0000] {processor.py:208} INFO - Processing /home/airflow/.local/lib/python3.12/site-packages/airflow/example_dags/example_dataset_alias_with_no_taskflow.py took 0.652 seconds
[2025-09-21T04:52:05.388+0000] {processor.py:186} INFO - Started process (PID=587) to work on /home/airflow/.local/lib/python3.12/site-packages/airflow/example_dags/example_dataset_alias_with_no_taskflow.py
[2025-09-21T04:52:05.389+0000] {processor.py:914} INFO - Processing file /home/airflow/.local/lib/python3.12/site-packages/airflow/example_dags/example_dataset_alias_with_no_taskflow.py for tasks to queue
[2025-09-21T04:52:05.392+0000] {logging_mixin.py:190} INFO - [2025-09-21T04:52:05.392+0000] {dagbag.py:588} INFO - Filling up the DagBag from /home/airflow/.local/lib/python3.12/site-packages/airflow/example_dags/example_dataset_alias_with_no_taskflow.py
[2025-09-21T04:52:05.955+0000] {processor.py:925} INFO - DAG(s) 'dataset_alias_example_alias_consumer_with_no_taskflow', 'dataset_s3_bucket_consumer_with_no_taskflow', 'dataset_s3_bucket_producer_with_no_taskflow', 'dataset_alias_example_alias_producer_with_no_taskflow' retrieved from /home/airflow/.local/lib/python3.12/site-packages/airflow/example_dags/example_dataset_alias_with_no_taskflow.py
[2025-09-21T04:52:05.974+0000] {logging_mixin.py:190} INFO - [2025-09-21T04:52:05.973+0000] {dag.py:3239} INFO - Sync 4 DAGs
[2025-09-21T04:52:05.998+0000] {logging_mixin.py:190} INFO - [2025-09-21T04:52:05.997+0000] {dag.py:4180} INFO - Setting next_dagrun for dataset_alias_example_alias_consumer_with_no_taskflow to None, run_after=None
[2025-09-21T04:52:06.000+0000] {logging_mixin.py:190} INFO - [2025-09-21T04:52:06.000+0000] {dag.py:4180} INFO - Setting next_dagrun for dataset_alias_example_alias_producer_with_no_taskflow to None, run_after=None
[2025-09-21T04:52:06.002+0000] {logging_mixin.py:190} INFO - [2025-09-21T04:52:06.001+0000] {dag.py:4180} INFO - Setting next_dagrun for dataset_s3_bucket_consumer_with_no_taskflow to None, run_after=None
[2025-09-21T04:52:06.002+0000] {logging_mixin.py:190} INFO - [2025-09-21T04:52:06.002+0000] {dag.py:4180} INFO - Setting next_dagrun for dataset_s3_bucket_producer_with_no_taskflow to None, run_after=None
[2025-09-21T04:52:06.020+0000] {processor.py:208} INFO - Processing /home/airflow/.local/lib/python3.12/site-packages/airflow/example_dags/example_dataset_alias_with_no_taskflow.py took 0.642 seconds
[2025-09-21T04:52:36.966+0000] {processor.py:186} INFO - Started process (PID=652) to work on /home/airflow/.local/lib/python3.12/site-packages/airflow/example_dags/example_dataset_alias_with_no_taskflow.py
[2025-09-21T04:52:36.967+0000] {processor.py:914} INFO - Processing file /home/airflow/.local/lib/python3.12/site-packages/airflow/example_dags/example_dataset_alias_with_no_taskflow.py for tasks to queue
[2025-09-21T04:52:36.969+0000] {logging_mixin.py:190} INFO - [2025-09-21T04:52:36.968+0000] {dagbag.py:588} INFO - Filling up the DagBag from /home/airflow/.local/lib/python3.12/site-packages/airflow/example_dags/example_dataset_alias_with_no_taskflow.py
[2025-09-21T04:52:37.651+0000] {processor.py:925} INFO - DAG(s) 'dataset_s3_bucket_consumer_with_no_taskflow', 'dataset_alias_example_alias_producer_with_no_taskflow', 'dataset_alias_example_alias_consumer_with_no_taskflow', 'dataset_s3_bucket_producer_with_no_taskflow' retrieved from /home/airflow/.local/lib/python3.12/site-packages/airflow/example_dags/example_dataset_alias_with_no_taskflow.py
[2025-09-21T04:52:37.667+0000] {logging_mixin.py:190} INFO - [2025-09-21T04:52:37.667+0000] {dag.py:3239} INFO - Sync 4 DAGs
[2025-09-21T04:52:37.685+0000] {logging_mixin.py:190} INFO - [2025-09-21T04:52:37.685+0000] {dag.py:4180} INFO - Setting next_dagrun for dataset_alias_example_alias_consumer_with_no_taskflow to None, run_after=None
[2025-09-21T04:52:37.687+0000] {logging_mixin.py:190} INFO - [2025-09-21T04:52:37.687+0000] {dag.py:4180} INFO - Setting next_dagrun for dataset_alias_example_alias_producer_with_no_taskflow to None, run_after=None
[2025-09-21T04:52:37.688+0000] {logging_mixin.py:190} INFO - [2025-09-21T04:52:37.688+0000] {dag.py:4180} INFO - Setting next_dagrun for dataset_s3_bucket_consumer_with_no_taskflow to None, run_after=None
[2025-09-21T04:52:37.689+0000] {logging_mixin.py:190} INFO - [2025-09-21T04:52:37.689+0000] {dag.py:4180} INFO - Setting next_dagrun for dataset_s3_bucket_producer_with_no_taskflow to None, run_after=None
[2025-09-21T04:52:37.704+0000] {processor.py:208} INFO - Processing /home/airflow/.local/lib/python3.12/site-packages/airflow/example_dags/example_dataset_alias_with_no_taskflow.py took 0.744 seconds
[2025-09-21T04:53:08.186+0000] {processor.py:186} INFO - Started process (PID=724) to work on /home/airflow/.local/lib/python3.12/site-packages/airflow/example_dags/example_dataset_alias_with_no_taskflow.py
[2025-09-21T04:53:08.187+0000] {processor.py:914} INFO - Processing file /home/airflow/.local/lib/python3.12/site-packages/airflow/example_dags/example_dataset_alias_with_no_taskflow.py for tasks to queue
[2025-09-21T04:53:08.189+0000] {logging_mixin.py:190} INFO - [2025-09-21T04:53:08.189+0000] {dagbag.py:588} INFO - Filling up the DagBag from /home/airflow/.local/lib/python3.12/site-packages/airflow/example_dags/example_dataset_alias_with_no_taskflow.py
[2025-09-21T04:53:08.776+0000] {processor.py:925} INFO - DAG(s) 'dataset_alias_example_alias_consumer_with_no_taskflow', 'dataset_s3_bucket_producer_with_no_taskflow', 'dataset_s3_bucket_consumer_with_no_taskflow', 'dataset_alias_example_alias_producer_with_no_taskflow' retrieved from /home/airflow/.local/lib/python3.12/site-packages/airflow/example_dags/example_dataset_alias_with_no_taskflow.py
[2025-09-21T04:53:08.793+0000] {logging_mixin.py:190} INFO - [2025-09-21T04:53:08.792+0000] {dag.py:3239} INFO - Sync 4 DAGs
[2025-09-21T04:53:08.812+0000] {logging_mixin.py:190} INFO - [2025-09-21T04:53:08.811+0000] {dag.py:4180} INFO - Setting next_dagrun for dataset_alias_example_alias_consumer_with_no_taskflow to None, run_after=None
[2025-09-21T04:53:08.814+0000] {logging_mixin.py:190} INFO - [2025-09-21T04:53:08.814+0000] {dag.py:4180} INFO - Setting next_dagrun for dataset_alias_example_alias_producer_with_no_taskflow to None, run_after=None
[2025-09-21T04:53:08.815+0000] {logging_mixin.py:190} INFO - [2025-09-21T04:53:08.815+0000] {dag.py:4180} INFO - Setting next_dagrun for dataset_s3_bucket_consumer_with_no_taskflow to None, run_after=None
[2025-09-21T04:53:08.816+0000] {logging_mixin.py:190} INFO - [2025-09-21T04:53:08.816+0000] {dag.py:4180} INFO - Setting next_dagrun for dataset_s3_bucket_producer_with_no_taskflow to None, run_after=None
[2025-09-21T04:53:08.832+0000] {processor.py:208} INFO - Processing /home/airflow/.local/lib/python3.12/site-packages/airflow/example_dags/example_dataset_alias_with_no_taskflow.py took 0.652 seconds
[2025-09-21T04:53:39.593+0000] {processor.py:186} INFO - Started process (PID=788) to work on /home/airflow/.local/lib/python3.12/site-packages/airflow/example_dags/example_dataset_alias_with_no_taskflow.py
[2025-09-21T04:53:39.598+0000] {processor.py:914} INFO - Processing file /home/airflow/.local/lib/python3.12/site-packages/airflow/example_dags/example_dataset_alias_with_no_taskflow.py for tasks to queue
[2025-09-21T04:53:39.604+0000] {logging_mixin.py:190} INFO - [2025-09-21T04:53:39.604+0000] {dagbag.py:588} INFO - Filling up the DagBag from /home/airflow/.local/lib/python3.12/site-packages/airflow/example_dags/example_dataset_alias_with_no_taskflow.py
[2025-09-21T04:53:40.458+0000] {processor.py:925} INFO - DAG(s) 'dataset_s3_bucket_producer_with_no_taskflow', 'dataset_s3_bucket_consumer_with_no_taskflow', 'dataset_alias_example_alias_producer_with_no_taskflow', 'dataset_alias_example_alias_consumer_with_no_taskflow' retrieved from /home/airflow/.local/lib/python3.12/site-packages/airflow/example_dags/example_dataset_alias_with_no_taskflow.py
[2025-09-21T04:53:40.474+0000] {logging_mixin.py:190} INFO - [2025-09-21T04:53:40.474+0000] {dag.py:3239} INFO - Sync 4 DAGs
[2025-09-21T04:53:40.493+0000] {logging_mixin.py:190} INFO - [2025-09-21T04:53:40.493+0000] {dag.py:4180} INFO - Setting next_dagrun for dataset_alias_example_alias_consumer_with_no_taskflow to None, run_after=None
[2025-09-21T04:53:40.495+0000] {logging_mixin.py:190} INFO - [2025-09-21T04:53:40.495+0000] {dag.py:4180} INFO - Setting next_dagrun for dataset_alias_example_alias_producer_with_no_taskflow to None, run_after=None
[2025-09-21T04:53:40.496+0000] {logging_mixin.py:190} INFO - [2025-09-21T04:53:40.496+0000] {dag.py:4180} INFO - Setting next_dagrun for dataset_s3_bucket_consumer_with_no_taskflow to None, run_after=None
[2025-09-21T04:53:40.497+0000] {logging_mixin.py:190} INFO - [2025-09-21T04:53:40.497+0000] {dag.py:4180} INFO - Setting next_dagrun for dataset_s3_bucket_producer_with_no_taskflow to None, run_after=None
[2025-09-21T04:53:40.512+0000] {processor.py:208} INFO - Processing /home/airflow/.local/lib/python3.12/site-packages/airflow/example_dags/example_dataset_alias_with_no_taskflow.py took 0.941 seconds
[2025-09-21T04:54:10.778+0000] {processor.py:186} INFO - Started process (PID=852) to work on /home/airflow/.local/lib/python3.12/site-packages/airflow/example_dags/example_dataset_alias_with_no_taskflow.py
[2025-09-21T04:54:10.780+0000] {processor.py:914} INFO - Processing file /home/airflow/.local/lib/python3.12/site-packages/airflow/example_dags/example_dataset_alias_with_no_taskflow.py for tasks to queue
[2025-09-21T04:54:10.784+0000] {logging_mixin.py:190} INFO - [2025-09-21T04:54:10.784+0000] {dagbag.py:588} INFO - Filling up the DagBag from /home/airflow/.local/lib/python3.12/site-packages/airflow/example_dags/example_dataset_alias_with_no_taskflow.py
[2025-09-21T04:54:12.420+0000] {processor.py:925} INFO - DAG(s) 'dataset_alias_example_alias_producer_with_no_taskflow', 'dataset_alias_example_alias_consumer_with_no_taskflow', 'dataset_s3_bucket_consumer_with_no_taskflow', 'dataset_s3_bucket_producer_with_no_taskflow' retrieved from /home/airflow/.local/lib/python3.12/site-packages/airflow/example_dags/example_dataset_alias_with_no_taskflow.py
[2025-09-21T04:54:12.474+0000] {logging_mixin.py:190} INFO - [2025-09-21T04:54:12.473+0000] {dag.py:3239} INFO - Sync 4 DAGs
[2025-09-21T04:54:12.503+0000] {logging_mixin.py:190} INFO - [2025-09-21T04:54:12.503+0000] {dag.py:4180} INFO - Setting next_dagrun for dataset_alias_example_alias_consumer_with_no_taskflow to None, run_after=None
[2025-09-21T04:54:12.506+0000] {logging_mixin.py:190} INFO - [2025-09-21T04:54:12.506+0000] {dag.py:4180} INFO - Setting next_dagrun for dataset_alias_example_alias_producer_with_no_taskflow to None, run_after=None
[2025-09-21T04:54:12.507+0000] {logging_mixin.py:190} INFO - [2025-09-21T04:54:12.507+0000] {dag.py:4180} INFO - Setting next_dagrun for dataset_s3_bucket_consumer_with_no_taskflow to None, run_after=None
[2025-09-21T04:54:12.509+0000] {logging_mixin.py:190} INFO - [2025-09-21T04:54:12.508+0000] {dag.py:4180} INFO - Setting next_dagrun for dataset_s3_bucket_producer_with_no_taskflow to None, run_after=None
[2025-09-21T04:54:12.531+0000] {processor.py:208} INFO - Processing /home/airflow/.local/lib/python3.12/site-packages/airflow/example_dags/example_dataset_alias_with_no_taskflow.py took 1.767 seconds
[2025-09-21T04:54:43.325+0000] {processor.py:186} INFO - Started process (PID=917) to work on /home/airflow/.local/lib/python3.12/site-packages/airflow/example_dags/example_dataset_alias_with_no_taskflow.py
[2025-09-21T04:54:43.326+0000] {processor.py:914} INFO - Processing file /home/airflow/.local/lib/python3.12/site-packages/airflow/example_dags/example_dataset_alias_with_no_taskflow.py for tasks to queue
[2025-09-21T04:54:43.336+0000] {logging_mixin.py:190} INFO - [2025-09-21T04:54:43.336+0000] {dagbag.py:588} INFO - Filling up the DagBag from /home/airflow/.local/lib/python3.12/site-packages/airflow/example_dags/example_dataset_alias_with_no_taskflow.py
[2025-09-21T04:54:44.187+0000] {processor.py:925} INFO - DAG(s) 'dataset_s3_bucket_producer_with_no_taskflow', 'dataset_s3_bucket_consumer_with_no_taskflow', 'dataset_alias_example_alias_producer_with_no_taskflow', 'dataset_alias_example_alias_consumer_with_no_taskflow' retrieved from /home/airflow/.local/lib/python3.12/site-packages/airflow/example_dags/example_dataset_alias_with_no_taskflow.py
[2025-09-21T04:54:44.213+0000] {logging_mixin.py:190} INFO - [2025-09-21T04:54:44.212+0000] {dag.py:3239} INFO - Sync 4 DAGs
[2025-09-21T04:54:44.243+0000] {logging_mixin.py:190} INFO - [2025-09-21T04:54:44.243+0000] {dag.py:4180} INFO - Setting next_dagrun for dataset_alias_example_alias_consumer_with_no_taskflow to None, run_after=None
[2025-09-21T04:54:44.246+0000] {logging_mixin.py:190} INFO - [2025-09-21T04:54:44.246+0000] {dag.py:4180} INFO - Setting next_dagrun for dataset_alias_example_alias_producer_with_no_taskflow to None, run_after=None
[2025-09-21T04:54:44.247+0000] {logging_mixin.py:190} INFO - [2025-09-21T04:54:44.247+0000] {dag.py:4180} INFO - Setting next_dagrun for dataset_s3_bucket_consumer_with_no_taskflow to None, run_after=None
[2025-09-21T04:54:44.249+0000] {logging_mixin.py:190} INFO - [2025-09-21T04:54:44.249+0000] {dag.py:4180} INFO - Setting next_dagrun for dataset_s3_bucket_producer_with_no_taskflow to None, run_after=None
[2025-09-21T04:54:44.269+0000] {processor.py:208} INFO - Processing /home/airflow/.local/lib/python3.12/site-packages/airflow/example_dags/example_dataset_alias_with_no_taskflow.py took 0.960 seconds
[2025-09-21T04:55:15.445+0000] {processor.py:186} INFO - Started process (PID=983) to work on /home/airflow/.local/lib/python3.12/site-packages/airflow/example_dags/example_dataset_alias_with_no_taskflow.py
[2025-09-21T04:55:15.446+0000] {processor.py:914} INFO - Processing file /home/airflow/.local/lib/python3.12/site-packages/airflow/example_dags/example_dataset_alias_with_no_taskflow.py for tasks to queue
[2025-09-21T04:55:15.448+0000] {logging_mixin.py:190} INFO - [2025-09-21T04:55:15.448+0000] {dagbag.py:588} INFO - Filling up the DagBag from /home/airflow/.local/lib/python3.12/site-packages/airflow/example_dags/example_dataset_alias_with_no_taskflow.py
[2025-09-21T04:55:16.407+0000] {processor.py:925} INFO - DAG(s) 'dataset_alias_example_alias_producer_with_no_taskflow', 'dataset_s3_bucket_consumer_with_no_taskflow', 'dataset_s3_bucket_producer_with_no_taskflow', 'dataset_alias_example_alias_consumer_with_no_taskflow' retrieved from /home/airflow/.local/lib/python3.12/site-packages/airflow/example_dags/example_dataset_alias_with_no_taskflow.py
[2025-09-21T04:55:16.468+0000] {logging_mixin.py:190} INFO - [2025-09-21T04:55:16.468+0000] {dag.py:3239} INFO - Sync 4 DAGs
[2025-09-21T04:55:16.593+0000] {logging_mixin.py:190} INFO - [2025-09-21T04:55:16.593+0000] {dag.py:4180} INFO - Setting next_dagrun for dataset_alias_example_alias_consumer_with_no_taskflow to None, run_after=None
[2025-09-21T04:55:16.605+0000] {logging_mixin.py:190} INFO - [2025-09-21T04:55:16.605+0000] {dag.py:4180} INFO - Setting next_dagrun for dataset_alias_example_alias_producer_with_no_taskflow to None, run_after=None
[2025-09-21T04:55:16.612+0000] {logging_mixin.py:190} INFO - [2025-09-21T04:55:16.612+0000] {dag.py:4180} INFO - Setting next_dagrun for dataset_s3_bucket_consumer_with_no_taskflow to None, run_after=None
[2025-09-21T04:55:16.614+0000] {logging_mixin.py:190} INFO - [2025-09-21T04:55:16.614+0000] {dag.py:4180} INFO - Setting next_dagrun for dataset_s3_bucket_producer_with_no_taskflow to None, run_after=None
[2025-09-21T04:55:16.668+0000] {processor.py:208} INFO - Processing /home/airflow/.local/lib/python3.12/site-packages/airflow/example_dags/example_dataset_alias_with_no_taskflow.py took 1.230 seconds
[2025-09-21T04:55:46.862+0000] {processor.py:186} INFO - Started process (PID=1047) to work on /home/airflow/.local/lib/python3.12/site-packages/airflow/example_dags/example_dataset_alias_with_no_taskflow.py
[2025-09-21T04:55:46.863+0000] {processor.py:914} INFO - Processing file /home/airflow/.local/lib/python3.12/site-packages/airflow/example_dags/example_dataset_alias_with_no_taskflow.py for tasks to queue
[2025-09-21T04:55:46.865+0000] {logging_mixin.py:190} INFO - [2025-09-21T04:55:46.865+0000] {dagbag.py:588} INFO - Filling up the DagBag from /home/airflow/.local/lib/python3.12/site-packages/airflow/example_dags/example_dataset_alias_with_no_taskflow.py
[2025-09-21T04:55:47.882+0000] {processor.py:925} INFO - DAG(s) 'dataset_alias_example_alias_consumer_with_no_taskflow', 'dataset_s3_bucket_producer_with_no_taskflow', 'dataset_s3_bucket_consumer_with_no_taskflow', 'dataset_alias_example_alias_producer_with_no_taskflow' retrieved from /home/airflow/.local/lib/python3.12/site-packages/airflow/example_dags/example_dataset_alias_with_no_taskflow.py
[2025-09-21T04:55:47.944+0000] {logging_mixin.py:190} INFO - [2025-09-21T04:55:47.943+0000] {dag.py:3239} INFO - Sync 4 DAGs
[2025-09-21T04:55:48.023+0000] {logging_mixin.py:190} INFO - [2025-09-21T04:55:48.022+0000] {dag.py:4180} INFO - Setting next_dagrun for dataset_alias_example_alias_consumer_with_no_taskflow to None, run_after=None
[2025-09-21T04:55:48.030+0000] {logging_mixin.py:190} INFO - [2025-09-21T04:55:48.028+0000] {dag.py:4180} INFO - Setting next_dagrun for dataset_alias_example_alias_producer_with_no_taskflow to None, run_after=None
[2025-09-21T04:55:48.033+0000] {logging_mixin.py:190} INFO - [2025-09-21T04:55:48.032+0000] {dag.py:4180} INFO - Setting next_dagrun for dataset_s3_bucket_consumer_with_no_taskflow to None, run_after=None
[2025-09-21T04:55:48.035+0000] {logging_mixin.py:190} INFO - [2025-09-21T04:55:48.035+0000] {dag.py:4180} INFO - Setting next_dagrun for dataset_s3_bucket_producer_with_no_taskflow to None, run_after=None
[2025-09-21T04:55:48.064+0000] {processor.py:208} INFO - Processing /home/airflow/.local/lib/python3.12/site-packages/airflow/example_dags/example_dataset_alias_with_no_taskflow.py took 1.209 seconds
[2025-09-21T04:56:18.672+0000] {processor.py:186} INFO - Started process (PID=1115) to work on /home/airflow/.local/lib/python3.12/site-packages/airflow/example_dags/example_dataset_alias_with_no_taskflow.py
[2025-09-21T04:56:18.673+0000] {processor.py:914} INFO - Processing file /home/airflow/.local/lib/python3.12/site-packages/airflow/example_dags/example_dataset_alias_with_no_taskflow.py for tasks to queue
[2025-09-21T04:56:18.675+0000] {logging_mixin.py:190} INFO - [2025-09-21T04:56:18.675+0000] {dagbag.py:588} INFO - Filling up the DagBag from /home/airflow/.local/lib/python3.12/site-packages/airflow/example_dags/example_dataset_alias_with_no_taskflow.py
[2025-09-21T04:56:19.279+0000] {processor.py:925} INFO - DAG(s) 'dataset_s3_bucket_producer_with_no_taskflow', 'dataset_s3_bucket_consumer_with_no_taskflow', 'dataset_alias_example_alias_consumer_with_no_taskflow', 'dataset_alias_example_alias_producer_with_no_taskflow' retrieved from /home/airflow/.local/lib/python3.12/site-packages/airflow/example_dags/example_dataset_alias_with_no_taskflow.py
[2025-09-21T04:56:19.296+0000] {logging_mixin.py:190} INFO - [2025-09-21T04:56:19.295+0000] {dag.py:3239} INFO - Sync 4 DAGs
[2025-09-21T04:56:19.315+0000] {logging_mixin.py:190} INFO - [2025-09-21T04:56:19.315+0000] {dag.py:4180} INFO - Setting next_dagrun for dataset_alias_example_alias_consumer_with_no_taskflow to None, run_after=None
[2025-09-21T04:56:19.317+0000] {logging_mixin.py:190} INFO - [2025-09-21T04:56:19.317+0000] {dag.py:4180} INFO - Setting next_dagrun for dataset_alias_example_alias_producer_with_no_taskflow to None, run_after=None
[2025-09-21T04:56:19.318+0000] {logging_mixin.py:190} INFO - [2025-09-21T04:56:19.318+0000] {dag.py:4180} INFO - Setting next_dagrun for dataset_s3_bucket_consumer_with_no_taskflow to None, run_after=None
[2025-09-21T04:56:19.319+0000] {logging_mixin.py:190} INFO - [2025-09-21T04:56:19.319+0000] {dag.py:4180} INFO - Setting next_dagrun for dataset_s3_bucket_producer_with_no_taskflow to None, run_after=None
[2025-09-21T04:56:19.335+0000] {processor.py:208} INFO - Processing /home/airflow/.local/lib/python3.12/site-packages/airflow/example_dags/example_dataset_alias_with_no_taskflow.py took 0.670 seconds
[2025-09-21T04:56:50.185+0000] {processor.py:186} INFO - Started process (PID=1181) to work on /home/airflow/.local/lib/python3.12/site-packages/airflow/example_dags/example_dataset_alias_with_no_taskflow.py
[2025-09-21T04:56:50.185+0000] {processor.py:914} INFO - Processing file /home/airflow/.local/lib/python3.12/site-packages/airflow/example_dags/example_dataset_alias_with_no_taskflow.py for tasks to queue
[2025-09-21T04:56:50.188+0000] {logging_mixin.py:190} INFO - [2025-09-21T04:56:50.187+0000] {dagbag.py:588} INFO - Filling up the DagBag from /home/airflow/.local/lib/python3.12/site-packages/airflow/example_dags/example_dataset_alias_with_no_taskflow.py
[2025-09-21T04:56:50.750+0000] {processor.py:925} INFO - DAG(s) 'dataset_alias_example_alias_producer_with_no_taskflow', 'dataset_alias_example_alias_consumer_with_no_taskflow', 'dataset_s3_bucket_consumer_with_no_taskflow', 'dataset_s3_bucket_producer_with_no_taskflow' retrieved from /home/airflow/.local/lib/python3.12/site-packages/airflow/example_dags/example_dataset_alias_with_no_taskflow.py
[2025-09-21T04:56:50.775+0000] {logging_mixin.py:190} INFO - [2025-09-21T04:56:50.775+0000] {dag.py:3239} INFO - Sync 4 DAGs
[2025-09-21T04:56:50.793+0000] {logging_mixin.py:190} INFO - [2025-09-21T04:56:50.793+0000] {dag.py:4180} INFO - Setting next_dagrun for dataset_alias_example_alias_consumer_with_no_taskflow to None, run_after=None
[2025-09-21T04:56:50.795+0000] {logging_mixin.py:190} INFO - [2025-09-21T04:56:50.795+0000] {dag.py:4180} INFO - Setting next_dagrun for dataset_alias_example_alias_producer_with_no_taskflow to None, run_after=None
[2025-09-21T04:56:50.796+0000] {logging_mixin.py:190} INFO - [2025-09-21T04:56:50.796+0000] {dag.py:4180} INFO - Setting next_dagrun for dataset_s3_bucket_consumer_with_no_taskflow to None, run_after=None
[2025-09-21T04:56:50.797+0000] {logging_mixin.py:190} INFO - [2025-09-21T04:56:50.797+0000] {dag.py:4180} INFO - Setting next_dagrun for dataset_s3_bucket_producer_with_no_taskflow to None, run_after=None
[2025-09-21T04:56:50.813+0000] {processor.py:208} INFO - Processing /home/airflow/.local/lib/python3.12/site-packages/airflow/example_dags/example_dataset_alias_with_no_taskflow.py took 0.634 seconds
[2025-09-21T04:57:21.593+0000] {processor.py:186} INFO - Started process (PID=1244) to work on /home/airflow/.local/lib/python3.12/site-packages/airflow/example_dags/example_dataset_alias_with_no_taskflow.py
[2025-09-21T04:57:21.594+0000] {processor.py:914} INFO - Processing file /home/airflow/.local/lib/python3.12/site-packages/airflow/example_dags/example_dataset_alias_with_no_taskflow.py for tasks to queue
[2025-09-21T04:57:21.597+0000] {logging_mixin.py:190} INFO - [2025-09-21T04:57:21.596+0000] {dagbag.py:588} INFO - Filling up the DagBag from /home/airflow/.local/lib/python3.12/site-packages/airflow/example_dags/example_dataset_alias_with_no_taskflow.py
[2025-09-21T04:57:22.209+0000] {processor.py:925} INFO - DAG(s) 'dataset_alias_example_alias_consumer_with_no_taskflow', 'dataset_s3_bucket_consumer_with_no_taskflow', 'dataset_alias_example_alias_producer_with_no_taskflow', 'dataset_s3_bucket_producer_with_no_taskflow' retrieved from /home/airflow/.local/lib/python3.12/site-packages/airflow/example_dags/example_dataset_alias_with_no_taskflow.py
[2025-09-21T04:57:22.226+0000] {logging_mixin.py:190} INFO - [2025-09-21T04:57:22.225+0000] {dag.py:3239} INFO - Sync 4 DAGs
[2025-09-21T04:57:22.245+0000] {logging_mixin.py:190} INFO - [2025-09-21T04:57:22.245+0000] {dag.py:4180} INFO - Setting next_dagrun for dataset_alias_example_alias_consumer_with_no_taskflow to None, run_after=None
[2025-09-21T04:57:22.247+0000] {logging_mixin.py:190} INFO - [2025-09-21T04:57:22.247+0000] {dag.py:4180} INFO - Setting next_dagrun for dataset_alias_example_alias_producer_with_no_taskflow to None, run_after=None
[2025-09-21T04:57:22.249+0000] {logging_mixin.py:190} INFO - [2025-09-21T04:57:22.248+0000] {dag.py:4180} INFO - Setting next_dagrun for dataset_s3_bucket_consumer_with_no_taskflow to None, run_after=None
[2025-09-21T04:57:22.250+0000] {logging_mixin.py:190} INFO - [2025-09-21T04:57:22.249+0000] {dag.py:4180} INFO - Setting next_dagrun for dataset_s3_bucket_producer_with_no_taskflow to None, run_after=None
[2025-09-21T04:57:22.265+0000] {processor.py:208} INFO - Processing /home/airflow/.local/lib/python3.12/site-packages/airflow/example_dags/example_dataset_alias_with_no_taskflow.py took 0.678 seconds
[2025-09-21T04:57:52.374+0000] {processor.py:186} INFO - Started process (PID=1307) to work on /home/airflow/.local/lib/python3.12/site-packages/airflow/example_dags/example_dataset_alias_with_no_taskflow.py
[2025-09-21T04:57:52.375+0000] {processor.py:914} INFO - Processing file /home/airflow/.local/lib/python3.12/site-packages/airflow/example_dags/example_dataset_alias_with_no_taskflow.py for tasks to queue
[2025-09-21T04:57:52.377+0000] {logging_mixin.py:190} INFO - [2025-09-21T04:57:52.377+0000] {dagbag.py:588} INFO - Filling up the DagBag from /home/airflow/.local/lib/python3.12/site-packages/airflow/example_dags/example_dataset_alias_with_no_taskflow.py
[2025-09-21T04:57:52.892+0000] {processor.py:925} INFO - DAG(s) 'dataset_alias_example_alias_producer_with_no_taskflow', 'dataset_s3_bucket_producer_with_no_taskflow', 'dataset_alias_example_alias_consumer_with_no_taskflow', 'dataset_s3_bucket_consumer_with_no_taskflow' retrieved from /home/airflow/.local/lib/python3.12/site-packages/airflow/example_dags/example_dataset_alias_with_no_taskflow.py
[2025-09-21T04:57:52.908+0000] {logging_mixin.py:190} INFO - [2025-09-21T04:57:52.907+0000] {dag.py:3239} INFO - Sync 4 DAGs
[2025-09-21T04:57:52.926+0000] {logging_mixin.py:190} INFO - [2025-09-21T04:57:52.926+0000] {dag.py:4180} INFO - Setting next_dagrun for dataset_alias_example_alias_consumer_with_no_taskflow to None, run_after=None
[2025-09-21T04:57:52.928+0000] {logging_mixin.py:190} INFO - [2025-09-21T04:57:52.928+0000] {dag.py:4180} INFO - Setting next_dagrun for dataset_alias_example_alias_producer_with_no_taskflow to None, run_after=None
[2025-09-21T04:57:52.929+0000] {logging_mixin.py:190} INFO - [2025-09-21T04:57:52.929+0000] {dag.py:4180} INFO - Setting next_dagrun for dataset_s3_bucket_consumer_with_no_taskflow to None, run_after=None
[2025-09-21T04:57:52.930+0000] {logging_mixin.py:190} INFO - [2025-09-21T04:57:52.930+0000] {dag.py:4180} INFO - Setting next_dagrun for dataset_s3_bucket_producer_with_no_taskflow to None, run_after=None
[2025-09-21T04:57:52.950+0000] {processor.py:208} INFO - Processing /home/airflow/.local/lib/python3.12/site-packages/airflow/example_dags/example_dataset_alias_with_no_taskflow.py took 0.581 seconds
