[2025-09-21T04:48:02.252+0000] {processor.py:186} INFO - Started process (PID=99) to work on /home/airflow/.local/lib/python3.12/site-packages/airflow/example_dags/example_complex.py
[2025-09-21T04:48:02.257+0000] {processor.py:914} INFO - Processing file /home/airflow/.local/lib/python3.12/site-packages/airflow/example_dags/example_complex.py for tasks to queue
[2025-09-21T04:48:02.269+0000] {logging_mixin.py:190} INFO - [2025-09-21T04:48:02.269+0000] {dagbag.py:588} INFO - Filling up the DagBag from /home/airflow/.local/lib/python3.12/site-packages/airflow/example_dags/example_complex.py
[2025-09-21T04:48:02.342+0000] {processor.py:925} INFO - DAG(s) 'example_complex' retrieved from /home/airflow/.local/lib/python3.12/site-packages/airflow/example_dags/example_complex.py
[2025-09-21T04:48:02.768+0000] {logging_mixin.py:190} INFO - [2025-09-21T04:48:02.766+0000] {override.py:1911} INFO - Created Permission View: can delete on DAG:example_complex
[2025-09-21T04:48:02.783+0000] {logging_mixin.py:190} INFO - [2025-09-21T04:48:02.782+0000] {override.py:1911} INFO - Created Permission View: can read on DAG:example_complex
[2025-09-21T04:48:02.800+0000] {logging_mixin.py:190} INFO - [2025-09-21T04:48:02.800+0000] {override.py:1911} INFO - Created Permission View: can edit on DAG:example_complex
[2025-09-21T04:48:02.826+0000] {logging_mixin.py:190} INFO - [2025-09-21T04:48:02.825+0000] {override.py:1911} INFO - Created Permission View: can read on DAG Run:example_complex
[2025-09-21T04:48:02.851+0000] {logging_mixin.py:190} INFO - [2025-09-21T04:48:02.851+0000] {override.py:1911} INFO - Created Permission View: menu access on DAG Run:example_complex
[2025-09-21T04:48:02.870+0000] {logging_mixin.py:190} INFO - [2025-09-21T04:48:02.869+0000] {override.py:1911} INFO - Created Permission View: can delete on DAG Run:example_complex
[2025-09-21T04:48:02.883+0000] {logging_mixin.py:190} INFO - [2025-09-21T04:48:02.882+0000] {override.py:1911} INFO - Created Permission View: can create on DAG Run:example_complex
[2025-09-21T04:48:02.884+0000] {logging_mixin.py:190} INFO - [2025-09-21T04:48:02.883+0000] {dag.py:3239} INFO - Sync 1 DAGs
[2025-09-21T04:48:02.930+0000] {logging_mixin.py:190} INFO - [2025-09-21T04:48:02.930+0000] {dag.py:3262} INFO - Creating ORM DAG for example_complex
[2025-09-21T04:48:02.931+0000] {logging_mixin.py:190} INFO - [2025-09-21T04:48:02.930+0000] {dag.py:4180} INFO - Setting next_dagrun for example_complex to None, run_after=None
[2025-09-21T04:48:03.011+0000] {processor.py:208} INFO - Processing /home/airflow/.local/lib/python3.12/site-packages/airflow/example_dags/example_complex.py took 0.779 seconds
[2025-09-21T04:48:33.628+0000] {processor.py:186} INFO - Started process (PID=162) to work on /home/airflow/.local/lib/python3.12/site-packages/airflow/example_dags/example_complex.py
[2025-09-21T04:48:33.628+0000] {processor.py:914} INFO - Processing file /home/airflow/.local/lib/python3.12/site-packages/airflow/example_dags/example_complex.py for tasks to queue
[2025-09-21T04:48:33.630+0000] {logging_mixin.py:190} INFO - [2025-09-21T04:48:33.630+0000] {dagbag.py:588} INFO - Filling up the DagBag from /home/airflow/.local/lib/python3.12/site-packages/airflow/example_dags/example_complex.py
[2025-09-21T04:48:33.645+0000] {processor.py:925} INFO - DAG(s) 'example_complex' retrieved from /home/airflow/.local/lib/python3.12/site-packages/airflow/example_dags/example_complex.py
[2025-09-21T04:48:33.683+0000] {logging_mixin.py:190} INFO - [2025-09-21T04:48:33.683+0000] {dag.py:3239} INFO - Sync 1 DAGs
[2025-09-21T04:48:33.700+0000] {logging_mixin.py:190} INFO - [2025-09-21T04:48:33.700+0000] {dag.py:4180} INFO - Setting next_dagrun for example_complex to None, run_after=None
[2025-09-21T04:48:33.718+0000] {processor.py:208} INFO - Processing /home/airflow/.local/lib/python3.12/site-packages/airflow/example_dags/example_complex.py took 0.096 seconds
[2025-09-21T04:49:03.966+0000] {processor.py:186} INFO - Started process (PID=225) to work on /home/airflow/.local/lib/python3.12/site-packages/airflow/example_dags/example_complex.py
[2025-09-21T04:49:03.967+0000] {processor.py:914} INFO - Processing file /home/airflow/.local/lib/python3.12/site-packages/airflow/example_dags/example_complex.py for tasks to queue
[2025-09-21T04:49:03.969+0000] {logging_mixin.py:190} INFO - [2025-09-21T04:49:03.968+0000] {dagbag.py:588} INFO - Filling up the DagBag from /home/airflow/.local/lib/python3.12/site-packages/airflow/example_dags/example_complex.py
[2025-09-21T04:49:03.983+0000] {processor.py:925} INFO - DAG(s) 'example_complex' retrieved from /home/airflow/.local/lib/python3.12/site-packages/airflow/example_dags/example_complex.py
[2025-09-21T04:49:04.023+0000] {logging_mixin.py:190} INFO - [2025-09-21T04:49:04.023+0000] {dag.py:3239} INFO - Sync 1 DAGs
[2025-09-21T04:49:04.039+0000] {logging_mixin.py:190} INFO - [2025-09-21T04:49:04.039+0000] {dag.py:4180} INFO - Setting next_dagrun for example_complex to None, run_after=None
[2025-09-21T04:49:04.055+0000] {processor.py:208} INFO - Processing /home/airflow/.local/lib/python3.12/site-packages/airflow/example_dags/example_complex.py took 0.095 seconds
[2025-09-21T04:49:34.875+0000] {processor.py:186} INFO - Started process (PID=288) to work on /home/airflow/.local/lib/python3.12/site-packages/airflow/example_dags/example_complex.py
[2025-09-21T04:49:34.876+0000] {processor.py:914} INFO - Processing file /home/airflow/.local/lib/python3.12/site-packages/airflow/example_dags/example_complex.py for tasks to queue
[2025-09-21T04:49:34.878+0000] {logging_mixin.py:190} INFO - [2025-09-21T04:49:34.878+0000] {dagbag.py:588} INFO - Filling up the DagBag from /home/airflow/.local/lib/python3.12/site-packages/airflow/example_dags/example_complex.py
[2025-09-21T04:49:34.891+0000] {processor.py:925} INFO - DAG(s) 'example_complex' retrieved from /home/airflow/.local/lib/python3.12/site-packages/airflow/example_dags/example_complex.py
[2025-09-21T04:49:34.931+0000] {logging_mixin.py:190} INFO - [2025-09-21T04:49:34.930+0000] {dag.py:3239} INFO - Sync 1 DAGs
[2025-09-21T04:49:34.947+0000] {logging_mixin.py:190} INFO - [2025-09-21T04:49:34.947+0000] {dag.py:4180} INFO - Setting next_dagrun for example_complex to None, run_after=None
[2025-09-21T04:49:34.965+0000] {processor.py:208} INFO - Processing /home/airflow/.local/lib/python3.12/site-packages/airflow/example_dags/example_complex.py took 0.096 seconds
[2025-09-21T04:50:06.794+0000] {processor.py:186} INFO - Started process (PID=351) to work on /home/airflow/.local/lib/python3.12/site-packages/airflow/example_dags/example_complex.py
[2025-09-21T04:50:06.799+0000] {processor.py:914} INFO - Processing file /home/airflow/.local/lib/python3.12/site-packages/airflow/example_dags/example_complex.py for tasks to queue
[2025-09-21T04:50:06.805+0000] {logging_mixin.py:190} INFO - [2025-09-21T04:50:06.805+0000] {dagbag.py:588} INFO - Filling up the DagBag from /home/airflow/.local/lib/python3.12/site-packages/airflow/example_dags/example_complex.py
[2025-09-21T04:50:06.862+0000] {processor.py:925} INFO - DAG(s) 'example_complex' retrieved from /home/airflow/.local/lib/python3.12/site-packages/airflow/example_dags/example_complex.py
[2025-09-21T04:50:06.985+0000] {logging_mixin.py:190} INFO - [2025-09-21T04:50:06.985+0000] {dag.py:3239} INFO - Sync 1 DAGs
[2025-09-21T04:50:07.021+0000] {logging_mixin.py:190} INFO - [2025-09-21T04:50:07.021+0000] {dag.py:4180} INFO - Setting next_dagrun for example_complex to None, run_after=None
[2025-09-21T04:50:07.066+0000] {processor.py:208} INFO - Processing /home/airflow/.local/lib/python3.12/site-packages/airflow/example_dags/example_complex.py took 0.294 seconds
[2025-09-21T04:50:37.514+0000] {processor.py:186} INFO - Started process (PID=412) to work on /home/airflow/.local/lib/python3.12/site-packages/airflow/example_dags/example_complex.py
[2025-09-21T04:50:37.515+0000] {processor.py:914} INFO - Processing file /home/airflow/.local/lib/python3.12/site-packages/airflow/example_dags/example_complex.py for tasks to queue
[2025-09-21T04:50:37.517+0000] {logging_mixin.py:190} INFO - [2025-09-21T04:50:37.517+0000] {dagbag.py:588} INFO - Filling up the DagBag from /home/airflow/.local/lib/python3.12/site-packages/airflow/example_dags/example_complex.py
[2025-09-21T04:50:37.532+0000] {processor.py:925} INFO - DAG(s) 'example_complex' retrieved from /home/airflow/.local/lib/python3.12/site-packages/airflow/example_dags/example_complex.py
[2025-09-21T04:50:37.578+0000] {logging_mixin.py:190} INFO - [2025-09-21T04:50:37.578+0000] {dag.py:3239} INFO - Sync 1 DAGs
[2025-09-21T04:50:37.593+0000] {logging_mixin.py:190} INFO - [2025-09-21T04:50:37.593+0000] {dag.py:4180} INFO - Setting next_dagrun for example_complex to None, run_after=None
[2025-09-21T04:50:37.615+0000] {processor.py:208} INFO - Processing /home/airflow/.local/lib/python3.12/site-packages/airflow/example_dags/example_complex.py took 0.109 seconds
[2025-09-21T04:51:08.418+0000] {processor.py:186} INFO - Started process (PID=474) to work on /home/airflow/.local/lib/python3.12/site-packages/airflow/example_dags/example_complex.py
[2025-09-21T04:51:08.419+0000] {processor.py:914} INFO - Processing file /home/airflow/.local/lib/python3.12/site-packages/airflow/example_dags/example_complex.py for tasks to queue
[2025-09-21T04:51:08.422+0000] {logging_mixin.py:190} INFO - [2025-09-21T04:51:08.422+0000] {dagbag.py:588} INFO - Filling up the DagBag from /home/airflow/.local/lib/python3.12/site-packages/airflow/example_dags/example_complex.py
[2025-09-21T04:51:08.437+0000] {processor.py:925} INFO - DAG(s) 'example_complex' retrieved from /home/airflow/.local/lib/python3.12/site-packages/airflow/example_dags/example_complex.py
[2025-09-21T04:51:08.477+0000] {logging_mixin.py:190} INFO - [2025-09-21T04:51:08.477+0000] {dag.py:3239} INFO - Sync 1 DAGs
[2025-09-21T04:51:08.492+0000] {logging_mixin.py:190} INFO - [2025-09-21T04:51:08.492+0000] {dag.py:4180} INFO - Setting next_dagrun for example_complex to None, run_after=None
[2025-09-21T04:51:08.509+0000] {processor.py:208} INFO - Processing /home/airflow/.local/lib/python3.12/site-packages/airflow/example_dags/example_complex.py took 0.101 seconds
[2025-09-21T04:51:38.645+0000] {processor.py:186} INFO - Started process (PID=538) to work on /home/airflow/.local/lib/python3.12/site-packages/airflow/example_dags/example_complex.py
[2025-09-21T04:51:38.646+0000] {processor.py:914} INFO - Processing file /home/airflow/.local/lib/python3.12/site-packages/airflow/example_dags/example_complex.py for tasks to queue
[2025-09-21T04:51:38.648+0000] {logging_mixin.py:190} INFO - [2025-09-21T04:51:38.648+0000] {dagbag.py:588} INFO - Filling up the DagBag from /home/airflow/.local/lib/python3.12/site-packages/airflow/example_dags/example_complex.py
[2025-09-21T04:51:38.663+0000] {processor.py:925} INFO - DAG(s) 'example_complex' retrieved from /home/airflow/.local/lib/python3.12/site-packages/airflow/example_dags/example_complex.py
[2025-09-21T04:51:38.702+0000] {logging_mixin.py:190} INFO - [2025-09-21T04:51:38.702+0000] {dag.py:3239} INFO - Sync 1 DAGs
[2025-09-21T04:51:38.732+0000] {logging_mixin.py:190} INFO - [2025-09-21T04:51:38.732+0000] {dag.py:4180} INFO - Setting next_dagrun for example_complex to None, run_after=None
[2025-09-21T04:51:38.834+0000] {processor.py:208} INFO - Processing /home/airflow/.local/lib/python3.12/site-packages/airflow/example_dags/example_complex.py took 0.200 seconds
[2025-09-21T04:52:09.818+0000] {processor.py:186} INFO - Started process (PID=601) to work on /home/airflow/.local/lib/python3.12/site-packages/airflow/example_dags/example_complex.py
[2025-09-21T04:52:09.819+0000] {processor.py:914} INFO - Processing file /home/airflow/.local/lib/python3.12/site-packages/airflow/example_dags/example_complex.py for tasks to queue
[2025-09-21T04:52:09.821+0000] {logging_mixin.py:190} INFO - [2025-09-21T04:52:09.821+0000] {dagbag.py:588} INFO - Filling up the DagBag from /home/airflow/.local/lib/python3.12/site-packages/airflow/example_dags/example_complex.py
[2025-09-21T04:52:09.835+0000] {processor.py:925} INFO - DAG(s) 'example_complex' retrieved from /home/airflow/.local/lib/python3.12/site-packages/airflow/example_dags/example_complex.py
[2025-09-21T04:52:09.878+0000] {logging_mixin.py:190} INFO - [2025-09-21T04:52:09.878+0000] {dag.py:3239} INFO - Sync 1 DAGs
[2025-09-21T04:52:09.895+0000] {logging_mixin.py:190} INFO - [2025-09-21T04:52:09.895+0000] {dag.py:4180} INFO - Setting next_dagrun for example_complex to None, run_after=None
[2025-09-21T04:52:09.913+0000] {processor.py:208} INFO - Processing /home/airflow/.local/lib/python3.12/site-packages/airflow/example_dags/example_complex.py took 0.101 seconds
[2025-09-21T04:52:40.017+0000] {processor.py:186} INFO - Started process (PID=664) to work on /home/airflow/.local/lib/python3.12/site-packages/airflow/example_dags/example_complex.py
[2025-09-21T04:52:40.018+0000] {processor.py:914} INFO - Processing file /home/airflow/.local/lib/python3.12/site-packages/airflow/example_dags/example_complex.py for tasks to queue
[2025-09-21T04:52:40.020+0000] {logging_mixin.py:190} INFO - [2025-09-21T04:52:40.020+0000] {dagbag.py:588} INFO - Filling up the DagBag from /home/airflow/.local/lib/python3.12/site-packages/airflow/example_dags/example_complex.py
[2025-09-21T04:52:40.035+0000] {processor.py:925} INFO - DAG(s) 'example_complex' retrieved from /home/airflow/.local/lib/python3.12/site-packages/airflow/example_dags/example_complex.py
[2025-09-21T04:52:40.074+0000] {logging_mixin.py:190} INFO - [2025-09-21T04:52:40.073+0000] {dag.py:3239} INFO - Sync 1 DAGs
[2025-09-21T04:52:40.091+0000] {logging_mixin.py:190} INFO - [2025-09-21T04:52:40.091+0000] {dag.py:4180} INFO - Setting next_dagrun for example_complex to None, run_after=None
[2025-09-21T04:52:40.109+0000] {processor.py:208} INFO - Processing /home/airflow/.local/lib/python3.12/site-packages/airflow/example_dags/example_complex.py took 0.098 seconds
[2025-09-21T04:53:10.964+0000] {processor.py:186} INFO - Started process (PID=727) to work on /home/airflow/.local/lib/python3.12/site-packages/airflow/example_dags/example_complex.py
[2025-09-21T04:53:10.965+0000] {processor.py:914} INFO - Processing file /home/airflow/.local/lib/python3.12/site-packages/airflow/example_dags/example_complex.py for tasks to queue
[2025-09-21T04:53:10.967+0000] {logging_mixin.py:190} INFO - [2025-09-21T04:53:10.967+0000] {dagbag.py:588} INFO - Filling up the DagBag from /home/airflow/.local/lib/python3.12/site-packages/airflow/example_dags/example_complex.py
[2025-09-21T04:53:10.981+0000] {processor.py:925} INFO - DAG(s) 'example_complex' retrieved from /home/airflow/.local/lib/python3.12/site-packages/airflow/example_dags/example_complex.py
[2025-09-21T04:53:11.022+0000] {logging_mixin.py:190} INFO - [2025-09-21T04:53:11.022+0000] {dag.py:3239} INFO - Sync 1 DAGs
[2025-09-21T04:53:11.040+0000] {logging_mixin.py:190} INFO - [2025-09-21T04:53:11.040+0000] {dag.py:4180} INFO - Setting next_dagrun for example_complex to None, run_after=None
[2025-09-21T04:53:11.059+0000] {processor.py:208} INFO - Processing /home/airflow/.local/lib/python3.12/site-packages/airflow/example_dags/example_complex.py took 0.100 seconds
[2025-09-21T04:53:41.558+0000] {processor.py:186} INFO - Started process (PID=790) to work on /home/airflow/.local/lib/python3.12/site-packages/airflow/example_dags/example_complex.py
[2025-09-21T04:53:41.558+0000] {processor.py:914} INFO - Processing file /home/airflow/.local/lib/python3.12/site-packages/airflow/example_dags/example_complex.py for tasks to queue
[2025-09-21T04:53:41.561+0000] {logging_mixin.py:190} INFO - [2025-09-21T04:53:41.560+0000] {dagbag.py:588} INFO - Filling up the DagBag from /home/airflow/.local/lib/python3.12/site-packages/airflow/example_dags/example_complex.py
[2025-09-21T04:53:41.575+0000] {processor.py:925} INFO - DAG(s) 'example_complex' retrieved from /home/airflow/.local/lib/python3.12/site-packages/airflow/example_dags/example_complex.py
[2025-09-21T04:53:41.614+0000] {logging_mixin.py:190} INFO - [2025-09-21T04:53:41.614+0000] {dag.py:3239} INFO - Sync 1 DAGs
[2025-09-21T04:53:41.631+0000] {logging_mixin.py:190} INFO - [2025-09-21T04:53:41.631+0000] {dag.py:4180} INFO - Setting next_dagrun for example_complex to None, run_after=None
[2025-09-21T04:53:41.653+0000] {processor.py:208} INFO - Processing /home/airflow/.local/lib/python3.12/site-packages/airflow/example_dags/example_complex.py took 0.101 seconds
[2025-09-21T04:54:11.828+0000] {processor.py:186} INFO - Started process (PID=853) to work on /home/airflow/.local/lib/python3.12/site-packages/airflow/example_dags/example_complex.py
[2025-09-21T04:54:11.834+0000] {processor.py:914} INFO - Processing file /home/airflow/.local/lib/python3.12/site-packages/airflow/example_dags/example_complex.py for tasks to queue
[2025-09-21T04:54:11.837+0000] {logging_mixin.py:190} INFO - [2025-09-21T04:54:11.837+0000] {dagbag.py:588} INFO - Filling up the DagBag from /home/airflow/.local/lib/python3.12/site-packages/airflow/example_dags/example_complex.py
[2025-09-21T04:54:11.880+0000] {processor.py:925} INFO - DAG(s) 'example_complex' retrieved from /home/airflow/.local/lib/python3.12/site-packages/airflow/example_dags/example_complex.py
[2025-09-21T04:54:11.978+0000] {logging_mixin.py:190} INFO - [2025-09-21T04:54:11.977+0000] {dag.py:3239} INFO - Sync 1 DAGs
[2025-09-21T04:54:12.021+0000] {logging_mixin.py:190} INFO - [2025-09-21T04:54:12.021+0000] {dag.py:4180} INFO - Setting next_dagrun for example_complex to None, run_after=None
[2025-09-21T04:54:12.073+0000] {processor.py:208} INFO - Processing /home/airflow/.local/lib/python3.12/site-packages/airflow/example_dags/example_complex.py took 0.267 seconds
[2025-09-21T04:54:42.232+0000] {processor.py:186} INFO - Started process (PID=915) to work on /home/airflow/.local/lib/python3.12/site-packages/airflow/example_dags/example_complex.py
[2025-09-21T04:54:42.233+0000] {processor.py:914} INFO - Processing file /home/airflow/.local/lib/python3.12/site-packages/airflow/example_dags/example_complex.py for tasks to queue
[2025-09-21T04:54:42.235+0000] {logging_mixin.py:190} INFO - [2025-09-21T04:54:42.235+0000] {dagbag.py:588} INFO - Filling up the DagBag from /home/airflow/.local/lib/python3.12/site-packages/airflow/example_dags/example_complex.py
[2025-09-21T04:54:42.263+0000] {processor.py:925} INFO - DAG(s) 'example_complex' retrieved from /home/airflow/.local/lib/python3.12/site-packages/airflow/example_dags/example_complex.py
[2025-09-21T04:54:42.306+0000] {logging_mixin.py:190} INFO - [2025-09-21T04:54:42.306+0000] {dag.py:3239} INFO - Sync 1 DAGs
[2025-09-21T04:54:42.328+0000] {logging_mixin.py:190} INFO - [2025-09-21T04:54:42.328+0000] {dag.py:4180} INFO - Setting next_dagrun for example_complex to None, run_after=None
[2025-09-21T04:54:42.364+0000] {processor.py:208} INFO - Processing /home/airflow/.local/lib/python3.12/site-packages/airflow/example_dags/example_complex.py took 0.139 seconds
[2025-09-21T04:55:13.042+0000] {processor.py:186} INFO - Started process (PID=978) to work on /home/airflow/.local/lib/python3.12/site-packages/airflow/example_dags/example_complex.py
[2025-09-21T04:55:13.042+0000] {processor.py:914} INFO - Processing file /home/airflow/.local/lib/python3.12/site-packages/airflow/example_dags/example_complex.py for tasks to queue
[2025-09-21T04:55:13.044+0000] {logging_mixin.py:190} INFO - [2025-09-21T04:55:13.044+0000] {dagbag.py:588} INFO - Filling up the DagBag from /home/airflow/.local/lib/python3.12/site-packages/airflow/example_dags/example_complex.py
[2025-09-21T04:55:13.056+0000] {processor.py:925} INFO - DAG(s) 'example_complex' retrieved from /home/airflow/.local/lib/python3.12/site-packages/airflow/example_dags/example_complex.py
[2025-09-21T04:55:13.080+0000] {logging_mixin.py:190} INFO - [2025-09-21T04:55:13.080+0000] {dag.py:3239} INFO - Sync 1 DAGs
[2025-09-21T04:55:13.092+0000] {logging_mixin.py:190} INFO - [2025-09-21T04:55:13.092+0000] {dag.py:4180} INFO - Setting next_dagrun for example_complex to None, run_after=None
[2025-09-21T04:55:13.105+0000] {processor.py:208} INFO - Processing /home/airflow/.local/lib/python3.12/site-packages/airflow/example_dags/example_complex.py took 0.069 seconds
[2025-09-21T04:55:43.229+0000] {processor.py:186} INFO - Started process (PID=1041) to work on /home/airflow/.local/lib/python3.12/site-packages/airflow/example_dags/example_complex.py
[2025-09-21T04:55:43.229+0000] {processor.py:914} INFO - Processing file /home/airflow/.local/lib/python3.12/site-packages/airflow/example_dags/example_complex.py for tasks to queue
[2025-09-21T04:55:43.231+0000] {logging_mixin.py:190} INFO - [2025-09-21T04:55:43.231+0000] {dagbag.py:588} INFO - Filling up the DagBag from /home/airflow/.local/lib/python3.12/site-packages/airflow/example_dags/example_complex.py
[2025-09-21T04:55:43.242+0000] {processor.py:925} INFO - DAG(s) 'example_complex' retrieved from /home/airflow/.local/lib/python3.12/site-packages/airflow/example_dags/example_complex.py
[2025-09-21T04:55:43.267+0000] {logging_mixin.py:190} INFO - [2025-09-21T04:55:43.267+0000] {dag.py:3239} INFO - Sync 1 DAGs
[2025-09-21T04:55:43.279+0000] {logging_mixin.py:190} INFO - [2025-09-21T04:55:43.279+0000] {dag.py:4180} INFO - Setting next_dagrun for example_complex to None, run_after=None
[2025-09-21T04:55:43.292+0000] {processor.py:208} INFO - Processing /home/airflow/.local/lib/python3.12/site-packages/airflow/example_dags/example_complex.py took 0.068 seconds
[2025-09-21T04:56:14.028+0000] {processor.py:186} INFO - Started process (PID=1104) to work on /home/airflow/.local/lib/python3.12/site-packages/airflow/example_dags/example_complex.py
[2025-09-21T04:56:14.029+0000] {processor.py:914} INFO - Processing file /home/airflow/.local/lib/python3.12/site-packages/airflow/example_dags/example_complex.py for tasks to queue
[2025-09-21T04:56:14.031+0000] {logging_mixin.py:190} INFO - [2025-09-21T04:56:14.030+0000] {dagbag.py:588} INFO - Filling up the DagBag from /home/airflow/.local/lib/python3.12/site-packages/airflow/example_dags/example_complex.py
[2025-09-21T04:56:14.040+0000] {processor.py:925} INFO - DAG(s) 'example_complex' retrieved from /home/airflow/.local/lib/python3.12/site-packages/airflow/example_dags/example_complex.py
[2025-09-21T04:56:14.065+0000] {logging_mixin.py:190} INFO - [2025-09-21T04:56:14.065+0000] {dag.py:3239} INFO - Sync 1 DAGs
[2025-09-21T04:56:14.077+0000] {logging_mixin.py:190} INFO - [2025-09-21T04:56:14.077+0000] {dag.py:4180} INFO - Setting next_dagrun for example_complex to None, run_after=None
[2025-09-21T04:56:14.091+0000] {processor.py:208} INFO - Processing /home/airflow/.local/lib/python3.12/site-packages/airflow/example_dags/example_complex.py took 0.069 seconds
[2025-09-21T04:56:44.464+0000] {processor.py:186} INFO - Started process (PID=1167) to work on /home/airflow/.local/lib/python3.12/site-packages/airflow/example_dags/example_complex.py
[2025-09-21T04:56:44.465+0000] {processor.py:914} INFO - Processing file /home/airflow/.local/lib/python3.12/site-packages/airflow/example_dags/example_complex.py for tasks to queue
[2025-09-21T04:56:44.467+0000] {logging_mixin.py:190} INFO - [2025-09-21T04:56:44.466+0000] {dagbag.py:588} INFO - Filling up the DagBag from /home/airflow/.local/lib/python3.12/site-packages/airflow/example_dags/example_complex.py
[2025-09-21T04:56:44.476+0000] {processor.py:925} INFO - DAG(s) 'example_complex' retrieved from /home/airflow/.local/lib/python3.12/site-packages/airflow/example_dags/example_complex.py
[2025-09-21T04:56:44.503+0000] {logging_mixin.py:190} INFO - [2025-09-21T04:56:44.503+0000] {dag.py:3239} INFO - Sync 1 DAGs
[2025-09-21T04:56:44.514+0000] {logging_mixin.py:190} INFO - [2025-09-21T04:56:44.514+0000] {dag.py:4180} INFO - Setting next_dagrun for example_complex to None, run_after=None
[2025-09-21T04:56:44.527+0000] {processor.py:208} INFO - Processing /home/airflow/.local/lib/python3.12/site-packages/airflow/example_dags/example_complex.py took 0.067 seconds
[2025-09-21T04:57:14.838+0000] {processor.py:186} INFO - Started process (PID=1230) to work on /home/airflow/.local/lib/python3.12/site-packages/airflow/example_dags/example_complex.py
[2025-09-21T04:57:14.839+0000] {processor.py:914} INFO - Processing file /home/airflow/.local/lib/python3.12/site-packages/airflow/example_dags/example_complex.py for tasks to queue
[2025-09-21T04:57:14.841+0000] {logging_mixin.py:190} INFO - [2025-09-21T04:57:14.841+0000] {dagbag.py:588} INFO - Filling up the DagBag from /home/airflow/.local/lib/python3.12/site-packages/airflow/example_dags/example_complex.py
[2025-09-21T04:57:14.865+0000] {processor.py:925} INFO - DAG(s) 'example_complex' retrieved from /home/airflow/.local/lib/python3.12/site-packages/airflow/example_dags/example_complex.py
[2025-09-21T04:57:14.907+0000] {logging_mixin.py:190} INFO - [2025-09-21T04:57:14.907+0000] {dag.py:3239} INFO - Sync 1 DAGs
[2025-09-21T04:57:14.931+0000] {logging_mixin.py:190} INFO - [2025-09-21T04:57:14.931+0000] {dag.py:4180} INFO - Setting next_dagrun for example_complex to None, run_after=None
[2025-09-21T04:57:14.949+0000] {processor.py:208} INFO - Processing /home/airflow/.local/lib/python3.12/site-packages/airflow/example_dags/example_complex.py took 0.122 seconds
[2025-09-21T04:57:45.596+0000] {processor.py:186} INFO - Started process (PID=1293) to work on /home/airflow/.local/lib/python3.12/site-packages/airflow/example_dags/example_complex.py
[2025-09-21T04:57:45.597+0000] {processor.py:914} INFO - Processing file /home/airflow/.local/lib/python3.12/site-packages/airflow/example_dags/example_complex.py for tasks to queue
[2025-09-21T04:57:45.599+0000] {logging_mixin.py:190} INFO - [2025-09-21T04:57:45.598+0000] {dagbag.py:588} INFO - Filling up the DagBag from /home/airflow/.local/lib/python3.12/site-packages/airflow/example_dags/example_complex.py
[2025-09-21T04:57:45.608+0000] {processor.py:925} INFO - DAG(s) 'example_complex' retrieved from /home/airflow/.local/lib/python3.12/site-packages/airflow/example_dags/example_complex.py
[2025-09-21T04:57:45.634+0000] {logging_mixin.py:190} INFO - [2025-09-21T04:57:45.634+0000] {dag.py:3239} INFO - Sync 1 DAGs
[2025-09-21T04:57:45.649+0000] {logging_mixin.py:190} INFO - [2025-09-21T04:57:45.649+0000] {dag.py:4180} INFO - Setting next_dagrun for example_complex to None, run_after=None
[2025-09-21T04:57:45.671+0000] {processor.py:208} INFO - Processing /home/airflow/.local/lib/python3.12/site-packages/airflow/example_dags/example_complex.py took 0.080 seconds
