[2025-09-21T04:47:46.855+0000] {processor.py:186} INFO - Started process (PID=75) to work on /home/airflow/.local/lib/python3.12/site-packages/airflow/example_dags/example_bash_decorator.py
[2025-09-21T04:47:46.863+0000] {processor.py:914} INFO - Processing file /home/airflow/.local/lib/python3.12/site-packages/airflow/example_dags/example_bash_decorator.py for tasks to queue
[2025-09-21T04:47:46.883+0000] {logging_mixin.py:190} INFO - [2025-09-21T04:47:46.876+0000] {dagbag.py:588} INFO - Filling up the DagBag from /home/airflow/.local/lib/python3.12/site-packages/airflow/example_dags/example_bash_decorator.py
[2025-09-21T04:47:46.973+0000] {processor.py:925} INFO - DAG(s) 'example_bash_decorator' retrieved from /home/airflow/.local/lib/python3.12/site-packages/airflow/example_dags/example_bash_decorator.py
[2025-09-21T04:47:47.986+0000] {logging_mixin.py:190} INFO - [2025-09-21T04:47:47.985+0000] {override.py:1911} INFO - Created Permission View: can delete on DAG:example_bash_decorator
[2025-09-21T04:47:48.066+0000] {logging_mixin.py:190} INFO - [2025-09-21T04:47:48.065+0000] {override.py:1911} INFO - Created Permission View: can read on DAG:example_bash_decorator
[2025-09-21T04:47:48.094+0000] {logging_mixin.py:190} INFO - [2025-09-21T04:47:48.094+0000] {override.py:1911} INFO - Created Permission View: can edit on DAG:example_bash_decorator
[2025-09-21T04:47:48.119+0000] {logging_mixin.py:190} INFO - [2025-09-21T04:47:48.119+0000] {override.py:1911} INFO - Created Permission View: can read on DAG Run:example_bash_decorator
[2025-09-21T04:47:48.143+0000] {logging_mixin.py:190} INFO - [2025-09-21T04:47:48.143+0000] {override.py:1911} INFO - Created Permission View: menu access on DAG Run:example_bash_decorator
[2025-09-21T04:47:48.170+0000] {logging_mixin.py:190} INFO - [2025-09-21T04:47:48.170+0000] {override.py:1911} INFO - Created Permission View: can delete on DAG Run:example_bash_decorator
[2025-09-21T04:47:48.191+0000] {logging_mixin.py:190} INFO - [2025-09-21T04:47:48.190+0000] {override.py:1911} INFO - Created Permission View: can create on DAG Run:example_bash_decorator
[2025-09-21T04:47:48.193+0000] {logging_mixin.py:190} INFO - [2025-09-21T04:47:48.192+0000] {dag.py:3239} INFO - Sync 1 DAGs
[2025-09-21T04:47:48.268+0000] {logging_mixin.py:190} INFO - [2025-09-21T04:47:48.263+0000] {dag.py:3262} INFO - Creating ORM DAG for example_bash_decorator
[2025-09-21T04:47:48.268+0000] {logging_mixin.py:190} INFO - [2025-09-21T04:47:48.268+0000] {dag.py:4180} INFO - Setting next_dagrun for example_bash_decorator to None, run_after=None
[2025-09-21T04:47:48.347+0000] {processor.py:208} INFO - Processing /home/airflow/.local/lib/python3.12/site-packages/airflow/example_dags/example_bash_decorator.py took 1.580 seconds
[2025-09-21T04:48:25.666+0000] {processor.py:186} INFO - Started process (PID=137) to work on /home/airflow/.local/lib/python3.12/site-packages/airflow/example_dags/example_bash_decorator.py
[2025-09-21T04:48:25.667+0000] {processor.py:914} INFO - Processing file /home/airflow/.local/lib/python3.12/site-packages/airflow/example_dags/example_bash_decorator.py for tasks to queue
[2025-09-21T04:48:25.669+0000] {logging_mixin.py:190} INFO - [2025-09-21T04:48:25.669+0000] {dagbag.py:588} INFO - Filling up the DagBag from /home/airflow/.local/lib/python3.12/site-packages/airflow/example_dags/example_bash_decorator.py
[2025-09-21T04:48:25.689+0000] {processor.py:925} INFO - DAG(s) 'example_bash_decorator' retrieved from /home/airflow/.local/lib/python3.12/site-packages/airflow/example_dags/example_bash_decorator.py
[2025-09-21T04:48:25.722+0000] {logging_mixin.py:190} INFO - [2025-09-21T04:48:25.722+0000] {dag.py:3239} INFO - Sync 1 DAGs
[2025-09-21T04:48:25.739+0000] {logging_mixin.py:190} INFO - [2025-09-21T04:48:25.739+0000] {dag.py:4180} INFO - Setting next_dagrun for example_bash_decorator to None, run_after=None
[2025-09-21T04:48:25.763+0000] {processor.py:208} INFO - Processing /home/airflow/.local/lib/python3.12/site-packages/airflow/example_dags/example_bash_decorator.py took 0.104 seconds
[2025-09-21T04:48:56.647+0000] {processor.py:186} INFO - Started process (PID=200) to work on /home/airflow/.local/lib/python3.12/site-packages/airflow/example_dags/example_bash_decorator.py
[2025-09-21T04:48:56.648+0000] {processor.py:914} INFO - Processing file /home/airflow/.local/lib/python3.12/site-packages/airflow/example_dags/example_bash_decorator.py for tasks to queue
[2025-09-21T04:48:56.651+0000] {logging_mixin.py:190} INFO - [2025-09-21T04:48:56.651+0000] {dagbag.py:588} INFO - Filling up the DagBag from /home/airflow/.local/lib/python3.12/site-packages/airflow/example_dags/example_bash_decorator.py
[2025-09-21T04:48:56.667+0000] {processor.py:925} INFO - DAG(s) 'example_bash_decorator' retrieved from /home/airflow/.local/lib/python3.12/site-packages/airflow/example_dags/example_bash_decorator.py
[2025-09-21T04:48:56.694+0000] {logging_mixin.py:190} INFO - [2025-09-21T04:48:56.694+0000] {dag.py:3239} INFO - Sync 1 DAGs
[2025-09-21T04:48:56.711+0000] {logging_mixin.py:190} INFO - [2025-09-21T04:48:56.711+0000] {dag.py:4180} INFO - Setting next_dagrun for example_bash_decorator to None, run_after=None
[2025-09-21T04:48:56.728+0000] {processor.py:208} INFO - Processing /home/airflow/.local/lib/python3.12/site-packages/airflow/example_dags/example_bash_decorator.py took 0.093 seconds
[2025-09-21T04:49:29.818+0000] {processor.py:186} INFO - Started process (PID=257) to work on /home/airflow/.local/lib/python3.12/site-packages/airflow/example_dags/example_bash_decorator.py
[2025-09-21T04:49:29.820+0000] {processor.py:914} INFO - Processing file /home/airflow/.local/lib/python3.12/site-packages/airflow/example_dags/example_bash_decorator.py for tasks to queue
[2025-09-21T04:49:29.829+0000] {logging_mixin.py:190} INFO - [2025-09-21T04:49:29.829+0000] {dagbag.py:588} INFO - Filling up the DagBag from /home/airflow/.local/lib/python3.12/site-packages/airflow/example_dags/example_bash_decorator.py
[2025-09-21T04:49:29.877+0000] {processor.py:925} INFO - DAG(s) 'example_bash_decorator' retrieved from /home/airflow/.local/lib/python3.12/site-packages/airflow/example_dags/example_bash_decorator.py
[2025-09-21T04:49:29.993+0000] {logging_mixin.py:190} INFO - [2025-09-21T04:49:29.990+0000] {dag.py:3239} INFO - Sync 1 DAGs
[2025-09-21T04:49:30.060+0000] {logging_mixin.py:190} INFO - [2025-09-21T04:49:30.060+0000] {dag.py:4180} INFO - Setting next_dagrun for example_bash_decorator to None, run_after=None
[2025-09-21T04:49:30.105+0000] {processor.py:208} INFO - Processing /home/airflow/.local/lib/python3.12/site-packages/airflow/example_dags/example_bash_decorator.py took 0.313 seconds
[2025-09-21T04:50:00.537+0000] {processor.py:186} INFO - Started process (PID=320) to work on /home/airflow/.local/lib/python3.12/site-packages/airflow/example_dags/example_bash_decorator.py
[2025-09-21T04:50:00.538+0000] {processor.py:914} INFO - Processing file /home/airflow/.local/lib/python3.12/site-packages/airflow/example_dags/example_bash_decorator.py for tasks to queue
[2025-09-21T04:50:00.540+0000] {logging_mixin.py:190} INFO - [2025-09-21T04:50:00.540+0000] {dagbag.py:588} INFO - Filling up the DagBag from /home/airflow/.local/lib/python3.12/site-packages/airflow/example_dags/example_bash_decorator.py
[2025-09-21T04:50:00.557+0000] {processor.py:925} INFO - DAG(s) 'example_bash_decorator' retrieved from /home/airflow/.local/lib/python3.12/site-packages/airflow/example_dags/example_bash_decorator.py
[2025-09-21T04:50:00.581+0000] {logging_mixin.py:190} INFO - [2025-09-21T04:50:00.580+0000] {dag.py:3239} INFO - Sync 1 DAGs
[2025-09-21T04:50:00.599+0000] {logging_mixin.py:190} INFO - [2025-09-21T04:50:00.599+0000] {dag.py:4180} INFO - Setting next_dagrun for example_bash_decorator to None, run_after=None
[2025-09-21T04:50:00.619+0000] {processor.py:208} INFO - Processing /home/airflow/.local/lib/python3.12/site-packages/airflow/example_dags/example_bash_decorator.py took 0.088 seconds
[2025-09-21T04:50:31.246+0000] {processor.py:186} INFO - Started process (PID=382) to work on /home/airflow/.local/lib/python3.12/site-packages/airflow/example_dags/example_bash_decorator.py
[2025-09-21T04:50:31.247+0000] {processor.py:914} INFO - Processing file /home/airflow/.local/lib/python3.12/site-packages/airflow/example_dags/example_bash_decorator.py for tasks to queue
[2025-09-21T04:50:31.249+0000] {logging_mixin.py:190} INFO - [2025-09-21T04:50:31.249+0000] {dagbag.py:588} INFO - Filling up the DagBag from /home/airflow/.local/lib/python3.12/site-packages/airflow/example_dags/example_bash_decorator.py
[2025-09-21T04:50:31.265+0000] {processor.py:925} INFO - DAG(s) 'example_bash_decorator' retrieved from /home/airflow/.local/lib/python3.12/site-packages/airflow/example_dags/example_bash_decorator.py
[2025-09-21T04:50:31.290+0000] {logging_mixin.py:190} INFO - [2025-09-21T04:50:31.289+0000] {dag.py:3239} INFO - Sync 1 DAGs
[2025-09-21T04:50:31.307+0000] {logging_mixin.py:190} INFO - [2025-09-21T04:50:31.307+0000] {dag.py:4180} INFO - Setting next_dagrun for example_bash_decorator to None, run_after=None
[2025-09-21T04:50:31.330+0000] {processor.py:208} INFO - Processing /home/airflow/.local/lib/python3.12/site-packages/airflow/example_dags/example_bash_decorator.py took 0.093 seconds
[2025-09-21T04:51:02.096+0000] {processor.py:186} INFO - Started process (PID=444) to work on /home/airflow/.local/lib/python3.12/site-packages/airflow/example_dags/example_bash_decorator.py
[2025-09-21T04:51:02.097+0000] {processor.py:914} INFO - Processing file /home/airflow/.local/lib/python3.12/site-packages/airflow/example_dags/example_bash_decorator.py for tasks to queue
[2025-09-21T04:51:02.099+0000] {logging_mixin.py:190} INFO - [2025-09-21T04:51:02.099+0000] {dagbag.py:588} INFO - Filling up the DagBag from /home/airflow/.local/lib/python3.12/site-packages/airflow/example_dags/example_bash_decorator.py
[2025-09-21T04:51:02.117+0000] {processor.py:925} INFO - DAG(s) 'example_bash_decorator' retrieved from /home/airflow/.local/lib/python3.12/site-packages/airflow/example_dags/example_bash_decorator.py
[2025-09-21T04:51:02.154+0000] {logging_mixin.py:190} INFO - [2025-09-21T04:51:02.154+0000] {dag.py:3239} INFO - Sync 1 DAGs
[2025-09-21T04:51:02.178+0000] {logging_mixin.py:190} INFO - [2025-09-21T04:51:02.178+0000] {dag.py:4180} INFO - Setting next_dagrun for example_bash_decorator to None, run_after=None
[2025-09-21T04:51:02.208+0000] {processor.py:208} INFO - Processing /home/airflow/.local/lib/python3.12/site-packages/airflow/example_dags/example_bash_decorator.py took 0.118 seconds
[2025-09-21T04:51:32.499+0000] {processor.py:186} INFO - Started process (PID=506) to work on /home/airflow/.local/lib/python3.12/site-packages/airflow/example_dags/example_bash_decorator.py
[2025-09-21T04:51:32.499+0000] {processor.py:914} INFO - Processing file /home/airflow/.local/lib/python3.12/site-packages/airflow/example_dags/example_bash_decorator.py for tasks to queue
[2025-09-21T04:51:32.502+0000] {logging_mixin.py:190} INFO - [2025-09-21T04:51:32.501+0000] {dagbag.py:588} INFO - Filling up the DagBag from /home/airflow/.local/lib/python3.12/site-packages/airflow/example_dags/example_bash_decorator.py
[2025-09-21T04:51:32.519+0000] {processor.py:925} INFO - DAG(s) 'example_bash_decorator' retrieved from /home/airflow/.local/lib/python3.12/site-packages/airflow/example_dags/example_bash_decorator.py
[2025-09-21T04:51:32.554+0000] {logging_mixin.py:190} INFO - [2025-09-21T04:51:32.554+0000] {dag.py:3239} INFO - Sync 1 DAGs
[2025-09-21T04:51:32.572+0000] {logging_mixin.py:190} INFO - [2025-09-21T04:51:32.572+0000] {dag.py:4180} INFO - Setting next_dagrun for example_bash_decorator to None, run_after=None
[2025-09-21T04:51:32.591+0000] {processor.py:208} INFO - Processing /home/airflow/.local/lib/python3.12/site-packages/airflow/example_dags/example_bash_decorator.py took 0.109 seconds
[2025-09-21T04:52:02.704+0000] {processor.py:186} INFO - Started process (PID=570) to work on /home/airflow/.local/lib/python3.12/site-packages/airflow/example_dags/example_bash_decorator.py
[2025-09-21T04:52:02.705+0000] {processor.py:914} INFO - Processing file /home/airflow/.local/lib/python3.12/site-packages/airflow/example_dags/example_bash_decorator.py for tasks to queue
[2025-09-21T04:52:02.707+0000] {logging_mixin.py:190} INFO - [2025-09-21T04:52:02.706+0000] {dagbag.py:588} INFO - Filling up the DagBag from /home/airflow/.local/lib/python3.12/site-packages/airflow/example_dags/example_bash_decorator.py
[2025-09-21T04:52:02.725+0000] {processor.py:925} INFO - DAG(s) 'example_bash_decorator' retrieved from /home/airflow/.local/lib/python3.12/site-packages/airflow/example_dags/example_bash_decorator.py
[2025-09-21T04:52:02.781+0000] {logging_mixin.py:190} INFO - [2025-09-21T04:52:02.781+0000] {dag.py:3239} INFO - Sync 1 DAGs
[2025-09-21T04:52:02.810+0000] {logging_mixin.py:190} INFO - [2025-09-21T04:52:02.809+0000] {dag.py:4180} INFO - Setting next_dagrun for example_bash_decorator to None, run_after=None
[2025-09-21T04:52:02.827+0000] {processor.py:208} INFO - Processing /home/airflow/.local/lib/python3.12/site-packages/airflow/example_dags/example_bash_decorator.py took 0.134 seconds
[2025-09-21T04:52:33.324+0000] {processor.py:186} INFO - Started process (PID=639) to work on /home/airflow/.local/lib/python3.12/site-packages/airflow/example_dags/example_bash_decorator.py
[2025-09-21T04:52:33.325+0000] {processor.py:914} INFO - Processing file /home/airflow/.local/lib/python3.12/site-packages/airflow/example_dags/example_bash_decorator.py for tasks to queue
[2025-09-21T04:52:33.329+0000] {logging_mixin.py:190} INFO - [2025-09-21T04:52:33.329+0000] {dagbag.py:588} INFO - Filling up the DagBag from /home/airflow/.local/lib/python3.12/site-packages/airflow/example_dags/example_bash_decorator.py
[2025-09-21T04:52:33.346+0000] {processor.py:925} INFO - DAG(s) 'example_bash_decorator' retrieved from /home/airflow/.local/lib/python3.12/site-packages/airflow/example_dags/example_bash_decorator.py
[2025-09-21T04:52:33.374+0000] {logging_mixin.py:190} INFO - [2025-09-21T04:52:33.374+0000] {dag.py:3239} INFO - Sync 1 DAGs
[2025-09-21T04:52:33.391+0000] {logging_mixin.py:190} INFO - [2025-09-21T04:52:33.390+0000] {dag.py:4180} INFO - Setting next_dagrun for example_bash_decorator to None, run_after=None
[2025-09-21T04:52:33.408+0000] {processor.py:208} INFO - Processing /home/airflow/.local/lib/python3.12/site-packages/airflow/example_dags/example_bash_decorator.py took 0.092 seconds
[2025-09-21T04:53:03.790+0000] {processor.py:186} INFO - Started process (PID=702) to work on /home/airflow/.local/lib/python3.12/site-packages/airflow/example_dags/example_bash_decorator.py
[2025-09-21T04:53:03.792+0000] {processor.py:914} INFO - Processing file /home/airflow/.local/lib/python3.12/site-packages/airflow/example_dags/example_bash_decorator.py for tasks to queue
[2025-09-21T04:53:03.797+0000] {logging_mixin.py:190} INFO - [2025-09-21T04:53:03.795+0000] {dagbag.py:588} INFO - Filling up the DagBag from /home/airflow/.local/lib/python3.12/site-packages/airflow/example_dags/example_bash_decorator.py
[2025-09-21T04:53:03.839+0000] {processor.py:925} INFO - DAG(s) 'example_bash_decorator' retrieved from /home/airflow/.local/lib/python3.12/site-packages/airflow/example_dags/example_bash_decorator.py
[2025-09-21T04:53:03.891+0000] {logging_mixin.py:190} INFO - [2025-09-21T04:53:03.891+0000] {dag.py:3239} INFO - Sync 1 DAGs
[2025-09-21T04:53:03.940+0000] {logging_mixin.py:190} INFO - [2025-09-21T04:53:03.940+0000] {dag.py:4180} INFO - Setting next_dagrun for example_bash_decorator to None, run_after=None
[2025-09-21T04:53:04.007+0000] {processor.py:208} INFO - Processing /home/airflow/.local/lib/python3.12/site-packages/airflow/example_dags/example_bash_decorator.py took 0.230 seconds
[2025-09-21T04:53:34.407+0000] {processor.py:186} INFO - Started process (PID=765) to work on /home/airflow/.local/lib/python3.12/site-packages/airflow/example_dags/example_bash_decorator.py
[2025-09-21T04:53:34.409+0000] {processor.py:914} INFO - Processing file /home/airflow/.local/lib/python3.12/site-packages/airflow/example_dags/example_bash_decorator.py for tasks to queue
[2025-09-21T04:53:34.411+0000] {logging_mixin.py:190} INFO - [2025-09-21T04:53:34.411+0000] {dagbag.py:588} INFO - Filling up the DagBag from /home/airflow/.local/lib/python3.12/site-packages/airflow/example_dags/example_bash_decorator.py
[2025-09-21T04:53:34.428+0000] {processor.py:925} INFO - DAG(s) 'example_bash_decorator' retrieved from /home/airflow/.local/lib/python3.12/site-packages/airflow/example_dags/example_bash_decorator.py
[2025-09-21T04:53:34.477+0000] {logging_mixin.py:190} INFO - [2025-09-21T04:53:34.477+0000] {dag.py:3239} INFO - Sync 1 DAGs
[2025-09-21T04:53:34.512+0000] {logging_mixin.py:190} INFO - [2025-09-21T04:53:34.511+0000] {dag.py:4180} INFO - Setting next_dagrun for example_bash_decorator to None, run_after=None
[2025-09-21T04:53:34.545+0000] {processor.py:208} INFO - Processing /home/airflow/.local/lib/python3.12/site-packages/airflow/example_dags/example_bash_decorator.py took 0.148 seconds
[2025-09-21T04:54:04.686+0000] {processor.py:186} INFO - Started process (PID=828) to work on /home/airflow/.local/lib/python3.12/site-packages/airflow/example_dags/example_bash_decorator.py
[2025-09-21T04:54:04.689+0000] {processor.py:914} INFO - Processing file /home/airflow/.local/lib/python3.12/site-packages/airflow/example_dags/example_bash_decorator.py for tasks to queue
[2025-09-21T04:54:04.692+0000] {logging_mixin.py:190} INFO - [2025-09-21T04:54:04.691+0000] {dagbag.py:588} INFO - Filling up the DagBag from /home/airflow/.local/lib/python3.12/site-packages/airflow/example_dags/example_bash_decorator.py
[2025-09-21T04:54:04.711+0000] {processor.py:925} INFO - DAG(s) 'example_bash_decorator' retrieved from /home/airflow/.local/lib/python3.12/site-packages/airflow/example_dags/example_bash_decorator.py
[2025-09-21T04:54:04.788+0000] {logging_mixin.py:190} INFO - [2025-09-21T04:54:04.788+0000] {dag.py:3239} INFO - Sync 1 DAGs
[2025-09-21T04:54:04.815+0000] {logging_mixin.py:190} INFO - [2025-09-21T04:54:04.815+0000] {dag.py:4180} INFO - Setting next_dagrun for example_bash_decorator to None, run_after=None
[2025-09-21T04:54:04.834+0000] {processor.py:208} INFO - Processing /home/airflow/.local/lib/python3.12/site-packages/airflow/example_dags/example_bash_decorator.py took 0.161 seconds
[2025-09-21T04:54:35.003+0000] {processor.py:186} INFO - Started process (PID=891) to work on /home/airflow/.local/lib/python3.12/site-packages/airflow/example_dags/example_bash_decorator.py
[2025-09-21T04:54:35.004+0000] {processor.py:914} INFO - Processing file /home/airflow/.local/lib/python3.12/site-packages/airflow/example_dags/example_bash_decorator.py for tasks to queue
[2025-09-21T04:54:35.006+0000] {logging_mixin.py:190} INFO - [2025-09-21T04:54:35.006+0000] {dagbag.py:588} INFO - Filling up the DagBag from /home/airflow/.local/lib/python3.12/site-packages/airflow/example_dags/example_bash_decorator.py
[2025-09-21T04:54:35.031+0000] {processor.py:925} INFO - DAG(s) 'example_bash_decorator' retrieved from /home/airflow/.local/lib/python3.12/site-packages/airflow/example_dags/example_bash_decorator.py
[2025-09-21T04:54:35.061+0000] {logging_mixin.py:190} INFO - [2025-09-21T04:54:35.061+0000] {dag.py:3239} INFO - Sync 1 DAGs
[2025-09-21T04:54:35.077+0000] {logging_mixin.py:190} INFO - [2025-09-21T04:54:35.077+0000] {dag.py:4180} INFO - Setting next_dagrun for example_bash_decorator to None, run_after=None
[2025-09-21T04:54:35.094+0000] {processor.py:208} INFO - Processing /home/airflow/.local/lib/python3.12/site-packages/airflow/example_dags/example_bash_decorator.py took 0.098 seconds
[2025-09-21T04:55:05.998+0000] {processor.py:186} INFO - Started process (PID=953) to work on /home/airflow/.local/lib/python3.12/site-packages/airflow/example_dags/example_bash_decorator.py
[2025-09-21T04:55:06.000+0000] {processor.py:914} INFO - Processing file /home/airflow/.local/lib/python3.12/site-packages/airflow/example_dags/example_bash_decorator.py for tasks to queue
[2025-09-21T04:55:06.002+0000] {logging_mixin.py:190} INFO - [2025-09-21T04:55:06.002+0000] {dagbag.py:588} INFO - Filling up the DagBag from /home/airflow/.local/lib/python3.12/site-packages/airflow/example_dags/example_bash_decorator.py
[2025-09-21T04:55:06.019+0000] {processor.py:925} INFO - DAG(s) 'example_bash_decorator' retrieved from /home/airflow/.local/lib/python3.12/site-packages/airflow/example_dags/example_bash_decorator.py
[2025-09-21T04:55:06.046+0000] {logging_mixin.py:190} INFO - [2025-09-21T04:55:06.046+0000] {dag.py:3239} INFO - Sync 1 DAGs
[2025-09-21T04:55:06.064+0000] {logging_mixin.py:190} INFO - [2025-09-21T04:55:06.064+0000] {dag.py:4180} INFO - Setting next_dagrun for example_bash_decorator to None, run_after=None
[2025-09-21T04:55:06.082+0000] {processor.py:208} INFO - Processing /home/airflow/.local/lib/python3.12/site-packages/airflow/example_dags/example_bash_decorator.py took 0.089 seconds
[2025-09-21T04:55:36.360+0000] {processor.py:186} INFO - Started process (PID=1016) to work on /home/airflow/.local/lib/python3.12/site-packages/airflow/example_dags/example_bash_decorator.py
[2025-09-21T04:55:36.361+0000] {processor.py:914} INFO - Processing file /home/airflow/.local/lib/python3.12/site-packages/airflow/example_dags/example_bash_decorator.py for tasks to queue
[2025-09-21T04:55:36.363+0000] {logging_mixin.py:190} INFO - [2025-09-21T04:55:36.363+0000] {dagbag.py:588} INFO - Filling up the DagBag from /home/airflow/.local/lib/python3.12/site-packages/airflow/example_dags/example_bash_decorator.py
[2025-09-21T04:55:36.379+0000] {processor.py:925} INFO - DAG(s) 'example_bash_decorator' retrieved from /home/airflow/.local/lib/python3.12/site-packages/airflow/example_dags/example_bash_decorator.py
[2025-09-21T04:55:36.405+0000] {logging_mixin.py:190} INFO - [2025-09-21T04:55:36.405+0000] {dag.py:3239} INFO - Sync 1 DAGs
[2025-09-21T04:55:36.420+0000] {logging_mixin.py:190} INFO - [2025-09-21T04:55:36.420+0000] {dag.py:4180} INFO - Setting next_dagrun for example_bash_decorator to None, run_after=None
[2025-09-21T04:55:36.442+0000] {processor.py:208} INFO - Processing /home/airflow/.local/lib/python3.12/site-packages/airflow/example_dags/example_bash_decorator.py took 0.088 seconds
[2025-09-21T04:56:06.973+0000] {processor.py:186} INFO - Started process (PID=1079) to work on /home/airflow/.local/lib/python3.12/site-packages/airflow/example_dags/example_bash_decorator.py
[2025-09-21T04:56:06.974+0000] {processor.py:914} INFO - Processing file /home/airflow/.local/lib/python3.12/site-packages/airflow/example_dags/example_bash_decorator.py for tasks to queue
[2025-09-21T04:56:06.976+0000] {logging_mixin.py:190} INFO - [2025-09-21T04:56:06.976+0000] {dagbag.py:588} INFO - Filling up the DagBag from /home/airflow/.local/lib/python3.12/site-packages/airflow/example_dags/example_bash_decorator.py
[2025-09-21T04:56:06.992+0000] {processor.py:925} INFO - DAG(s) 'example_bash_decorator' retrieved from /home/airflow/.local/lib/python3.12/site-packages/airflow/example_dags/example_bash_decorator.py
[2025-09-21T04:56:07.018+0000] {logging_mixin.py:190} INFO - [2025-09-21T04:56:07.018+0000] {dag.py:3239} INFO - Sync 1 DAGs
[2025-09-21T04:56:07.034+0000] {logging_mixin.py:190} INFO - [2025-09-21T04:56:07.034+0000] {dag.py:4180} INFO - Setting next_dagrun for example_bash_decorator to None, run_after=None
[2025-09-21T04:56:07.052+0000] {processor.py:208} INFO - Processing /home/airflow/.local/lib/python3.12/site-packages/airflow/example_dags/example_bash_decorator.py took 0.085 seconds
[2025-09-21T04:56:37.276+0000] {processor.py:186} INFO - Started process (PID=1140) to work on /home/airflow/.local/lib/python3.12/site-packages/airflow/example_dags/example_bash_decorator.py
[2025-09-21T04:56:37.277+0000] {processor.py:914} INFO - Processing file /home/airflow/.local/lib/python3.12/site-packages/airflow/example_dags/example_bash_decorator.py for tasks to queue
[2025-09-21T04:56:37.279+0000] {logging_mixin.py:190} INFO - [2025-09-21T04:56:37.278+0000] {dagbag.py:588} INFO - Filling up the DagBag from /home/airflow/.local/lib/python3.12/site-packages/airflow/example_dags/example_bash_decorator.py
[2025-09-21T04:56:37.297+0000] {processor.py:925} INFO - DAG(s) 'example_bash_decorator' retrieved from /home/airflow/.local/lib/python3.12/site-packages/airflow/example_dags/example_bash_decorator.py
[2025-09-21T04:56:37.322+0000] {logging_mixin.py:190} INFO - [2025-09-21T04:56:37.322+0000] {dag.py:3239} INFO - Sync 1 DAGs
[2025-09-21T04:56:37.338+0000] {logging_mixin.py:190} INFO - [2025-09-21T04:56:37.338+0000] {dag.py:4180} INFO - Setting next_dagrun for example_bash_decorator to None, run_after=None
[2025-09-21T04:56:37.354+0000] {processor.py:208} INFO - Processing /home/airflow/.local/lib/python3.12/site-packages/airflow/example_dags/example_bash_decorator.py took 0.084 seconds
[2025-09-21T04:57:07.825+0000] {processor.py:186} INFO - Started process (PID=1202) to work on /home/airflow/.local/lib/python3.12/site-packages/airflow/example_dags/example_bash_decorator.py
[2025-09-21T04:57:07.826+0000] {processor.py:914} INFO - Processing file /home/airflow/.local/lib/python3.12/site-packages/airflow/example_dags/example_bash_decorator.py for tasks to queue
[2025-09-21T04:57:07.828+0000] {logging_mixin.py:190} INFO - [2025-09-21T04:57:07.828+0000] {dagbag.py:588} INFO - Filling up the DagBag from /home/airflow/.local/lib/python3.12/site-packages/airflow/example_dags/example_bash_decorator.py
[2025-09-21T04:57:07.849+0000] {processor.py:925} INFO - DAG(s) 'example_bash_decorator' retrieved from /home/airflow/.local/lib/python3.12/site-packages/airflow/example_dags/example_bash_decorator.py
[2025-09-21T04:57:07.876+0000] {logging_mixin.py:190} INFO - [2025-09-21T04:57:07.876+0000] {dag.py:3239} INFO - Sync 1 DAGs
[2025-09-21T04:57:07.894+0000] {logging_mixin.py:190} INFO - [2025-09-21T04:57:07.894+0000] {dag.py:4180} INFO - Setting next_dagrun for example_bash_decorator to None, run_after=None
[2025-09-21T04:57:07.911+0000] {processor.py:208} INFO - Processing /home/airflow/.local/lib/python3.12/site-packages/airflow/example_dags/example_bash_decorator.py took 0.092 seconds
[2025-09-21T04:57:38.318+0000] {processor.py:186} INFO - Started process (PID=1264) to work on /home/airflow/.local/lib/python3.12/site-packages/airflow/example_dags/example_bash_decorator.py
[2025-09-21T04:57:38.319+0000] {processor.py:914} INFO - Processing file /home/airflow/.local/lib/python3.12/site-packages/airflow/example_dags/example_bash_decorator.py for tasks to queue
[2025-09-21T04:57:38.321+0000] {logging_mixin.py:190} INFO - [2025-09-21T04:57:38.321+0000] {dagbag.py:588} INFO - Filling up the DagBag from /home/airflow/.local/lib/python3.12/site-packages/airflow/example_dags/example_bash_decorator.py
[2025-09-21T04:57:38.338+0000] {processor.py:925} INFO - DAG(s) 'example_bash_decorator' retrieved from /home/airflow/.local/lib/python3.12/site-packages/airflow/example_dags/example_bash_decorator.py
[2025-09-21T04:57:38.364+0000] {logging_mixin.py:190} INFO - [2025-09-21T04:57:38.364+0000] {dag.py:3239} INFO - Sync 1 DAGs
[2025-09-21T04:57:38.380+0000] {logging_mixin.py:190} INFO - [2025-09-21T04:57:38.380+0000] {dag.py:4180} INFO - Setting next_dagrun for example_bash_decorator to None, run_after=None
[2025-09-21T04:57:38.398+0000] {processor.py:208} INFO - Processing /home/airflow/.local/lib/python3.12/site-packages/airflow/example_dags/example_bash_decorator.py took 0.086 seconds
