[2025-09-21T04:48:22.134+0000] {processor.py:186} INFO - Started process (PID=122) to work on /home/airflow/.local/lib/python3.12/site-packages/airflow/example_dags/example_dynamic_task_mapping.py
[2025-09-21T04:48:22.137+0000] {processor.py:914} INFO - Processing file /home/airflow/.local/lib/python3.12/site-packages/airflow/example_dags/example_dynamic_task_mapping.py for tasks to queue
[2025-09-21T04:48:22.145+0000] {logging_mixin.py:190} INFO - [2025-09-21T04:48:22.142+0000] {dagbag.py:588} INFO - Filling up the DagBag from /home/airflow/.local/lib/python3.12/site-packages/airflow/example_dags/example_dynamic_task_mapping.py
[2025-09-21T04:48:22.173+0000] {processor.py:925} INFO - DAG(s) 'example_dynamic_task_mapping' retrieved from /home/airflow/.local/lib/python3.12/site-packages/airflow/example_dags/example_dynamic_task_mapping.py
[2025-09-21T04:48:22.650+0000] {logging_mixin.py:190} INFO - [2025-09-21T04:48:22.647+0000] {override.py:1911} INFO - Created Permission View: can delete on DAG:example_dynamic_task_mapping
[2025-09-21T04:48:22.676+0000] {logging_mixin.py:190} INFO - [2025-09-21T04:48:22.676+0000] {override.py:1911} INFO - Created Permission View: can read on DAG:example_dynamic_task_mapping
[2025-09-21T04:48:22.693+0000] {logging_mixin.py:190} INFO - [2025-09-21T04:48:22.692+0000] {override.py:1911} INFO - Created Permission View: can edit on DAG:example_dynamic_task_mapping
[2025-09-21T04:48:22.708+0000] {logging_mixin.py:190} INFO - [2025-09-21T04:48:22.708+0000] {override.py:1911} INFO - Created Permission View: can read on DAG Run:example_dynamic_task_mapping
[2025-09-21T04:48:22.722+0000] {logging_mixin.py:190} INFO - [2025-09-21T04:48:22.722+0000] {override.py:1911} INFO - Created Permission View: menu access on DAG Run:example_dynamic_task_mapping
[2025-09-21T04:48:22.739+0000] {logging_mixin.py:190} INFO - [2025-09-21T04:48:22.738+0000] {override.py:1911} INFO - Created Permission View: can delete on DAG Run:example_dynamic_task_mapping
[2025-09-21T04:48:22.755+0000] {logging_mixin.py:190} INFO - [2025-09-21T04:48:22.755+0000] {override.py:1911} INFO - Created Permission View: can create on DAG Run:example_dynamic_task_mapping
[2025-09-21T04:48:22.756+0000] {logging_mixin.py:190} INFO - [2025-09-21T04:48:22.755+0000] {dag.py:3239} INFO - Sync 1 DAGs
[2025-09-21T04:48:22.805+0000] {logging_mixin.py:190} INFO - [2025-09-21T04:48:22.804+0000] {dag.py:3262} INFO - Creating ORM DAG for example_dynamic_task_mapping
[2025-09-21T04:48:22.805+0000] {logging_mixin.py:190} INFO - [2025-09-21T04:48:22.805+0000] {dag.py:4180} INFO - Setting next_dagrun for example_dynamic_task_mapping to None, run_after=None
[2025-09-21T04:48:22.855+0000] {processor.py:208} INFO - Processing /home/airflow/.local/lib/python3.12/site-packages/airflow/example_dags/example_dynamic_task_mapping.py took 0.745 seconds
[2025-09-21T04:48:53.202+0000] {processor.py:186} INFO - Started process (PID=185) to work on /home/airflow/.local/lib/python3.12/site-packages/airflow/example_dags/example_dynamic_task_mapping.py
[2025-09-21T04:48:53.205+0000] {processor.py:914} INFO - Processing file /home/airflow/.local/lib/python3.12/site-packages/airflow/example_dags/example_dynamic_task_mapping.py for tasks to queue
[2025-09-21T04:48:53.208+0000] {logging_mixin.py:190} INFO - [2025-09-21T04:48:53.208+0000] {dagbag.py:588} INFO - Filling up the DagBag from /home/airflow/.local/lib/python3.12/site-packages/airflow/example_dags/example_dynamic_task_mapping.py
[2025-09-21T04:48:53.225+0000] {processor.py:925} INFO - DAG(s) 'example_dynamic_task_mapping' retrieved from /home/airflow/.local/lib/python3.12/site-packages/airflow/example_dags/example_dynamic_task_mapping.py
[2025-09-21T04:48:53.312+0000] {logging_mixin.py:190} INFO - [2025-09-21T04:48:53.311+0000] {dag.py:3239} INFO - Sync 1 DAGs
[2025-09-21T04:48:53.360+0000] {logging_mixin.py:190} INFO - [2025-09-21T04:48:53.359+0000] {dag.py:4180} INFO - Setting next_dagrun for example_dynamic_task_mapping to None, run_after=None
[2025-09-21T04:48:53.406+0000] {processor.py:208} INFO - Processing /home/airflow/.local/lib/python3.12/site-packages/airflow/example_dags/example_dynamic_task_mapping.py took 0.218 seconds
[2025-09-21T04:49:23.660+0000] {processor.py:186} INFO - Started process (PID=247) to work on /home/airflow/.local/lib/python3.12/site-packages/airflow/example_dags/example_dynamic_task_mapping.py
[2025-09-21T04:49:23.661+0000] {processor.py:914} INFO - Processing file /home/airflow/.local/lib/python3.12/site-packages/airflow/example_dags/example_dynamic_task_mapping.py for tasks to queue
[2025-09-21T04:49:23.663+0000] {logging_mixin.py:190} INFO - [2025-09-21T04:49:23.663+0000] {dagbag.py:588} INFO - Filling up the DagBag from /home/airflow/.local/lib/python3.12/site-packages/airflow/example_dags/example_dynamic_task_mapping.py
[2025-09-21T04:49:23.672+0000] {processor.py:925} INFO - DAG(s) 'example_dynamic_task_mapping' retrieved from /home/airflow/.local/lib/python3.12/site-packages/airflow/example_dags/example_dynamic_task_mapping.py
[2025-09-21T04:49:23.693+0000] {logging_mixin.py:190} INFO - [2025-09-21T04:49:23.693+0000] {dag.py:3239} INFO - Sync 1 DAGs
[2025-09-21T04:49:23.714+0000] {logging_mixin.py:190} INFO - [2025-09-21T04:49:23.712+0000] {dag.py:4180} INFO - Setting next_dagrun for example_dynamic_task_mapping to None, run_after=None
[2025-09-21T04:49:23.743+0000] {processor.py:208} INFO - Processing /home/airflow/.local/lib/python3.12/site-packages/airflow/example_dags/example_dynamic_task_mapping.py took 0.090 seconds
[2025-09-21T04:49:54.300+0000] {processor.py:186} INFO - Started process (PID=310) to work on /home/airflow/.local/lib/python3.12/site-packages/airflow/example_dags/example_dynamic_task_mapping.py
[2025-09-21T04:49:54.301+0000] {processor.py:914} INFO - Processing file /home/airflow/.local/lib/python3.12/site-packages/airflow/example_dags/example_dynamic_task_mapping.py for tasks to queue
[2025-09-21T04:49:54.303+0000] {logging_mixin.py:190} INFO - [2025-09-21T04:49:54.302+0000] {dagbag.py:588} INFO - Filling up the DagBag from /home/airflow/.local/lib/python3.12/site-packages/airflow/example_dags/example_dynamic_task_mapping.py
[2025-09-21T04:49:54.309+0000] {processor.py:925} INFO - DAG(s) 'example_dynamic_task_mapping' retrieved from /home/airflow/.local/lib/python3.12/site-packages/airflow/example_dags/example_dynamic_task_mapping.py
[2025-09-21T04:49:54.324+0000] {logging_mixin.py:190} INFO - [2025-09-21T04:49:54.324+0000] {dag.py:3239} INFO - Sync 1 DAGs
[2025-09-21T04:49:54.335+0000] {logging_mixin.py:190} INFO - [2025-09-21T04:49:54.335+0000] {dag.py:4180} INFO - Setting next_dagrun for example_dynamic_task_mapping to None, run_after=None
[2025-09-21T04:49:54.349+0000] {processor.py:208} INFO - Processing /home/airflow/.local/lib/python3.12/site-packages/airflow/example_dags/example_dynamic_task_mapping.py took 0.053 seconds
[2025-09-21T04:50:24.694+0000] {processor.py:186} INFO - Started process (PID=373) to work on /home/airflow/.local/lib/python3.12/site-packages/airflow/example_dags/example_dynamic_task_mapping.py
[2025-09-21T04:50:24.695+0000] {processor.py:914} INFO - Processing file /home/airflow/.local/lib/python3.12/site-packages/airflow/example_dags/example_dynamic_task_mapping.py for tasks to queue
[2025-09-21T04:50:24.697+0000] {logging_mixin.py:190} INFO - [2025-09-21T04:50:24.696+0000] {dagbag.py:588} INFO - Filling up the DagBag from /home/airflow/.local/lib/python3.12/site-packages/airflow/example_dags/example_dynamic_task_mapping.py
[2025-09-21T04:50:24.703+0000] {processor.py:925} INFO - DAG(s) 'example_dynamic_task_mapping' retrieved from /home/airflow/.local/lib/python3.12/site-packages/airflow/example_dags/example_dynamic_task_mapping.py
[2025-09-21T04:50:24.723+0000] {logging_mixin.py:190} INFO - [2025-09-21T04:50:24.723+0000] {dag.py:3239} INFO - Sync 1 DAGs
[2025-09-21T04:50:24.736+0000] {logging_mixin.py:190} INFO - [2025-09-21T04:50:24.736+0000] {dag.py:4180} INFO - Setting next_dagrun for example_dynamic_task_mapping to None, run_after=None
[2025-09-21T04:50:24.749+0000] {processor.py:208} INFO - Processing /home/airflow/.local/lib/python3.12/site-packages/airflow/example_dags/example_dynamic_task_mapping.py took 0.059 seconds
[2025-09-21T04:50:55.624+0000] {processor.py:186} INFO - Started process (PID=435) to work on /home/airflow/.local/lib/python3.12/site-packages/airflow/example_dags/example_dynamic_task_mapping.py
[2025-09-21T04:50:55.624+0000] {processor.py:914} INFO - Processing file /home/airflow/.local/lib/python3.12/site-packages/airflow/example_dags/example_dynamic_task_mapping.py for tasks to queue
[2025-09-21T04:50:55.626+0000] {logging_mixin.py:190} INFO - [2025-09-21T04:50:55.626+0000] {dagbag.py:588} INFO - Filling up the DagBag from /home/airflow/.local/lib/python3.12/site-packages/airflow/example_dags/example_dynamic_task_mapping.py
[2025-09-21T04:50:55.632+0000] {processor.py:925} INFO - DAG(s) 'example_dynamic_task_mapping' retrieved from /home/airflow/.local/lib/python3.12/site-packages/airflow/example_dags/example_dynamic_task_mapping.py
[2025-09-21T04:50:55.648+0000] {logging_mixin.py:190} INFO - [2025-09-21T04:50:55.647+0000] {dag.py:3239} INFO - Sync 1 DAGs
[2025-09-21T04:50:55.659+0000] {logging_mixin.py:190} INFO - [2025-09-21T04:50:55.659+0000] {dag.py:4180} INFO - Setting next_dagrun for example_dynamic_task_mapping to None, run_after=None
[2025-09-21T04:50:55.676+0000] {processor.py:208} INFO - Processing /home/airflow/.local/lib/python3.12/site-packages/airflow/example_dags/example_dynamic_task_mapping.py took 0.058 seconds
[2025-09-21T04:51:25.982+0000] {processor.py:186} INFO - Started process (PID=497) to work on /home/airflow/.local/lib/python3.12/site-packages/airflow/example_dags/example_dynamic_task_mapping.py
[2025-09-21T04:51:25.982+0000] {processor.py:914} INFO - Processing file /home/airflow/.local/lib/python3.12/site-packages/airflow/example_dags/example_dynamic_task_mapping.py for tasks to queue
[2025-09-21T04:51:25.984+0000] {logging_mixin.py:190} INFO - [2025-09-21T04:51:25.984+0000] {dagbag.py:588} INFO - Filling up the DagBag from /home/airflow/.local/lib/python3.12/site-packages/airflow/example_dags/example_dynamic_task_mapping.py
[2025-09-21T04:51:25.990+0000] {processor.py:925} INFO - DAG(s) 'example_dynamic_task_mapping' retrieved from /home/airflow/.local/lib/python3.12/site-packages/airflow/example_dags/example_dynamic_task_mapping.py
[2025-09-21T04:51:26.005+0000] {logging_mixin.py:190} INFO - [2025-09-21T04:51:26.005+0000] {dag.py:3239} INFO - Sync 1 DAGs
[2025-09-21T04:51:26.017+0000] {logging_mixin.py:190} INFO - [2025-09-21T04:51:26.016+0000] {dag.py:4180} INFO - Setting next_dagrun for example_dynamic_task_mapping to None, run_after=None
[2025-09-21T04:51:26.029+0000] {processor.py:208} INFO - Processing /home/airflow/.local/lib/python3.12/site-packages/airflow/example_dags/example_dynamic_task_mapping.py took 0.052 seconds
[2025-09-21T04:51:56.144+0000] {processor.py:186} INFO - Started process (PID=561) to work on /home/airflow/.local/lib/python3.12/site-packages/airflow/example_dags/example_dynamic_task_mapping.py
[2025-09-21T04:51:56.144+0000] {processor.py:914} INFO - Processing file /home/airflow/.local/lib/python3.12/site-packages/airflow/example_dags/example_dynamic_task_mapping.py for tasks to queue
[2025-09-21T04:51:56.146+0000] {logging_mixin.py:190} INFO - [2025-09-21T04:51:56.146+0000] {dagbag.py:588} INFO - Filling up the DagBag from /home/airflow/.local/lib/python3.12/site-packages/airflow/example_dags/example_dynamic_task_mapping.py
[2025-09-21T04:51:56.154+0000] {processor.py:925} INFO - DAG(s) 'example_dynamic_task_mapping' retrieved from /home/airflow/.local/lib/python3.12/site-packages/airflow/example_dags/example_dynamic_task_mapping.py
[2025-09-21T04:51:56.175+0000] {logging_mixin.py:190} INFO - [2025-09-21T04:51:56.174+0000] {dag.py:3239} INFO - Sync 1 DAGs
[2025-09-21T04:51:56.189+0000] {logging_mixin.py:190} INFO - [2025-09-21T04:51:56.189+0000] {dag.py:4180} INFO - Setting next_dagrun for example_dynamic_task_mapping to None, run_after=None
[2025-09-21T04:51:56.205+0000] {processor.py:208} INFO - Processing /home/airflow/.local/lib/python3.12/site-packages/airflow/example_dags/example_dynamic_task_mapping.py took 0.068 seconds
[2025-09-21T04:52:28.016+0000] {processor.py:186} INFO - Started process (PID=624) to work on /home/airflow/.local/lib/python3.12/site-packages/airflow/example_dags/example_dynamic_task_mapping.py
[2025-09-21T04:52:28.019+0000] {processor.py:914} INFO - Processing file /home/airflow/.local/lib/python3.12/site-packages/airflow/example_dags/example_dynamic_task_mapping.py for tasks to queue
[2025-09-21T04:52:28.022+0000] {logging_mixin.py:190} INFO - [2025-09-21T04:52:28.021+0000] {dagbag.py:588} INFO - Filling up the DagBag from /home/airflow/.local/lib/python3.12/site-packages/airflow/example_dags/example_dynamic_task_mapping.py
[2025-09-21T04:52:28.056+0000] {processor.py:925} INFO - DAG(s) 'example_dynamic_task_mapping' retrieved from /home/airflow/.local/lib/python3.12/site-packages/airflow/example_dags/example_dynamic_task_mapping.py
[2025-09-21T04:52:28.118+0000] {logging_mixin.py:190} INFO - [2025-09-21T04:52:28.118+0000] {dag.py:3239} INFO - Sync 1 DAGs
[2025-09-21T04:52:28.173+0000] {logging_mixin.py:190} INFO - [2025-09-21T04:52:28.173+0000] {dag.py:4180} INFO - Setting next_dagrun for example_dynamic_task_mapping to None, run_after=None
[2025-09-21T04:52:28.255+0000] {processor.py:208} INFO - Processing /home/airflow/.local/lib/python3.12/site-packages/airflow/example_dags/example_dynamic_task_mapping.py took 0.254 seconds
[2025-09-21T04:52:59.163+0000] {processor.py:186} INFO - Started process (PID=687) to work on /home/airflow/.local/lib/python3.12/site-packages/airflow/example_dags/example_dynamic_task_mapping.py
[2025-09-21T04:52:59.166+0000] {processor.py:914} INFO - Processing file /home/airflow/.local/lib/python3.12/site-packages/airflow/example_dags/example_dynamic_task_mapping.py for tasks to queue
[2025-09-21T04:52:59.171+0000] {logging_mixin.py:190} INFO - [2025-09-21T04:52:59.171+0000] {dagbag.py:588} INFO - Filling up the DagBag from /home/airflow/.local/lib/python3.12/site-packages/airflow/example_dags/example_dynamic_task_mapping.py
[2025-09-21T04:52:59.198+0000] {processor.py:925} INFO - DAG(s) 'example_dynamic_task_mapping' retrieved from /home/airflow/.local/lib/python3.12/site-packages/airflow/example_dags/example_dynamic_task_mapping.py
[2025-09-21T04:52:59.245+0000] {logging_mixin.py:190} INFO - [2025-09-21T04:52:59.245+0000] {dag.py:3239} INFO - Sync 1 DAGs
[2025-09-21T04:52:59.279+0000] {logging_mixin.py:190} INFO - [2025-09-21T04:52:59.279+0000] {dag.py:4180} INFO - Setting next_dagrun for example_dynamic_task_mapping to None, run_after=None
[2025-09-21T04:52:59.326+0000] {processor.py:208} INFO - Processing /home/airflow/.local/lib/python3.12/site-packages/airflow/example_dags/example_dynamic_task_mapping.py took 0.177 seconds
[2025-09-21T04:53:29.498+0000] {processor.py:186} INFO - Started process (PID=749) to work on /home/airflow/.local/lib/python3.12/site-packages/airflow/example_dags/example_dynamic_task_mapping.py
[2025-09-21T04:53:29.498+0000] {processor.py:914} INFO - Processing file /home/airflow/.local/lib/python3.12/site-packages/airflow/example_dags/example_dynamic_task_mapping.py for tasks to queue
[2025-09-21T04:53:29.501+0000] {logging_mixin.py:190} INFO - [2025-09-21T04:53:29.501+0000] {dagbag.py:588} INFO - Filling up the DagBag from /home/airflow/.local/lib/python3.12/site-packages/airflow/example_dags/example_dynamic_task_mapping.py
[2025-09-21T04:53:29.513+0000] {processor.py:925} INFO - DAG(s) 'example_dynamic_task_mapping' retrieved from /home/airflow/.local/lib/python3.12/site-packages/airflow/example_dags/example_dynamic_task_mapping.py
[2025-09-21T04:53:29.540+0000] {logging_mixin.py:190} INFO - [2025-09-21T04:53:29.539+0000] {dag.py:3239} INFO - Sync 1 DAGs
[2025-09-21T04:53:29.556+0000] {logging_mixin.py:190} INFO - [2025-09-21T04:53:29.556+0000] {dag.py:4180} INFO - Setting next_dagrun for example_dynamic_task_mapping to None, run_after=None
[2025-09-21T04:53:29.573+0000] {processor.py:208} INFO - Processing /home/airflow/.local/lib/python3.12/site-packages/airflow/example_dags/example_dynamic_task_mapping.py took 0.082 seconds
[2025-09-21T04:53:59.686+0000] {processor.py:186} INFO - Started process (PID=811) to work on /home/airflow/.local/lib/python3.12/site-packages/airflow/example_dags/example_dynamic_task_mapping.py
[2025-09-21T04:53:59.686+0000] {processor.py:914} INFO - Processing file /home/airflow/.local/lib/python3.12/site-packages/airflow/example_dags/example_dynamic_task_mapping.py for tasks to queue
[2025-09-21T04:53:59.688+0000] {logging_mixin.py:190} INFO - [2025-09-21T04:53:59.688+0000] {dagbag.py:588} INFO - Filling up the DagBag from /home/airflow/.local/lib/python3.12/site-packages/airflow/example_dags/example_dynamic_task_mapping.py
[2025-09-21T04:53:59.695+0000] {processor.py:925} INFO - DAG(s) 'example_dynamic_task_mapping' retrieved from /home/airflow/.local/lib/python3.12/site-packages/airflow/example_dags/example_dynamic_task_mapping.py
[2025-09-21T04:53:59.710+0000] {logging_mixin.py:190} INFO - [2025-09-21T04:53:59.709+0000] {dag.py:3239} INFO - Sync 1 DAGs
[2025-09-21T04:53:59.721+0000] {logging_mixin.py:190} INFO - [2025-09-21T04:53:59.721+0000] {dag.py:4180} INFO - Setting next_dagrun for example_dynamic_task_mapping to None, run_after=None
[2025-09-21T04:53:59.733+0000] {processor.py:208} INFO - Processing /home/airflow/.local/lib/python3.12/site-packages/airflow/example_dags/example_dynamic_task_mapping.py took 0.052 seconds
[2025-09-21T04:54:30.232+0000] {processor.py:186} INFO - Started process (PID=874) to work on /home/airflow/.local/lib/python3.12/site-packages/airflow/example_dags/example_dynamic_task_mapping.py
[2025-09-21T04:54:30.233+0000] {processor.py:914} INFO - Processing file /home/airflow/.local/lib/python3.12/site-packages/airflow/example_dags/example_dynamic_task_mapping.py for tasks to queue
[2025-09-21T04:54:30.235+0000] {logging_mixin.py:190} INFO - [2025-09-21T04:54:30.234+0000] {dagbag.py:588} INFO - Filling up the DagBag from /home/airflow/.local/lib/python3.12/site-packages/airflow/example_dags/example_dynamic_task_mapping.py
[2025-09-21T04:54:30.241+0000] {processor.py:925} INFO - DAG(s) 'example_dynamic_task_mapping' retrieved from /home/airflow/.local/lib/python3.12/site-packages/airflow/example_dags/example_dynamic_task_mapping.py
[2025-09-21T04:54:30.256+0000] {logging_mixin.py:190} INFO - [2025-09-21T04:54:30.256+0000] {dag.py:3239} INFO - Sync 1 DAGs
[2025-09-21T04:54:30.267+0000] {logging_mixin.py:190} INFO - [2025-09-21T04:54:30.267+0000] {dag.py:4180} INFO - Setting next_dagrun for example_dynamic_task_mapping to None, run_after=None
[2025-09-21T04:54:30.282+0000] {processor.py:208} INFO - Processing /home/airflow/.local/lib/python3.12/site-packages/airflow/example_dags/example_dynamic_task_mapping.py took 0.054 seconds
[2025-09-21T04:55:00.697+0000] {processor.py:186} INFO - Started process (PID=937) to work on /home/airflow/.local/lib/python3.12/site-packages/airflow/example_dags/example_dynamic_task_mapping.py
[2025-09-21T04:55:00.698+0000] {processor.py:914} INFO - Processing file /home/airflow/.local/lib/python3.12/site-packages/airflow/example_dags/example_dynamic_task_mapping.py for tasks to queue
[2025-09-21T04:55:00.700+0000] {logging_mixin.py:190} INFO - [2025-09-21T04:55:00.700+0000] {dagbag.py:588} INFO - Filling up the DagBag from /home/airflow/.local/lib/python3.12/site-packages/airflow/example_dags/example_dynamic_task_mapping.py
[2025-09-21T04:55:00.706+0000] {processor.py:925} INFO - DAG(s) 'example_dynamic_task_mapping' retrieved from /home/airflow/.local/lib/python3.12/site-packages/airflow/example_dags/example_dynamic_task_mapping.py
[2025-09-21T04:55:00.721+0000] {logging_mixin.py:190} INFO - [2025-09-21T04:55:00.721+0000] {dag.py:3239} INFO - Sync 1 DAGs
[2025-09-21T04:55:00.732+0000] {logging_mixin.py:190} INFO - [2025-09-21T04:55:00.732+0000] {dag.py:4180} INFO - Setting next_dagrun for example_dynamic_task_mapping to None, run_after=None
[2025-09-21T04:55:00.745+0000] {processor.py:208} INFO - Processing /home/airflow/.local/lib/python3.12/site-packages/airflow/example_dags/example_dynamic_task_mapping.py took 0.052 seconds
[2025-09-21T04:55:31.135+0000] {processor.py:186} INFO - Started process (PID=1000) to work on /home/airflow/.local/lib/python3.12/site-packages/airflow/example_dags/example_dynamic_task_mapping.py
[2025-09-21T04:55:31.136+0000] {processor.py:914} INFO - Processing file /home/airflow/.local/lib/python3.12/site-packages/airflow/example_dags/example_dynamic_task_mapping.py for tasks to queue
[2025-09-21T04:55:31.138+0000] {logging_mixin.py:190} INFO - [2025-09-21T04:55:31.138+0000] {dagbag.py:588} INFO - Filling up the DagBag from /home/airflow/.local/lib/python3.12/site-packages/airflow/example_dags/example_dynamic_task_mapping.py
[2025-09-21T04:55:31.144+0000] {processor.py:925} INFO - DAG(s) 'example_dynamic_task_mapping' retrieved from /home/airflow/.local/lib/python3.12/site-packages/airflow/example_dags/example_dynamic_task_mapping.py
[2025-09-21T04:55:31.159+0000] {logging_mixin.py:190} INFO - [2025-09-21T04:55:31.159+0000] {dag.py:3239} INFO - Sync 1 DAGs
[2025-09-21T04:55:31.171+0000] {logging_mixin.py:190} INFO - [2025-09-21T04:55:31.171+0000] {dag.py:4180} INFO - Setting next_dagrun for example_dynamic_task_mapping to None, run_after=None
[2025-09-21T04:55:31.184+0000] {processor.py:208} INFO - Processing /home/airflow/.local/lib/python3.12/site-packages/airflow/example_dags/example_dynamic_task_mapping.py took 0.053 seconds
[2025-09-21T04:56:01.262+0000] {processor.py:186} INFO - Started process (PID=1063) to work on /home/airflow/.local/lib/python3.12/site-packages/airflow/example_dags/example_dynamic_task_mapping.py
[2025-09-21T04:56:01.263+0000] {processor.py:914} INFO - Processing file /home/airflow/.local/lib/python3.12/site-packages/airflow/example_dags/example_dynamic_task_mapping.py for tasks to queue
[2025-09-21T04:56:01.265+0000] {logging_mixin.py:190} INFO - [2025-09-21T04:56:01.265+0000] {dagbag.py:588} INFO - Filling up the DagBag from /home/airflow/.local/lib/python3.12/site-packages/airflow/example_dags/example_dynamic_task_mapping.py
[2025-09-21T04:56:01.271+0000] {processor.py:925} INFO - DAG(s) 'example_dynamic_task_mapping' retrieved from /home/airflow/.local/lib/python3.12/site-packages/airflow/example_dags/example_dynamic_task_mapping.py
[2025-09-21T04:56:01.287+0000] {logging_mixin.py:190} INFO - [2025-09-21T04:56:01.287+0000] {dag.py:3239} INFO - Sync 1 DAGs
[2025-09-21T04:56:01.299+0000] {logging_mixin.py:190} INFO - [2025-09-21T04:56:01.299+0000] {dag.py:4180} INFO - Setting next_dagrun for example_dynamic_task_mapping to None, run_after=None
[2025-09-21T04:56:01.313+0000] {processor.py:208} INFO - Processing /home/airflow/.local/lib/python3.12/site-packages/airflow/example_dags/example_dynamic_task_mapping.py took 0.055 seconds
[2025-09-21T04:56:31.724+0000] {processor.py:186} INFO - Started process (PID=1126) to work on /home/airflow/.local/lib/python3.12/site-packages/airflow/example_dags/example_dynamic_task_mapping.py
[2025-09-21T04:56:31.725+0000] {processor.py:914} INFO - Processing file /home/airflow/.local/lib/python3.12/site-packages/airflow/example_dags/example_dynamic_task_mapping.py for tasks to queue
[2025-09-21T04:56:31.727+0000] {logging_mixin.py:190} INFO - [2025-09-21T04:56:31.727+0000] {dagbag.py:588} INFO - Filling up the DagBag from /home/airflow/.local/lib/python3.12/site-packages/airflow/example_dags/example_dynamic_task_mapping.py
[2025-09-21T04:56:31.733+0000] {processor.py:925} INFO - DAG(s) 'example_dynamic_task_mapping' retrieved from /home/airflow/.local/lib/python3.12/site-packages/airflow/example_dags/example_dynamic_task_mapping.py
[2025-09-21T04:56:31.754+0000] {logging_mixin.py:190} INFO - [2025-09-21T04:56:31.752+0000] {dag.py:3239} INFO - Sync 1 DAGs
[2025-09-21T04:56:31.774+0000] {logging_mixin.py:190} INFO - [2025-09-21T04:56:31.774+0000] {dag.py:4180} INFO - Setting next_dagrun for example_dynamic_task_mapping to None, run_after=None
[2025-09-21T04:56:31.787+0000] {processor.py:208} INFO - Processing /home/airflow/.local/lib/python3.12/site-packages/airflow/example_dags/example_dynamic_task_mapping.py took 0.068 seconds
[2025-09-21T04:57:02.476+0000] {processor.py:186} INFO - Started process (PID=1189) to work on /home/airflow/.local/lib/python3.12/site-packages/airflow/example_dags/example_dynamic_task_mapping.py
[2025-09-21T04:57:02.477+0000] {processor.py:914} INFO - Processing file /home/airflow/.local/lib/python3.12/site-packages/airflow/example_dags/example_dynamic_task_mapping.py for tasks to queue
[2025-09-21T04:57:02.479+0000] {logging_mixin.py:190} INFO - [2025-09-21T04:57:02.478+0000] {dagbag.py:588} INFO - Filling up the DagBag from /home/airflow/.local/lib/python3.12/site-packages/airflow/example_dags/example_dynamic_task_mapping.py
[2025-09-21T04:57:02.485+0000] {processor.py:925} INFO - DAG(s) 'example_dynamic_task_mapping' retrieved from /home/airflow/.local/lib/python3.12/site-packages/airflow/example_dags/example_dynamic_task_mapping.py
[2025-09-21T04:57:02.500+0000] {logging_mixin.py:190} INFO - [2025-09-21T04:57:02.500+0000] {dag.py:3239} INFO - Sync 1 DAGs
[2025-09-21T04:57:02.511+0000] {logging_mixin.py:190} INFO - [2025-09-21T04:57:02.511+0000] {dag.py:4180} INFO - Setting next_dagrun for example_dynamic_task_mapping to None, run_after=None
[2025-09-21T04:57:02.524+0000] {processor.py:208} INFO - Processing /home/airflow/.local/lib/python3.12/site-packages/airflow/example_dags/example_dynamic_task_mapping.py took 0.052 seconds
[2025-09-21T04:57:32.823+0000] {processor.py:186} INFO - Started process (PID=1252) to work on /home/airflow/.local/lib/python3.12/site-packages/airflow/example_dags/example_dynamic_task_mapping.py
[2025-09-21T04:57:32.824+0000] {processor.py:914} INFO - Processing file /home/airflow/.local/lib/python3.12/site-packages/airflow/example_dags/example_dynamic_task_mapping.py for tasks to queue
[2025-09-21T04:57:32.827+0000] {logging_mixin.py:190} INFO - [2025-09-21T04:57:32.827+0000] {dagbag.py:588} INFO - Filling up the DagBag from /home/airflow/.local/lib/python3.12/site-packages/airflow/example_dags/example_dynamic_task_mapping.py
[2025-09-21T04:57:32.836+0000] {processor.py:925} INFO - DAG(s) 'example_dynamic_task_mapping' retrieved from /home/airflow/.local/lib/python3.12/site-packages/airflow/example_dags/example_dynamic_task_mapping.py
[2025-09-21T04:57:32.858+0000] {logging_mixin.py:190} INFO - [2025-09-21T04:57:32.858+0000] {dag.py:3239} INFO - Sync 1 DAGs
[2025-09-21T04:57:32.874+0000] {logging_mixin.py:190} INFO - [2025-09-21T04:57:32.874+0000] {dag.py:4180} INFO - Setting next_dagrun for example_dynamic_task_mapping to None, run_after=None
[2025-09-21T04:57:32.892+0000] {processor.py:208} INFO - Processing /home/airflow/.local/lib/python3.12/site-packages/airflow/example_dags/example_dynamic_task_mapping.py took 0.075 seconds
