[2025-09-21T04:48:03.284+0000] {processor.py:186} INFO - Started process (PID=102) to work on /home/airflow/.local/lib/python3.12/site-packages/airflow/example_dags/example_sla_dag.py
[2025-09-21T04:48:03.285+0000] {processor.py:914} INFO - Processing file /home/airflow/.local/lib/python3.12/site-packages/airflow/example_dags/example_sla_dag.py for tasks to queue
[2025-09-21T04:48:03.308+0000] {logging_mixin.py:190} INFO - [2025-09-21T04:48:03.298+0000] {dagbag.py:588} INFO - Filling up the DagBag from /home/airflow/.local/lib/python3.12/site-packages/airflow/example_dags/example_sla_dag.py
[2025-09-21T04:48:03.402+0000] {processor.py:925} INFO - DAG(s) 'example_sla_dag' retrieved from /home/airflow/.local/lib/python3.12/site-packages/airflow/example_dags/example_sla_dag.py
[2025-09-21T04:48:03.629+0000] {logging_mixin.py:190} INFO - [2025-09-21T04:48:03.628+0000] {override.py:1911} INFO - Created Permission View: can delete on DAG:example_sla_dag
[2025-09-21T04:48:03.690+0000] {logging_mixin.py:190} INFO - [2025-09-21T04:48:03.690+0000] {override.py:1911} INFO - Created Permission View: can read on DAG:example_sla_dag
[2025-09-21T04:48:03.708+0000] {logging_mixin.py:190} INFO - [2025-09-21T04:48:03.707+0000] {override.py:1911} INFO - Created Permission View: can edit on DAG:example_sla_dag
[2025-09-21T04:48:03.732+0000] {logging_mixin.py:190} INFO - [2025-09-21T04:48:03.732+0000] {override.py:1911} INFO - Created Permission View: can read on DAG Run:example_sla_dag
[2025-09-21T04:48:03.752+0000] {logging_mixin.py:190} INFO - [2025-09-21T04:48:03.752+0000] {override.py:1911} INFO - Created Permission View: menu access on DAG Run:example_sla_dag
[2025-09-21T04:48:03.771+0000] {logging_mixin.py:190} INFO - [2025-09-21T04:48:03.771+0000] {override.py:1911} INFO - Created Permission View: can delete on DAG Run:example_sla_dag
[2025-09-21T04:48:03.784+0000] {logging_mixin.py:190} INFO - [2025-09-21T04:48:03.784+0000] {override.py:1911} INFO - Created Permission View: can create on DAG Run:example_sla_dag
[2025-09-21T04:48:03.787+0000] {logging_mixin.py:190} INFO - [2025-09-21T04:48:03.786+0000] {dag.py:3239} INFO - Sync 1 DAGs
[2025-09-21T04:48:03.816+0000] {logging_mixin.py:190} INFO - [2025-09-21T04:48:03.816+0000] {dag.py:3262} INFO - Creating ORM DAG for example_sla_dag
[2025-09-21T04:48:03.863+0000] {logging_mixin.py:190} INFO - [2025-09-21T04:48:03.863+0000] {dag.py:4180} INFO - Setting next_dagrun for example_sla_dag to 2025-09-21 04:46:00+00:00, run_after=2025-09-21 04:48:00+00:00
[2025-09-21T04:48:03.906+0000] {processor.py:208} INFO - Processing /home/airflow/.local/lib/python3.12/site-packages/airflow/example_dags/example_sla_dag.py took 0.680 seconds
[2025-09-21T04:48:34.676+0000] {processor.py:186} INFO - Started process (PID=165) to work on /home/airflow/.local/lib/python3.12/site-packages/airflow/example_dags/example_sla_dag.py
[2025-09-21T04:48:34.677+0000] {processor.py:914} INFO - Processing file /home/airflow/.local/lib/python3.12/site-packages/airflow/example_dags/example_sla_dag.py for tasks to queue
[2025-09-21T04:48:34.679+0000] {logging_mixin.py:190} INFO - [2025-09-21T04:48:34.679+0000] {dagbag.py:588} INFO - Filling up the DagBag from /home/airflow/.local/lib/python3.12/site-packages/airflow/example_dags/example_sla_dag.py
[2025-09-21T04:48:34.690+0000] {processor.py:925} INFO - DAG(s) 'example_sla_dag' retrieved from /home/airflow/.local/lib/python3.12/site-packages/airflow/example_dags/example_sla_dag.py
[2025-09-21T04:48:34.709+0000] {logging_mixin.py:190} INFO - [2025-09-21T04:48:34.708+0000] {dag.py:3239} INFO - Sync 1 DAGs
[2025-09-21T04:48:34.738+0000] {logging_mixin.py:190} INFO - [2025-09-21T04:48:34.737+0000] {dag.py:4180} INFO - Setting next_dagrun for example_sla_dag to 2025-09-21 04:46:00+00:00, run_after=2025-09-21 04:48:00+00:00
[2025-09-21T04:48:34.758+0000] {processor.py:208} INFO - Processing /home/airflow/.local/lib/python3.12/site-packages/airflow/example_dags/example_sla_dag.py took 0.088 seconds
[2025-09-21T04:49:05.004+0000] {processor.py:186} INFO - Started process (PID=228) to work on /home/airflow/.local/lib/python3.12/site-packages/airflow/example_dags/example_sla_dag.py
[2025-09-21T04:49:05.005+0000] {processor.py:914} INFO - Processing file /home/airflow/.local/lib/python3.12/site-packages/airflow/example_dags/example_sla_dag.py for tasks to queue
[2025-09-21T04:49:05.007+0000] {logging_mixin.py:190} INFO - [2025-09-21T04:49:05.007+0000] {dagbag.py:588} INFO - Filling up the DagBag from /home/airflow/.local/lib/python3.12/site-packages/airflow/example_dags/example_sla_dag.py
[2025-09-21T04:49:05.019+0000] {processor.py:925} INFO - DAG(s) 'example_sla_dag' retrieved from /home/airflow/.local/lib/python3.12/site-packages/airflow/example_dags/example_sla_dag.py
[2025-09-21T04:49:05.039+0000] {logging_mixin.py:190} INFO - [2025-09-21T04:49:05.038+0000] {dag.py:3239} INFO - Sync 1 DAGs
[2025-09-21T04:49:05.067+0000] {logging_mixin.py:190} INFO - [2025-09-21T04:49:05.067+0000] {dag.py:4180} INFO - Setting next_dagrun for example_sla_dag to 2025-09-21 04:46:00+00:00, run_after=2025-09-21 04:48:00+00:00
[2025-09-21T04:49:05.084+0000] {processor.py:208} INFO - Processing /home/airflow/.local/lib/python3.12/site-packages/airflow/example_dags/example_sla_dag.py took 0.087 seconds
[2025-09-21T04:49:35.923+0000] {processor.py:186} INFO - Started process (PID=291) to work on /home/airflow/.local/lib/python3.12/site-packages/airflow/example_dags/example_sla_dag.py
[2025-09-21T04:49:35.923+0000] {processor.py:914} INFO - Processing file /home/airflow/.local/lib/python3.12/site-packages/airflow/example_dags/example_sla_dag.py for tasks to queue
[2025-09-21T04:49:35.926+0000] {logging_mixin.py:190} INFO - [2025-09-21T04:49:35.925+0000] {dagbag.py:588} INFO - Filling up the DagBag from /home/airflow/.local/lib/python3.12/site-packages/airflow/example_dags/example_sla_dag.py
[2025-09-21T04:49:35.937+0000] {processor.py:925} INFO - DAG(s) 'example_sla_dag' retrieved from /home/airflow/.local/lib/python3.12/site-packages/airflow/example_dags/example_sla_dag.py
[2025-09-21T04:49:35.958+0000] {logging_mixin.py:190} INFO - [2025-09-21T04:49:35.958+0000] {dag.py:3239} INFO - Sync 1 DAGs
[2025-09-21T04:49:35.988+0000] {logging_mixin.py:190} INFO - [2025-09-21T04:49:35.988+0000] {dag.py:4180} INFO - Setting next_dagrun for example_sla_dag to 2025-09-21 04:46:00+00:00, run_after=2025-09-21 04:48:00+00:00
[2025-09-21T04:49:36.005+0000] {processor.py:208} INFO - Processing /home/airflow/.local/lib/python3.12/site-packages/airflow/example_dags/example_sla_dag.py took 0.089 seconds
[2025-09-21T04:50:07.934+0000] {processor.py:186} INFO - Started process (PID=354) to work on /home/airflow/.local/lib/python3.12/site-packages/airflow/example_dags/example_sla_dag.py
[2025-09-21T04:50:07.938+0000] {processor.py:914} INFO - Processing file /home/airflow/.local/lib/python3.12/site-packages/airflow/example_dags/example_sla_dag.py for tasks to queue
[2025-09-21T04:50:07.941+0000] {logging_mixin.py:190} INFO - [2025-09-21T04:50:07.941+0000] {dagbag.py:588} INFO - Filling up the DagBag from /home/airflow/.local/lib/python3.12/site-packages/airflow/example_dags/example_sla_dag.py
[2025-09-21T04:50:07.969+0000] {processor.py:925} INFO - DAG(s) 'example_sla_dag' retrieved from /home/airflow/.local/lib/python3.12/site-packages/airflow/example_dags/example_sla_dag.py
[2025-09-21T04:50:08.051+0000] {logging_mixin.py:190} INFO - [2025-09-21T04:50:08.050+0000] {dag.py:3239} INFO - Sync 1 DAGs
[2025-09-21T04:50:08.217+0000] {logging_mixin.py:190} INFO - [2025-09-21T04:50:08.216+0000] {dag.py:4180} INFO - Setting next_dagrun for example_sla_dag to 2025-09-21 04:48:00+00:00, run_after=2025-09-21 04:50:00+00:00
[2025-09-21T04:50:08.301+0000] {processor.py:208} INFO - Processing /home/airflow/.local/lib/python3.12/site-packages/airflow/example_dags/example_sla_dag.py took 0.379 seconds
[2025-09-21T04:50:38.852+0000] {processor.py:186} INFO - Started process (PID=416) to work on /home/airflow/.local/lib/python3.12/site-packages/airflow/example_dags/example_sla_dag.py
[2025-09-21T04:50:38.853+0000] {processor.py:914} INFO - Processing file /home/airflow/.local/lib/python3.12/site-packages/airflow/example_dags/example_sla_dag.py for tasks to queue
[2025-09-21T04:50:38.855+0000] {logging_mixin.py:190} INFO - [2025-09-21T04:50:38.855+0000] {dagbag.py:588} INFO - Filling up the DagBag from /home/airflow/.local/lib/python3.12/site-packages/airflow/example_dags/example_sla_dag.py
[2025-09-21T04:50:38.866+0000] {processor.py:925} INFO - DAG(s) 'example_sla_dag' retrieved from /home/airflow/.local/lib/python3.12/site-packages/airflow/example_dags/example_sla_dag.py
[2025-09-21T04:50:38.887+0000] {logging_mixin.py:190} INFO - [2025-09-21T04:50:38.887+0000] {dag.py:3239} INFO - Sync 1 DAGs
[2025-09-21T04:50:38.917+0000] {logging_mixin.py:190} INFO - [2025-09-21T04:50:38.917+0000] {dag.py:4180} INFO - Setting next_dagrun for example_sla_dag to 2025-09-21 04:48:00+00:00, run_after=2025-09-21 04:50:00+00:00
[2025-09-21T04:50:38.935+0000] {processor.py:208} INFO - Processing /home/airflow/.local/lib/python3.12/site-packages/airflow/example_dags/example_sla_dag.py took 0.090 seconds
[2025-09-21T04:51:09.708+0000] {processor.py:186} INFO - Started process (PID=478) to work on /home/airflow/.local/lib/python3.12/site-packages/airflow/example_dags/example_sla_dag.py
[2025-09-21T04:51:09.709+0000] {processor.py:914} INFO - Processing file /home/airflow/.local/lib/python3.12/site-packages/airflow/example_dags/example_sla_dag.py for tasks to queue
[2025-09-21T04:51:09.712+0000] {logging_mixin.py:190} INFO - [2025-09-21T04:51:09.712+0000] {dagbag.py:588} INFO - Filling up the DagBag from /home/airflow/.local/lib/python3.12/site-packages/airflow/example_dags/example_sla_dag.py
[2025-09-21T04:51:09.724+0000] {processor.py:925} INFO - DAG(s) 'example_sla_dag' retrieved from /home/airflow/.local/lib/python3.12/site-packages/airflow/example_dags/example_sla_dag.py
[2025-09-21T04:51:09.747+0000] {logging_mixin.py:190} INFO - [2025-09-21T04:51:09.747+0000] {dag.py:3239} INFO - Sync 1 DAGs
[2025-09-21T04:51:09.777+0000] {logging_mixin.py:190} INFO - [2025-09-21T04:51:09.777+0000] {dag.py:4180} INFO - Setting next_dagrun for example_sla_dag to 2025-09-21 04:48:00+00:00, run_after=2025-09-21 04:50:00+00:00
[2025-09-21T04:51:09.794+0000] {processor.py:208} INFO - Processing /home/airflow/.local/lib/python3.12/site-packages/airflow/example_dags/example_sla_dag.py took 0.093 seconds
[2025-09-21T04:51:39.914+0000] {processor.py:186} INFO - Started process (PID=541) to work on /home/airflow/.local/lib/python3.12/site-packages/airflow/example_dags/example_sla_dag.py
[2025-09-21T04:51:39.914+0000] {processor.py:914} INFO - Processing file /home/airflow/.local/lib/python3.12/site-packages/airflow/example_dags/example_sla_dag.py for tasks to queue
[2025-09-21T04:51:39.917+0000] {logging_mixin.py:190} INFO - [2025-09-21T04:51:39.916+0000] {dagbag.py:588} INFO - Filling up the DagBag from /home/airflow/.local/lib/python3.12/site-packages/airflow/example_dags/example_sla_dag.py
[2025-09-21T04:51:39.934+0000] {processor.py:925} INFO - DAG(s) 'example_sla_dag' retrieved from /home/airflow/.local/lib/python3.12/site-packages/airflow/example_dags/example_sla_dag.py
[2025-09-21T04:51:39.954+0000] {logging_mixin.py:190} INFO - [2025-09-21T04:51:39.953+0000] {dag.py:3239} INFO - Sync 1 DAGs
[2025-09-21T04:51:39.986+0000] {logging_mixin.py:190} INFO - [2025-09-21T04:51:39.985+0000] {dag.py:4180} INFO - Setting next_dagrun for example_sla_dag to 2025-09-21 04:48:00+00:00, run_after=2025-09-21 04:50:00+00:00
[2025-09-21T04:51:40.001+0000] {processor.py:208} INFO - Processing /home/airflow/.local/lib/python3.12/site-packages/airflow/example_dags/example_sla_dag.py took 0.094 seconds
[2025-09-21T04:52:10.972+0000] {processor.py:186} INFO - Started process (PID=604) to work on /home/airflow/.local/lib/python3.12/site-packages/airflow/example_dags/example_sla_dag.py
[2025-09-21T04:52:10.973+0000] {processor.py:914} INFO - Processing file /home/airflow/.local/lib/python3.12/site-packages/airflow/example_dags/example_sla_dag.py for tasks to queue
[2025-09-21T04:52:10.975+0000] {logging_mixin.py:190} INFO - [2025-09-21T04:52:10.975+0000] {dagbag.py:588} INFO - Filling up the DagBag from /home/airflow/.local/lib/python3.12/site-packages/airflow/example_dags/example_sla_dag.py
[2025-09-21T04:52:10.986+0000] {processor.py:925} INFO - DAG(s) 'example_sla_dag' retrieved from /home/airflow/.local/lib/python3.12/site-packages/airflow/example_dags/example_sla_dag.py
[2025-09-21T04:52:11.013+0000] {logging_mixin.py:190} INFO - [2025-09-21T04:52:11.013+0000] {dag.py:3239} INFO - Sync 1 DAGs
[2025-09-21T04:52:11.056+0000] {logging_mixin.py:190} INFO - [2025-09-21T04:52:11.056+0000] {dag.py:4180} INFO - Setting next_dagrun for example_sla_dag to 2025-09-21 04:50:00+00:00, run_after=2025-09-21 04:52:00+00:00
[2025-09-21T04:52:11.072+0000] {processor.py:208} INFO - Processing /home/airflow/.local/lib/python3.12/site-packages/airflow/example_dags/example_sla_dag.py took 0.110 seconds
[2025-09-21T04:52:41.165+0000] {processor.py:186} INFO - Started process (PID=667) to work on /home/airflow/.local/lib/python3.12/site-packages/airflow/example_dags/example_sla_dag.py
[2025-09-21T04:52:41.166+0000] {processor.py:914} INFO - Processing file /home/airflow/.local/lib/python3.12/site-packages/airflow/example_dags/example_sla_dag.py for tasks to queue
[2025-09-21T04:52:41.168+0000] {logging_mixin.py:190} INFO - [2025-09-21T04:52:41.168+0000] {dagbag.py:588} INFO - Filling up the DagBag from /home/airflow/.local/lib/python3.12/site-packages/airflow/example_dags/example_sla_dag.py
[2025-09-21T04:52:41.179+0000] {processor.py:925} INFO - DAG(s) 'example_sla_dag' retrieved from /home/airflow/.local/lib/python3.12/site-packages/airflow/example_dags/example_sla_dag.py
[2025-09-21T04:52:41.200+0000] {logging_mixin.py:190} INFO - [2025-09-21T04:52:41.200+0000] {dag.py:3239} INFO - Sync 1 DAGs
[2025-09-21T04:52:41.229+0000] {logging_mixin.py:190} INFO - [2025-09-21T04:52:41.229+0000] {dag.py:4180} INFO - Setting next_dagrun for example_sla_dag to 2025-09-21 04:50:00+00:00, run_after=2025-09-21 04:52:00+00:00
[2025-09-21T04:52:41.255+0000] {processor.py:208} INFO - Processing /home/airflow/.local/lib/python3.12/site-packages/airflow/example_dags/example_sla_dag.py took 0.096 seconds
[2025-09-21T04:53:12.018+0000] {processor.py:186} INFO - Started process (PID=730) to work on /home/airflow/.local/lib/python3.12/site-packages/airflow/example_dags/example_sla_dag.py
[2025-09-21T04:53:12.019+0000] {processor.py:914} INFO - Processing file /home/airflow/.local/lib/python3.12/site-packages/airflow/example_dags/example_sla_dag.py for tasks to queue
[2025-09-21T04:53:12.022+0000] {logging_mixin.py:190} INFO - [2025-09-21T04:53:12.021+0000] {dagbag.py:588} INFO - Filling up the DagBag from /home/airflow/.local/lib/python3.12/site-packages/airflow/example_dags/example_sla_dag.py
[2025-09-21T04:53:12.033+0000] {processor.py:925} INFO - DAG(s) 'example_sla_dag' retrieved from /home/airflow/.local/lib/python3.12/site-packages/airflow/example_dags/example_sla_dag.py
[2025-09-21T04:53:12.056+0000] {logging_mixin.py:190} INFO - [2025-09-21T04:53:12.056+0000] {dag.py:3239} INFO - Sync 1 DAGs
[2025-09-21T04:53:12.087+0000] {logging_mixin.py:190} INFO - [2025-09-21T04:53:12.087+0000] {dag.py:4180} INFO - Setting next_dagrun for example_sla_dag to 2025-09-21 04:50:00+00:00, run_after=2025-09-21 04:52:00+00:00
[2025-09-21T04:53:12.103+0000] {processor.py:208} INFO - Processing /home/airflow/.local/lib/python3.12/site-packages/airflow/example_dags/example_sla_dag.py took 0.091 seconds
[2025-09-21T04:53:42.681+0000] {processor.py:186} INFO - Started process (PID=793) to work on /home/airflow/.local/lib/python3.12/site-packages/airflow/example_dags/example_sla_dag.py
[2025-09-21T04:53:42.682+0000] {processor.py:914} INFO - Processing file /home/airflow/.local/lib/python3.12/site-packages/airflow/example_dags/example_sla_dag.py for tasks to queue
[2025-09-21T04:53:42.684+0000] {logging_mixin.py:190} INFO - [2025-09-21T04:53:42.684+0000] {dagbag.py:588} INFO - Filling up the DagBag from /home/airflow/.local/lib/python3.12/site-packages/airflow/example_dags/example_sla_dag.py
[2025-09-21T04:53:42.695+0000] {processor.py:925} INFO - DAG(s) 'example_sla_dag' retrieved from /home/airflow/.local/lib/python3.12/site-packages/airflow/example_dags/example_sla_dag.py
[2025-09-21T04:53:42.714+0000] {logging_mixin.py:190} INFO - [2025-09-21T04:53:42.714+0000] {dag.py:3239} INFO - Sync 1 DAGs
[2025-09-21T04:53:42.744+0000] {logging_mixin.py:190} INFO - [2025-09-21T04:53:42.744+0000] {dag.py:4180} INFO - Setting next_dagrun for example_sla_dag to 2025-09-21 04:50:00+00:00, run_after=2025-09-21 04:52:00+00:00
[2025-09-21T04:53:42.760+0000] {processor.py:208} INFO - Processing /home/airflow/.local/lib/python3.12/site-packages/airflow/example_dags/example_sla_dag.py took 0.091 seconds
[2025-09-21T04:54:13.533+0000] {processor.py:186} INFO - Started process (PID=856) to work on /home/airflow/.local/lib/python3.12/site-packages/airflow/example_dags/example_sla_dag.py
[2025-09-21T04:54:13.534+0000] {processor.py:914} INFO - Processing file /home/airflow/.local/lib/python3.12/site-packages/airflow/example_dags/example_sla_dag.py for tasks to queue
[2025-09-21T04:54:13.539+0000] {logging_mixin.py:190} INFO - [2025-09-21T04:54:13.538+0000] {dagbag.py:588} INFO - Filling up the DagBag from /home/airflow/.local/lib/python3.12/site-packages/airflow/example_dags/example_sla_dag.py
[2025-09-21T04:54:13.574+0000] {processor.py:925} INFO - DAG(s) 'example_sla_dag' retrieved from /home/airflow/.local/lib/python3.12/site-packages/airflow/example_dags/example_sla_dag.py
[2025-09-21T04:54:13.666+0000] {logging_mixin.py:190} INFO - [2025-09-21T04:54:13.666+0000] {dag.py:3239} INFO - Sync 1 DAGs
[2025-09-21T04:54:13.723+0000] {logging_mixin.py:190} INFO - [2025-09-21T04:54:13.722+0000] {dag.py:4180} INFO - Setting next_dagrun for example_sla_dag to 2025-09-21 04:52:00+00:00, run_after=2025-09-21 04:54:00+00:00
[2025-09-21T04:54:13.762+0000] {processor.py:208} INFO - Processing /home/airflow/.local/lib/python3.12/site-packages/airflow/example_dags/example_sla_dag.py took 0.250 seconds
[2025-09-21T04:54:44.356+0000] {processor.py:186} INFO - Started process (PID=919) to work on /home/airflow/.local/lib/python3.12/site-packages/airflow/example_dags/example_sla_dag.py
[2025-09-21T04:54:44.363+0000] {processor.py:914} INFO - Processing file /home/airflow/.local/lib/python3.12/site-packages/airflow/example_dags/example_sla_dag.py for tasks to queue
[2025-09-21T04:54:44.370+0000] {logging_mixin.py:190} INFO - [2025-09-21T04:54:44.368+0000] {dagbag.py:588} INFO - Filling up the DagBag from /home/airflow/.local/lib/python3.12/site-packages/airflow/example_dags/example_sla_dag.py
[2025-09-21T04:54:44.407+0000] {processor.py:925} INFO - DAG(s) 'example_sla_dag' retrieved from /home/airflow/.local/lib/python3.12/site-packages/airflow/example_dags/example_sla_dag.py
[2025-09-21T04:54:44.454+0000] {logging_mixin.py:190} INFO - [2025-09-21T04:54:44.454+0000] {dag.py:3239} INFO - Sync 1 DAGs
[2025-09-21T04:54:44.551+0000] {logging_mixin.py:190} INFO - [2025-09-21T04:54:44.551+0000] {dag.py:4180} INFO - Setting next_dagrun for example_sla_dag to 2025-09-21 04:52:00+00:00, run_after=2025-09-21 04:54:00+00:00
[2025-09-21T04:54:44.608+0000] {processor.py:208} INFO - Processing /home/airflow/.local/lib/python3.12/site-packages/airflow/example_dags/example_sla_dag.py took 0.277 seconds
[2025-09-21T04:55:15.172+0000] {processor.py:186} INFO - Started process (PID=981) to work on /home/airflow/.local/lib/python3.12/site-packages/airflow/example_dags/example_sla_dag.py
[2025-09-21T04:55:15.173+0000] {processor.py:914} INFO - Processing file /home/airflow/.local/lib/python3.12/site-packages/airflow/example_dags/example_sla_dag.py for tasks to queue
[2025-09-21T04:55:15.175+0000] {logging_mixin.py:190} INFO - [2025-09-21T04:55:15.174+0000] {dagbag.py:588} INFO - Filling up the DagBag from /home/airflow/.local/lib/python3.12/site-packages/airflow/example_dags/example_sla_dag.py
[2025-09-21T04:55:15.186+0000] {processor.py:925} INFO - DAG(s) 'example_sla_dag' retrieved from /home/airflow/.local/lib/python3.12/site-packages/airflow/example_dags/example_sla_dag.py
[2025-09-21T04:55:15.221+0000] {logging_mixin.py:190} INFO - [2025-09-21T04:55:15.221+0000] {dag.py:3239} INFO - Sync 1 DAGs
[2025-09-21T04:55:15.256+0000] {logging_mixin.py:190} INFO - [2025-09-21T04:55:15.256+0000] {dag.py:4180} INFO - Setting next_dagrun for example_sla_dag to 2025-09-21 04:52:00+00:00, run_after=2025-09-21 04:54:00+00:00
[2025-09-21T04:55:15.289+0000] {processor.py:208} INFO - Processing /home/airflow/.local/lib/python3.12/site-packages/airflow/example_dags/example_sla_dag.py took 0.123 seconds
