[2025-09-21T04:47:46.629+0000] {processor.py:186} INFO - Started process (PID=74) to work on /home/airflow/.local/lib/python3.12/site-packages/airflow/example_dags/example_branch_operator.py
[2025-09-21T04:47:46.634+0000] {processor.py:914} INFO - Processing file /home/airflow/.local/lib/python3.12/site-packages/airflow/example_dags/example_branch_operator.py for tasks to queue
[2025-09-21T04:47:46.643+0000] {logging_mixin.py:190} INFO - [2025-09-21T04:47:46.643+0000] {dagbag.py:588} INFO - Filling up the DagBag from /home/airflow/.local/lib/python3.12/site-packages/airflow/example_dags/example_branch_operator.py
[2025-09-21T04:47:46.859+0000] {processor.py:925} INFO - DAG(s) 'example_branch_operator' retrieved from /home/airflow/.local/lib/python3.12/site-packages/airflow/example_dags/example_branch_operator.py
[2025-09-21T04:47:47.558+0000] {logging_mixin.py:190} INFO - [2025-09-21T04:47:47.558+0000] {override.py:1911} INFO - Created Permission View: can delete on DAG:example_branch_operator
[2025-09-21T04:47:47.986+0000] {logging_mixin.py:190} INFO - [2025-09-21T04:47:47.980+0000] {override.py:1911} INFO - Created Permission View: can read on DAG:example_branch_operator
[2025-09-21T04:47:48.063+0000] {logging_mixin.py:190} INFO - [2025-09-21T04:47:48.063+0000] {override.py:1911} INFO - Created Permission View: can edit on DAG:example_branch_operator
[2025-09-21T04:47:48.096+0000] {logging_mixin.py:190} INFO - [2025-09-21T04:47:48.096+0000] {override.py:1911} INFO - Created Permission View: can read on DAG Run:example_branch_operator
[2025-09-21T04:47:48.119+0000] {logging_mixin.py:190} INFO - [2025-09-21T04:47:48.119+0000] {override.py:1911} INFO - Created Permission View: menu access on DAG Run:example_branch_operator
[2025-09-21T04:47:48.138+0000] {logging_mixin.py:190} INFO - [2025-09-21T04:47:48.137+0000] {override.py:1911} INFO - Created Permission View: can delete on DAG Run:example_branch_operator
[2025-09-21T04:47:48.165+0000] {logging_mixin.py:190} INFO - [2025-09-21T04:47:48.163+0000] {override.py:1911} INFO - Created Permission View: can create on DAG Run:example_branch_operator
[2025-09-21T04:47:48.168+0000] {logging_mixin.py:190} INFO - [2025-09-21T04:47:48.165+0000] {dag.py:3239} INFO - Sync 1 DAGs
[2025-09-21T04:47:48.233+0000] {logging_mixin.py:190} INFO - [2025-09-21T04:47:48.219+0000] {dag.py:3262} INFO - Creating ORM DAG for example_branch_operator
[2025-09-21T04:47:48.277+0000] {logging_mixin.py:190} INFO - [2025-09-21T04:47:48.277+0000] {dag.py:4180} INFO - Setting next_dagrun for example_branch_operator to 2025-09-20 00:00:00+00:00, run_after=2025-09-21 00:00:00+00:00
[2025-09-21T04:47:48.371+0000] {processor.py:208} INFO - Processing /home/airflow/.local/lib/python3.12/site-packages/airflow/example_dags/example_branch_operator.py took 1.782 seconds
[2025-09-21T04:48:25.449+0000] {processor.py:186} INFO - Started process (PID=136) to work on /home/airflow/.local/lib/python3.12/site-packages/airflow/example_dags/example_branch_operator.py
[2025-09-21T04:48:25.450+0000] {processor.py:914} INFO - Processing file /home/airflow/.local/lib/python3.12/site-packages/airflow/example_dags/example_branch_operator.py for tasks to queue
[2025-09-21T04:48:25.453+0000] {logging_mixin.py:190} INFO - [2025-09-21T04:48:25.452+0000] {dagbag.py:588} INFO - Filling up the DagBag from /home/airflow/.local/lib/python3.12/site-packages/airflow/example_dags/example_branch_operator.py
[2025-09-21T04:48:25.478+0000] {processor.py:925} INFO - DAG(s) 'example_branch_operator' retrieved from /home/airflow/.local/lib/python3.12/site-packages/airflow/example_dags/example_branch_operator.py
[2025-09-21T04:48:25.516+0000] {logging_mixin.py:190} INFO - [2025-09-21T04:48:25.516+0000] {dag.py:3239} INFO - Sync 1 DAGs
[2025-09-21T04:48:25.564+0000] {logging_mixin.py:190} INFO - [2025-09-21T04:48:25.564+0000] {dag.py:4180} INFO - Setting next_dagrun for example_branch_operator to 2025-09-20 00:00:00+00:00, run_after=2025-09-21 00:00:00+00:00
[2025-09-21T04:48:25.600+0000] {processor.py:208} INFO - Processing /home/airflow/.local/lib/python3.12/site-packages/airflow/example_dags/example_branch_operator.py took 0.157 seconds
[2025-09-21T04:48:56.516+0000] {processor.py:186} INFO - Started process (PID=199) to work on /home/airflow/.local/lib/python3.12/site-packages/airflow/example_dags/example_branch_operator.py
[2025-09-21T04:48:56.517+0000] {processor.py:914} INFO - Processing file /home/airflow/.local/lib/python3.12/site-packages/airflow/example_dags/example_branch_operator.py for tasks to queue
[2025-09-21T04:48:56.520+0000] {logging_mixin.py:190} INFO - [2025-09-21T04:48:56.520+0000] {dagbag.py:588} INFO - Filling up the DagBag from /home/airflow/.local/lib/python3.12/site-packages/airflow/example_dags/example_branch_operator.py
[2025-09-21T04:48:56.540+0000] {processor.py:925} INFO - DAG(s) 'example_branch_operator' retrieved from /home/airflow/.local/lib/python3.12/site-packages/airflow/example_dags/example_branch_operator.py
[2025-09-21T04:48:56.583+0000] {logging_mixin.py:190} INFO - [2025-09-21T04:48:56.583+0000] {dag.py:3239} INFO - Sync 1 DAGs
[2025-09-21T04:48:56.609+0000] {logging_mixin.py:190} INFO - [2025-09-21T04:48:56.609+0000] {dag.py:4180} INFO - Setting next_dagrun for example_branch_operator to 2025-09-20 00:00:00+00:00, run_after=2025-09-21 00:00:00+00:00
[2025-09-21T04:48:56.632+0000] {processor.py:208} INFO - Processing /home/airflow/.local/lib/python3.12/site-packages/airflow/example_dags/example_branch_operator.py took 0.126 seconds
[2025-09-21T04:49:29.463+0000] {processor.py:186} INFO - Started process (PID=256) to work on /home/airflow/.local/lib/python3.12/site-packages/airflow/example_dags/example_branch_operator.py
[2025-09-21T04:49:29.464+0000] {processor.py:914} INFO - Processing file /home/airflow/.local/lib/python3.12/site-packages/airflow/example_dags/example_branch_operator.py for tasks to queue
[2025-09-21T04:49:29.472+0000] {logging_mixin.py:190} INFO - [2025-09-21T04:49:29.469+0000] {dagbag.py:588} INFO - Filling up the DagBag from /home/airflow/.local/lib/python3.12/site-packages/airflow/example_dags/example_branch_operator.py
[2025-09-21T04:49:29.524+0000] {processor.py:925} INFO - DAG(s) 'example_branch_operator' retrieved from /home/airflow/.local/lib/python3.12/site-packages/airflow/example_dags/example_branch_operator.py
[2025-09-21T04:49:29.600+0000] {logging_mixin.py:190} INFO - [2025-09-21T04:49:29.599+0000] {dag.py:3239} INFO - Sync 1 DAGs
[2025-09-21T04:49:29.658+0000] {logging_mixin.py:190} INFO - [2025-09-21T04:49:29.658+0000] {dag.py:4180} INFO - Setting next_dagrun for example_branch_operator to 2025-09-20 00:00:00+00:00, run_after=2025-09-21 00:00:00+00:00
[2025-09-21T04:49:29.691+0000] {processor.py:208} INFO - Processing /home/airflow/.local/lib/python3.12/site-packages/airflow/example_dags/example_branch_operator.py took 0.247 seconds
[2025-09-21T04:50:00.526+0000] {processor.py:186} INFO - Started process (PID=319) to work on /home/airflow/.local/lib/python3.12/site-packages/airflow/example_dags/example_branch_operator.py
[2025-09-21T04:50:00.527+0000] {processor.py:914} INFO - Processing file /home/airflow/.local/lib/python3.12/site-packages/airflow/example_dags/example_branch_operator.py for tasks to queue
[2025-09-21T04:50:00.529+0000] {logging_mixin.py:190} INFO - [2025-09-21T04:50:00.528+0000] {dagbag.py:588} INFO - Filling up the DagBag from /home/airflow/.local/lib/python3.12/site-packages/airflow/example_dags/example_branch_operator.py
[2025-09-21T04:50:00.549+0000] {processor.py:925} INFO - DAG(s) 'example_branch_operator' retrieved from /home/airflow/.local/lib/python3.12/site-packages/airflow/example_dags/example_branch_operator.py
[2025-09-21T04:50:00.584+0000] {logging_mixin.py:190} INFO - [2025-09-21T04:50:00.583+0000] {dag.py:3239} INFO - Sync 1 DAGs
[2025-09-21T04:50:00.612+0000] {logging_mixin.py:190} INFO - [2025-09-21T04:50:00.612+0000] {dag.py:4180} INFO - Setting next_dagrun for example_branch_operator to 2025-09-20 00:00:00+00:00, run_after=2025-09-21 00:00:00+00:00
[2025-09-21T04:50:00.628+0000] {processor.py:208} INFO - Processing /home/airflow/.local/lib/python3.12/site-packages/airflow/example_dags/example_branch_operator.py took 0.107 seconds
[2025-09-21T04:50:31.229+0000] {processor.py:186} INFO - Started process (PID=381) to work on /home/airflow/.local/lib/python3.12/site-packages/airflow/example_dags/example_branch_operator.py
[2025-09-21T04:50:31.229+0000] {processor.py:914} INFO - Processing file /home/airflow/.local/lib/python3.12/site-packages/airflow/example_dags/example_branch_operator.py for tasks to queue
[2025-09-21T04:50:31.231+0000] {logging_mixin.py:190} INFO - [2025-09-21T04:50:31.231+0000] {dagbag.py:588} INFO - Filling up the DagBag from /home/airflow/.local/lib/python3.12/site-packages/airflow/example_dags/example_branch_operator.py
[2025-09-21T04:50:31.252+0000] {processor.py:925} INFO - DAG(s) 'example_branch_operator' retrieved from /home/airflow/.local/lib/python3.12/site-packages/airflow/example_dags/example_branch_operator.py
[2025-09-21T04:50:31.295+0000] {logging_mixin.py:190} INFO - [2025-09-21T04:50:31.293+0000] {dag.py:3239} INFO - Sync 1 DAGs
[2025-09-21T04:50:31.340+0000] {logging_mixin.py:190} INFO - [2025-09-21T04:50:31.340+0000] {dag.py:4180} INFO - Setting next_dagrun for example_branch_operator to 2025-09-20 00:00:00+00:00, run_after=2025-09-21 00:00:00+00:00
[2025-09-21T04:50:31.372+0000] {processor.py:208} INFO - Processing /home/airflow/.local/lib/python3.12/site-packages/airflow/example_dags/example_branch_operator.py took 0.148 seconds
[2025-09-21T04:51:02.083+0000] {processor.py:186} INFO - Started process (PID=443) to work on /home/airflow/.local/lib/python3.12/site-packages/airflow/example_dags/example_branch_operator.py
[2025-09-21T04:51:02.083+0000] {processor.py:914} INFO - Processing file /home/airflow/.local/lib/python3.12/site-packages/airflow/example_dags/example_branch_operator.py for tasks to queue
[2025-09-21T04:51:02.085+0000] {logging_mixin.py:190} INFO - [2025-09-21T04:51:02.085+0000] {dagbag.py:588} INFO - Filling up the DagBag from /home/airflow/.local/lib/python3.12/site-packages/airflow/example_dags/example_branch_operator.py
[2025-09-21T04:51:02.106+0000] {processor.py:925} INFO - DAG(s) 'example_branch_operator' retrieved from /home/airflow/.local/lib/python3.12/site-packages/airflow/example_dags/example_branch_operator.py
[2025-09-21T04:51:02.147+0000] {logging_mixin.py:190} INFO - [2025-09-21T04:51:02.147+0000] {dag.py:3239} INFO - Sync 1 DAGs
[2025-09-21T04:51:02.189+0000] {logging_mixin.py:190} INFO - [2025-09-21T04:51:02.188+0000] {dag.py:4180} INFO - Setting next_dagrun for example_branch_operator to 2025-09-20 00:00:00+00:00, run_after=2025-09-21 00:00:00+00:00
[2025-09-21T04:51:02.236+0000] {processor.py:208} INFO - Processing /home/airflow/.local/lib/python3.12/site-packages/airflow/example_dags/example_branch_operator.py took 0.159 seconds
[2025-09-21T04:51:32.474+0000] {processor.py:186} INFO - Started process (PID=505) to work on /home/airflow/.local/lib/python3.12/site-packages/airflow/example_dags/example_branch_operator.py
[2025-09-21T04:51:32.475+0000] {processor.py:914} INFO - Processing file /home/airflow/.local/lib/python3.12/site-packages/airflow/example_dags/example_branch_operator.py for tasks to queue
[2025-09-21T04:51:32.477+0000] {logging_mixin.py:190} INFO - [2025-09-21T04:51:32.477+0000] {dagbag.py:588} INFO - Filling up the DagBag from /home/airflow/.local/lib/python3.12/site-packages/airflow/example_dags/example_branch_operator.py
[2025-09-21T04:51:32.499+0000] {processor.py:925} INFO - DAG(s) 'example_branch_operator' retrieved from /home/airflow/.local/lib/python3.12/site-packages/airflow/example_dags/example_branch_operator.py
[2025-09-21T04:51:32.535+0000] {logging_mixin.py:190} INFO - [2025-09-21T04:51:32.534+0000] {dag.py:3239} INFO - Sync 1 DAGs
[2025-09-21T04:51:32.585+0000] {logging_mixin.py:190} INFO - [2025-09-21T04:51:32.585+0000] {dag.py:4180} INFO - Setting next_dagrun for example_branch_operator to 2025-09-20 00:00:00+00:00, run_after=2025-09-21 00:00:00+00:00
[2025-09-21T04:51:32.615+0000] {processor.py:208} INFO - Processing /home/airflow/.local/lib/python3.12/site-packages/airflow/example_dags/example_branch_operator.py took 0.147 seconds
[2025-09-21T04:52:02.677+0000] {processor.py:186} INFO - Started process (PID=569) to work on /home/airflow/.local/lib/python3.12/site-packages/airflow/example_dags/example_branch_operator.py
[2025-09-21T04:52:02.678+0000] {processor.py:914} INFO - Processing file /home/airflow/.local/lib/python3.12/site-packages/airflow/example_dags/example_branch_operator.py for tasks to queue
[2025-09-21T04:52:02.680+0000] {logging_mixin.py:190} INFO - [2025-09-21T04:52:02.679+0000] {dagbag.py:588} INFO - Filling up the DagBag from /home/airflow/.local/lib/python3.12/site-packages/airflow/example_dags/example_branch_operator.py
[2025-09-21T04:52:02.721+0000] {processor.py:925} INFO - DAG(s) 'example_branch_operator' retrieved from /home/airflow/.local/lib/python3.12/site-packages/airflow/example_dags/example_branch_operator.py
[2025-09-21T04:52:02.775+0000] {logging_mixin.py:190} INFO - [2025-09-21T04:52:02.775+0000] {dag.py:3239} INFO - Sync 1 DAGs
[2025-09-21T04:52:02.818+0000] {logging_mixin.py:190} INFO - [2025-09-21T04:52:02.818+0000] {dag.py:4180} INFO - Setting next_dagrun for example_branch_operator to 2025-09-20 00:00:00+00:00, run_after=2025-09-21 00:00:00+00:00
[2025-09-21T04:52:02.837+0000] {processor.py:208} INFO - Processing /home/airflow/.local/lib/python3.12/site-packages/airflow/example_dags/example_branch_operator.py took 0.171 seconds
[2025-09-21T04:52:33.307+0000] {processor.py:186} INFO - Started process (PID=638) to work on /home/airflow/.local/lib/python3.12/site-packages/airflow/example_dags/example_branch_operator.py
[2025-09-21T04:52:33.307+0000] {processor.py:914} INFO - Processing file /home/airflow/.local/lib/python3.12/site-packages/airflow/example_dags/example_branch_operator.py for tasks to queue
[2025-09-21T04:52:33.309+0000] {logging_mixin.py:190} INFO - [2025-09-21T04:52:33.309+0000] {dagbag.py:588} INFO - Filling up the DagBag from /home/airflow/.local/lib/python3.12/site-packages/airflow/example_dags/example_branch_operator.py
[2025-09-21T04:52:33.353+0000] {processor.py:925} INFO - DAG(s) 'example_branch_operator' retrieved from /home/airflow/.local/lib/python3.12/site-packages/airflow/example_dags/example_branch_operator.py
[2025-09-21T04:52:33.387+0000] {logging_mixin.py:190} INFO - [2025-09-21T04:52:33.387+0000] {dag.py:3239} INFO - Sync 1 DAGs
[2025-09-21T04:52:33.415+0000] {logging_mixin.py:190} INFO - [2025-09-21T04:52:33.415+0000] {dag.py:4180} INFO - Setting next_dagrun for example_branch_operator to 2025-09-20 00:00:00+00:00, run_after=2025-09-21 00:00:00+00:00
[2025-09-21T04:52:33.431+0000] {processor.py:208} INFO - Processing /home/airflow/.local/lib/python3.12/site-packages/airflow/example_dags/example_branch_operator.py took 0.129 seconds
[2025-09-21T04:53:03.610+0000] {processor.py:186} INFO - Started process (PID=701) to work on /home/airflow/.local/lib/python3.12/site-packages/airflow/example_dags/example_branch_operator.py
[2025-09-21T04:53:03.611+0000] {processor.py:914} INFO - Processing file /home/airflow/.local/lib/python3.12/site-packages/airflow/example_dags/example_branch_operator.py for tasks to queue
[2025-09-21T04:53:03.613+0000] {logging_mixin.py:190} INFO - [2025-09-21T04:53:03.613+0000] {dagbag.py:588} INFO - Filling up the DagBag from /home/airflow/.local/lib/python3.12/site-packages/airflow/example_dags/example_branch_operator.py
[2025-09-21T04:53:03.635+0000] {processor.py:925} INFO - DAG(s) 'example_branch_operator' retrieved from /home/airflow/.local/lib/python3.12/site-packages/airflow/example_dags/example_branch_operator.py
[2025-09-21T04:53:03.696+0000] {logging_mixin.py:190} INFO - [2025-09-21T04:53:03.696+0000] {dag.py:3239} INFO - Sync 1 DAGs
[2025-09-21T04:53:03.724+0000] {logging_mixin.py:190} INFO - [2025-09-21T04:53:03.724+0000] {dag.py:4180} INFO - Setting next_dagrun for example_branch_operator to 2025-09-20 00:00:00+00:00, run_after=2025-09-21 00:00:00+00:00
[2025-09-21T04:53:03.742+0000] {processor.py:208} INFO - Processing /home/airflow/.local/lib/python3.12/site-packages/airflow/example_dags/example_branch_operator.py took 0.140 seconds
[2025-09-21T04:53:34.232+0000] {processor.py:186} INFO - Started process (PID=764) to work on /home/airflow/.local/lib/python3.12/site-packages/airflow/example_dags/example_branch_operator.py
[2025-09-21T04:53:34.235+0000] {processor.py:914} INFO - Processing file /home/airflow/.local/lib/python3.12/site-packages/airflow/example_dags/example_branch_operator.py for tasks to queue
[2025-09-21T04:53:34.241+0000] {logging_mixin.py:190} INFO - [2025-09-21T04:53:34.241+0000] {dagbag.py:588} INFO - Filling up the DagBag from /home/airflow/.local/lib/python3.12/site-packages/airflow/example_dags/example_branch_operator.py
[2025-09-21T04:53:34.281+0000] {processor.py:925} INFO - DAG(s) 'example_branch_operator' retrieved from /home/airflow/.local/lib/python3.12/site-packages/airflow/example_dags/example_branch_operator.py
[2025-09-21T04:53:34.315+0000] {logging_mixin.py:190} INFO - [2025-09-21T04:53:34.315+0000] {dag.py:3239} INFO - Sync 1 DAGs
[2025-09-21T04:53:34.343+0000] {logging_mixin.py:190} INFO - [2025-09-21T04:53:34.343+0000] {dag.py:4180} INFO - Setting next_dagrun for example_branch_operator to 2025-09-20 00:00:00+00:00, run_after=2025-09-21 00:00:00+00:00
[2025-09-21T04:53:34.360+0000] {processor.py:208} INFO - Processing /home/airflow/.local/lib/python3.12/site-packages/airflow/example_dags/example_branch_operator.py took 0.148 seconds
[2025-09-21T04:54:04.575+0000] {processor.py:186} INFO - Started process (PID=827) to work on /home/airflow/.local/lib/python3.12/site-packages/airflow/example_dags/example_branch_operator.py
[2025-09-21T04:54:04.575+0000] {processor.py:914} INFO - Processing file /home/airflow/.local/lib/python3.12/site-packages/airflow/example_dags/example_branch_operator.py for tasks to queue
[2025-09-21T04:54:04.577+0000] {logging_mixin.py:190} INFO - [2025-09-21T04:54:04.577+0000] {dagbag.py:588} INFO - Filling up the DagBag from /home/airflow/.local/lib/python3.12/site-packages/airflow/example_dags/example_branch_operator.py
[2025-09-21T04:54:04.591+0000] {processor.py:925} INFO - DAG(s) 'example_branch_operator' retrieved from /home/airflow/.local/lib/python3.12/site-packages/airflow/example_dags/example_branch_operator.py
[2025-09-21T04:54:04.613+0000] {logging_mixin.py:190} INFO - [2025-09-21T04:54:04.613+0000] {dag.py:3239} INFO - Sync 1 DAGs
[2025-09-21T04:54:04.631+0000] {logging_mixin.py:190} INFO - [2025-09-21T04:54:04.631+0000] {dag.py:4180} INFO - Setting next_dagrun for example_branch_operator to 2025-09-20 00:00:00+00:00, run_after=2025-09-21 00:00:00+00:00
[2025-09-21T04:54:04.644+0000] {processor.py:208} INFO - Processing /home/airflow/.local/lib/python3.12/site-packages/airflow/example_dags/example_branch_operator.py took 0.074 seconds
[2025-09-21T04:54:34.968+0000] {processor.py:186} INFO - Started process (PID=890) to work on /home/airflow/.local/lib/python3.12/site-packages/airflow/example_dags/example_branch_operator.py
[2025-09-21T04:54:34.968+0000] {processor.py:914} INFO - Processing file /home/airflow/.local/lib/python3.12/site-packages/airflow/example_dags/example_branch_operator.py for tasks to queue
[2025-09-21T04:54:34.970+0000] {logging_mixin.py:190} INFO - [2025-09-21T04:54:34.970+0000] {dagbag.py:588} INFO - Filling up the DagBag from /home/airflow/.local/lib/python3.12/site-packages/airflow/example_dags/example_branch_operator.py
[2025-09-21T04:54:34.993+0000] {processor.py:925} INFO - DAG(s) 'example_branch_operator' retrieved from /home/airflow/.local/lib/python3.12/site-packages/airflow/example_dags/example_branch_operator.py
[2025-09-21T04:54:35.027+0000] {logging_mixin.py:190} INFO - [2025-09-21T04:54:35.027+0000] {dag.py:3239} INFO - Sync 1 DAGs
[2025-09-21T04:54:35.056+0000] {logging_mixin.py:190} INFO - [2025-09-21T04:54:35.056+0000] {dag.py:4180} INFO - Setting next_dagrun for example_branch_operator to 2025-09-20 00:00:00+00:00, run_after=2025-09-21 00:00:00+00:00
[2025-09-21T04:54:35.073+0000] {processor.py:208} INFO - Processing /home/airflow/.local/lib/python3.12/site-packages/airflow/example_dags/example_branch_operator.py took 0.112 seconds
[2025-09-21T04:55:05.893+0000] {processor.py:186} INFO - Started process (PID=952) to work on /home/airflow/.local/lib/python3.12/site-packages/airflow/example_dags/example_branch_operator.py
[2025-09-21T04:55:05.894+0000] {processor.py:914} INFO - Processing file /home/airflow/.local/lib/python3.12/site-packages/airflow/example_dags/example_branch_operator.py for tasks to queue
[2025-09-21T04:55:05.896+0000] {logging_mixin.py:190} INFO - [2025-09-21T04:55:05.895+0000] {dagbag.py:588} INFO - Filling up the DagBag from /home/airflow/.local/lib/python3.12/site-packages/airflow/example_dags/example_branch_operator.py
[2025-09-21T04:55:05.910+0000] {processor.py:925} INFO - DAG(s) 'example_branch_operator' retrieved from /home/airflow/.local/lib/python3.12/site-packages/airflow/example_dags/example_branch_operator.py
[2025-09-21T04:55:05.934+0000] {logging_mixin.py:190} INFO - [2025-09-21T04:55:05.934+0000] {dag.py:3239} INFO - Sync 1 DAGs
[2025-09-21T04:55:05.956+0000] {logging_mixin.py:190} INFO - [2025-09-21T04:55:05.956+0000] {dag.py:4180} INFO - Setting next_dagrun for example_branch_operator to 2025-09-20 00:00:00+00:00, run_after=2025-09-21 00:00:00+00:00
[2025-09-21T04:55:05.970+0000] {processor.py:208} INFO - Processing /home/airflow/.local/lib/python3.12/site-packages/airflow/example_dags/example_branch_operator.py took 0.082 seconds
[2025-09-21T04:55:36.262+0000] {processor.py:186} INFO - Started process (PID=1015) to work on /home/airflow/.local/lib/python3.12/site-packages/airflow/example_dags/example_branch_operator.py
[2025-09-21T04:55:36.263+0000] {processor.py:914} INFO - Processing file /home/airflow/.local/lib/python3.12/site-packages/airflow/example_dags/example_branch_operator.py for tasks to queue
[2025-09-21T04:55:36.264+0000] {logging_mixin.py:190} INFO - [2025-09-21T04:55:36.264+0000] {dagbag.py:588} INFO - Filling up the DagBag from /home/airflow/.local/lib/python3.12/site-packages/airflow/example_dags/example_branch_operator.py
[2025-09-21T04:55:36.278+0000] {processor.py:925} INFO - DAG(s) 'example_branch_operator' retrieved from /home/airflow/.local/lib/python3.12/site-packages/airflow/example_dags/example_branch_operator.py
[2025-09-21T04:55:36.301+0000] {logging_mixin.py:190} INFO - [2025-09-21T04:55:36.301+0000] {dag.py:3239} INFO - Sync 1 DAGs
[2025-09-21T04:55:36.319+0000] {logging_mixin.py:190} INFO - [2025-09-21T04:55:36.319+0000] {dag.py:4180} INFO - Setting next_dagrun for example_branch_operator to 2025-09-20 00:00:00+00:00, run_after=2025-09-21 00:00:00+00:00
[2025-09-21T04:55:36.333+0000] {processor.py:208} INFO - Processing /home/airflow/.local/lib/python3.12/site-packages/airflow/example_dags/example_branch_operator.py took 0.075 seconds
[2025-09-21T04:56:06.557+0000] {processor.py:186} INFO - Started process (PID=1075) to work on /home/airflow/.local/lib/python3.12/site-packages/airflow/example_dags/example_branch_operator.py
[2025-09-21T04:56:06.560+0000] {processor.py:914} INFO - Processing file /home/airflow/.local/lib/python3.12/site-packages/airflow/example_dags/example_branch_operator.py for tasks to queue
[2025-09-21T04:56:06.562+0000] {logging_mixin.py:190} INFO - [2025-09-21T04:56:06.562+0000] {dagbag.py:588} INFO - Filling up the DagBag from /home/airflow/.local/lib/python3.12/site-packages/airflow/example_dags/example_branch_operator.py
[2025-09-21T04:56:06.584+0000] {processor.py:925} INFO - DAG(s) 'example_branch_operator' retrieved from /home/airflow/.local/lib/python3.12/site-packages/airflow/example_dags/example_branch_operator.py
[2025-09-21T04:56:06.610+0000] {logging_mixin.py:190} INFO - [2025-09-21T04:56:06.610+0000] {dag.py:3239} INFO - Sync 1 DAGs
[2025-09-21T04:56:06.630+0000] {logging_mixin.py:190} INFO - [2025-09-21T04:56:06.629+0000] {dag.py:4180} INFO - Setting next_dagrun for example_branch_operator to 2025-09-20 00:00:00+00:00, run_after=2025-09-21 00:00:00+00:00
[2025-09-21T04:56:06.643+0000] {processor.py:208} INFO - Processing /home/airflow/.local/lib/python3.12/site-packages/airflow/example_dags/example_branch_operator.py took 0.092 seconds
[2025-09-21T04:56:37.069+0000] {processor.py:186} INFO - Started process (PID=1138) to work on /home/airflow/.local/lib/python3.12/site-packages/airflow/example_dags/example_branch_operator.py
[2025-09-21T04:56:37.070+0000] {processor.py:914} INFO - Processing file /home/airflow/.local/lib/python3.12/site-packages/airflow/example_dags/example_branch_operator.py for tasks to queue
[2025-09-21T04:56:37.071+0000] {logging_mixin.py:190} INFO - [2025-09-21T04:56:37.071+0000] {dagbag.py:588} INFO - Filling up the DagBag from /home/airflow/.local/lib/python3.12/site-packages/airflow/example_dags/example_branch_operator.py
[2025-09-21T04:56:37.085+0000] {processor.py:925} INFO - DAG(s) 'example_branch_operator' retrieved from /home/airflow/.local/lib/python3.12/site-packages/airflow/example_dags/example_branch_operator.py
[2025-09-21T04:56:37.108+0000] {logging_mixin.py:190} INFO - [2025-09-21T04:56:37.107+0000] {dag.py:3239} INFO - Sync 1 DAGs
[2025-09-21T04:56:37.127+0000] {logging_mixin.py:190} INFO - [2025-09-21T04:56:37.127+0000] {dag.py:4180} INFO - Setting next_dagrun for example_branch_operator to 2025-09-20 00:00:00+00:00, run_after=2025-09-21 00:00:00+00:00
[2025-09-21T04:56:37.140+0000] {processor.py:208} INFO - Processing /home/airflow/.local/lib/python3.12/site-packages/airflow/example_dags/example_branch_operator.py took 0.076 seconds
[2025-09-21T04:57:07.806+0000] {processor.py:186} INFO - Started process (PID=1201) to work on /home/airflow/.local/lib/python3.12/site-packages/airflow/example_dags/example_branch_operator.py
[2025-09-21T04:57:07.807+0000] {processor.py:914} INFO - Processing file /home/airflow/.local/lib/python3.12/site-packages/airflow/example_dags/example_branch_operator.py for tasks to queue
[2025-09-21T04:57:07.808+0000] {logging_mixin.py:190} INFO - [2025-09-21T04:57:07.808+0000] {dagbag.py:588} INFO - Filling up the DagBag from /home/airflow/.local/lib/python3.12/site-packages/airflow/example_dags/example_branch_operator.py
[2025-09-21T04:57:07.828+0000] {processor.py:925} INFO - DAG(s) 'example_branch_operator' retrieved from /home/airflow/.local/lib/python3.12/site-packages/airflow/example_dags/example_branch_operator.py
[2025-09-21T04:57:07.861+0000] {logging_mixin.py:190} INFO - [2025-09-21T04:57:07.861+0000] {dag.py:3239} INFO - Sync 1 DAGs
[2025-09-21T04:57:07.890+0000] {logging_mixin.py:190} INFO - [2025-09-21T04:57:07.889+0000] {dag.py:4180} INFO - Setting next_dagrun for example_branch_operator to 2025-09-20 00:00:00+00:00, run_after=2025-09-21 00:00:00+00:00
[2025-09-21T04:57:07.907+0000] {processor.py:208} INFO - Processing /home/airflow/.local/lib/python3.12/site-packages/airflow/example_dags/example_branch_operator.py took 0.108 seconds
[2025-09-21T04:57:38.288+0000] {processor.py:186} INFO - Started process (PID=1263) to work on /home/airflow/.local/lib/python3.12/site-packages/airflow/example_dags/example_branch_operator.py
[2025-09-21T04:57:38.289+0000] {processor.py:914} INFO - Processing file /home/airflow/.local/lib/python3.12/site-packages/airflow/example_dags/example_branch_operator.py for tasks to queue
[2025-09-21T04:57:38.291+0000] {logging_mixin.py:190} INFO - [2025-09-21T04:57:38.290+0000] {dagbag.py:588} INFO - Filling up the DagBag from /home/airflow/.local/lib/python3.12/site-packages/airflow/example_dags/example_branch_operator.py
[2025-09-21T04:57:38.310+0000] {processor.py:925} INFO - DAG(s) 'example_branch_operator' retrieved from /home/airflow/.local/lib/python3.12/site-packages/airflow/example_dags/example_branch_operator.py
[2025-09-21T04:57:38.344+0000] {logging_mixin.py:190} INFO - [2025-09-21T04:57:38.344+0000] {dag.py:3239} INFO - Sync 1 DAGs
[2025-09-21T04:57:38.371+0000] {logging_mixin.py:190} INFO - [2025-09-21T04:57:38.371+0000] {dag.py:4180} INFO - Setting next_dagrun for example_branch_operator to 2025-09-20 00:00:00+00:00, run_after=2025-09-21 00:00:00+00:00
[2025-09-21T04:57:38.389+0000] {processor.py:208} INFO - Processing /home/airflow/.local/lib/python3.12/site-packages/airflow/example_dags/example_branch_operator.py took 0.107 seconds
