[2025-09-21T04:48:19.831+0000] {processor.py:186} INFO - Started process (PID=121) to work on /home/airflow/.local/lib/python3.12/site-packages/airflow/example_dags/example_bash_operator.py
[2025-09-21T04:48:19.846+0000] {processor.py:914} INFO - Processing file /home/airflow/.local/lib/python3.12/site-packages/airflow/example_dags/example_bash_operator.py for tasks to queue
[2025-09-21T04:48:19.892+0000] {logging_mixin.py:190} INFO - [2025-09-21T04:48:19.882+0000] {dagbag.py:588} INFO - Filling up the DagBag from /home/airflow/.local/lib/python3.12/site-packages/airflow/example_dags/example_bash_operator.py
[2025-09-21T04:48:20.098+0000] {processor.py:925} INFO - DAG(s) 'example_bash_operator' retrieved from /home/airflow/.local/lib/python3.12/site-packages/airflow/example_dags/example_bash_operator.py
[2025-09-21T04:48:21.482+0000] {logging_mixin.py:190} INFO - [2025-09-21T04:48:21.481+0000] {override.py:1911} INFO - Created Permission View: can delete on DAG:example_bash_operator
[2025-09-21T04:48:21.616+0000] {logging_mixin.py:190} INFO - [2025-09-21T04:48:21.615+0000] {override.py:1911} INFO - Created Permission View: can read on DAG:example_bash_operator
[2025-09-21T04:48:21.658+0000] {logging_mixin.py:190} INFO - [2025-09-21T04:48:21.658+0000] {override.py:1911} INFO - Created Permission View: can edit on DAG:example_bash_operator
[2025-09-21T04:48:21.712+0000] {logging_mixin.py:190} INFO - [2025-09-21T04:48:21.711+0000] {override.py:1911} INFO - Created Permission View: can read on DAG Run:example_bash_operator
[2025-09-21T04:48:21.758+0000] {logging_mixin.py:190} INFO - [2025-09-21T04:48:21.758+0000] {override.py:1911} INFO - Created Permission View: menu access on DAG Run:example_bash_operator
[2025-09-21T04:48:21.788+0000] {logging_mixin.py:190} INFO - [2025-09-21T04:48:21.787+0000] {override.py:1911} INFO - Created Permission View: can delete on DAG Run:example_bash_operator
[2025-09-21T04:48:21.830+0000] {logging_mixin.py:190} INFO - [2025-09-21T04:48:21.830+0000] {override.py:1911} INFO - Created Permission View: can create on DAG Run:example_bash_operator
[2025-09-21T04:48:21.830+0000] {logging_mixin.py:190} INFO - [2025-09-21T04:48:21.830+0000] {dag.py:3239} INFO - Sync 1 DAGs
[2025-09-21T04:48:21.882+0000] {logging_mixin.py:190} INFO - [2025-09-21T04:48:21.882+0000] {dag.py:3262} INFO - Creating ORM DAG for example_bash_operator
[2025-09-21T04:48:21.931+0000] {logging_mixin.py:190} INFO - [2025-09-21T04:48:21.928+0000] {dag.py:4180} INFO - Setting next_dagrun for example_bash_operator to 2025-09-20 00:00:00+00:00, run_after=2025-09-21 00:00:00+00:00
[2025-09-21T04:48:21.985+0000] {processor.py:208} INFO - Processing /home/airflow/.local/lib/python3.12/site-packages/airflow/example_dags/example_bash_operator.py took 2.225 seconds
[2025-09-21T04:48:52.142+0000] {processor.py:186} INFO - Started process (PID=183) to work on /home/airflow/.local/lib/python3.12/site-packages/airflow/example_dags/example_bash_operator.py
[2025-09-21T04:48:52.143+0000] {processor.py:914} INFO - Processing file /home/airflow/.local/lib/python3.12/site-packages/airflow/example_dags/example_bash_operator.py for tasks to queue
[2025-09-21T04:48:52.146+0000] {logging_mixin.py:190} INFO - [2025-09-21T04:48:52.146+0000] {dagbag.py:588} INFO - Filling up the DagBag from /home/airflow/.local/lib/python3.12/site-packages/airflow/example_dags/example_bash_operator.py
[2025-09-21T04:48:52.162+0000] {processor.py:925} INFO - DAG(s) 'example_bash_operator' retrieved from /home/airflow/.local/lib/python3.12/site-packages/airflow/example_dags/example_bash_operator.py
[2025-09-21T04:48:52.193+0000] {logging_mixin.py:190} INFO - [2025-09-21T04:48:52.193+0000] {dag.py:3239} INFO - Sync 1 DAGs
[2025-09-21T04:48:52.243+0000] {logging_mixin.py:190} INFO - [2025-09-21T04:48:52.243+0000] {dag.py:4180} INFO - Setting next_dagrun for example_bash_operator to 2025-09-20 00:00:00+00:00, run_after=2025-09-21 00:00:00+00:00
[2025-09-21T04:48:52.282+0000] {processor.py:208} INFO - Processing /home/airflow/.local/lib/python3.12/site-packages/airflow/example_dags/example_bash_operator.py took 0.151 seconds
[2025-09-21T04:49:22.625+0000] {processor.py:186} INFO - Started process (PID=246) to work on /home/airflow/.local/lib/python3.12/site-packages/airflow/example_dags/example_bash_operator.py
[2025-09-21T04:49:22.626+0000] {processor.py:914} INFO - Processing file /home/airflow/.local/lib/python3.12/site-packages/airflow/example_dags/example_bash_operator.py for tasks to queue
[2025-09-21T04:49:22.629+0000] {logging_mixin.py:190} INFO - [2025-09-21T04:49:22.628+0000] {dagbag.py:588} INFO - Filling up the DagBag from /home/airflow/.local/lib/python3.12/site-packages/airflow/example_dags/example_bash_operator.py
[2025-09-21T04:49:22.639+0000] {processor.py:925} INFO - DAG(s) 'example_bash_operator' retrieved from /home/airflow/.local/lib/python3.12/site-packages/airflow/example_dags/example_bash_operator.py
[2025-09-21T04:49:22.660+0000] {logging_mixin.py:190} INFO - [2025-09-21T04:49:22.660+0000] {dag.py:3239} INFO - Sync 1 DAGs
[2025-09-21T04:49:22.679+0000] {logging_mixin.py:190} INFO - [2025-09-21T04:49:22.678+0000] {dag.py:4180} INFO - Setting next_dagrun for example_bash_operator to 2025-09-20 00:00:00+00:00, run_after=2025-09-21 00:00:00+00:00
[2025-09-21T04:49:22.716+0000] {processor.py:208} INFO - Processing /home/airflow/.local/lib/python3.12/site-packages/airflow/example_dags/example_bash_operator.py took 0.095 seconds
[2025-09-21T04:49:53.262+0000] {processor.py:186} INFO - Started process (PID=309) to work on /home/airflow/.local/lib/python3.12/site-packages/airflow/example_dags/example_bash_operator.py
[2025-09-21T04:49:53.263+0000] {processor.py:914} INFO - Processing file /home/airflow/.local/lib/python3.12/site-packages/airflow/example_dags/example_bash_operator.py for tasks to queue
[2025-09-21T04:49:53.265+0000] {logging_mixin.py:190} INFO - [2025-09-21T04:49:53.265+0000] {dagbag.py:588} INFO - Filling up the DagBag from /home/airflow/.local/lib/python3.12/site-packages/airflow/example_dags/example_bash_operator.py
[2025-09-21T04:49:53.275+0000] {processor.py:925} INFO - DAG(s) 'example_bash_operator' retrieved from /home/airflow/.local/lib/python3.12/site-packages/airflow/example_dags/example_bash_operator.py
[2025-09-21T04:49:53.297+0000] {logging_mixin.py:190} INFO - [2025-09-21T04:49:53.297+0000] {dag.py:3239} INFO - Sync 1 DAGs
[2025-09-21T04:49:53.316+0000] {logging_mixin.py:190} INFO - [2025-09-21T04:49:53.316+0000] {dag.py:4180} INFO - Setting next_dagrun for example_bash_operator to 2025-09-20 00:00:00+00:00, run_after=2025-09-21 00:00:00+00:00
[2025-09-21T04:49:53.331+0000] {processor.py:208} INFO - Processing /home/airflow/.local/lib/python3.12/site-packages/airflow/example_dags/example_bash_operator.py took 0.073 seconds
[2025-09-21T04:50:23.617+0000] {processor.py:186} INFO - Started process (PID=372) to work on /home/airflow/.local/lib/python3.12/site-packages/airflow/example_dags/example_bash_operator.py
[2025-09-21T04:50:23.618+0000] {processor.py:914} INFO - Processing file /home/airflow/.local/lib/python3.12/site-packages/airflow/example_dags/example_bash_operator.py for tasks to queue
[2025-09-21T04:50:23.620+0000] {logging_mixin.py:190} INFO - [2025-09-21T04:50:23.620+0000] {dagbag.py:588} INFO - Filling up the DagBag from /home/airflow/.local/lib/python3.12/site-packages/airflow/example_dags/example_bash_operator.py
[2025-09-21T04:50:23.637+0000] {processor.py:925} INFO - DAG(s) 'example_bash_operator' retrieved from /home/airflow/.local/lib/python3.12/site-packages/airflow/example_dags/example_bash_operator.py
[2025-09-21T04:50:23.670+0000] {logging_mixin.py:190} INFO - [2025-09-21T04:50:23.670+0000] {dag.py:3239} INFO - Sync 1 DAGs
[2025-09-21T04:50:23.701+0000] {logging_mixin.py:190} INFO - [2025-09-21T04:50:23.700+0000] {dag.py:4180} INFO - Setting next_dagrun for example_bash_operator to 2025-09-20 00:00:00+00:00, run_after=2025-09-21 00:00:00+00:00
[2025-09-21T04:50:23.716+0000] {processor.py:208} INFO - Processing /home/airflow/.local/lib/python3.12/site-packages/airflow/example_dags/example_bash_operator.py took 0.106 seconds
[2025-09-21T04:50:54.587+0000] {processor.py:186} INFO - Started process (PID=434) to work on /home/airflow/.local/lib/python3.12/site-packages/airflow/example_dags/example_bash_operator.py
[2025-09-21T04:50:54.587+0000] {processor.py:914} INFO - Processing file /home/airflow/.local/lib/python3.12/site-packages/airflow/example_dags/example_bash_operator.py for tasks to queue
[2025-09-21T04:50:54.589+0000] {logging_mixin.py:190} INFO - [2025-09-21T04:50:54.589+0000] {dagbag.py:588} INFO - Filling up the DagBag from /home/airflow/.local/lib/python3.12/site-packages/airflow/example_dags/example_bash_operator.py
[2025-09-21T04:50:54.599+0000] {processor.py:925} INFO - DAG(s) 'example_bash_operator' retrieved from /home/airflow/.local/lib/python3.12/site-packages/airflow/example_dags/example_bash_operator.py
[2025-09-21T04:50:54.621+0000] {logging_mixin.py:190} INFO - [2025-09-21T04:50:54.621+0000] {dag.py:3239} INFO - Sync 1 DAGs
[2025-09-21T04:50:54.641+0000] {logging_mixin.py:190} INFO - [2025-09-21T04:50:54.640+0000] {dag.py:4180} INFO - Setting next_dagrun for example_bash_operator to 2025-09-20 00:00:00+00:00, run_after=2025-09-21 00:00:00+00:00
[2025-09-21T04:50:54.654+0000] {processor.py:208} INFO - Processing /home/airflow/.local/lib/python3.12/site-packages/airflow/example_dags/example_bash_operator.py took 0.072 seconds
[2025-09-21T04:51:24.970+0000] {processor.py:186} INFO - Started process (PID=496) to work on /home/airflow/.local/lib/python3.12/site-packages/airflow/example_dags/example_bash_operator.py
[2025-09-21T04:51:24.971+0000] {processor.py:914} INFO - Processing file /home/airflow/.local/lib/python3.12/site-packages/airflow/example_dags/example_bash_operator.py for tasks to queue
[2025-09-21T04:51:24.973+0000] {logging_mixin.py:190} INFO - [2025-09-21T04:51:24.972+0000] {dagbag.py:588} INFO - Filling up the DagBag from /home/airflow/.local/lib/python3.12/site-packages/airflow/example_dags/example_bash_operator.py
[2025-09-21T04:51:24.986+0000] {processor.py:925} INFO - DAG(s) 'example_bash_operator' retrieved from /home/airflow/.local/lib/python3.12/site-packages/airflow/example_dags/example_bash_operator.py
[2025-09-21T04:51:25.007+0000] {logging_mixin.py:190} INFO - [2025-09-21T04:51:25.007+0000] {dag.py:3239} INFO - Sync 1 DAGs
[2025-09-21T04:51:25.027+0000] {logging_mixin.py:190} INFO - [2025-09-21T04:51:25.027+0000] {dag.py:4180} INFO - Setting next_dagrun for example_bash_operator to 2025-09-20 00:00:00+00:00, run_after=2025-09-21 00:00:00+00:00
[2025-09-21T04:51:25.042+0000] {processor.py:208} INFO - Processing /home/airflow/.local/lib/python3.12/site-packages/airflow/example_dags/example_bash_operator.py took 0.076 seconds
[2025-09-21T04:51:55.749+0000] {processor.py:186} INFO - Started process (PID=560) to work on /home/airflow/.local/lib/python3.12/site-packages/airflow/example_dags/example_bash_operator.py
[2025-09-21T04:51:55.752+0000] {processor.py:914} INFO - Processing file /home/airflow/.local/lib/python3.12/site-packages/airflow/example_dags/example_bash_operator.py for tasks to queue
[2025-09-21T04:51:55.756+0000] {logging_mixin.py:190} INFO - [2025-09-21T04:51:55.756+0000] {dagbag.py:588} INFO - Filling up the DagBag from /home/airflow/.local/lib/python3.12/site-packages/airflow/example_dags/example_bash_operator.py
[2025-09-21T04:51:55.784+0000] {processor.py:925} INFO - DAG(s) 'example_bash_operator' retrieved from /home/airflow/.local/lib/python3.12/site-packages/airflow/example_dags/example_bash_operator.py
[2025-09-21T04:51:55.854+0000] {logging_mixin.py:190} INFO - [2025-09-21T04:51:55.853+0000] {dag.py:3239} INFO - Sync 1 DAGs
[2025-09-21T04:51:55.920+0000] {logging_mixin.py:190} INFO - [2025-09-21T04:51:55.920+0000] {dag.py:4180} INFO - Setting next_dagrun for example_bash_operator to 2025-09-20 00:00:00+00:00, run_after=2025-09-21 00:00:00+00:00
[2025-09-21T04:51:55.942+0000] {processor.py:208} INFO - Processing /home/airflow/.local/lib/python3.12/site-packages/airflow/example_dags/example_bash_operator.py took 0.206 seconds
[2025-09-21T04:52:27.752+0000] {processor.py:186} INFO - Started process (PID=623) to work on /home/airflow/.local/lib/python3.12/site-packages/airflow/example_dags/example_bash_operator.py
[2025-09-21T04:52:27.755+0000] {processor.py:914} INFO - Processing file /home/airflow/.local/lib/python3.12/site-packages/airflow/example_dags/example_bash_operator.py for tasks to queue
[2025-09-21T04:52:27.759+0000] {logging_mixin.py:190} INFO - [2025-09-21T04:52:27.759+0000] {dagbag.py:588} INFO - Filling up the DagBag from /home/airflow/.local/lib/python3.12/site-packages/airflow/example_dags/example_bash_operator.py
[2025-09-21T04:52:27.799+0000] {processor.py:925} INFO - DAG(s) 'example_bash_operator' retrieved from /home/airflow/.local/lib/python3.12/site-packages/airflow/example_dags/example_bash_operator.py
[2025-09-21T04:52:27.857+0000] {logging_mixin.py:190} INFO - [2025-09-21T04:52:27.856+0000] {dag.py:3239} INFO - Sync 1 DAGs
[2025-09-21T04:52:27.886+0000] {logging_mixin.py:190} INFO - [2025-09-21T04:52:27.886+0000] {dag.py:4180} INFO - Setting next_dagrun for example_bash_operator to 2025-09-20 00:00:00+00:00, run_after=2025-09-21 00:00:00+00:00
[2025-09-21T04:52:27.911+0000] {processor.py:208} INFO - Processing /home/airflow/.local/lib/python3.12/site-packages/airflow/example_dags/example_bash_operator.py took 0.180 seconds
[2025-09-21T04:52:58.147+0000] {processor.py:186} INFO - Started process (PID=685) to work on /home/airflow/.local/lib/python3.12/site-packages/airflow/example_dags/example_bash_operator.py
[2025-09-21T04:52:58.148+0000] {processor.py:914} INFO - Processing file /home/airflow/.local/lib/python3.12/site-packages/airflow/example_dags/example_bash_operator.py for tasks to queue
[2025-09-21T04:52:58.155+0000] {logging_mixin.py:190} INFO - [2025-09-21T04:52:58.154+0000] {dagbag.py:588} INFO - Filling up the DagBag from /home/airflow/.local/lib/python3.12/site-packages/airflow/example_dags/example_bash_operator.py
[2025-09-21T04:52:58.179+0000] {processor.py:925} INFO - DAG(s) 'example_bash_operator' retrieved from /home/airflow/.local/lib/python3.12/site-packages/airflow/example_dags/example_bash_operator.py
[2025-09-21T04:52:58.218+0000] {logging_mixin.py:190} INFO - [2025-09-21T04:52:58.218+0000] {dag.py:3239} INFO - Sync 1 DAGs
[2025-09-21T04:52:58.248+0000] {logging_mixin.py:190} INFO - [2025-09-21T04:52:58.247+0000] {dag.py:4180} INFO - Setting next_dagrun for example_bash_operator to 2025-09-20 00:00:00+00:00, run_after=2025-09-21 00:00:00+00:00
[2025-09-21T04:52:58.266+0000] {processor.py:208} INFO - Processing /home/airflow/.local/lib/python3.12/site-packages/airflow/example_dags/example_bash_operator.py took 0.131 seconds
[2025-09-21T04:53:28.428+0000] {processor.py:186} INFO - Started process (PID=747) to work on /home/airflow/.local/lib/python3.12/site-packages/airflow/example_dags/example_bash_operator.py
[2025-09-21T04:53:28.429+0000] {processor.py:914} INFO - Processing file /home/airflow/.local/lib/python3.12/site-packages/airflow/example_dags/example_bash_operator.py for tasks to queue
[2025-09-21T04:53:28.430+0000] {logging_mixin.py:190} INFO - [2025-09-21T04:53:28.430+0000] {dagbag.py:588} INFO - Filling up the DagBag from /home/airflow/.local/lib/python3.12/site-packages/airflow/example_dags/example_bash_operator.py
[2025-09-21T04:53:28.441+0000] {processor.py:925} INFO - DAG(s) 'example_bash_operator' retrieved from /home/airflow/.local/lib/python3.12/site-packages/airflow/example_dags/example_bash_operator.py
[2025-09-21T04:53:28.461+0000] {logging_mixin.py:190} INFO - [2025-09-21T04:53:28.461+0000] {dag.py:3239} INFO - Sync 1 DAGs
[2025-09-21T04:53:28.481+0000] {logging_mixin.py:190} INFO - [2025-09-21T04:53:28.481+0000] {dag.py:4180} INFO - Setting next_dagrun for example_bash_operator to 2025-09-20 00:00:00+00:00, run_after=2025-09-21 00:00:00+00:00
[2025-09-21T04:53:28.494+0000] {processor.py:208} INFO - Processing /home/airflow/.local/lib/python3.12/site-packages/airflow/example_dags/example_bash_operator.py took 0.072 seconds
[2025-09-21T04:53:58.586+0000] {processor.py:186} INFO - Started process (PID=810) to work on /home/airflow/.local/lib/python3.12/site-packages/airflow/example_dags/example_bash_operator.py
[2025-09-21T04:53:58.587+0000] {processor.py:914} INFO - Processing file /home/airflow/.local/lib/python3.12/site-packages/airflow/example_dags/example_bash_operator.py for tasks to queue
[2025-09-21T04:53:58.588+0000] {logging_mixin.py:190} INFO - [2025-09-21T04:53:58.588+0000] {dagbag.py:588} INFO - Filling up the DagBag from /home/airflow/.local/lib/python3.12/site-packages/airflow/example_dags/example_bash_operator.py
[2025-09-21T04:53:58.598+0000] {processor.py:925} INFO - DAG(s) 'example_bash_operator' retrieved from /home/airflow/.local/lib/python3.12/site-packages/airflow/example_dags/example_bash_operator.py
[2025-09-21T04:53:58.619+0000] {logging_mixin.py:190} INFO - [2025-09-21T04:53:58.619+0000] {dag.py:3239} INFO - Sync 1 DAGs
[2025-09-21T04:53:58.639+0000] {logging_mixin.py:190} INFO - [2025-09-21T04:53:58.639+0000] {dag.py:4180} INFO - Setting next_dagrun for example_bash_operator to 2025-09-20 00:00:00+00:00, run_after=2025-09-21 00:00:00+00:00
[2025-09-21T04:53:58.656+0000] {processor.py:208} INFO - Processing /home/airflow/.local/lib/python3.12/site-packages/airflow/example_dags/example_bash_operator.py took 0.074 seconds
[2025-09-21T04:54:29.218+0000] {processor.py:186} INFO - Started process (PID=873) to work on /home/airflow/.local/lib/python3.12/site-packages/airflow/example_dags/example_bash_operator.py
[2025-09-21T04:54:29.219+0000] {processor.py:914} INFO - Processing file /home/airflow/.local/lib/python3.12/site-packages/airflow/example_dags/example_bash_operator.py for tasks to queue
[2025-09-21T04:54:29.221+0000] {logging_mixin.py:190} INFO - [2025-09-21T04:54:29.221+0000] {dagbag.py:588} INFO - Filling up the DagBag from /home/airflow/.local/lib/python3.12/site-packages/airflow/example_dags/example_bash_operator.py
[2025-09-21T04:54:29.236+0000] {processor.py:925} INFO - DAG(s) 'example_bash_operator' retrieved from /home/airflow/.local/lib/python3.12/site-packages/airflow/example_dags/example_bash_operator.py
[2025-09-21T04:54:29.277+0000] {logging_mixin.py:190} INFO - [2025-09-21T04:54:29.276+0000] {dag.py:3239} INFO - Sync 1 DAGs
[2025-09-21T04:54:29.314+0000] {logging_mixin.py:190} INFO - [2025-09-21T04:54:29.314+0000] {dag.py:4180} INFO - Setting next_dagrun for example_bash_operator to 2025-09-20 00:00:00+00:00, run_after=2025-09-21 00:00:00+00:00
[2025-09-21T04:54:29.333+0000] {processor.py:208} INFO - Processing /home/airflow/.local/lib/python3.12/site-packages/airflow/example_dags/example_bash_operator.py took 0.127 seconds
[2025-09-21T04:54:59.682+0000] {processor.py:186} INFO - Started process (PID=936) to work on /home/airflow/.local/lib/python3.12/site-packages/airflow/example_dags/example_bash_operator.py
[2025-09-21T04:54:59.682+0000] {processor.py:914} INFO - Processing file /home/airflow/.local/lib/python3.12/site-packages/airflow/example_dags/example_bash_operator.py for tasks to queue
[2025-09-21T04:54:59.684+0000] {logging_mixin.py:190} INFO - [2025-09-21T04:54:59.684+0000] {dagbag.py:588} INFO - Filling up the DagBag from /home/airflow/.local/lib/python3.12/site-packages/airflow/example_dags/example_bash_operator.py
[2025-09-21T04:54:59.694+0000] {processor.py:925} INFO - DAG(s) 'example_bash_operator' retrieved from /home/airflow/.local/lib/python3.12/site-packages/airflow/example_dags/example_bash_operator.py
[2025-09-21T04:54:59.715+0000] {logging_mixin.py:190} INFO - [2025-09-21T04:54:59.715+0000] {dag.py:3239} INFO - Sync 1 DAGs
[2025-09-21T04:54:59.733+0000] {logging_mixin.py:190} INFO - [2025-09-21T04:54:59.733+0000] {dag.py:4180} INFO - Setting next_dagrun for example_bash_operator to 2025-09-20 00:00:00+00:00, run_after=2025-09-21 00:00:00+00:00
[2025-09-21T04:54:59.747+0000] {processor.py:208} INFO - Processing /home/airflow/.local/lib/python3.12/site-packages/airflow/example_dags/example_bash_operator.py took 0.071 seconds
[2025-09-21T04:55:30.124+0000] {processor.py:186} INFO - Started process (PID=999) to work on /home/airflow/.local/lib/python3.12/site-packages/airflow/example_dags/example_bash_operator.py
[2025-09-21T04:55:30.125+0000] {processor.py:914} INFO - Processing file /home/airflow/.local/lib/python3.12/site-packages/airflow/example_dags/example_bash_operator.py for tasks to queue
[2025-09-21T04:55:30.128+0000] {logging_mixin.py:190} INFO - [2025-09-21T04:55:30.127+0000] {dagbag.py:588} INFO - Filling up the DagBag from /home/airflow/.local/lib/python3.12/site-packages/airflow/example_dags/example_bash_operator.py
[2025-09-21T04:55:30.142+0000] {processor.py:925} INFO - DAG(s) 'example_bash_operator' retrieved from /home/airflow/.local/lib/python3.12/site-packages/airflow/example_dags/example_bash_operator.py
[2025-09-21T04:55:30.175+0000] {logging_mixin.py:190} INFO - [2025-09-21T04:55:30.174+0000] {dag.py:3239} INFO - Sync 1 DAGs
[2025-09-21T04:55:30.209+0000] {logging_mixin.py:190} INFO - [2025-09-21T04:55:30.208+0000] {dag.py:4180} INFO - Setting next_dagrun for example_bash_operator to 2025-09-20 00:00:00+00:00, run_after=2025-09-21 00:00:00+00:00
[2025-09-21T04:55:30.222+0000] {processor.py:208} INFO - Processing /home/airflow/.local/lib/python3.12/site-packages/airflow/example_dags/example_bash_operator.py took 0.103 seconds
