[2025-09-21T04:48:02.479+0000] {processor.py:186} INFO - Started process (PID=100) to work on /home/airflow/.local/lib/python3.12/site-packages/airflow/example_dags/example_python_operator.py
[2025-09-21T04:48:02.480+0000] {processor.py:914} INFO - Processing file /home/airflow/.local/lib/python3.12/site-packages/airflow/example_dags/example_python_operator.py for tasks to queue
[2025-09-21T04:48:02.487+0000] {logging_mixin.py:190} INFO - [2025-09-21T04:48:02.487+0000] {dagbag.py:588} INFO - Filling up the DagBag from /home/airflow/.local/lib/python3.12/site-packages/airflow/example_dags/example_python_operator.py
[2025-09-21T04:48:02.516+0000] {processor.py:925} INFO - DAG(s) 'example_python_operator' retrieved from /home/airflow/.local/lib/python3.12/site-packages/airflow/example_dags/example_python_operator.py
[2025-09-21T04:48:02.798+0000] {logging_mixin.py:190} INFO - [2025-09-21T04:48:02.797+0000] {override.py:1911} INFO - Created Permission View: can delete on DAG:example_python_operator
[2025-09-21T04:48:02.829+0000] {logging_mixin.py:190} INFO - [2025-09-21T04:48:02.829+0000] {override.py:1911} INFO - Created Permission View: can read on DAG:example_python_operator
[2025-09-21T04:48:02.851+0000] {logging_mixin.py:190} INFO - [2025-09-21T04:48:02.850+0000] {override.py:1911} INFO - Created Permission View: can edit on DAG:example_python_operator
[2025-09-21T04:48:02.865+0000] {logging_mixin.py:190} INFO - [2025-09-21T04:48:02.865+0000] {override.py:1911} INFO - Created Permission View: can read on DAG Run:example_python_operator
[2025-09-21T04:48:02.884+0000] {logging_mixin.py:190} INFO - [2025-09-21T04:48:02.884+0000] {override.py:1911} INFO - Created Permission View: menu access on DAG Run:example_python_operator
[2025-09-21T04:48:02.901+0000] {logging_mixin.py:190} INFO - [2025-09-21T04:48:02.900+0000] {override.py:1911} INFO - Created Permission View: can delete on DAG Run:example_python_operator
[2025-09-21T04:48:02.914+0000] {logging_mixin.py:190} INFO - [2025-09-21T04:48:02.914+0000] {override.py:1911} INFO - Created Permission View: can create on DAG Run:example_python_operator
[2025-09-21T04:48:02.916+0000] {logging_mixin.py:190} INFO - [2025-09-21T04:48:02.915+0000] {dag.py:3239} INFO - Sync 1 DAGs
[2025-09-21T04:48:02.967+0000] {logging_mixin.py:190} INFO - [2025-09-21T04:48:02.966+0000] {dag.py:3262} INFO - Creating ORM DAG for example_python_operator
[2025-09-21T04:48:02.967+0000] {logging_mixin.py:190} INFO - [2025-09-21T04:48:02.967+0000] {dag.py:4180} INFO - Setting next_dagrun for example_python_operator to None, run_after=None
[2025-09-21T04:48:03.039+0000] {processor.py:208} INFO - Processing /home/airflow/.local/lib/python3.12/site-packages/airflow/example_dags/example_python_operator.py took 0.566 seconds
[2025-09-21T04:48:33.649+0000] {processor.py:186} INFO - Started process (PID=163) to work on /home/airflow/.local/lib/python3.12/site-packages/airflow/example_dags/example_python_operator.py
[2025-09-21T04:48:33.650+0000] {processor.py:914} INFO - Processing file /home/airflow/.local/lib/python3.12/site-packages/airflow/example_dags/example_python_operator.py for tasks to queue
[2025-09-21T04:48:33.652+0000] {logging_mixin.py:190} INFO - [2025-09-21T04:48:33.652+0000] {dagbag.py:588} INFO - Filling up the DagBag from /home/airflow/.local/lib/python3.12/site-packages/airflow/example_dags/example_python_operator.py
[2025-09-21T04:48:33.666+0000] {processor.py:925} INFO - DAG(s) 'example_python_operator' retrieved from /home/airflow/.local/lib/python3.12/site-packages/airflow/example_dags/example_python_operator.py
[2025-09-21T04:48:33.689+0000] {logging_mixin.py:190} INFO - [2025-09-21T04:48:33.689+0000] {dag.py:3239} INFO - Sync 1 DAGs
[2025-09-21T04:48:33.706+0000] {logging_mixin.py:190} INFO - [2025-09-21T04:48:33.706+0000] {dag.py:4180} INFO - Setting next_dagrun for example_python_operator to None, run_after=None
[2025-09-21T04:48:33.723+0000] {processor.py:208} INFO - Processing /home/airflow/.local/lib/python3.12/site-packages/airflow/example_dags/example_python_operator.py took 0.085 seconds
[2025-09-21T04:49:03.980+0000] {processor.py:186} INFO - Started process (PID=226) to work on /home/airflow/.local/lib/python3.12/site-packages/airflow/example_dags/example_python_operator.py
[2025-09-21T04:49:03.980+0000] {processor.py:914} INFO - Processing file /home/airflow/.local/lib/python3.12/site-packages/airflow/example_dags/example_python_operator.py for tasks to queue
[2025-09-21T04:49:03.983+0000] {logging_mixin.py:190} INFO - [2025-09-21T04:49:03.982+0000] {dagbag.py:588} INFO - Filling up the DagBag from /home/airflow/.local/lib/python3.12/site-packages/airflow/example_dags/example_python_operator.py
[2025-09-21T04:49:03.996+0000] {processor.py:925} INFO - DAG(s) 'example_python_operator' retrieved from /home/airflow/.local/lib/python3.12/site-packages/airflow/example_dags/example_python_operator.py
[2025-09-21T04:49:04.019+0000] {logging_mixin.py:190} INFO - [2025-09-21T04:49:04.019+0000] {dag.py:3239} INFO - Sync 1 DAGs
[2025-09-21T04:49:04.036+0000] {logging_mixin.py:190} INFO - [2025-09-21T04:49:04.036+0000] {dag.py:4180} INFO - Setting next_dagrun for example_python_operator to None, run_after=None
[2025-09-21T04:49:04.054+0000] {processor.py:208} INFO - Processing /home/airflow/.local/lib/python3.12/site-packages/airflow/example_dags/example_python_operator.py took 0.081 seconds
[2025-09-21T04:49:34.898+0000] {processor.py:186} INFO - Started process (PID=289) to work on /home/airflow/.local/lib/python3.12/site-packages/airflow/example_dags/example_python_operator.py
[2025-09-21T04:49:34.899+0000] {processor.py:914} INFO - Processing file /home/airflow/.local/lib/python3.12/site-packages/airflow/example_dags/example_python_operator.py for tasks to queue
[2025-09-21T04:49:34.901+0000] {logging_mixin.py:190} INFO - [2025-09-21T04:49:34.901+0000] {dagbag.py:588} INFO - Filling up the DagBag from /home/airflow/.local/lib/python3.12/site-packages/airflow/example_dags/example_python_operator.py
[2025-09-21T04:49:34.915+0000] {processor.py:925} INFO - DAG(s) 'example_python_operator' retrieved from /home/airflow/.local/lib/python3.12/site-packages/airflow/example_dags/example_python_operator.py
[2025-09-21T04:49:34.940+0000] {logging_mixin.py:190} INFO - [2025-09-21T04:49:34.940+0000] {dag.py:3239} INFO - Sync 1 DAGs
[2025-09-21T04:49:34.957+0000] {logging_mixin.py:190} INFO - [2025-09-21T04:49:34.956+0000] {dag.py:4180} INFO - Setting next_dagrun for example_python_operator to None, run_after=None
[2025-09-21T04:49:34.973+0000] {processor.py:208} INFO - Processing /home/airflow/.local/lib/python3.12/site-packages/airflow/example_dags/example_python_operator.py took 0.081 seconds
[2025-09-21T04:50:07.213+0000] {processor.py:186} INFO - Started process (PID=352) to work on /home/airflow/.local/lib/python3.12/site-packages/airflow/example_dags/example_python_operator.py
[2025-09-21T04:50:07.214+0000] {processor.py:914} INFO - Processing file /home/airflow/.local/lib/python3.12/site-packages/airflow/example_dags/example_python_operator.py for tasks to queue
[2025-09-21T04:50:07.221+0000] {logging_mixin.py:190} INFO - [2025-09-21T04:50:07.221+0000] {dagbag.py:588} INFO - Filling up the DagBag from /home/airflow/.local/lib/python3.12/site-packages/airflow/example_dags/example_python_operator.py
[2025-09-21T04:50:07.283+0000] {processor.py:925} INFO - DAG(s) 'example_python_operator' retrieved from /home/airflow/.local/lib/python3.12/site-packages/airflow/example_dags/example_python_operator.py
[2025-09-21T04:50:07.377+0000] {logging_mixin.py:190} INFO - [2025-09-21T04:50:07.377+0000] {dag.py:3239} INFO - Sync 1 DAGs
[2025-09-21T04:50:07.438+0000] {logging_mixin.py:190} INFO - [2025-09-21T04:50:07.437+0000] {dag.py:4180} INFO - Setting next_dagrun for example_python_operator to None, run_after=None
[2025-09-21T04:50:07.502+0000] {processor.py:208} INFO - Processing /home/airflow/.local/lib/python3.12/site-packages/airflow/example_dags/example_python_operator.py took 0.318 seconds
[2025-09-21T04:50:37.612+0000] {processor.py:186} INFO - Started process (PID=413) to work on /home/airflow/.local/lib/python3.12/site-packages/airflow/example_dags/example_python_operator.py
[2025-09-21T04:50:37.613+0000] {processor.py:914} INFO - Processing file /home/airflow/.local/lib/python3.12/site-packages/airflow/example_dags/example_python_operator.py for tasks to queue
[2025-09-21T04:50:37.616+0000] {logging_mixin.py:190} INFO - [2025-09-21T04:50:37.616+0000] {dagbag.py:588} INFO - Filling up the DagBag from /home/airflow/.local/lib/python3.12/site-packages/airflow/example_dags/example_python_operator.py
[2025-09-21T04:50:37.640+0000] {processor.py:925} INFO - DAG(s) 'example_python_operator' retrieved from /home/airflow/.local/lib/python3.12/site-packages/airflow/example_dags/example_python_operator.py
[2025-09-21T04:50:37.674+0000] {logging_mixin.py:190} INFO - [2025-09-21T04:50:37.674+0000] {dag.py:3239} INFO - Sync 1 DAGs
[2025-09-21T04:50:37.686+0000] {logging_mixin.py:190} INFO - [2025-09-21T04:50:37.686+0000] {dag.py:4180} INFO - Setting next_dagrun for example_python_operator to None, run_after=None
[2025-09-21T04:50:37.699+0000] {processor.py:208} INFO - Processing /home/airflow/.local/lib/python3.12/site-packages/airflow/example_dags/example_python_operator.py took 0.094 seconds
[2025-09-21T04:51:08.524+0000] {processor.py:186} INFO - Started process (PID=475) to work on /home/airflow/.local/lib/python3.12/site-packages/airflow/example_dags/example_python_operator.py
[2025-09-21T04:51:08.525+0000] {processor.py:914} INFO - Processing file /home/airflow/.local/lib/python3.12/site-packages/airflow/example_dags/example_python_operator.py for tasks to queue
[2025-09-21T04:51:08.527+0000] {logging_mixin.py:190} INFO - [2025-09-21T04:51:08.527+0000] {dagbag.py:588} INFO - Filling up the DagBag from /home/airflow/.local/lib/python3.12/site-packages/airflow/example_dags/example_python_operator.py
[2025-09-21T04:51:08.543+0000] {processor.py:925} INFO - DAG(s) 'example_python_operator' retrieved from /home/airflow/.local/lib/python3.12/site-packages/airflow/example_dags/example_python_operator.py
[2025-09-21T04:51:08.580+0000] {logging_mixin.py:190} INFO - [2025-09-21T04:51:08.580+0000] {dag.py:3239} INFO - Sync 1 DAGs
[2025-09-21T04:51:08.592+0000] {logging_mixin.py:190} INFO - [2025-09-21T04:51:08.591+0000] {dag.py:4180} INFO - Setting next_dagrun for example_python_operator to None, run_after=None
[2025-09-21T04:51:08.605+0000] {processor.py:208} INFO - Processing /home/airflow/.local/lib/python3.12/site-packages/airflow/example_dags/example_python_operator.py took 0.092 seconds
[2025-09-21T04:51:38.747+0000] {processor.py:186} INFO - Started process (PID=539) to work on /home/airflow/.local/lib/python3.12/site-packages/airflow/example_dags/example_python_operator.py
[2025-09-21T04:51:38.748+0000] {processor.py:914} INFO - Processing file /home/airflow/.local/lib/python3.12/site-packages/airflow/example_dags/example_python_operator.py for tasks to queue
[2025-09-21T04:51:38.754+0000] {logging_mixin.py:190} INFO - [2025-09-21T04:51:38.754+0000] {dagbag.py:588} INFO - Filling up the DagBag from /home/airflow/.local/lib/python3.12/site-packages/airflow/example_dags/example_python_operator.py
[2025-09-21T04:51:38.790+0000] {processor.py:925} INFO - DAG(s) 'example_python_operator' retrieved from /home/airflow/.local/lib/python3.12/site-packages/airflow/example_dags/example_python_operator.py
[2025-09-21T04:51:38.854+0000] {logging_mixin.py:190} INFO - [2025-09-21T04:51:38.854+0000] {dag.py:3239} INFO - Sync 1 DAGs
[2025-09-21T04:51:38.881+0000] {logging_mixin.py:190} INFO - [2025-09-21T04:51:38.881+0000] {dag.py:4180} INFO - Setting next_dagrun for example_python_operator to None, run_after=None
[2025-09-21T04:51:38.896+0000] {processor.py:208} INFO - Processing /home/airflow/.local/lib/python3.12/site-packages/airflow/example_dags/example_python_operator.py took 0.156 seconds
[2025-09-21T04:52:09.841+0000] {processor.py:186} INFO - Started process (PID=602) to work on /home/airflow/.local/lib/python3.12/site-packages/airflow/example_dags/example_python_operator.py
[2025-09-21T04:52:09.842+0000] {processor.py:914} INFO - Processing file /home/airflow/.local/lib/python3.12/site-packages/airflow/example_dags/example_python_operator.py for tasks to queue
[2025-09-21T04:52:09.851+0000] {logging_mixin.py:190} INFO - [2025-09-21T04:52:09.851+0000] {dagbag.py:588} INFO - Filling up the DagBag from /home/airflow/.local/lib/python3.12/site-packages/airflow/example_dags/example_python_operator.py
[2025-09-21T04:52:09.874+0000] {processor.py:925} INFO - DAG(s) 'example_python_operator' retrieved from /home/airflow/.local/lib/python3.12/site-packages/airflow/example_dags/example_python_operator.py
[2025-09-21T04:52:09.900+0000] {logging_mixin.py:190} INFO - [2025-09-21T04:52:09.900+0000] {dag.py:3239} INFO - Sync 1 DAGs
[2025-09-21T04:52:09.916+0000] {logging_mixin.py:190} INFO - [2025-09-21T04:52:09.916+0000] {dag.py:4180} INFO - Setting next_dagrun for example_python_operator to None, run_after=None
[2025-09-21T04:52:09.933+0000] {processor.py:208} INFO - Processing /home/airflow/.local/lib/python3.12/site-packages/airflow/example_dags/example_python_operator.py took 0.106 seconds
[2025-09-21T04:52:40.040+0000] {processor.py:186} INFO - Started process (PID=665) to work on /home/airflow/.local/lib/python3.12/site-packages/airflow/example_dags/example_python_operator.py
[2025-09-21T04:52:40.040+0000] {processor.py:914} INFO - Processing file /home/airflow/.local/lib/python3.12/site-packages/airflow/example_dags/example_python_operator.py for tasks to queue
[2025-09-21T04:52:40.043+0000] {logging_mixin.py:190} INFO - [2025-09-21T04:52:40.042+0000] {dagbag.py:588} INFO - Filling up the DagBag from /home/airflow/.local/lib/python3.12/site-packages/airflow/example_dags/example_python_operator.py
[2025-09-21T04:52:40.056+0000] {processor.py:925} INFO - DAG(s) 'example_python_operator' retrieved from /home/airflow/.local/lib/python3.12/site-packages/airflow/example_dags/example_python_operator.py
[2025-09-21T04:52:40.080+0000] {logging_mixin.py:190} INFO - [2025-09-21T04:52:40.080+0000] {dag.py:3239} INFO - Sync 1 DAGs
[2025-09-21T04:52:40.097+0000] {logging_mixin.py:190} INFO - [2025-09-21T04:52:40.097+0000] {dag.py:4180} INFO - Setting next_dagrun for example_python_operator to None, run_after=None
[2025-09-21T04:52:40.114+0000] {processor.py:208} INFO - Processing /home/airflow/.local/lib/python3.12/site-packages/airflow/example_dags/example_python_operator.py took 0.086 seconds
[2025-09-21T04:53:10.985+0000] {processor.py:186} INFO - Started process (PID=728) to work on /home/airflow/.local/lib/python3.12/site-packages/airflow/example_dags/example_python_operator.py
[2025-09-21T04:53:10.986+0000] {processor.py:914} INFO - Processing file /home/airflow/.local/lib/python3.12/site-packages/airflow/example_dags/example_python_operator.py for tasks to queue
[2025-09-21T04:53:10.988+0000] {logging_mixin.py:190} INFO - [2025-09-21T04:53:10.988+0000] {dagbag.py:588} INFO - Filling up the DagBag from /home/airflow/.local/lib/python3.12/site-packages/airflow/example_dags/example_python_operator.py
[2025-09-21T04:53:11.002+0000] {processor.py:925} INFO - DAG(s) 'example_python_operator' retrieved from /home/airflow/.local/lib/python3.12/site-packages/airflow/example_dags/example_python_operator.py
[2025-09-21T04:53:11.027+0000] {logging_mixin.py:190} INFO - [2025-09-21T04:53:11.026+0000] {dag.py:3239} INFO - Sync 1 DAGs
[2025-09-21T04:53:11.045+0000] {logging_mixin.py:190} INFO - [2025-09-21T04:53:11.045+0000] {dag.py:4180} INFO - Setting next_dagrun for example_python_operator to None, run_after=None
[2025-09-21T04:53:11.062+0000] {processor.py:208} INFO - Processing /home/airflow/.local/lib/python3.12/site-packages/airflow/example_dags/example_python_operator.py took 0.088 seconds
[2025-09-21T04:53:41.571+0000] {processor.py:186} INFO - Started process (PID=791) to work on /home/airflow/.local/lib/python3.12/site-packages/airflow/example_dags/example_python_operator.py
[2025-09-21T04:53:41.572+0000] {processor.py:914} INFO - Processing file /home/airflow/.local/lib/python3.12/site-packages/airflow/example_dags/example_python_operator.py for tasks to queue
[2025-09-21T04:53:41.574+0000] {logging_mixin.py:190} INFO - [2025-09-21T04:53:41.574+0000] {dagbag.py:588} INFO - Filling up the DagBag from /home/airflow/.local/lib/python3.12/site-packages/airflow/example_dags/example_python_operator.py
[2025-09-21T04:53:41.587+0000] {processor.py:925} INFO - DAG(s) 'example_python_operator' retrieved from /home/airflow/.local/lib/python3.12/site-packages/airflow/example_dags/example_python_operator.py
[2025-09-21T04:53:41.611+0000] {logging_mixin.py:190} INFO - [2025-09-21T04:53:41.611+0000] {dag.py:3239} INFO - Sync 1 DAGs
[2025-09-21T04:53:41.628+0000] {logging_mixin.py:190} INFO - [2025-09-21T04:53:41.628+0000] {dag.py:4180} INFO - Setting next_dagrun for example_python_operator to None, run_after=None
[2025-09-21T04:53:41.647+0000] {processor.py:208} INFO - Processing /home/airflow/.local/lib/python3.12/site-packages/airflow/example_dags/example_python_operator.py took 0.082 seconds
[2025-09-21T04:54:12.192+0000] {processor.py:186} INFO - Started process (PID=854) to work on /home/airflow/.local/lib/python3.12/site-packages/airflow/example_dags/example_python_operator.py
[2025-09-21T04:54:12.193+0000] {processor.py:914} INFO - Processing file /home/airflow/.local/lib/python3.12/site-packages/airflow/example_dags/example_python_operator.py for tasks to queue
[2025-09-21T04:54:12.197+0000] {logging_mixin.py:190} INFO - [2025-09-21T04:54:12.197+0000] {dagbag.py:588} INFO - Filling up the DagBag from /home/airflow/.local/lib/python3.12/site-packages/airflow/example_dags/example_python_operator.py
[2025-09-21T04:54:12.261+0000] {processor.py:925} INFO - DAG(s) 'example_python_operator' retrieved from /home/airflow/.local/lib/python3.12/site-packages/airflow/example_dags/example_python_operator.py
[2025-09-21T04:54:12.366+0000] {logging_mixin.py:190} INFO - [2025-09-21T04:54:12.362+0000] {dag.py:3239} INFO - Sync 1 DAGs
[2025-09-21T04:54:12.399+0000] {logging_mixin.py:190} INFO - [2025-09-21T04:54:12.399+0000] {dag.py:4180} INFO - Setting next_dagrun for example_python_operator to None, run_after=None
[2025-09-21T04:54:12.433+0000] {processor.py:208} INFO - Processing /home/airflow/.local/lib/python3.12/site-packages/airflow/example_dags/example_python_operator.py took 0.248 seconds
[2025-09-21T04:54:43.298+0000] {processor.py:186} INFO - Started process (PID=916) to work on /home/airflow/.local/lib/python3.12/site-packages/airflow/example_dags/example_python_operator.py
[2025-09-21T04:54:43.299+0000] {processor.py:914} INFO - Processing file /home/airflow/.local/lib/python3.12/site-packages/airflow/example_dags/example_python_operator.py for tasks to queue
[2025-09-21T04:54:43.303+0000] {logging_mixin.py:190} INFO - [2025-09-21T04:54:43.302+0000] {dagbag.py:588} INFO - Filling up the DagBag from /home/airflow/.local/lib/python3.12/site-packages/airflow/example_dags/example_python_operator.py
[2025-09-21T04:54:43.317+0000] {processor.py:925} INFO - DAG(s) 'example_python_operator' retrieved from /home/airflow/.local/lib/python3.12/site-packages/airflow/example_dags/example_python_operator.py
[2025-09-21T04:54:43.375+0000] {logging_mixin.py:190} INFO - [2025-09-21T04:54:43.375+0000] {dag.py:3239} INFO - Sync 1 DAGs
[2025-09-21T04:54:43.409+0000] {logging_mixin.py:190} INFO - [2025-09-21T04:54:43.408+0000] {dag.py:4180} INFO - Setting next_dagrun for example_python_operator to None, run_after=None
[2025-09-21T04:54:43.461+0000] {processor.py:208} INFO - Processing /home/airflow/.local/lib/python3.12/site-packages/airflow/example_dags/example_python_operator.py took 0.177 seconds
[2025-09-21T04:55:14.074+0000] {processor.py:186} INFO - Started process (PID=979) to work on /home/airflow/.local/lib/python3.12/site-packages/airflow/example_dags/example_python_operator.py
[2025-09-21T04:55:14.075+0000] {processor.py:914} INFO - Processing file /home/airflow/.local/lib/python3.12/site-packages/airflow/example_dags/example_python_operator.py for tasks to queue
[2025-09-21T04:55:14.076+0000] {logging_mixin.py:190} INFO - [2025-09-21T04:55:14.076+0000] {dagbag.py:588} INFO - Filling up the DagBag from /home/airflow/.local/lib/python3.12/site-packages/airflow/example_dags/example_python_operator.py
[2025-09-21T04:55:14.086+0000] {processor.py:925} INFO - DAG(s) 'example_python_operator' retrieved from /home/airflow/.local/lib/python3.12/site-packages/airflow/example_dags/example_python_operator.py
[2025-09-21T04:55:14.103+0000] {logging_mixin.py:190} INFO - [2025-09-21T04:55:14.103+0000] {dag.py:3239} INFO - Sync 1 DAGs
[2025-09-21T04:55:14.115+0000] {logging_mixin.py:190} INFO - [2025-09-21T04:55:14.114+0000] {dag.py:4180} INFO - Setting next_dagrun for example_python_operator to None, run_after=None
[2025-09-21T04:55:14.129+0000] {processor.py:208} INFO - Processing /home/airflow/.local/lib/python3.12/site-packages/airflow/example_dags/example_python_operator.py took 0.059 seconds
[2025-09-21T04:55:44.266+0000] {processor.py:186} INFO - Started process (PID=1042) to work on /home/airflow/.local/lib/python3.12/site-packages/airflow/example_dags/example_python_operator.py
[2025-09-21T04:55:44.267+0000] {processor.py:914} INFO - Processing file /home/airflow/.local/lib/python3.12/site-packages/airflow/example_dags/example_python_operator.py for tasks to queue
[2025-09-21T04:55:44.268+0000] {logging_mixin.py:190} INFO - [2025-09-21T04:55:44.268+0000] {dagbag.py:588} INFO - Filling up the DagBag from /home/airflow/.local/lib/python3.12/site-packages/airflow/example_dags/example_python_operator.py
[2025-09-21T04:55:44.278+0000] {processor.py:925} INFO - DAG(s) 'example_python_operator' retrieved from /home/airflow/.local/lib/python3.12/site-packages/airflow/example_dags/example_python_operator.py
[2025-09-21T04:55:44.295+0000] {logging_mixin.py:190} INFO - [2025-09-21T04:55:44.295+0000] {dag.py:3239} INFO - Sync 1 DAGs
[2025-09-21T04:55:44.307+0000] {logging_mixin.py:190} INFO - [2025-09-21T04:55:44.307+0000] {dag.py:4180} INFO - Setting next_dagrun for example_python_operator to None, run_after=None
[2025-09-21T04:55:44.321+0000] {processor.py:208} INFO - Processing /home/airflow/.local/lib/python3.12/site-packages/airflow/example_dags/example_python_operator.py took 0.060 seconds
