[2025-09-21T04:48:03.946+0000] {processor.py:186} INFO - Started process (PID=103) to work on /home/airflow/.local/lib/python3.12/site-packages/airflow/example_dags/example_branch_labels.py
[2025-09-21T04:48:03.947+0000] {processor.py:914} INFO - Processing file /home/airflow/.local/lib/python3.12/site-packages/airflow/example_dags/example_branch_labels.py for tasks to queue
[2025-09-21T04:48:03.960+0000] {logging_mixin.py:190} INFO - [2025-09-21T04:48:03.960+0000] {dagbag.py:588} INFO - Filling up the DagBag from /home/airflow/.local/lib/python3.12/site-packages/airflow/example_dags/example_branch_labels.py
[2025-09-21T04:48:04.001+0000] {processor.py:925} INFO - DAG(s) 'example_branch_labels' retrieved from /home/airflow/.local/lib/python3.12/site-packages/airflow/example_dags/example_branch_labels.py
[2025-09-21T04:48:04.376+0000] {logging_mixin.py:190} INFO - [2025-09-21T04:48:04.375+0000] {override.py:1911} INFO - Created Permission View: can delete on DAG:example_branch_labels
[2025-09-21T04:48:04.412+0000] {logging_mixin.py:190} INFO - [2025-09-21T04:48:04.412+0000] {override.py:1911} INFO - Created Permission View: can read on DAG:example_branch_labels
[2025-09-21T04:48:04.432+0000] {logging_mixin.py:190} INFO - [2025-09-21T04:48:04.431+0000] {override.py:1911} INFO - Created Permission View: can edit on DAG:example_branch_labels
[2025-09-21T04:48:04.455+0000] {logging_mixin.py:190} INFO - [2025-09-21T04:48:04.455+0000] {override.py:1911} INFO - Created Permission View: can read on DAG Run:example_branch_labels
[2025-09-21T04:48:04.472+0000] {logging_mixin.py:190} INFO - [2025-09-21T04:48:04.472+0000] {override.py:1911} INFO - Created Permission View: menu access on DAG Run:example_branch_labels
[2025-09-21T04:48:04.496+0000] {logging_mixin.py:190} INFO - [2025-09-21T04:48:04.495+0000] {override.py:1911} INFO - Created Permission View: can delete on DAG Run:example_branch_labels
[2025-09-21T04:48:04.515+0000] {logging_mixin.py:190} INFO - [2025-09-21T04:48:04.515+0000] {override.py:1911} INFO - Created Permission View: can create on DAG Run:example_branch_labels
[2025-09-21T04:48:04.518+0000] {logging_mixin.py:190} INFO - [2025-09-21T04:48:04.517+0000] {dag.py:3239} INFO - Sync 1 DAGs
[2025-09-21T04:48:04.570+0000] {logging_mixin.py:190} INFO - [2025-09-21T04:48:04.569+0000] {dag.py:3262} INFO - Creating ORM DAG for example_branch_labels
[2025-09-21T04:48:04.600+0000] {logging_mixin.py:190} INFO - [2025-09-21T04:48:04.599+0000] {dag.py:4180} INFO - Setting next_dagrun for example_branch_labels to 2025-09-20 00:00:00+00:00, run_after=2025-09-21 00:00:00+00:00
[2025-09-21T04:48:04.640+0000] {processor.py:208} INFO - Processing /home/airflow/.local/lib/python3.12/site-packages/airflow/example_dags/example_branch_labels.py took 0.707 seconds
[2025-09-21T04:48:34.768+0000] {processor.py:186} INFO - Started process (PID=166) to work on /home/airflow/.local/lib/python3.12/site-packages/airflow/example_dags/example_branch_labels.py
[2025-09-21T04:48:34.769+0000] {processor.py:914} INFO - Processing file /home/airflow/.local/lib/python3.12/site-packages/airflow/example_dags/example_branch_labels.py for tasks to queue
[2025-09-21T04:48:34.771+0000] {logging_mixin.py:190} INFO - [2025-09-21T04:48:34.770+0000] {dagbag.py:588} INFO - Filling up the DagBag from /home/airflow/.local/lib/python3.12/site-packages/airflow/example_dags/example_branch_labels.py
[2025-09-21T04:48:34.780+0000] {processor.py:925} INFO - DAG(s) 'example_branch_labels' retrieved from /home/airflow/.local/lib/python3.12/site-packages/airflow/example_dags/example_branch_labels.py
[2025-09-21T04:48:34.795+0000] {logging_mixin.py:190} INFO - [2025-09-21T04:48:34.795+0000] {dag.py:3239} INFO - Sync 1 DAGs
[2025-09-21T04:48:34.814+0000] {logging_mixin.py:190} INFO - [2025-09-21T04:48:34.813+0000] {dag.py:4180} INFO - Setting next_dagrun for example_branch_labels to 2025-09-20 00:00:00+00:00, run_after=2025-09-21 00:00:00+00:00
[2025-09-21T04:48:34.827+0000] {processor.py:208} INFO - Processing /home/airflow/.local/lib/python3.12/site-packages/airflow/example_dags/example_branch_labels.py took 0.065 seconds
[2025-09-21T04:49:05.094+0000] {processor.py:186} INFO - Started process (PID=229) to work on /home/airflow/.local/lib/python3.12/site-packages/airflow/example_dags/example_branch_labels.py
[2025-09-21T04:49:05.095+0000] {processor.py:914} INFO - Processing file /home/airflow/.local/lib/python3.12/site-packages/airflow/example_dags/example_branch_labels.py for tasks to queue
[2025-09-21T04:49:05.097+0000] {logging_mixin.py:190} INFO - [2025-09-21T04:49:05.096+0000] {dagbag.py:588} INFO - Filling up the DagBag from /home/airflow/.local/lib/python3.12/site-packages/airflow/example_dags/example_branch_labels.py
[2025-09-21T04:49:05.107+0000] {processor.py:925} INFO - DAG(s) 'example_branch_labels' retrieved from /home/airflow/.local/lib/python3.12/site-packages/airflow/example_dags/example_branch_labels.py
[2025-09-21T04:49:05.122+0000] {logging_mixin.py:190} INFO - [2025-09-21T04:49:05.122+0000] {dag.py:3239} INFO - Sync 1 DAGs
[2025-09-21T04:49:05.141+0000] {logging_mixin.py:190} INFO - [2025-09-21T04:49:05.141+0000] {dag.py:4180} INFO - Setting next_dagrun for example_branch_labels to 2025-09-20 00:00:00+00:00, run_after=2025-09-21 00:00:00+00:00
[2025-09-21T04:49:05.154+0000] {processor.py:208} INFO - Processing /home/airflow/.local/lib/python3.12/site-packages/airflow/example_dags/example_branch_labels.py took 0.066 seconds
[2025-09-21T04:49:36.028+0000] {processor.py:186} INFO - Started process (PID=292) to work on /home/airflow/.local/lib/python3.12/site-packages/airflow/example_dags/example_branch_labels.py
[2025-09-21T04:49:36.029+0000] {processor.py:914} INFO - Processing file /home/airflow/.local/lib/python3.12/site-packages/airflow/example_dags/example_branch_labels.py for tasks to queue
[2025-09-21T04:49:36.031+0000] {logging_mixin.py:190} INFO - [2025-09-21T04:49:36.030+0000] {dagbag.py:588} INFO - Filling up the DagBag from /home/airflow/.local/lib/python3.12/site-packages/airflow/example_dags/example_branch_labels.py
[2025-09-21T04:49:36.039+0000] {processor.py:925} INFO - DAG(s) 'example_branch_labels' retrieved from /home/airflow/.local/lib/python3.12/site-packages/airflow/example_dags/example_branch_labels.py
[2025-09-21T04:49:36.055+0000] {logging_mixin.py:190} INFO - [2025-09-21T04:49:36.055+0000] {dag.py:3239} INFO - Sync 1 DAGs
[2025-09-21T04:49:36.074+0000] {logging_mixin.py:190} INFO - [2025-09-21T04:49:36.074+0000] {dag.py:4180} INFO - Setting next_dagrun for example_branch_labels to 2025-09-20 00:00:00+00:00, run_after=2025-09-21 00:00:00+00:00
[2025-09-21T04:49:36.087+0000] {processor.py:208} INFO - Processing /home/airflow/.local/lib/python3.12/site-packages/airflow/example_dags/example_branch_labels.py took 0.063 seconds
[2025-09-21T04:50:08.477+0000] {processor.py:186} INFO - Started process (PID=355) to work on /home/airflow/.local/lib/python3.12/site-packages/airflow/example_dags/example_branch_labels.py
[2025-09-21T04:50:08.486+0000] {processor.py:914} INFO - Processing file /home/airflow/.local/lib/python3.12/site-packages/airflow/example_dags/example_branch_labels.py for tasks to queue
[2025-09-21T04:50:08.494+0000] {logging_mixin.py:190} INFO - [2025-09-21T04:50:08.494+0000] {dagbag.py:588} INFO - Filling up the DagBag from /home/airflow/.local/lib/python3.12/site-packages/airflow/example_dags/example_branch_labels.py
[2025-09-21T04:50:08.534+0000] {processor.py:925} INFO - DAG(s) 'example_branch_labels' retrieved from /home/airflow/.local/lib/python3.12/site-packages/airflow/example_dags/example_branch_labels.py
[2025-09-21T04:50:08.607+0000] {logging_mixin.py:190} INFO - [2025-09-21T04:50:08.607+0000] {dag.py:3239} INFO - Sync 1 DAGs
[2025-09-21T04:50:08.745+0000] {logging_mixin.py:190} INFO - [2025-09-21T04:50:08.745+0000] {dag.py:4180} INFO - Setting next_dagrun for example_branch_labels to 2025-09-20 00:00:00+00:00, run_after=2025-09-21 00:00:00+00:00
[2025-09-21T04:50:08.835+0000] {processor.py:208} INFO - Processing /home/airflow/.local/lib/python3.12/site-packages/airflow/example_dags/example_branch_labels.py took 0.385 seconds
[2025-09-21T04:50:38.975+0000] {processor.py:186} INFO - Started process (PID=417) to work on /home/airflow/.local/lib/python3.12/site-packages/airflow/example_dags/example_branch_labels.py
[2025-09-21T04:50:38.976+0000] {processor.py:914} INFO - Processing file /home/airflow/.local/lib/python3.12/site-packages/airflow/example_dags/example_branch_labels.py for tasks to queue
[2025-09-21T04:50:38.979+0000] {logging_mixin.py:190} INFO - [2025-09-21T04:50:38.978+0000] {dagbag.py:588} INFO - Filling up the DagBag from /home/airflow/.local/lib/python3.12/site-packages/airflow/example_dags/example_branch_labels.py
[2025-09-21T04:50:38.989+0000] {processor.py:925} INFO - DAG(s) 'example_branch_labels' retrieved from /home/airflow/.local/lib/python3.12/site-packages/airflow/example_dags/example_branch_labels.py
[2025-09-21T04:50:39.013+0000] {logging_mixin.py:190} INFO - [2025-09-21T04:50:39.013+0000] {dag.py:3239} INFO - Sync 1 DAGs
[2025-09-21T04:50:39.041+0000] {logging_mixin.py:190} INFO - [2025-09-21T04:50:39.041+0000] {dag.py:4180} INFO - Setting next_dagrun for example_branch_labels to 2025-09-20 00:00:00+00:00, run_after=2025-09-21 00:00:00+00:00
[2025-09-21T04:50:39.059+0000] {processor.py:208} INFO - Processing /home/airflow/.local/lib/python3.12/site-packages/airflow/example_dags/example_branch_labels.py took 0.090 seconds
[2025-09-21T04:51:09.843+0000] {processor.py:186} INFO - Started process (PID=479) to work on /home/airflow/.local/lib/python3.12/site-packages/airflow/example_dags/example_branch_labels.py
[2025-09-21T04:51:09.844+0000] {processor.py:914} INFO - Processing file /home/airflow/.local/lib/python3.12/site-packages/airflow/example_dags/example_branch_labels.py for tasks to queue
[2025-09-21T04:51:09.846+0000] {logging_mixin.py:190} INFO - [2025-09-21T04:51:09.846+0000] {dagbag.py:588} INFO - Filling up the DagBag from /home/airflow/.local/lib/python3.12/site-packages/airflow/example_dags/example_branch_labels.py
[2025-09-21T04:51:09.858+0000] {processor.py:925} INFO - DAG(s) 'example_branch_labels' retrieved from /home/airflow/.local/lib/python3.12/site-packages/airflow/example_dags/example_branch_labels.py
[2025-09-21T04:51:09.884+0000] {logging_mixin.py:190} INFO - [2025-09-21T04:51:09.884+0000] {dag.py:3239} INFO - Sync 1 DAGs
[2025-09-21T04:51:09.930+0000] {logging_mixin.py:190} INFO - [2025-09-21T04:51:09.930+0000] {dag.py:4180} INFO - Setting next_dagrun for example_branch_labels to 2025-09-20 00:00:00+00:00, run_after=2025-09-21 00:00:00+00:00
[2025-09-21T04:51:09.948+0000] {processor.py:208} INFO - Processing /home/airflow/.local/lib/python3.12/site-packages/airflow/example_dags/example_branch_labels.py took 0.112 seconds
[2025-09-21T04:51:40.003+0000] {processor.py:186} INFO - Started process (PID=542) to work on /home/airflow/.local/lib/python3.12/site-packages/airflow/example_dags/example_branch_labels.py
[2025-09-21T04:51:40.004+0000] {processor.py:914} INFO - Processing file /home/airflow/.local/lib/python3.12/site-packages/airflow/example_dags/example_branch_labels.py for tasks to queue
[2025-09-21T04:51:40.006+0000] {logging_mixin.py:190} INFO - [2025-09-21T04:51:40.006+0000] {dagbag.py:588} INFO - Filling up the DagBag from /home/airflow/.local/lib/python3.12/site-packages/airflow/example_dags/example_branch_labels.py
[2025-09-21T04:51:40.016+0000] {processor.py:925} INFO - DAG(s) 'example_branch_labels' retrieved from /home/airflow/.local/lib/python3.12/site-packages/airflow/example_dags/example_branch_labels.py
[2025-09-21T04:51:40.034+0000] {logging_mixin.py:190} INFO - [2025-09-21T04:51:40.034+0000] {dag.py:3239} INFO - Sync 1 DAGs
[2025-09-21T04:51:40.052+0000] {logging_mixin.py:190} INFO - [2025-09-21T04:51:40.052+0000] {dag.py:4180} INFO - Setting next_dagrun for example_branch_labels to 2025-09-20 00:00:00+00:00, run_after=2025-09-21 00:00:00+00:00
[2025-09-21T04:51:40.065+0000] {processor.py:208} INFO - Processing /home/airflow/.local/lib/python3.12/site-packages/airflow/example_dags/example_branch_labels.py took 0.068 seconds
[2025-09-21T04:52:11.075+0000] {processor.py:186} INFO - Started process (PID=605) to work on /home/airflow/.local/lib/python3.12/site-packages/airflow/example_dags/example_branch_labels.py
[2025-09-21T04:52:11.076+0000] {processor.py:914} INFO - Processing file /home/airflow/.local/lib/python3.12/site-packages/airflow/example_dags/example_branch_labels.py for tasks to queue
[2025-09-21T04:52:11.078+0000] {logging_mixin.py:190} INFO - [2025-09-21T04:52:11.078+0000] {dagbag.py:588} INFO - Filling up the DagBag from /home/airflow/.local/lib/python3.12/site-packages/airflow/example_dags/example_branch_labels.py
[2025-09-21T04:52:11.088+0000] {processor.py:925} INFO - DAG(s) 'example_branch_labels' retrieved from /home/airflow/.local/lib/python3.12/site-packages/airflow/example_dags/example_branch_labels.py
[2025-09-21T04:52:11.106+0000] {logging_mixin.py:190} INFO - [2025-09-21T04:52:11.106+0000] {dag.py:3239} INFO - Sync 1 DAGs
[2025-09-21T04:52:11.124+0000] {logging_mixin.py:190} INFO - [2025-09-21T04:52:11.124+0000] {dag.py:4180} INFO - Setting next_dagrun for example_branch_labels to 2025-09-20 00:00:00+00:00, run_after=2025-09-21 00:00:00+00:00
[2025-09-21T04:52:11.138+0000] {processor.py:208} INFO - Processing /home/airflow/.local/lib/python3.12/site-packages/airflow/example_dags/example_branch_labels.py took 0.070 seconds
[2025-09-21T04:52:41.271+0000] {processor.py:186} INFO - Started process (PID=668) to work on /home/airflow/.local/lib/python3.12/site-packages/airflow/example_dags/example_branch_labels.py
[2025-09-21T04:52:41.271+0000] {processor.py:914} INFO - Processing file /home/airflow/.local/lib/python3.12/site-packages/airflow/example_dags/example_branch_labels.py for tasks to queue
[2025-09-21T04:52:41.274+0000] {logging_mixin.py:190} INFO - [2025-09-21T04:52:41.273+0000] {dagbag.py:588} INFO - Filling up the DagBag from /home/airflow/.local/lib/python3.12/site-packages/airflow/example_dags/example_branch_labels.py
[2025-09-21T04:52:41.281+0000] {processor.py:925} INFO - DAG(s) 'example_branch_labels' retrieved from /home/airflow/.local/lib/python3.12/site-packages/airflow/example_dags/example_branch_labels.py
[2025-09-21T04:52:41.299+0000] {logging_mixin.py:190} INFO - [2025-09-21T04:52:41.298+0000] {dag.py:3239} INFO - Sync 1 DAGs
[2025-09-21T04:52:41.317+0000] {logging_mixin.py:190} INFO - [2025-09-21T04:52:41.317+0000] {dag.py:4180} INFO - Setting next_dagrun for example_branch_labels to 2025-09-20 00:00:00+00:00, run_after=2025-09-21 00:00:00+00:00
[2025-09-21T04:52:41.334+0000] {processor.py:208} INFO - Processing /home/airflow/.local/lib/python3.12/site-packages/airflow/example_dags/example_branch_labels.py took 0.070 seconds
[2025-09-21T04:53:12.119+0000] {processor.py:186} INFO - Started process (PID=731) to work on /home/airflow/.local/lib/python3.12/site-packages/airflow/example_dags/example_branch_labels.py
[2025-09-21T04:53:12.120+0000] {processor.py:914} INFO - Processing file /home/airflow/.local/lib/python3.12/site-packages/airflow/example_dags/example_branch_labels.py for tasks to queue
[2025-09-21T04:53:12.123+0000] {logging_mixin.py:190} INFO - [2025-09-21T04:53:12.122+0000] {dagbag.py:588} INFO - Filling up the DagBag from /home/airflow/.local/lib/python3.12/site-packages/airflow/example_dags/example_branch_labels.py
[2025-09-21T04:53:12.131+0000] {processor.py:925} INFO - DAG(s) 'example_branch_labels' retrieved from /home/airflow/.local/lib/python3.12/site-packages/airflow/example_dags/example_branch_labels.py
[2025-09-21T04:53:12.148+0000] {logging_mixin.py:190} INFO - [2025-09-21T04:53:12.148+0000] {dag.py:3239} INFO - Sync 1 DAGs
[2025-09-21T04:53:12.167+0000] {logging_mixin.py:190} INFO - [2025-09-21T04:53:12.167+0000] {dag.py:4180} INFO - Setting next_dagrun for example_branch_labels to 2025-09-20 00:00:00+00:00, run_after=2025-09-21 00:00:00+00:00
[2025-09-21T04:53:12.181+0000] {processor.py:208} INFO - Processing /home/airflow/.local/lib/python3.12/site-packages/airflow/example_dags/example_branch_labels.py took 0.067 seconds
[2025-09-21T04:53:42.777+0000] {processor.py:186} INFO - Started process (PID=794) to work on /home/airflow/.local/lib/python3.12/site-packages/airflow/example_dags/example_branch_labels.py
[2025-09-21T04:53:42.778+0000] {processor.py:914} INFO - Processing file /home/airflow/.local/lib/python3.12/site-packages/airflow/example_dags/example_branch_labels.py for tasks to queue
[2025-09-21T04:53:42.780+0000] {logging_mixin.py:190} INFO - [2025-09-21T04:53:42.780+0000] {dagbag.py:588} INFO - Filling up the DagBag from /home/airflow/.local/lib/python3.12/site-packages/airflow/example_dags/example_branch_labels.py
[2025-09-21T04:53:42.787+0000] {processor.py:925} INFO - DAG(s) 'example_branch_labels' retrieved from /home/airflow/.local/lib/python3.12/site-packages/airflow/example_dags/example_branch_labels.py
[2025-09-21T04:53:42.803+0000] {logging_mixin.py:190} INFO - [2025-09-21T04:53:42.802+0000] {dag.py:3239} INFO - Sync 1 DAGs
[2025-09-21T04:53:42.821+0000] {logging_mixin.py:190} INFO - [2025-09-21T04:53:42.821+0000] {dag.py:4180} INFO - Setting next_dagrun for example_branch_labels to 2025-09-20 00:00:00+00:00, run_after=2025-09-21 00:00:00+00:00
[2025-09-21T04:53:42.835+0000] {processor.py:208} INFO - Processing /home/airflow/.local/lib/python3.12/site-packages/airflow/example_dags/example_branch_labels.py took 0.064 seconds
[2025-09-21T04:54:13.798+0000] {processor.py:186} INFO - Started process (PID=857) to work on /home/airflow/.local/lib/python3.12/site-packages/airflow/example_dags/example_branch_labels.py
[2025-09-21T04:54:13.802+0000] {processor.py:914} INFO - Processing file /home/airflow/.local/lib/python3.12/site-packages/airflow/example_dags/example_branch_labels.py for tasks to queue
[2025-09-21T04:54:13.804+0000] {logging_mixin.py:190} INFO - [2025-09-21T04:54:13.804+0000] {dagbag.py:588} INFO - Filling up the DagBag from /home/airflow/.local/lib/python3.12/site-packages/airflow/example_dags/example_branch_labels.py
[2025-09-21T04:54:13.835+0000] {processor.py:925} INFO - DAG(s) 'example_branch_labels' retrieved from /home/airflow/.local/lib/python3.12/site-packages/airflow/example_dags/example_branch_labels.py
[2025-09-21T04:54:13.889+0000] {logging_mixin.py:190} INFO - [2025-09-21T04:54:13.889+0000] {dag.py:3239} INFO - Sync 1 DAGs
[2025-09-21T04:54:13.971+0000] {logging_mixin.py:190} INFO - [2025-09-21T04:54:13.971+0000] {dag.py:4180} INFO - Setting next_dagrun for example_branch_labels to 2025-09-20 00:00:00+00:00, run_after=2025-09-21 00:00:00+00:00
[2025-09-21T04:54:13.990+0000] {processor.py:208} INFO - Processing /home/airflow/.local/lib/python3.12/site-packages/airflow/example_dags/example_branch_labels.py took 0.220 seconds
[2025-09-21T04:54:44.454+0000] {processor.py:186} INFO - Started process (PID=920) to work on /home/airflow/.local/lib/python3.12/site-packages/airflow/example_dags/example_branch_labels.py
[2025-09-21T04:54:44.455+0000] {processor.py:914} INFO - Processing file /home/airflow/.local/lib/python3.12/site-packages/airflow/example_dags/example_branch_labels.py for tasks to queue
[2025-09-21T04:54:44.457+0000] {logging_mixin.py:190} INFO - [2025-09-21T04:54:44.457+0000] {dagbag.py:588} INFO - Filling up the DagBag from /home/airflow/.local/lib/python3.12/site-packages/airflow/example_dags/example_branch_labels.py
[2025-09-21T04:54:44.477+0000] {processor.py:925} INFO - DAG(s) 'example_branch_labels' retrieved from /home/airflow/.local/lib/python3.12/site-packages/airflow/example_dags/example_branch_labels.py
[2025-09-21T04:54:44.514+0000] {logging_mixin.py:190} INFO - [2025-09-21T04:54:44.514+0000] {dag.py:3239} INFO - Sync 1 DAGs
[2025-09-21T04:54:44.545+0000] {logging_mixin.py:190} INFO - [2025-09-21T04:54:44.545+0000] {dag.py:4180} INFO - Setting next_dagrun for example_branch_labels to 2025-09-20 00:00:00+00:00, run_after=2025-09-21 00:00:00+00:00
[2025-09-21T04:54:44.562+0000] {processor.py:208} INFO - Processing /home/airflow/.local/lib/python3.12/site-packages/airflow/example_dags/example_branch_labels.py took 0.116 seconds
[2025-09-21T04:55:15.320+0000] {processor.py:186} INFO - Started process (PID=982) to work on /home/airflow/.local/lib/python3.12/site-packages/airflow/example_dags/example_branch_labels.py
[2025-09-21T04:55:15.320+0000] {processor.py:914} INFO - Processing file /home/airflow/.local/lib/python3.12/site-packages/airflow/example_dags/example_branch_labels.py for tasks to queue
[2025-09-21T04:55:15.323+0000] {logging_mixin.py:190} INFO - [2025-09-21T04:55:15.322+0000] {dagbag.py:588} INFO - Filling up the DagBag from /home/airflow/.local/lib/python3.12/site-packages/airflow/example_dags/example_branch_labels.py
[2025-09-21T04:55:15.334+0000] {processor.py:925} INFO - DAG(s) 'example_branch_labels' retrieved from /home/airflow/.local/lib/python3.12/site-packages/airflow/example_dags/example_branch_labels.py
[2025-09-21T04:55:15.358+0000] {logging_mixin.py:190} INFO - [2025-09-21T04:55:15.357+0000] {dag.py:3239} INFO - Sync 1 DAGs
[2025-09-21T04:55:15.386+0000] {logging_mixin.py:190} INFO - [2025-09-21T04:55:15.386+0000] {dag.py:4180} INFO - Setting next_dagrun for example_branch_labels to 2025-09-20 00:00:00+00:00, run_after=2025-09-21 00:00:00+00:00
[2025-09-21T04:55:15.404+0000] {processor.py:208} INFO - Processing /home/airflow/.local/lib/python3.12/site-packages/airflow/example_dags/example_branch_labels.py took 0.091 seconds
