[2025-09-21T04:48:08.902+0000] {processor.py:186} INFO - Started process (PID=111) to work on /home/airflow/.local/lib/python3.12/site-packages/airflow/example_dags/example_datasets.py
[2025-09-21T04:48:08.903+0000] {processor.py:914} INFO - Processing file /home/airflow/.local/lib/python3.12/site-packages/airflow/example_dags/example_datasets.py for tasks to queue
[2025-09-21T04:48:08.908+0000] {logging_mixin.py:190} INFO - [2025-09-21T04:48:08.908+0000] {dagbag.py:588} INFO - Filling up the DagBag from /home/airflow/.local/lib/python3.12/site-packages/airflow/example_dags/example_datasets.py
[2025-09-21T04:48:11.462+0000] {processor.py:925} INFO - DAG(s) 'dataset_produces_1', 'dataset_consumes_1', 'consume_1_or_2_with_dataset_expressions', 'dataset_produces_2', 'consume_1_and_2_with_dataset_expressions', 'dataset_consumes_unknown_never_scheduled', 'dataset_consumes_1_and_2', 'consume_1_or_both_2_and_3_with_dataset_expressions', 'conditional_dataset_and_time_based_timetable', 'dataset_consumes_1_never_scheduled' retrieved from /home/airflow/.local/lib/python3.12/site-packages/airflow/example_dags/example_datasets.py
[2025-09-21T04:48:11.950+0000] {logging_mixin.py:190} INFO - [2025-09-21T04:48:11.949+0000] {override.py:1911} INFO - Created Permission View: can delete on DAG:dataset_produces_1
[2025-09-21T04:48:12.003+0000] {logging_mixin.py:190} INFO - [2025-09-21T04:48:12.003+0000] {override.py:1911} INFO - Created Permission View: can read on DAG:dataset_produces_1
[2025-09-21T04:48:12.115+0000] {logging_mixin.py:190} INFO - [2025-09-21T04:48:12.114+0000] {override.py:1911} INFO - Created Permission View: can edit on DAG:dataset_produces_1
[2025-09-21T04:48:12.191+0000] {logging_mixin.py:190} INFO - [2025-09-21T04:48:12.190+0000] {override.py:1911} INFO - Created Permission View: can read on DAG Run:dataset_produces_1
[2025-09-21T04:48:12.263+0000] {logging_mixin.py:190} INFO - [2025-09-21T04:48:12.262+0000] {override.py:1911} INFO - Created Permission View: menu access on DAG Run:dataset_produces_1
[2025-09-21T04:48:12.290+0000] {logging_mixin.py:190} INFO - [2025-09-21T04:48:12.288+0000] {override.py:1911} INFO - Created Permission View: can delete on DAG Run:dataset_produces_1
[2025-09-21T04:48:12.349+0000] {logging_mixin.py:190} INFO - [2025-09-21T04:48:12.348+0000] {override.py:1911} INFO - Created Permission View: can create on DAG Run:dataset_produces_1
[2025-09-21T04:48:12.470+0000] {logging_mixin.py:190} INFO - [2025-09-21T04:48:12.469+0000] {override.py:1911} INFO - Created Permission View: can delete on DAG:dataset_consumes_1
[2025-09-21T04:48:12.516+0000] {logging_mixin.py:190} INFO - [2025-09-21T04:48:12.516+0000] {override.py:1911} INFO - Created Permission View: can read on DAG:dataset_consumes_1
[2025-09-21T04:48:12.574+0000] {logging_mixin.py:190} INFO - [2025-09-21T04:48:12.573+0000] {override.py:1911} INFO - Created Permission View: can edit on DAG:dataset_consumes_1
[2025-09-21T04:48:12.657+0000] {logging_mixin.py:190} INFO - [2025-09-21T04:48:12.657+0000] {override.py:1911} INFO - Created Permission View: can read on DAG Run:dataset_consumes_1
[2025-09-21T04:48:12.704+0000] {logging_mixin.py:190} INFO - [2025-09-21T04:48:12.704+0000] {override.py:1911} INFO - Created Permission View: menu access on DAG Run:dataset_consumes_1
[2025-09-21T04:48:12.730+0000] {logging_mixin.py:190} INFO - [2025-09-21T04:48:12.730+0000] {override.py:1911} INFO - Created Permission View: can delete on DAG Run:dataset_consumes_1
[2025-09-21T04:48:12.761+0000] {logging_mixin.py:190} INFO - [2025-09-21T04:48:12.761+0000] {override.py:1911} INFO - Created Permission View: can create on DAG Run:dataset_consumes_1
[2025-09-21T04:48:12.832+0000] {logging_mixin.py:190} INFO - [2025-09-21T04:48:12.831+0000] {override.py:1911} INFO - Created Permission View: can delete on DAG:consume_1_or_2_with_dataset_expressions
[2025-09-21T04:48:12.877+0000] {logging_mixin.py:190} INFO - [2025-09-21T04:48:12.875+0000] {override.py:1911} INFO - Created Permission View: can read on DAG:consume_1_or_2_with_dataset_expressions
[2025-09-21T04:48:12.906+0000] {logging_mixin.py:190} INFO - [2025-09-21T04:48:12.905+0000] {override.py:1911} INFO - Created Permission View: can edit on DAG:consume_1_or_2_with_dataset_expressions
[2025-09-21T04:48:12.981+0000] {logging_mixin.py:190} INFO - [2025-09-21T04:48:12.970+0000] {override.py:1911} INFO - Created Permission View: can read on DAG Run:consume_1_or_2_with_dataset_expressions
[2025-09-21T04:48:13.020+0000] {logging_mixin.py:190} INFO - [2025-09-21T04:48:13.019+0000] {override.py:1911} INFO - Created Permission View: menu access on DAG Run:consume_1_or_2_with_dataset_expressions
[2025-09-21T04:48:13.043+0000] {logging_mixin.py:190} INFO - [2025-09-21T04:48:13.042+0000] {override.py:1911} INFO - Created Permission View: can delete on DAG Run:consume_1_or_2_with_dataset_expressions
[2025-09-21T04:48:13.067+0000] {logging_mixin.py:190} INFO - [2025-09-21T04:48:13.066+0000] {override.py:1911} INFO - Created Permission View: can create on DAG Run:consume_1_or_2_with_dataset_expressions
[2025-09-21T04:48:13.093+0000] {logging_mixin.py:190} INFO - [2025-09-21T04:48:13.093+0000] {override.py:1911} INFO - Created Permission View: can delete on DAG:dataset_produces_2
[2025-09-21T04:48:13.109+0000] {logging_mixin.py:190} INFO - [2025-09-21T04:48:13.108+0000] {override.py:1911} INFO - Created Permission View: can read on DAG:dataset_produces_2
[2025-09-21T04:48:13.123+0000] {logging_mixin.py:190} INFO - [2025-09-21T04:48:13.123+0000] {override.py:1911} INFO - Created Permission View: can edit on DAG:dataset_produces_2
[2025-09-21T04:48:13.137+0000] {logging_mixin.py:190} INFO - [2025-09-21T04:48:13.137+0000] {override.py:1911} INFO - Created Permission View: can read on DAG Run:dataset_produces_2
[2025-09-21T04:48:13.149+0000] {logging_mixin.py:190} INFO - [2025-09-21T04:48:13.149+0000] {override.py:1911} INFO - Created Permission View: menu access on DAG Run:dataset_produces_2
[2025-09-21T04:48:13.441+0000] {logging_mixin.py:190} INFO - [2025-09-21T04:48:13.441+0000] {override.py:1911} INFO - Created Permission View: can delete on DAG Run:dataset_produces_2
[2025-09-21T04:48:13.488+0000] {logging_mixin.py:190} INFO - [2025-09-21T04:48:13.487+0000] {override.py:1911} INFO - Created Permission View: can create on DAG Run:dataset_produces_2
[2025-09-21T04:48:13.528+0000] {logging_mixin.py:190} INFO - [2025-09-21T04:48:13.524+0000] {override.py:1911} INFO - Created Permission View: can delete on DAG:consume_1_and_2_with_dataset_expressions
[2025-09-21T04:48:13.565+0000] {logging_mixin.py:190} INFO - [2025-09-21T04:48:13.564+0000] {override.py:1911} INFO - Created Permission View: can read on DAG:consume_1_and_2_with_dataset_expressions
[2025-09-21T04:48:13.611+0000] {logging_mixin.py:190} INFO - [2025-09-21T04:48:13.610+0000] {override.py:1911} INFO - Created Permission View: can edit on DAG:consume_1_and_2_with_dataset_expressions
[2025-09-21T04:48:13.654+0000] {logging_mixin.py:190} INFO - [2025-09-21T04:48:13.654+0000] {override.py:1911} INFO - Created Permission View: can read on DAG Run:consume_1_and_2_with_dataset_expressions
[2025-09-21T04:48:13.682+0000] {logging_mixin.py:190} INFO - [2025-09-21T04:48:13.680+0000] {override.py:1911} INFO - Created Permission View: menu access on DAG Run:consume_1_and_2_with_dataset_expressions
[2025-09-21T04:48:13.720+0000] {logging_mixin.py:190} INFO - [2025-09-21T04:48:13.720+0000] {override.py:1911} INFO - Created Permission View: can delete on DAG Run:consume_1_and_2_with_dataset_expressions
[2025-09-21T04:48:13.760+0000] {logging_mixin.py:190} INFO - [2025-09-21T04:48:13.758+0000] {override.py:1911} INFO - Created Permission View: can create on DAG Run:consume_1_and_2_with_dataset_expressions
[2025-09-21T04:48:13.842+0000] {logging_mixin.py:190} INFO - [2025-09-21T04:48:13.842+0000] {override.py:1911} INFO - Created Permission View: can delete on DAG:dataset_consumes_unknown_never_scheduled
[2025-09-21T04:48:13.871+0000] {logging_mixin.py:190} INFO - [2025-09-21T04:48:13.871+0000] {override.py:1911} INFO - Created Permission View: can read on DAG:dataset_consumes_unknown_never_scheduled
[2025-09-21T04:48:13.906+0000] {logging_mixin.py:190} INFO - [2025-09-21T04:48:13.905+0000] {override.py:1911} INFO - Created Permission View: can edit on DAG:dataset_consumes_unknown_never_scheduled
[2025-09-21T04:48:13.936+0000] {logging_mixin.py:190} INFO - [2025-09-21T04:48:13.935+0000] {override.py:1911} INFO - Created Permission View: can read on DAG Run:dataset_consumes_unknown_never_scheduled
[2025-09-21T04:48:14.001+0000] {logging_mixin.py:190} INFO - [2025-09-21T04:48:14.000+0000] {override.py:1911} INFO - Created Permission View: menu access on DAG Run:dataset_consumes_unknown_never_scheduled
[2025-09-21T04:48:14.037+0000] {logging_mixin.py:190} INFO - [2025-09-21T04:48:14.036+0000] {override.py:1911} INFO - Created Permission View: can delete on DAG Run:dataset_consumes_unknown_never_scheduled
[2025-09-21T04:48:14.077+0000] {logging_mixin.py:190} INFO - [2025-09-21T04:48:14.076+0000] {override.py:1911} INFO - Created Permission View: can create on DAG Run:dataset_consumes_unknown_never_scheduled
[2025-09-21T04:48:14.131+0000] {logging_mixin.py:190} INFO - [2025-09-21T04:48:14.131+0000] {override.py:1911} INFO - Created Permission View: can delete on DAG:dataset_consumes_1_and_2
[2025-09-21T04:48:14.160+0000] {logging_mixin.py:190} INFO - [2025-09-21T04:48:14.159+0000] {override.py:1911} INFO - Created Permission View: can read on DAG:dataset_consumes_1_and_2
[2025-09-21T04:48:14.188+0000] {logging_mixin.py:190} INFO - [2025-09-21T04:48:14.188+0000] {override.py:1911} INFO - Created Permission View: can edit on DAG:dataset_consumes_1_and_2
[2025-09-21T04:48:14.210+0000] {logging_mixin.py:190} INFO - [2025-09-21T04:48:14.210+0000] {override.py:1911} INFO - Created Permission View: can read on DAG Run:dataset_consumes_1_and_2
[2025-09-21T04:48:14.228+0000] {logging_mixin.py:190} INFO - [2025-09-21T04:48:14.228+0000] {override.py:1911} INFO - Created Permission View: menu access on DAG Run:dataset_consumes_1_and_2
[2025-09-21T04:48:14.246+0000] {logging_mixin.py:190} INFO - [2025-09-21T04:48:14.245+0000] {override.py:1911} INFO - Created Permission View: can delete on DAG Run:dataset_consumes_1_and_2
[2025-09-21T04:48:14.266+0000] {logging_mixin.py:190} INFO - [2025-09-21T04:48:14.265+0000] {override.py:1911} INFO - Created Permission View: can create on DAG Run:dataset_consumes_1_and_2
[2025-09-21T04:48:14.332+0000] {logging_mixin.py:190} INFO - [2025-09-21T04:48:14.332+0000] {override.py:1911} INFO - Created Permission View: can delete on DAG:consume_1_or_both_2_and_3_with_dataset_expressions
[2025-09-21T04:48:14.371+0000] {logging_mixin.py:190} INFO - [2025-09-21T04:48:14.370+0000] {override.py:1911} INFO - Created Permission View: can read on DAG:consume_1_or_both_2_and_3_with_dataset_expressions
[2025-09-21T04:48:14.405+0000] {logging_mixin.py:190} INFO - [2025-09-21T04:48:14.405+0000] {override.py:1911} INFO - Created Permission View: can edit on DAG:consume_1_or_both_2_and_3_with_dataset_expressions
[2025-09-21T04:48:14.431+0000] {logging_mixin.py:190} INFO - [2025-09-21T04:48:14.430+0000] {override.py:1911} INFO - Created Permission View: can read on DAG Run:consume_1_or_both_2_and_3_with_dataset_expressions
[2025-09-21T04:48:14.471+0000] {logging_mixin.py:190} INFO - [2025-09-21T04:48:14.470+0000] {override.py:1911} INFO - Created Permission View: menu access on DAG Run:consume_1_or_both_2_and_3_with_dataset_expressions
[2025-09-21T04:48:14.495+0000] {logging_mixin.py:190} INFO - [2025-09-21T04:48:14.494+0000] {override.py:1911} INFO - Created Permission View: can delete on DAG Run:consume_1_or_both_2_and_3_with_dataset_expressions
[2025-09-21T04:48:14.520+0000] {logging_mixin.py:190} INFO - [2025-09-21T04:48:14.519+0000] {override.py:1911} INFO - Created Permission View: can create on DAG Run:consume_1_or_both_2_and_3_with_dataset_expressions
[2025-09-21T04:48:14.596+0000] {logging_mixin.py:190} INFO - [2025-09-21T04:48:14.595+0000] {override.py:1911} INFO - Created Permission View: can delete on DAG:conditional_dataset_and_time_based_timetable
[2025-09-21T04:48:14.630+0000] {logging_mixin.py:190} INFO - [2025-09-21T04:48:14.630+0000] {override.py:1911} INFO - Created Permission View: can read on DAG:conditional_dataset_and_time_based_timetable
[2025-09-21T04:48:14.657+0000] {logging_mixin.py:190} INFO - [2025-09-21T04:48:14.655+0000] {override.py:1911} INFO - Created Permission View: can edit on DAG:conditional_dataset_and_time_based_timetable
[2025-09-21T04:48:14.685+0000] {logging_mixin.py:190} INFO - [2025-09-21T04:48:14.684+0000] {override.py:1911} INFO - Created Permission View: can read on DAG Run:conditional_dataset_and_time_based_timetable
[2025-09-21T04:48:14.711+0000] {logging_mixin.py:190} INFO - [2025-09-21T04:48:14.711+0000] {override.py:1911} INFO - Created Permission View: menu access on DAG Run:conditional_dataset_and_time_based_timetable
[2025-09-21T04:48:14.747+0000] {logging_mixin.py:190} INFO - [2025-09-21T04:48:14.747+0000] {override.py:1911} INFO - Created Permission View: can delete on DAG Run:conditional_dataset_and_time_based_timetable
[2025-09-21T04:48:14.799+0000] {logging_mixin.py:190} INFO - [2025-09-21T04:48:14.799+0000] {override.py:1911} INFO - Created Permission View: can create on DAG Run:conditional_dataset_and_time_based_timetable
[2025-09-21T04:48:14.860+0000] {logging_mixin.py:190} INFO - [2025-09-21T04:48:14.860+0000] {override.py:1911} INFO - Created Permission View: can delete on DAG:dataset_consumes_1_never_scheduled
[2025-09-21T04:48:14.888+0000] {logging_mixin.py:190} INFO - [2025-09-21T04:48:14.887+0000] {override.py:1911} INFO - Created Permission View: can read on DAG:dataset_consumes_1_never_scheduled
[2025-09-21T04:48:14.921+0000] {logging_mixin.py:190} INFO - [2025-09-21T04:48:14.917+0000] {override.py:1911} INFO - Created Permission View: can edit on DAG:dataset_consumes_1_never_scheduled
[2025-09-21T04:48:14.953+0000] {logging_mixin.py:190} INFO - [2025-09-21T04:48:14.952+0000] {override.py:1911} INFO - Created Permission View: can read on DAG Run:dataset_consumes_1_never_scheduled
[2025-09-21T04:48:14.975+0000] {logging_mixin.py:190} INFO - [2025-09-21T04:48:14.975+0000] {override.py:1911} INFO - Created Permission View: menu access on DAG Run:dataset_consumes_1_never_scheduled
[2025-09-21T04:48:14.990+0000] {logging_mixin.py:190} INFO - [2025-09-21T04:48:14.989+0000] {override.py:1911} INFO - Created Permission View: can delete on DAG Run:dataset_consumes_1_never_scheduled
[2025-09-21T04:48:15.018+0000] {logging_mixin.py:190} INFO - [2025-09-21T04:48:15.017+0000] {override.py:1911} INFO - Created Permission View: can create on DAG Run:dataset_consumes_1_never_scheduled
[2025-09-21T04:48:15.027+0000] {logging_mixin.py:190} INFO - [2025-09-21T04:48:15.027+0000] {dag.py:3239} INFO - Sync 10 DAGs
[2025-09-21T04:48:15.099+0000] {logging_mixin.py:190} INFO - [2025-09-21T04:48:15.095+0000] {dag.py:3262} INFO - Creating ORM DAG for dataset_produces_2
[2025-09-21T04:48:15.101+0000] {logging_mixin.py:190} INFO - [2025-09-21T04:48:15.101+0000] {dag.py:3262} INFO - Creating ORM DAG for dataset_consumes_1_never_scheduled
[2025-09-21T04:48:15.104+0000] {logging_mixin.py:190} INFO - [2025-09-21T04:48:15.104+0000] {dag.py:3262} INFO - Creating ORM DAG for conditional_dataset_and_time_based_timetable
[2025-09-21T04:48:15.109+0000] {logging_mixin.py:190} INFO - [2025-09-21T04:48:15.109+0000] {dag.py:3262} INFO - Creating ORM DAG for consume_1_and_2_with_dataset_expressions
[2025-09-21T04:48:15.110+0000] {logging_mixin.py:190} INFO - [2025-09-21T04:48:15.109+0000] {dag.py:3262} INFO - Creating ORM DAG for dataset_consumes_1_and_2
[2025-09-21T04:48:15.113+0000] {logging_mixin.py:190} INFO - [2025-09-21T04:48:15.113+0000] {dag.py:3262} INFO - Creating ORM DAG for consume_1_or_both_2_and_3_with_dataset_expressions
[2025-09-21T04:48:15.117+0000] {logging_mixin.py:190} INFO - [2025-09-21T04:48:15.117+0000] {dag.py:3262} INFO - Creating ORM DAG for dataset_consumes_unknown_never_scheduled
[2025-09-21T04:48:15.121+0000] {logging_mixin.py:190} INFO - [2025-09-21T04:48:15.121+0000] {dag.py:3262} INFO - Creating ORM DAG for dataset_consumes_1
[2025-09-21T04:48:15.122+0000] {logging_mixin.py:190} INFO - [2025-09-21T04:48:15.122+0000] {dag.py:3262} INFO - Creating ORM DAG for dataset_produces_1
[2025-09-21T04:48:15.129+0000] {logging_mixin.py:190} INFO - [2025-09-21T04:48:15.129+0000] {dag.py:3262} INFO - Creating ORM DAG for consume_1_or_2_with_dataset_expressions
[2025-09-21T04:48:15.199+0000] {logging_mixin.py:190} INFO - [2025-09-21T04:48:15.198+0000] {dag.py:4180} INFO - Setting next_dagrun for conditional_dataset_and_time_based_timetable to 2025-09-17 01:00:00+00:00, run_after=2025-09-17 01:00:00+00:00
[2025-09-21T04:48:15.204+0000] {logging_mixin.py:190} INFO - [2025-09-21T04:48:15.203+0000] {dag.py:4180} INFO - Setting next_dagrun for consume_1_and_2_with_dataset_expressions to None, run_after=None
[2025-09-21T04:48:15.204+0000] {logging_mixin.py:190} INFO - [2025-09-21T04:48:15.204+0000] {dag.py:4180} INFO - Setting next_dagrun for consume_1_or_2_with_dataset_expressions to None, run_after=None
[2025-09-21T04:48:15.205+0000] {logging_mixin.py:190} INFO - [2025-09-21T04:48:15.204+0000] {dag.py:4180} INFO - Setting next_dagrun for consume_1_or_both_2_and_3_with_dataset_expressions to None, run_after=None
[2025-09-21T04:48:15.207+0000] {logging_mixin.py:190} INFO - [2025-09-21T04:48:15.207+0000] {dag.py:4180} INFO - Setting next_dagrun for dataset_consumes_1 to None, run_after=None
[2025-09-21T04:48:15.209+0000] {logging_mixin.py:190} INFO - [2025-09-21T04:48:15.209+0000] {dag.py:4180} INFO - Setting next_dagrun for dataset_consumes_1_and_2 to None, run_after=None
[2025-09-21T04:48:15.212+0000] {logging_mixin.py:190} INFO - [2025-09-21T04:48:15.212+0000] {dag.py:4180} INFO - Setting next_dagrun for dataset_consumes_1_never_scheduled to None, run_after=None
[2025-09-21T04:48:15.215+0000] {logging_mixin.py:190} INFO - [2025-09-21T04:48:15.215+0000] {dag.py:4180} INFO - Setting next_dagrun for dataset_consumes_unknown_never_scheduled to None, run_after=None
[2025-09-21T04:48:15.226+0000] {logging_mixin.py:190} INFO - [2025-09-21T04:48:15.226+0000] {dag.py:4180} INFO - Setting next_dagrun for dataset_produces_1 to 2025-09-20 00:00:00+00:00, run_after=2025-09-21 00:00:00+00:00
[2025-09-21T04:48:15.228+0000] {logging_mixin.py:190} INFO - [2025-09-21T04:48:15.228+0000] {dag.py:4180} INFO - Setting next_dagrun for dataset_produces_2 to None, run_after=None
[2025-09-21T04:48:15.426+0000] {processor.py:208} INFO - Processing /home/airflow/.local/lib/python3.12/site-packages/airflow/example_dags/example_datasets.py took 6.538 seconds
[2025-09-21T04:48:45.888+0000] {processor.py:186} INFO - Started process (PID=177) to work on /home/airflow/.local/lib/python3.12/site-packages/airflow/example_dags/example_datasets.py
[2025-09-21T04:48:45.889+0000] {processor.py:914} INFO - Processing file /home/airflow/.local/lib/python3.12/site-packages/airflow/example_dags/example_datasets.py for tasks to queue
[2025-09-21T04:48:45.891+0000] {logging_mixin.py:190} INFO - [2025-09-21T04:48:45.891+0000] {dagbag.py:588} INFO - Filling up the DagBag from /home/airflow/.local/lib/python3.12/site-packages/airflow/example_dags/example_datasets.py
[2025-09-21T04:48:46.733+0000] {processor.py:925} INFO - DAG(s) 'dataset_consumes_1', 'conditional_dataset_and_time_based_timetable', 'dataset_consumes_1_never_scheduled', 'dataset_produces_2', 'dataset_consumes_1_and_2', 'consume_1_or_both_2_and_3_with_dataset_expressions', 'dataset_consumes_unknown_never_scheduled', 'dataset_produces_1', 'consume_1_and_2_with_dataset_expressions', 'consume_1_or_2_with_dataset_expressions' retrieved from /home/airflow/.local/lib/python3.12/site-packages/airflow/example_dags/example_datasets.py
[2025-09-21T04:48:46.780+0000] {logging_mixin.py:190} INFO - [2025-09-21T04:48:46.779+0000] {dag.py:3239} INFO - Sync 10 DAGs
[2025-09-21T04:48:46.812+0000] {logging_mixin.py:190} INFO - [2025-09-21T04:48:46.812+0000] {dag.py:4180} INFO - Setting next_dagrun for conditional_dataset_and_time_based_timetable to 2025-09-17 01:00:00+00:00, run_after=2025-09-17 01:00:00+00:00
[2025-09-21T04:48:46.818+0000] {logging_mixin.py:190} INFO - [2025-09-21T04:48:46.818+0000] {dag.py:4180} INFO - Setting next_dagrun for consume_1_and_2_with_dataset_expressions to None, run_after=None
[2025-09-21T04:48:46.820+0000] {logging_mixin.py:190} INFO - [2025-09-21T04:48:46.820+0000] {dag.py:4180} INFO - Setting next_dagrun for consume_1_or_2_with_dataset_expressions to None, run_after=None
[2025-09-21T04:48:46.821+0000] {logging_mixin.py:190} INFO - [2025-09-21T04:48:46.821+0000] {dag.py:4180} INFO - Setting next_dagrun for consume_1_or_both_2_and_3_with_dataset_expressions to None, run_after=None
[2025-09-21T04:48:46.822+0000] {logging_mixin.py:190} INFO - [2025-09-21T04:48:46.822+0000] {dag.py:4180} INFO - Setting next_dagrun for dataset_consumes_1 to None, run_after=None
[2025-09-21T04:48:46.824+0000] {logging_mixin.py:190} INFO - [2025-09-21T04:48:46.824+0000] {dag.py:4180} INFO - Setting next_dagrun for dataset_consumes_1_and_2 to None, run_after=None
[2025-09-21T04:48:46.825+0000] {logging_mixin.py:190} INFO - [2025-09-21T04:48:46.825+0000] {dag.py:4180} INFO - Setting next_dagrun for dataset_consumes_1_never_scheduled to None, run_after=None
[2025-09-21T04:48:46.826+0000] {logging_mixin.py:190} INFO - [2025-09-21T04:48:46.826+0000] {dag.py:4180} INFO - Setting next_dagrun for dataset_consumes_unknown_never_scheduled to None, run_after=None
[2025-09-21T04:48:46.829+0000] {logging_mixin.py:190} INFO - [2025-09-21T04:48:46.829+0000] {dag.py:4180} INFO - Setting next_dagrun for dataset_produces_1 to 2025-09-20 00:00:00+00:00, run_after=2025-09-21 00:00:00+00:00
[2025-09-21T04:48:46.831+0000] {logging_mixin.py:190} INFO - [2025-09-21T04:48:46.830+0000] {dag.py:4180} INFO - Setting next_dagrun for dataset_produces_2 to None, run_after=None
[2025-09-21T04:48:46.865+0000] {processor.py:208} INFO - Processing /home/airflow/.local/lib/python3.12/site-packages/airflow/example_dags/example_datasets.py took 0.982 seconds
[2025-09-21T04:49:17.244+0000] {processor.py:186} INFO - Started process (PID=240) to work on /home/airflow/.local/lib/python3.12/site-packages/airflow/example_dags/example_datasets.py
[2025-09-21T04:49:17.244+0000] {processor.py:914} INFO - Processing file /home/airflow/.local/lib/python3.12/site-packages/airflow/example_dags/example_datasets.py for tasks to queue
[2025-09-21T04:49:17.246+0000] {logging_mixin.py:190} INFO - [2025-09-21T04:49:17.246+0000] {dagbag.py:588} INFO - Filling up the DagBag from /home/airflow/.local/lib/python3.12/site-packages/airflow/example_dags/example_datasets.py
[2025-09-21T04:49:18.246+0000] {processor.py:925} INFO - DAG(s) 'dataset_produces_2', 'consume_1_or_both_2_and_3_with_dataset_expressions', 'dataset_consumes_1', 'dataset_consumes_1_and_2', 'consume_1_or_2_with_dataset_expressions', 'consume_1_and_2_with_dataset_expressions', 'dataset_produces_1', 'dataset_consumes_unknown_never_scheduled', 'conditional_dataset_and_time_based_timetable', 'dataset_consumes_1_never_scheduled' retrieved from /home/airflow/.local/lib/python3.12/site-packages/airflow/example_dags/example_datasets.py
[2025-09-21T04:49:18.296+0000] {logging_mixin.py:190} INFO - [2025-09-21T04:49:18.296+0000] {dag.py:3239} INFO - Sync 10 DAGs
[2025-09-21T04:49:18.328+0000] {logging_mixin.py:190} INFO - [2025-09-21T04:49:18.327+0000] {dag.py:4180} INFO - Setting next_dagrun for conditional_dataset_and_time_based_timetable to 2025-09-17 01:00:00+00:00, run_after=2025-09-17 01:00:00+00:00
[2025-09-21T04:49:18.332+0000] {logging_mixin.py:190} INFO - [2025-09-21T04:49:18.331+0000] {dag.py:4180} INFO - Setting next_dagrun for consume_1_and_2_with_dataset_expressions to None, run_after=None
[2025-09-21T04:49:18.333+0000] {logging_mixin.py:190} INFO - [2025-09-21T04:49:18.333+0000] {dag.py:4180} INFO - Setting next_dagrun for consume_1_or_2_with_dataset_expressions to None, run_after=None
[2025-09-21T04:49:18.334+0000] {logging_mixin.py:190} INFO - [2025-09-21T04:49:18.334+0000] {dag.py:4180} INFO - Setting next_dagrun for consume_1_or_both_2_and_3_with_dataset_expressions to None, run_after=None
[2025-09-21T04:49:18.335+0000] {logging_mixin.py:190} INFO - [2025-09-21T04:49:18.335+0000] {dag.py:4180} INFO - Setting next_dagrun for dataset_consumes_1 to None, run_after=None
[2025-09-21T04:49:18.336+0000] {logging_mixin.py:190} INFO - [2025-09-21T04:49:18.336+0000] {dag.py:4180} INFO - Setting next_dagrun for dataset_consumes_1_and_2 to None, run_after=None
[2025-09-21T04:49:18.338+0000] {logging_mixin.py:190} INFO - [2025-09-21T04:49:18.337+0000] {dag.py:4180} INFO - Setting next_dagrun for dataset_consumes_1_never_scheduled to None, run_after=None
[2025-09-21T04:49:18.339+0000] {logging_mixin.py:190} INFO - [2025-09-21T04:49:18.339+0000] {dag.py:4180} INFO - Setting next_dagrun for dataset_consumes_unknown_never_scheduled to None, run_after=None
[2025-09-21T04:49:18.342+0000] {logging_mixin.py:190} INFO - [2025-09-21T04:49:18.342+0000] {dag.py:4180} INFO - Setting next_dagrun for dataset_produces_1 to 2025-09-20 00:00:00+00:00, run_after=2025-09-21 00:00:00+00:00
[2025-09-21T04:49:18.343+0000] {logging_mixin.py:190} INFO - [2025-09-21T04:49:18.343+0000] {dag.py:4180} INFO - Setting next_dagrun for dataset_produces_2 to None, run_after=None
[2025-09-21T04:49:18.380+0000] {processor.py:208} INFO - Processing /home/airflow/.local/lib/python3.12/site-packages/airflow/example_dags/example_datasets.py took 1.142 seconds
[2025-09-21T04:49:48.976+0000] {processor.py:186} INFO - Started process (PID=303) to work on /home/airflow/.local/lib/python3.12/site-packages/airflow/example_dags/example_datasets.py
[2025-09-21T04:49:48.976+0000] {processor.py:914} INFO - Processing file /home/airflow/.local/lib/python3.12/site-packages/airflow/example_dags/example_datasets.py for tasks to queue
[2025-09-21T04:49:48.978+0000] {logging_mixin.py:190} INFO - [2025-09-21T04:49:48.978+0000] {dagbag.py:588} INFO - Filling up the DagBag from /home/airflow/.local/lib/python3.12/site-packages/airflow/example_dags/example_datasets.py
[2025-09-21T04:49:49.893+0000] {processor.py:925} INFO - DAG(s) 'dataset_consumes_1', 'dataset_produces_1', 'dataset_consumes_1_never_scheduled', 'consume_1_and_2_with_dataset_expressions', 'consume_1_or_2_with_dataset_expressions', 'dataset_consumes_unknown_never_scheduled', 'conditional_dataset_and_time_based_timetable', 'dataset_produces_2', 'consume_1_or_both_2_and_3_with_dataset_expressions', 'dataset_consumes_1_and_2' retrieved from /home/airflow/.local/lib/python3.12/site-packages/airflow/example_dags/example_datasets.py
[2025-09-21T04:49:49.959+0000] {logging_mixin.py:190} INFO - [2025-09-21T04:49:49.958+0000] {dag.py:3239} INFO - Sync 10 DAGs
[2025-09-21T04:49:49.988+0000] {logging_mixin.py:190} INFO - [2025-09-21T04:49:49.987+0000] {dag.py:4180} INFO - Setting next_dagrun for conditional_dataset_and_time_based_timetable to 2025-09-17 01:00:00+00:00, run_after=2025-09-17 01:00:00+00:00
[2025-09-21T04:49:49.991+0000] {logging_mixin.py:190} INFO - [2025-09-21T04:49:49.991+0000] {dag.py:4180} INFO - Setting next_dagrun for consume_1_and_2_with_dataset_expressions to None, run_after=None
[2025-09-21T04:49:49.993+0000] {logging_mixin.py:190} INFO - [2025-09-21T04:49:49.993+0000] {dag.py:4180} INFO - Setting next_dagrun for consume_1_or_2_with_dataset_expressions to None, run_after=None
[2025-09-21T04:49:49.994+0000] {logging_mixin.py:190} INFO - [2025-09-21T04:49:49.994+0000] {dag.py:4180} INFO - Setting next_dagrun for consume_1_or_both_2_and_3_with_dataset_expressions to None, run_after=None
[2025-09-21T04:49:49.995+0000] {logging_mixin.py:190} INFO - [2025-09-21T04:49:49.995+0000] {dag.py:4180} INFO - Setting next_dagrun for dataset_consumes_1 to None, run_after=None
[2025-09-21T04:49:49.996+0000] {logging_mixin.py:190} INFO - [2025-09-21T04:49:49.996+0000] {dag.py:4180} INFO - Setting next_dagrun for dataset_consumes_1_and_2 to None, run_after=None
[2025-09-21T04:49:49.998+0000] {logging_mixin.py:190} INFO - [2025-09-21T04:49:49.997+0000] {dag.py:4180} INFO - Setting next_dagrun for dataset_consumes_1_never_scheduled to None, run_after=None
[2025-09-21T04:49:49.999+0000] {logging_mixin.py:190} INFO - [2025-09-21T04:49:49.999+0000] {dag.py:4180} INFO - Setting next_dagrun for dataset_consumes_unknown_never_scheduled to None, run_after=None
[2025-09-21T04:49:50.002+0000] {logging_mixin.py:190} INFO - [2025-09-21T04:49:50.002+0000] {dag.py:4180} INFO - Setting next_dagrun for dataset_produces_1 to 2025-09-20 00:00:00+00:00, run_after=2025-09-21 00:00:00+00:00
[2025-09-21T04:49:50.004+0000] {logging_mixin.py:190} INFO - [2025-09-21T04:49:50.003+0000] {dag.py:4180} INFO - Setting next_dagrun for dataset_produces_2 to None, run_after=None
[2025-09-21T04:49:50.041+0000] {processor.py:208} INFO - Processing /home/airflow/.local/lib/python3.12/site-packages/airflow/example_dags/example_datasets.py took 1.074 seconds
[2025-09-21T04:50:20.160+0000] {processor.py:186} INFO - Started process (PID=366) to work on /home/airflow/.local/lib/python3.12/site-packages/airflow/example_dags/example_datasets.py
[2025-09-21T04:50:20.161+0000] {processor.py:914} INFO - Processing file /home/airflow/.local/lib/python3.12/site-packages/airflow/example_dags/example_datasets.py for tasks to queue
[2025-09-21T04:50:20.163+0000] {logging_mixin.py:190} INFO - [2025-09-21T04:50:20.163+0000] {dagbag.py:588} INFO - Filling up the DagBag from /home/airflow/.local/lib/python3.12/site-packages/airflow/example_dags/example_datasets.py
[2025-09-21T04:50:21.000+0000] {processor.py:925} INFO - DAG(s) 'dataset_consumes_1_and_2', 'consume_1_or_both_2_and_3_with_dataset_expressions', 'conditional_dataset_and_time_based_timetable', 'dataset_consumes_1_never_scheduled', 'consume_1_or_2_with_dataset_expressions', 'dataset_produces_2', 'dataset_consumes_unknown_never_scheduled', 'consume_1_and_2_with_dataset_expressions', 'dataset_consumes_1', 'dataset_produces_1' retrieved from /home/airflow/.local/lib/python3.12/site-packages/airflow/example_dags/example_datasets.py
[2025-09-21T04:50:21.050+0000] {logging_mixin.py:190} INFO - [2025-09-21T04:50:21.050+0000] {dag.py:3239} INFO - Sync 10 DAGs
[2025-09-21T04:50:21.083+0000] {logging_mixin.py:190} INFO - [2025-09-21T04:50:21.083+0000] {dag.py:4180} INFO - Setting next_dagrun for conditional_dataset_and_time_based_timetable to 2025-09-17 01:00:00+00:00, run_after=2025-09-17 01:00:00+00:00
[2025-09-21T04:50:21.087+0000] {logging_mixin.py:190} INFO - [2025-09-21T04:50:21.087+0000] {dag.py:4180} INFO - Setting next_dagrun for consume_1_and_2_with_dataset_expressions to None, run_after=None
[2025-09-21T04:50:21.089+0000] {logging_mixin.py:190} INFO - [2025-09-21T04:50:21.089+0000] {dag.py:4180} INFO - Setting next_dagrun for consume_1_or_2_with_dataset_expressions to None, run_after=None
[2025-09-21T04:50:21.090+0000] {logging_mixin.py:190} INFO - [2025-09-21T04:50:21.090+0000] {dag.py:4180} INFO - Setting next_dagrun for consume_1_or_both_2_and_3_with_dataset_expressions to None, run_after=None
[2025-09-21T04:50:21.091+0000] {logging_mixin.py:190} INFO - [2025-09-21T04:50:21.091+0000] {dag.py:4180} INFO - Setting next_dagrun for dataset_consumes_1 to None, run_after=None
[2025-09-21T04:50:21.093+0000] {logging_mixin.py:190} INFO - [2025-09-21T04:50:21.092+0000] {dag.py:4180} INFO - Setting next_dagrun for dataset_consumes_1_and_2 to None, run_after=None
[2025-09-21T04:50:21.094+0000] {logging_mixin.py:190} INFO - [2025-09-21T04:50:21.094+0000] {dag.py:4180} INFO - Setting next_dagrun for dataset_consumes_1_never_scheduled to None, run_after=None
[2025-09-21T04:50:21.095+0000] {logging_mixin.py:190} INFO - [2025-09-21T04:50:21.095+0000] {dag.py:4180} INFO - Setting next_dagrun for dataset_consumes_unknown_never_scheduled to None, run_after=None
[2025-09-21T04:50:21.098+0000] {logging_mixin.py:190} INFO - [2025-09-21T04:50:21.098+0000] {dag.py:4180} INFO - Setting next_dagrun for dataset_produces_1 to 2025-09-20 00:00:00+00:00, run_after=2025-09-21 00:00:00+00:00
[2025-09-21T04:50:21.099+0000] {logging_mixin.py:190} INFO - [2025-09-21T04:50:21.099+0000] {dag.py:4180} INFO - Setting next_dagrun for dataset_produces_2 to None, run_after=None
[2025-09-21T04:50:21.205+0000] {processor.py:208} INFO - Processing /home/airflow/.local/lib/python3.12/site-packages/airflow/example_dags/example_datasets.py took 1.050 seconds
[2025-09-21T04:50:51.556+0000] {processor.py:186} INFO - Started process (PID=429) to work on /home/airflow/.local/lib/python3.12/site-packages/airflow/example_dags/example_datasets.py
[2025-09-21T04:50:51.557+0000] {processor.py:914} INFO - Processing file /home/airflow/.local/lib/python3.12/site-packages/airflow/example_dags/example_datasets.py for tasks to queue
[2025-09-21T04:50:51.560+0000] {logging_mixin.py:190} INFO - [2025-09-21T04:50:51.559+0000] {dagbag.py:588} INFO - Filling up the DagBag from /home/airflow/.local/lib/python3.12/site-packages/airflow/example_dags/example_datasets.py
[2025-09-21T04:50:52.433+0000] {processor.py:925} INFO - DAG(s) 'dataset_produces_1', 'dataset_consumes_1_and_2', 'consume_1_or_2_with_dataset_expressions', 'conditional_dataset_and_time_based_timetable', 'dataset_produces_2', 'dataset_consumes_1_never_scheduled', 'consume_1_and_2_with_dataset_expressions', 'dataset_consumes_unknown_never_scheduled', 'dataset_consumes_1', 'consume_1_or_both_2_and_3_with_dataset_expressions' retrieved from /home/airflow/.local/lib/python3.12/site-packages/airflow/example_dags/example_datasets.py
[2025-09-21T04:50:52.483+0000] {logging_mixin.py:190} INFO - [2025-09-21T04:50:52.483+0000] {dag.py:3239} INFO - Sync 10 DAGs
[2025-09-21T04:50:52.529+0000] {logging_mixin.py:190} INFO - [2025-09-21T04:50:52.529+0000] {dag.py:4180} INFO - Setting next_dagrun for conditional_dataset_and_time_based_timetable to 2025-09-17 01:00:00+00:00, run_after=2025-09-17 01:00:00+00:00
[2025-09-21T04:50:52.533+0000] {logging_mixin.py:190} INFO - [2025-09-21T04:50:52.533+0000] {dag.py:4180} INFO - Setting next_dagrun for consume_1_and_2_with_dataset_expressions to None, run_after=None
[2025-09-21T04:50:52.535+0000] {logging_mixin.py:190} INFO - [2025-09-21T04:50:52.534+0000] {dag.py:4180} INFO - Setting next_dagrun for consume_1_or_2_with_dataset_expressions to None, run_after=None
[2025-09-21T04:50:52.536+0000] {logging_mixin.py:190} INFO - [2025-09-21T04:50:52.536+0000] {dag.py:4180} INFO - Setting next_dagrun for consume_1_or_both_2_and_3_with_dataset_expressions to None, run_after=None
[2025-09-21T04:50:52.537+0000] {logging_mixin.py:190} INFO - [2025-09-21T04:50:52.537+0000] {dag.py:4180} INFO - Setting next_dagrun for dataset_consumes_1 to None, run_after=None
[2025-09-21T04:50:52.539+0000] {logging_mixin.py:190} INFO - [2025-09-21T04:50:52.538+0000] {dag.py:4180} INFO - Setting next_dagrun for dataset_consumes_1_and_2 to None, run_after=None
[2025-09-21T04:50:52.540+0000] {logging_mixin.py:190} INFO - [2025-09-21T04:50:52.540+0000] {dag.py:4180} INFO - Setting next_dagrun for dataset_consumes_1_never_scheduled to None, run_after=None
[2025-09-21T04:50:52.541+0000] {logging_mixin.py:190} INFO - [2025-09-21T04:50:52.541+0000] {dag.py:4180} INFO - Setting next_dagrun for dataset_consumes_unknown_never_scheduled to None, run_after=None
[2025-09-21T04:50:52.545+0000] {logging_mixin.py:190} INFO - [2025-09-21T04:50:52.544+0000] {dag.py:4180} INFO - Setting next_dagrun for dataset_produces_1 to 2025-09-20 00:00:00+00:00, run_after=2025-09-21 00:00:00+00:00
[2025-09-21T04:50:52.546+0000] {logging_mixin.py:190} INFO - [2025-09-21T04:50:52.546+0000] {dag.py:4180} INFO - Setting next_dagrun for dataset_produces_2 to None, run_after=None
[2025-09-21T04:50:52.576+0000] {processor.py:208} INFO - Processing /home/airflow/.local/lib/python3.12/site-packages/airflow/example_dags/example_datasets.py took 1.026 seconds
[2025-09-21T04:51:23.085+0000] {processor.py:186} INFO - Started process (PID=494) to work on /home/airflow/.local/lib/python3.12/site-packages/airflow/example_dags/example_datasets.py
[2025-09-21T04:51:23.086+0000] {processor.py:914} INFO - Processing file /home/airflow/.local/lib/python3.12/site-packages/airflow/example_dags/example_datasets.py for tasks to queue
[2025-09-21T04:51:23.088+0000] {logging_mixin.py:190} INFO - [2025-09-21T04:51:23.087+0000] {dagbag.py:588} INFO - Filling up the DagBag from /home/airflow/.local/lib/python3.12/site-packages/airflow/example_dags/example_datasets.py
[2025-09-21T04:51:23.840+0000] {processor.py:925} INFO - DAG(s) 'dataset_consumes_1_and_2', 'consume_1_and_2_with_dataset_expressions', 'dataset_consumes_1_never_scheduled', 'conditional_dataset_and_time_based_timetable', 'dataset_produces_1', 'dataset_produces_2', 'consume_1_or_2_with_dataset_expressions', 'dataset_consumes_unknown_never_scheduled', 'dataset_consumes_1', 'consume_1_or_both_2_and_3_with_dataset_expressions' retrieved from /home/airflow/.local/lib/python3.12/site-packages/airflow/example_dags/example_datasets.py
[2025-09-21T04:51:23.874+0000] {logging_mixin.py:190} INFO - [2025-09-21T04:51:23.874+0000] {dag.py:3239} INFO - Sync 10 DAGs
[2025-09-21T04:51:23.895+0000] {logging_mixin.py:190} INFO - [2025-09-21T04:51:23.895+0000] {dag.py:4180} INFO - Setting next_dagrun for conditional_dataset_and_time_based_timetable to 2025-09-17 01:00:00+00:00, run_after=2025-09-17 01:00:00+00:00
[2025-09-21T04:51:23.899+0000] {logging_mixin.py:190} INFO - [2025-09-21T04:51:23.898+0000] {dag.py:4180} INFO - Setting next_dagrun for consume_1_and_2_with_dataset_expressions to None, run_after=None
[2025-09-21T04:51:23.900+0000] {logging_mixin.py:190} INFO - [2025-09-21T04:51:23.899+0000] {dag.py:4180} INFO - Setting next_dagrun for consume_1_or_2_with_dataset_expressions to None, run_after=None
[2025-09-21T04:51:23.901+0000] {logging_mixin.py:190} INFO - [2025-09-21T04:51:23.900+0000] {dag.py:4180} INFO - Setting next_dagrun for consume_1_or_both_2_and_3_with_dataset_expressions to None, run_after=None
[2025-09-21T04:51:23.901+0000] {logging_mixin.py:190} INFO - [2025-09-21T04:51:23.901+0000] {dag.py:4180} INFO - Setting next_dagrun for dataset_consumes_1 to None, run_after=None
[2025-09-21T04:51:23.902+0000] {logging_mixin.py:190} INFO - [2025-09-21T04:51:23.902+0000] {dag.py:4180} INFO - Setting next_dagrun for dataset_consumes_1_and_2 to None, run_after=None
[2025-09-21T04:51:23.903+0000] {logging_mixin.py:190} INFO - [2025-09-21T04:51:23.903+0000] {dag.py:4180} INFO - Setting next_dagrun for dataset_consumes_1_never_scheduled to None, run_after=None
[2025-09-21T04:51:23.904+0000] {logging_mixin.py:190} INFO - [2025-09-21T04:51:23.904+0000] {dag.py:4180} INFO - Setting next_dagrun for dataset_consumes_unknown_never_scheduled to None, run_after=None
[2025-09-21T04:51:23.906+0000] {logging_mixin.py:190} INFO - [2025-09-21T04:51:23.906+0000] {dag.py:4180} INFO - Setting next_dagrun for dataset_produces_1 to 2025-09-20 00:00:00+00:00, run_after=2025-09-21 00:00:00+00:00
[2025-09-21T04:51:23.907+0000] {logging_mixin.py:190} INFO - [2025-09-21T04:51:23.907+0000] {dag.py:4180} INFO - Setting next_dagrun for dataset_produces_2 to None, run_after=None
[2025-09-21T04:51:23.935+0000] {processor.py:208} INFO - Processing /home/airflow/.local/lib/python3.12/site-packages/airflow/example_dags/example_datasets.py took 0.856 seconds
[2025-09-21T04:51:54.325+0000] {processor.py:186} INFO - Started process (PID=559) to work on /home/airflow/.local/lib/python3.12/site-packages/airflow/example_dags/example_datasets.py
[2025-09-21T04:51:54.327+0000] {processor.py:914} INFO - Processing file /home/airflow/.local/lib/python3.12/site-packages/airflow/example_dags/example_datasets.py for tasks to queue
[2025-09-21T04:51:54.332+0000] {logging_mixin.py:190} INFO - [2025-09-21T04:51:54.331+0000] {dagbag.py:588} INFO - Filling up the DagBag from /home/airflow/.local/lib/python3.12/site-packages/airflow/example_dags/example_datasets.py
[2025-09-21T04:51:55.961+0000] {processor.py:925} INFO - DAG(s) 'dataset_consumes_1', 'dataset_produces_2', 'consume_1_or_2_with_dataset_expressions', 'dataset_consumes_1_never_scheduled', 'dataset_consumes_unknown_never_scheduled', 'dataset_consumes_1_and_2', 'dataset_produces_1', 'conditional_dataset_and_time_based_timetable', 'consume_1_and_2_with_dataset_expressions', 'consume_1_or_both_2_and_3_with_dataset_expressions' retrieved from /home/airflow/.local/lib/python3.12/site-packages/airflow/example_dags/example_datasets.py
[2025-09-21T04:51:56.009+0000] {logging_mixin.py:190} INFO - [2025-09-21T04:51:56.009+0000] {dag.py:3239} INFO - Sync 10 DAGs
[2025-09-21T04:51:56.039+0000] {logging_mixin.py:190} INFO - [2025-09-21T04:51:56.039+0000] {dag.py:4180} INFO - Setting next_dagrun for conditional_dataset_and_time_based_timetable to 2025-09-17 01:00:00+00:00, run_after=2025-09-17 01:00:00+00:00
[2025-09-21T04:51:56.043+0000] {logging_mixin.py:190} INFO - [2025-09-21T04:51:56.043+0000] {dag.py:4180} INFO - Setting next_dagrun for consume_1_and_2_with_dataset_expressions to None, run_after=None
[2025-09-21T04:51:56.045+0000] {logging_mixin.py:190} INFO - [2025-09-21T04:51:56.044+0000] {dag.py:4180} INFO - Setting next_dagrun for consume_1_or_2_with_dataset_expressions to None, run_after=None
[2025-09-21T04:51:56.046+0000] {logging_mixin.py:190} INFO - [2025-09-21T04:51:56.046+0000] {dag.py:4180} INFO - Setting next_dagrun for consume_1_or_both_2_and_3_with_dataset_expressions to None, run_after=None
[2025-09-21T04:51:56.047+0000] {logging_mixin.py:190} INFO - [2025-09-21T04:51:56.047+0000] {dag.py:4180} INFO - Setting next_dagrun for dataset_consumes_1 to None, run_after=None
[2025-09-21T04:51:56.048+0000] {logging_mixin.py:190} INFO - [2025-09-21T04:51:56.048+0000] {dag.py:4180} INFO - Setting next_dagrun for dataset_consumes_1_and_2 to None, run_after=None
[2025-09-21T04:51:56.050+0000] {logging_mixin.py:190} INFO - [2025-09-21T04:51:56.049+0000] {dag.py:4180} INFO - Setting next_dagrun for dataset_consumes_1_never_scheduled to None, run_after=None
[2025-09-21T04:51:56.051+0000] {logging_mixin.py:190} INFO - [2025-09-21T04:51:56.051+0000] {dag.py:4180} INFO - Setting next_dagrun for dataset_consumes_unknown_never_scheduled to None, run_after=None
[2025-09-21T04:51:56.054+0000] {logging_mixin.py:190} INFO - [2025-09-21T04:51:56.054+0000] {dag.py:4180} INFO - Setting next_dagrun for dataset_produces_1 to 2025-09-20 00:00:00+00:00, run_after=2025-09-21 00:00:00+00:00
[2025-09-21T04:51:56.057+0000] {logging_mixin.py:190} INFO - [2025-09-21T04:51:56.056+0000] {dag.py:4180} INFO - Setting next_dagrun for dataset_produces_2 to None, run_after=None
[2025-09-21T04:51:56.093+0000] {processor.py:208} INFO - Processing /home/airflow/.local/lib/python3.12/site-packages/airflow/example_dags/example_datasets.py took 1.783 seconds
[2025-09-21T04:52:26.919+0000] {processor.py:186} INFO - Started process (PID=622) to work on /home/airflow/.local/lib/python3.12/site-packages/airflow/example_dags/example_datasets.py
[2025-09-21T04:52:26.922+0000] {processor.py:914} INFO - Processing file /home/airflow/.local/lib/python3.12/site-packages/airflow/example_dags/example_datasets.py for tasks to queue
[2025-09-21T04:52:26.930+0000] {logging_mixin.py:190} INFO - [2025-09-21T04:52:26.929+0000] {dagbag.py:588} INFO - Filling up the DagBag from /home/airflow/.local/lib/python3.12/site-packages/airflow/example_dags/example_datasets.py
[2025-09-21T04:52:28.914+0000] {processor.py:925} INFO - DAG(s) 'dataset_consumes_1', 'consume_1_or_both_2_and_3_with_dataset_expressions', 'dataset_consumes_unknown_never_scheduled', 'dataset_consumes_1_never_scheduled', 'conditional_dataset_and_time_based_timetable', 'dataset_produces_1', 'consume_1_or_2_with_dataset_expressions', 'dataset_produces_2', 'consume_1_and_2_with_dataset_expressions', 'dataset_consumes_1_and_2' retrieved from /home/airflow/.local/lib/python3.12/site-packages/airflow/example_dags/example_datasets.py
[2025-09-21T04:52:28.964+0000] {logging_mixin.py:190} INFO - [2025-09-21T04:52:28.963+0000] {dag.py:3239} INFO - Sync 10 DAGs
[2025-09-21T04:52:28.998+0000] {logging_mixin.py:190} INFO - [2025-09-21T04:52:28.998+0000] {dag.py:4180} INFO - Setting next_dagrun for conditional_dataset_and_time_based_timetable to 2025-09-17 01:00:00+00:00, run_after=2025-09-17 01:00:00+00:00
[2025-09-21T04:52:29.003+0000] {logging_mixin.py:190} INFO - [2025-09-21T04:52:29.002+0000] {dag.py:4180} INFO - Setting next_dagrun for consume_1_and_2_with_dataset_expressions to None, run_after=None
[2025-09-21T04:52:29.004+0000] {logging_mixin.py:190} INFO - [2025-09-21T04:52:29.004+0000] {dag.py:4180} INFO - Setting next_dagrun for consume_1_or_2_with_dataset_expressions to None, run_after=None
[2025-09-21T04:52:29.005+0000] {logging_mixin.py:190} INFO - [2025-09-21T04:52:29.005+0000] {dag.py:4180} INFO - Setting next_dagrun for consume_1_or_both_2_and_3_with_dataset_expressions to None, run_after=None
[2025-09-21T04:52:29.007+0000] {logging_mixin.py:190} INFO - [2025-09-21T04:52:29.007+0000] {dag.py:4180} INFO - Setting next_dagrun for dataset_consumes_1 to None, run_after=None
[2025-09-21T04:52:29.008+0000] {logging_mixin.py:190} INFO - [2025-09-21T04:52:29.008+0000] {dag.py:4180} INFO - Setting next_dagrun for dataset_consumes_1_and_2 to None, run_after=None
[2025-09-21T04:52:29.009+0000] {logging_mixin.py:190} INFO - [2025-09-21T04:52:29.009+0000] {dag.py:4180} INFO - Setting next_dagrun for dataset_consumes_1_never_scheduled to None, run_after=None
[2025-09-21T04:52:29.011+0000] {logging_mixin.py:190} INFO - [2025-09-21T04:52:29.011+0000] {dag.py:4180} INFO - Setting next_dagrun for dataset_consumes_unknown_never_scheduled to None, run_after=None
[2025-09-21T04:52:29.014+0000] {logging_mixin.py:190} INFO - [2025-09-21T04:52:29.014+0000] {dag.py:4180} INFO - Setting next_dagrun for dataset_produces_1 to 2025-09-20 00:00:00+00:00, run_after=2025-09-21 00:00:00+00:00
[2025-09-21T04:52:29.016+0000] {logging_mixin.py:190} INFO - [2025-09-21T04:52:29.015+0000] {dag.py:4180} INFO - Setting next_dagrun for dataset_produces_2 to None, run_after=None
[2025-09-21T04:52:29.052+0000] {processor.py:208} INFO - Processing /home/airflow/.local/lib/python3.12/site-packages/airflow/example_dags/example_datasets.py took 2.161 seconds
[2025-09-21T04:52:59.138+0000] {processor.py:186} INFO - Started process (PID=686) to work on /home/airflow/.local/lib/python3.12/site-packages/airflow/example_dags/example_datasets.py
[2025-09-21T04:52:59.141+0000] {processor.py:914} INFO - Processing file /home/airflow/.local/lib/python3.12/site-packages/airflow/example_dags/example_datasets.py for tasks to queue
[2025-09-21T04:52:59.145+0000] {logging_mixin.py:190} INFO - [2025-09-21T04:52:59.144+0000] {dagbag.py:588} INFO - Filling up the DagBag from /home/airflow/.local/lib/python3.12/site-packages/airflow/example_dags/example_datasets.py
[2025-09-21T04:53:00.262+0000] {processor.py:925} INFO - DAG(s) 'dataset_consumes_1_never_scheduled', 'consume_1_or_2_with_dataset_expressions', 'dataset_consumes_unknown_never_scheduled', 'dataset_produces_1', 'dataset_produces_2', 'conditional_dataset_and_time_based_timetable', 'consume_1_and_2_with_dataset_expressions', 'dataset_consumes_1_and_2', 'consume_1_or_both_2_and_3_with_dataset_expressions', 'dataset_consumes_1' retrieved from /home/airflow/.local/lib/python3.12/site-packages/airflow/example_dags/example_datasets.py
[2025-09-21T04:53:00.322+0000] {logging_mixin.py:190} INFO - [2025-09-21T04:53:00.322+0000] {dag.py:3239} INFO - Sync 10 DAGs
[2025-09-21T04:53:00.357+0000] {logging_mixin.py:190} INFO - [2025-09-21T04:53:00.357+0000] {dag.py:4180} INFO - Setting next_dagrun for conditional_dataset_and_time_based_timetable to 2025-09-17 01:00:00+00:00, run_after=2025-09-17 01:00:00+00:00
[2025-09-21T04:53:00.362+0000] {logging_mixin.py:190} INFO - [2025-09-21T04:53:00.362+0000] {dag.py:4180} INFO - Setting next_dagrun for consume_1_and_2_with_dataset_expressions to None, run_after=None
[2025-09-21T04:53:00.363+0000] {logging_mixin.py:190} INFO - [2025-09-21T04:53:00.363+0000] {dag.py:4180} INFO - Setting next_dagrun for consume_1_or_2_with_dataset_expressions to None, run_after=None
[2025-09-21T04:53:00.365+0000] {logging_mixin.py:190} INFO - [2025-09-21T04:53:00.364+0000] {dag.py:4180} INFO - Setting next_dagrun for consume_1_or_both_2_and_3_with_dataset_expressions to None, run_after=None
[2025-09-21T04:53:00.366+0000] {logging_mixin.py:190} INFO - [2025-09-21T04:53:00.366+0000] {dag.py:4180} INFO - Setting next_dagrun for dataset_consumes_1 to None, run_after=None
[2025-09-21T04:53:00.367+0000] {logging_mixin.py:190} INFO - [2025-09-21T04:53:00.367+0000] {dag.py:4180} INFO - Setting next_dagrun for dataset_consumes_1_and_2 to None, run_after=None
[2025-09-21T04:53:00.369+0000] {logging_mixin.py:190} INFO - [2025-09-21T04:53:00.368+0000] {dag.py:4180} INFO - Setting next_dagrun for dataset_consumes_1_never_scheduled to None, run_after=None
[2025-09-21T04:53:00.370+0000] {logging_mixin.py:190} INFO - [2025-09-21T04:53:00.370+0000] {dag.py:4180} INFO - Setting next_dagrun for dataset_consumes_unknown_never_scheduled to None, run_after=None
[2025-09-21T04:53:00.374+0000] {logging_mixin.py:190} INFO - [2025-09-21T04:53:00.374+0000] {dag.py:4180} INFO - Setting next_dagrun for dataset_produces_1 to 2025-09-20 00:00:00+00:00, run_after=2025-09-21 00:00:00+00:00
[2025-09-21T04:53:00.375+0000] {logging_mixin.py:190} INFO - [2025-09-21T04:53:00.375+0000] {dag.py:4180} INFO - Setting next_dagrun for dataset_produces_2 to None, run_after=None
[2025-09-21T04:53:00.412+0000] {processor.py:208} INFO - Processing /home/airflow/.local/lib/python3.12/site-packages/airflow/example_dags/example_datasets.py took 1.286 seconds
[2025-09-21T04:53:31.273+0000] {processor.py:186} INFO - Started process (PID=751) to work on /home/airflow/.local/lib/python3.12/site-packages/airflow/example_dags/example_datasets.py
[2025-09-21T04:53:31.273+0000] {processor.py:914} INFO - Processing file /home/airflow/.local/lib/python3.12/site-packages/airflow/example_dags/example_datasets.py for tasks to queue
[2025-09-21T04:53:31.276+0000] {logging_mixin.py:190} INFO - [2025-09-21T04:53:31.275+0000] {dagbag.py:588} INFO - Filling up the DagBag from /home/airflow/.local/lib/python3.12/site-packages/airflow/example_dags/example_datasets.py
[2025-09-21T04:53:31.990+0000] {processor.py:925} INFO - DAG(s) 'consume_1_or_both_2_and_3_with_dataset_expressions', 'dataset_produces_2', 'consume_1_or_2_with_dataset_expressions', 'dataset_consumes_1', 'dataset_produces_1', 'dataset_consumes_1_and_2', 'dataset_consumes_unknown_never_scheduled', 'consume_1_and_2_with_dataset_expressions', 'dataset_consumes_1_never_scheduled', 'conditional_dataset_and_time_based_timetable' retrieved from /home/airflow/.local/lib/python3.12/site-packages/airflow/example_dags/example_datasets.py
[2025-09-21T04:53:32.030+0000] {logging_mixin.py:190} INFO - [2025-09-21T04:53:32.029+0000] {dag.py:3239} INFO - Sync 10 DAGs
[2025-09-21T04:53:32.052+0000] {logging_mixin.py:190} INFO - [2025-09-21T04:53:32.052+0000] {dag.py:4180} INFO - Setting next_dagrun for conditional_dataset_and_time_based_timetable to 2025-09-17 01:00:00+00:00, run_after=2025-09-17 01:00:00+00:00
[2025-09-21T04:53:32.055+0000] {logging_mixin.py:190} INFO - [2025-09-21T04:53:32.055+0000] {dag.py:4180} INFO - Setting next_dagrun for consume_1_and_2_with_dataset_expressions to None, run_after=None
[2025-09-21T04:53:32.056+0000] {logging_mixin.py:190} INFO - [2025-09-21T04:53:32.056+0000] {dag.py:4180} INFO - Setting next_dagrun for consume_1_or_2_with_dataset_expressions to None, run_after=None
[2025-09-21T04:53:32.057+0000] {logging_mixin.py:190} INFO - [2025-09-21T04:53:32.057+0000] {dag.py:4180} INFO - Setting next_dagrun for consume_1_or_both_2_and_3_with_dataset_expressions to None, run_after=None
[2025-09-21T04:53:32.058+0000] {logging_mixin.py:190} INFO - [2025-09-21T04:53:32.058+0000] {dag.py:4180} INFO - Setting next_dagrun for dataset_consumes_1 to None, run_after=None
[2025-09-21T04:53:32.059+0000] {logging_mixin.py:190} INFO - [2025-09-21T04:53:32.059+0000] {dag.py:4180} INFO - Setting next_dagrun for dataset_consumes_1_and_2 to None, run_after=None
[2025-09-21T04:53:32.060+0000] {logging_mixin.py:190} INFO - [2025-09-21T04:53:32.060+0000] {dag.py:4180} INFO - Setting next_dagrun for dataset_consumes_1_never_scheduled to None, run_after=None
[2025-09-21T04:53:32.061+0000] {logging_mixin.py:190} INFO - [2025-09-21T04:53:32.061+0000] {dag.py:4180} INFO - Setting next_dagrun for dataset_consumes_unknown_never_scheduled to None, run_after=None
[2025-09-21T04:53:32.063+0000] {logging_mixin.py:190} INFO - [2025-09-21T04:53:32.063+0000] {dag.py:4180} INFO - Setting next_dagrun for dataset_produces_1 to 2025-09-20 00:00:00+00:00, run_after=2025-09-21 00:00:00+00:00
[2025-09-21T04:53:32.064+0000] {logging_mixin.py:190} INFO - [2025-09-21T04:53:32.063+0000] {dag.py:4180} INFO - Setting next_dagrun for dataset_produces_2 to None, run_after=None
[2025-09-21T04:53:32.090+0000] {processor.py:208} INFO - Processing /home/airflow/.local/lib/python3.12/site-packages/airflow/example_dags/example_datasets.py took 0.823 seconds
[2025-09-21T04:54:02.433+0000] {processor.py:186} INFO - Started process (PID=815) to work on /home/airflow/.local/lib/python3.12/site-packages/airflow/example_dags/example_datasets.py
[2025-09-21T04:54:02.437+0000] {processor.py:914} INFO - Processing file /home/airflow/.local/lib/python3.12/site-packages/airflow/example_dags/example_datasets.py for tasks to queue
[2025-09-21T04:54:02.441+0000] {logging_mixin.py:190} INFO - [2025-09-21T04:54:02.441+0000] {dagbag.py:588} INFO - Filling up the DagBag from /home/airflow/.local/lib/python3.12/site-packages/airflow/example_dags/example_datasets.py
[2025-09-21T04:54:03.179+0000] {processor.py:925} INFO - DAG(s) 'consume_1_and_2_with_dataset_expressions', 'conditional_dataset_and_time_based_timetable', 'dataset_consumes_1_never_scheduled', 'dataset_consumes_1', 'dataset_consumes_1_and_2', 'consume_1_or_2_with_dataset_expressions', 'dataset_produces_2', 'dataset_consumes_unknown_never_scheduled', 'dataset_produces_1', 'consume_1_or_both_2_and_3_with_dataset_expressions' retrieved from /home/airflow/.local/lib/python3.12/site-packages/airflow/example_dags/example_datasets.py
[2025-09-21T04:54:03.216+0000] {logging_mixin.py:190} INFO - [2025-09-21T04:54:03.215+0000] {dag.py:3239} INFO - Sync 10 DAGs
[2025-09-21T04:54:03.238+0000] {logging_mixin.py:190} INFO - [2025-09-21T04:54:03.238+0000] {dag.py:4180} INFO - Setting next_dagrun for conditional_dataset_and_time_based_timetable to 2025-09-17 01:00:00+00:00, run_after=2025-09-17 01:00:00+00:00
[2025-09-21T04:54:03.241+0000] {logging_mixin.py:190} INFO - [2025-09-21T04:54:03.241+0000] {dag.py:4180} INFO - Setting next_dagrun for consume_1_and_2_with_dataset_expressions to None, run_after=None
[2025-09-21T04:54:03.242+0000] {logging_mixin.py:190} INFO - [2025-09-21T04:54:03.242+0000] {dag.py:4180} INFO - Setting next_dagrun for consume_1_or_2_with_dataset_expressions to None, run_after=None
[2025-09-21T04:54:03.244+0000] {logging_mixin.py:190} INFO - [2025-09-21T04:54:03.243+0000] {dag.py:4180} INFO - Setting next_dagrun for consume_1_or_both_2_and_3_with_dataset_expressions to None, run_after=None
[2025-09-21T04:54:03.245+0000] {logging_mixin.py:190} INFO - [2025-09-21T04:54:03.245+0000] {dag.py:4180} INFO - Setting next_dagrun for dataset_consumes_1 to None, run_after=None
[2025-09-21T04:54:03.246+0000] {logging_mixin.py:190} INFO - [2025-09-21T04:54:03.246+0000] {dag.py:4180} INFO - Setting next_dagrun for dataset_consumes_1_and_2 to None, run_after=None
[2025-09-21T04:54:03.247+0000] {logging_mixin.py:190} INFO - [2025-09-21T04:54:03.247+0000] {dag.py:4180} INFO - Setting next_dagrun for dataset_consumes_1_never_scheduled to None, run_after=None
[2025-09-21T04:54:03.248+0000] {logging_mixin.py:190} INFO - [2025-09-21T04:54:03.248+0000] {dag.py:4180} INFO - Setting next_dagrun for dataset_consumes_unknown_never_scheduled to None, run_after=None
[2025-09-21T04:54:03.250+0000] {logging_mixin.py:190} INFO - [2025-09-21T04:54:03.250+0000] {dag.py:4180} INFO - Setting next_dagrun for dataset_produces_1 to 2025-09-20 00:00:00+00:00, run_after=2025-09-21 00:00:00+00:00
[2025-09-21T04:54:03.251+0000] {logging_mixin.py:190} INFO - [2025-09-21T04:54:03.251+0000] {dag.py:4180} INFO - Setting next_dagrun for dataset_produces_2 to None, run_after=None
[2025-09-21T04:54:03.277+0000] {processor.py:208} INFO - Processing /home/airflow/.local/lib/python3.12/site-packages/airflow/example_dags/example_datasets.py took 0.870 seconds
[2025-09-21T04:54:34.066+0000] {processor.py:186} INFO - Started process (PID=885) to work on /home/airflow/.local/lib/python3.12/site-packages/airflow/example_dags/example_datasets.py
[2025-09-21T04:54:34.067+0000] {processor.py:914} INFO - Processing file /home/airflow/.local/lib/python3.12/site-packages/airflow/example_dags/example_datasets.py for tasks to queue
[2025-09-21T04:54:34.069+0000] {logging_mixin.py:190} INFO - [2025-09-21T04:54:34.068+0000] {dagbag.py:588} INFO - Filling up the DagBag from /home/airflow/.local/lib/python3.12/site-packages/airflow/example_dags/example_datasets.py
[2025-09-21T04:54:34.698+0000] {processor.py:925} INFO - DAG(s) 'conditional_dataset_and_time_based_timetable', 'dataset_produces_2', 'dataset_consumes_1_never_scheduled', 'consume_1_or_2_with_dataset_expressions', 'dataset_consumes_1_and_2', 'dataset_produces_1', 'dataset_consumes_1', 'consume_1_or_both_2_and_3_with_dataset_expressions', 'consume_1_and_2_with_dataset_expressions', 'dataset_consumes_unknown_never_scheduled' retrieved from /home/airflow/.local/lib/python3.12/site-packages/airflow/example_dags/example_datasets.py
[2025-09-21T04:54:34.732+0000] {logging_mixin.py:190} INFO - [2025-09-21T04:54:34.732+0000] {dag.py:3239} INFO - Sync 10 DAGs
[2025-09-21T04:54:34.754+0000] {logging_mixin.py:190} INFO - [2025-09-21T04:54:34.753+0000] {dag.py:4180} INFO - Setting next_dagrun for conditional_dataset_and_time_based_timetable to 2025-09-17 01:00:00+00:00, run_after=2025-09-17 01:00:00+00:00
[2025-09-21T04:54:34.757+0000] {logging_mixin.py:190} INFO - [2025-09-21T04:54:34.756+0000] {dag.py:4180} INFO - Setting next_dagrun for consume_1_and_2_with_dataset_expressions to None, run_after=None
[2025-09-21T04:54:34.758+0000] {logging_mixin.py:190} INFO - [2025-09-21T04:54:34.757+0000] {dag.py:4180} INFO - Setting next_dagrun for consume_1_or_2_with_dataset_expressions to None, run_after=None
[2025-09-21T04:54:34.758+0000] {logging_mixin.py:190} INFO - [2025-09-21T04:54:34.758+0000] {dag.py:4180} INFO - Setting next_dagrun for consume_1_or_both_2_and_3_with_dataset_expressions to None, run_after=None
[2025-09-21T04:54:34.759+0000] {logging_mixin.py:190} INFO - [2025-09-21T04:54:34.759+0000] {dag.py:4180} INFO - Setting next_dagrun for dataset_consumes_1 to None, run_after=None
[2025-09-21T04:54:34.760+0000] {logging_mixin.py:190} INFO - [2025-09-21T04:54:34.760+0000] {dag.py:4180} INFO - Setting next_dagrun for dataset_consumes_1_and_2 to None, run_after=None
[2025-09-21T04:54:34.761+0000] {logging_mixin.py:190} INFO - [2025-09-21T04:54:34.761+0000] {dag.py:4180} INFO - Setting next_dagrun for dataset_consumes_1_never_scheduled to None, run_after=None
[2025-09-21T04:54:34.762+0000] {logging_mixin.py:190} INFO - [2025-09-21T04:54:34.762+0000] {dag.py:4180} INFO - Setting next_dagrun for dataset_consumes_unknown_never_scheduled to None, run_after=None
[2025-09-21T04:54:34.764+0000] {logging_mixin.py:190} INFO - [2025-09-21T04:54:34.764+0000] {dag.py:4180} INFO - Setting next_dagrun for dataset_produces_1 to 2025-09-20 00:00:00+00:00, run_after=2025-09-21 00:00:00+00:00
[2025-09-21T04:54:34.765+0000] {logging_mixin.py:190} INFO - [2025-09-21T04:54:34.765+0000] {dag.py:4180} INFO - Setting next_dagrun for dataset_produces_2 to None, run_after=None
[2025-09-21T04:54:34.790+0000] {processor.py:208} INFO - Processing /home/airflow/.local/lib/python3.12/site-packages/airflow/example_dags/example_datasets.py took 0.730 seconds
[2025-09-21T04:55:06.123+0000] {processor.py:186} INFO - Started process (PID=955) to work on /home/airflow/.local/lib/python3.12/site-packages/airflow/example_dags/example_datasets.py
[2025-09-21T04:55:06.123+0000] {processor.py:914} INFO - Processing file /home/airflow/.local/lib/python3.12/site-packages/airflow/example_dags/example_datasets.py for tasks to queue
[2025-09-21T04:55:06.125+0000] {logging_mixin.py:190} INFO - [2025-09-21T04:55:06.125+0000] {dagbag.py:588} INFO - Filling up the DagBag from /home/airflow/.local/lib/python3.12/site-packages/airflow/example_dags/example_datasets.py
[2025-09-21T04:55:06.765+0000] {processor.py:925} INFO - DAG(s) 'dataset_produces_2', 'conditional_dataset_and_time_based_timetable', 'consume_1_or_both_2_and_3_with_dataset_expressions', 'dataset_consumes_1_never_scheduled', 'consume_1_and_2_with_dataset_expressions', 'consume_1_or_2_with_dataset_expressions', 'dataset_consumes_1_and_2', 'dataset_consumes_1', 'dataset_produces_1', 'dataset_consumes_unknown_never_scheduled' retrieved from /home/airflow/.local/lib/python3.12/site-packages/airflow/example_dags/example_datasets.py
[2025-09-21T04:55:06.800+0000] {logging_mixin.py:190} INFO - [2025-09-21T04:55:06.799+0000] {dag.py:3239} INFO - Sync 10 DAGs
[2025-09-21T04:55:06.821+0000] {logging_mixin.py:190} INFO - [2025-09-21T04:55:06.821+0000] {dag.py:4180} INFO - Setting next_dagrun for conditional_dataset_and_time_based_timetable to 2025-09-17 01:00:00+00:00, run_after=2025-09-17 01:00:00+00:00
[2025-09-21T04:55:06.824+0000] {logging_mixin.py:190} INFO - [2025-09-21T04:55:06.824+0000] {dag.py:4180} INFO - Setting next_dagrun for consume_1_and_2_with_dataset_expressions to None, run_after=None
[2025-09-21T04:55:06.827+0000] {logging_mixin.py:190} INFO - [2025-09-21T04:55:06.827+0000] {dag.py:4180} INFO - Setting next_dagrun for consume_1_or_2_with_dataset_expressions to None, run_after=None
[2025-09-21T04:55:06.828+0000] {logging_mixin.py:190} INFO - [2025-09-21T04:55:06.828+0000] {dag.py:4180} INFO - Setting next_dagrun for consume_1_or_both_2_and_3_with_dataset_expressions to None, run_after=None
[2025-09-21T04:55:06.829+0000] {logging_mixin.py:190} INFO - [2025-09-21T04:55:06.828+0000] {dag.py:4180} INFO - Setting next_dagrun for dataset_consumes_1 to None, run_after=None
[2025-09-21T04:55:06.830+0000] {logging_mixin.py:190} INFO - [2025-09-21T04:55:06.829+0000] {dag.py:4180} INFO - Setting next_dagrun for dataset_consumes_1_and_2 to None, run_after=None
[2025-09-21T04:55:06.830+0000] {logging_mixin.py:190} INFO - [2025-09-21T04:55:06.830+0000] {dag.py:4180} INFO - Setting next_dagrun for dataset_consumes_1_never_scheduled to None, run_after=None
[2025-09-21T04:55:06.831+0000] {logging_mixin.py:190} INFO - [2025-09-21T04:55:06.831+0000] {dag.py:4180} INFO - Setting next_dagrun for dataset_consumes_unknown_never_scheduled to None, run_after=None
[2025-09-21T04:55:06.833+0000] {logging_mixin.py:190} INFO - [2025-09-21T04:55:06.833+0000] {dag.py:4180} INFO - Setting next_dagrun for dataset_produces_1 to 2025-09-20 00:00:00+00:00, run_after=2025-09-21 00:00:00+00:00
[2025-09-21T04:55:06.834+0000] {logging_mixin.py:190} INFO - [2025-09-21T04:55:06.834+0000] {dag.py:4180} INFO - Setting next_dagrun for dataset_produces_2 to None, run_after=None
[2025-09-21T04:55:06.861+0000] {processor.py:208} INFO - Processing /home/airflow/.local/lib/python3.12/site-packages/airflow/example_dags/example_datasets.py took 0.743 seconds
[2025-09-21T04:55:37.414+0000] {processor.py:186} INFO - Started process (PID=1018) to work on /home/airflow/.local/lib/python3.12/site-packages/airflow/example_dags/example_datasets.py
[2025-09-21T04:55:37.417+0000] {processor.py:914} INFO - Processing file /home/airflow/.local/lib/python3.12/site-packages/airflow/example_dags/example_datasets.py for tasks to queue
[2025-09-21T04:55:37.422+0000] {logging_mixin.py:190} INFO - [2025-09-21T04:55:37.421+0000] {dagbag.py:588} INFO - Filling up the DagBag from /home/airflow/.local/lib/python3.12/site-packages/airflow/example_dags/example_datasets.py
[2025-09-21T04:55:38.022+0000] {processor.py:925} INFO - DAG(s) 'dataset_consumes_1', 'dataset_consumes_1_and_2', 'conditional_dataset_and_time_based_timetable', 'dataset_consumes_1_never_scheduled', 'consume_1_or_2_with_dataset_expressions', 'consume_1_and_2_with_dataset_expressions', 'dataset_produces_1', 'dataset_consumes_unknown_never_scheduled', 'consume_1_or_both_2_and_3_with_dataset_expressions', 'dataset_produces_2' retrieved from /home/airflow/.local/lib/python3.12/site-packages/airflow/example_dags/example_datasets.py
[2025-09-21T04:55:38.062+0000] {logging_mixin.py:190} INFO - [2025-09-21T04:55:38.062+0000] {dag.py:3239} INFO - Sync 10 DAGs
[2025-09-21T04:55:38.087+0000] {logging_mixin.py:190} INFO - [2025-09-21T04:55:38.087+0000] {dag.py:4180} INFO - Setting next_dagrun for conditional_dataset_and_time_based_timetable to 2025-09-17 01:00:00+00:00, run_after=2025-09-17 01:00:00+00:00
[2025-09-21T04:55:38.090+0000] {logging_mixin.py:190} INFO - [2025-09-21T04:55:38.090+0000] {dag.py:4180} INFO - Setting next_dagrun for consume_1_and_2_with_dataset_expressions to None, run_after=None
[2025-09-21T04:55:38.091+0000] {logging_mixin.py:190} INFO - [2025-09-21T04:55:38.091+0000] {dag.py:4180} INFO - Setting next_dagrun for consume_1_or_2_with_dataset_expressions to None, run_after=None
[2025-09-21T04:55:38.092+0000] {logging_mixin.py:190} INFO - [2025-09-21T04:55:38.092+0000] {dag.py:4180} INFO - Setting next_dagrun for consume_1_or_both_2_and_3_with_dataset_expressions to None, run_after=None
[2025-09-21T04:55:38.093+0000] {logging_mixin.py:190} INFO - [2025-09-21T04:55:38.093+0000] {dag.py:4180} INFO - Setting next_dagrun for dataset_consumes_1 to None, run_after=None
[2025-09-21T04:55:38.094+0000] {logging_mixin.py:190} INFO - [2025-09-21T04:55:38.094+0000] {dag.py:4180} INFO - Setting next_dagrun for dataset_consumes_1_and_2 to None, run_after=None
[2025-09-21T04:55:38.095+0000] {logging_mixin.py:190} INFO - [2025-09-21T04:55:38.095+0000] {dag.py:4180} INFO - Setting next_dagrun for dataset_consumes_1_never_scheduled to None, run_after=None
[2025-09-21T04:55:38.096+0000] {logging_mixin.py:190} INFO - [2025-09-21T04:55:38.096+0000] {dag.py:4180} INFO - Setting next_dagrun for dataset_consumes_unknown_never_scheduled to None, run_after=None
[2025-09-21T04:55:38.098+0000] {logging_mixin.py:190} INFO - [2025-09-21T04:55:38.097+0000] {dag.py:4180} INFO - Setting next_dagrun for dataset_produces_1 to 2025-09-20 00:00:00+00:00, run_after=2025-09-21 00:00:00+00:00
[2025-09-21T04:55:38.099+0000] {logging_mixin.py:190} INFO - [2025-09-21T04:55:38.098+0000] {dag.py:4180} INFO - Setting next_dagrun for dataset_produces_2 to None, run_after=None
[2025-09-21T04:55:38.125+0000] {processor.py:208} INFO - Processing /home/airflow/.local/lib/python3.12/site-packages/airflow/example_dags/example_datasets.py took 0.724 seconds
