[2025-09-21T04:48:17.970+0000] {processor.py:186} INFO - Started process (PID=120) to work on /home/airflow/.local/lib/python3.12/site-packages/airflow/example_dags/example_xcomargs.py
[2025-09-21T04:48:17.974+0000] {processor.py:914} INFO - Processing file /home/airflow/.local/lib/python3.12/site-packages/airflow/example_dags/example_xcomargs.py for tasks to queue
[2025-09-21T04:48:17.982+0000] {logging_mixin.py:190} INFO - [2025-09-21T04:48:17.981+0000] {dagbag.py:588} INFO - Filling up the DagBag from /home/airflow/.local/lib/python3.12/site-packages/airflow/example_dags/example_xcomargs.py
[2025-09-21T04:48:18.088+0000] {processor.py:925} INFO - DAG(s) 'example_xcom_args', 'example_xcom_args_with_operators' retrieved from /home/airflow/.local/lib/python3.12/site-packages/airflow/example_dags/example_xcomargs.py
[2025-09-21T04:48:18.743+0000] {logging_mixin.py:190} INFO - [2025-09-21T04:48:18.742+0000] {override.py:1911} INFO - Created Permission View: can delete on DAG:example_xcom_args
[2025-09-21T04:48:18.821+0000] {logging_mixin.py:190} INFO - [2025-09-21T04:48:18.820+0000] {override.py:1911} INFO - Created Permission View: can read on DAG:example_xcom_args
[2025-09-21T04:48:18.880+0000] {logging_mixin.py:190} INFO - [2025-09-21T04:48:18.880+0000] {override.py:1911} INFO - Created Permission View: can edit on DAG:example_xcom_args
[2025-09-21T04:48:18.930+0000] {logging_mixin.py:190} INFO - [2025-09-21T04:48:18.929+0000] {override.py:1911} INFO - Created Permission View: can read on DAG Run:example_xcom_args
[2025-09-21T04:48:19.004+0000] {logging_mixin.py:190} INFO - [2025-09-21T04:48:19.000+0000] {override.py:1911} INFO - Created Permission View: menu access on DAG Run:example_xcom_args
[2025-09-21T04:48:19.074+0000] {logging_mixin.py:190} INFO - [2025-09-21T04:48:19.073+0000] {override.py:1911} INFO - Created Permission View: can delete on DAG Run:example_xcom_args
[2025-09-21T04:48:19.103+0000] {logging_mixin.py:190} INFO - [2025-09-21T04:48:19.102+0000] {override.py:1911} INFO - Created Permission View: can create on DAG Run:example_xcom_args
[2025-09-21T04:48:19.181+0000] {logging_mixin.py:190} INFO - [2025-09-21T04:48:19.181+0000] {override.py:1911} INFO - Created Permission View: can delete on DAG:example_xcom_args_with_operators
[2025-09-21T04:48:19.215+0000] {logging_mixin.py:190} INFO - [2025-09-21T04:48:19.215+0000] {override.py:1911} INFO - Created Permission View: can read on DAG:example_xcom_args_with_operators
[2025-09-21T04:48:19.256+0000] {logging_mixin.py:190} INFO - [2025-09-21T04:48:19.255+0000] {override.py:1911} INFO - Created Permission View: can edit on DAG:example_xcom_args_with_operators
[2025-09-21T04:48:19.284+0000] {logging_mixin.py:190} INFO - [2025-09-21T04:48:19.283+0000] {override.py:1911} INFO - Created Permission View: can read on DAG Run:example_xcom_args_with_operators
[2025-09-21T04:48:19.314+0000] {logging_mixin.py:190} INFO - [2025-09-21T04:48:19.313+0000] {override.py:1911} INFO - Created Permission View: menu access on DAG Run:example_xcom_args_with_operators
[2025-09-21T04:48:19.342+0000] {logging_mixin.py:190} INFO - [2025-09-21T04:48:19.341+0000] {override.py:1911} INFO - Created Permission View: can delete on DAG Run:example_xcom_args_with_operators
[2025-09-21T04:48:19.373+0000] {logging_mixin.py:190} INFO - [2025-09-21T04:48:19.372+0000] {override.py:1911} INFO - Created Permission View: can create on DAG Run:example_xcom_args_with_operators
[2025-09-21T04:48:19.380+0000] {logging_mixin.py:190} INFO - [2025-09-21T04:48:19.379+0000] {dag.py:3239} INFO - Sync 2 DAGs
[2025-09-21T04:48:19.455+0000] {logging_mixin.py:190} INFO - [2025-09-21T04:48:19.454+0000] {dag.py:3262} INFO - Creating ORM DAG for example_xcom_args
[2025-09-21T04:48:19.458+0000] {logging_mixin.py:190} INFO - [2025-09-21T04:48:19.458+0000] {dag.py:3262} INFO - Creating ORM DAG for example_xcom_args_with_operators
[2025-09-21T04:48:19.462+0000] {logging_mixin.py:190} INFO - [2025-09-21T04:48:19.462+0000] {dag.py:4180} INFO - Setting next_dagrun for example_xcom_args to None, run_after=None
[2025-09-21T04:48:19.468+0000] {logging_mixin.py:190} INFO - [2025-09-21T04:48:19.468+0000] {dag.py:4180} INFO - Setting next_dagrun for example_xcom_args_with_operators to None, run_after=None
[2025-09-21T04:48:19.555+0000] {processor.py:208} INFO - Processing /home/airflow/.local/lib/python3.12/site-packages/airflow/example_dags/example_xcomargs.py took 1.628 seconds
[2025-09-21T04:48:50.023+0000] {processor.py:186} INFO - Started process (PID=182) to work on /home/airflow/.local/lib/python3.12/site-packages/airflow/example_dags/example_xcomargs.py
[2025-09-21T04:48:50.023+0000] {processor.py:914} INFO - Processing file /home/airflow/.local/lib/python3.12/site-packages/airflow/example_dags/example_xcomargs.py for tasks to queue
[2025-09-21T04:48:50.025+0000] {logging_mixin.py:190} INFO - [2025-09-21T04:48:50.025+0000] {dagbag.py:588} INFO - Filling up the DagBag from /home/airflow/.local/lib/python3.12/site-packages/airflow/example_dags/example_xcomargs.py
[2025-09-21T04:48:50.034+0000] {processor.py:925} INFO - DAG(s) 'example_xcom_args', 'example_xcom_args_with_operators' retrieved from /home/airflow/.local/lib/python3.12/site-packages/airflow/example_dags/example_xcomargs.py
[2025-09-21T04:48:50.051+0000] {logging_mixin.py:190} INFO - [2025-09-21T04:48:50.051+0000] {dag.py:3239} INFO - Sync 2 DAGs
[2025-09-21T04:48:50.063+0000] {logging_mixin.py:190} INFO - [2025-09-21T04:48:50.063+0000] {dag.py:4180} INFO - Setting next_dagrun for example_xcom_args to None, run_after=None
[2025-09-21T04:48:50.066+0000] {logging_mixin.py:190} INFO - [2025-09-21T04:48:50.066+0000] {dag.py:4180} INFO - Setting next_dagrun for example_xcom_args_with_operators to None, run_after=None
[2025-09-21T04:48:50.077+0000] {processor.py:208} INFO - Processing /home/airflow/.local/lib/python3.12/site-packages/airflow/example_dags/example_xcomargs.py took 0.059 seconds
[2025-09-21T04:49:20.551+0000] {processor.py:186} INFO - Started process (PID=245) to work on /home/airflow/.local/lib/python3.12/site-packages/airflow/example_dags/example_xcomargs.py
[2025-09-21T04:49:20.551+0000] {processor.py:914} INFO - Processing file /home/airflow/.local/lib/python3.12/site-packages/airflow/example_dags/example_xcomargs.py for tasks to queue
[2025-09-21T04:49:20.553+0000] {logging_mixin.py:190} INFO - [2025-09-21T04:49:20.553+0000] {dagbag.py:588} INFO - Filling up the DagBag from /home/airflow/.local/lib/python3.12/site-packages/airflow/example_dags/example_xcomargs.py
[2025-09-21T04:49:20.561+0000] {processor.py:925} INFO - DAG(s) 'example_xcom_args_with_operators', 'example_xcom_args' retrieved from /home/airflow/.local/lib/python3.12/site-packages/airflow/example_dags/example_xcomargs.py
[2025-09-21T04:49:20.580+0000] {logging_mixin.py:190} INFO - [2025-09-21T04:49:20.580+0000] {dag.py:3239} INFO - Sync 2 DAGs
[2025-09-21T04:49:20.593+0000] {logging_mixin.py:190} INFO - [2025-09-21T04:49:20.592+0000] {dag.py:4180} INFO - Setting next_dagrun for example_xcom_args to None, run_after=None
[2025-09-21T04:49:20.596+0000] {logging_mixin.py:190} INFO - [2025-09-21T04:49:20.595+0000] {dag.py:4180} INFO - Setting next_dagrun for example_xcom_args_with_operators to None, run_after=None
[2025-09-21T04:49:20.609+0000] {processor.py:208} INFO - Processing /home/airflow/.local/lib/python3.12/site-packages/airflow/example_dags/example_xcomargs.py took 0.063 seconds
[2025-09-21T04:49:51.205+0000] {processor.py:186} INFO - Started process (PID=308) to work on /home/airflow/.local/lib/python3.12/site-packages/airflow/example_dags/example_xcomargs.py
[2025-09-21T04:49:51.206+0000] {processor.py:914} INFO - Processing file /home/airflow/.local/lib/python3.12/site-packages/airflow/example_dags/example_xcomargs.py for tasks to queue
[2025-09-21T04:49:51.208+0000] {logging_mixin.py:190} INFO - [2025-09-21T04:49:51.207+0000] {dagbag.py:588} INFO - Filling up the DagBag from /home/airflow/.local/lib/python3.12/site-packages/airflow/example_dags/example_xcomargs.py
[2025-09-21T04:49:51.216+0000] {processor.py:925} INFO - DAG(s) 'example_xcom_args', 'example_xcom_args_with_operators' retrieved from /home/airflow/.local/lib/python3.12/site-packages/airflow/example_dags/example_xcomargs.py
[2025-09-21T04:49:51.234+0000] {logging_mixin.py:190} INFO - [2025-09-21T04:49:51.233+0000] {dag.py:3239} INFO - Sync 2 DAGs
[2025-09-21T04:49:51.247+0000] {logging_mixin.py:190} INFO - [2025-09-21T04:49:51.247+0000] {dag.py:4180} INFO - Setting next_dagrun for example_xcom_args to None, run_after=None
[2025-09-21T04:49:51.250+0000] {logging_mixin.py:190} INFO - [2025-09-21T04:49:51.249+0000] {dag.py:4180} INFO - Setting next_dagrun for example_xcom_args_with_operators to None, run_after=None
[2025-09-21T04:49:51.261+0000] {processor.py:208} INFO - Processing /home/airflow/.local/lib/python3.12/site-packages/airflow/example_dags/example_xcomargs.py took 0.060 seconds
[2025-09-21T04:50:21.577+0000] {processor.py:186} INFO - Started process (PID=371) to work on /home/airflow/.local/lib/python3.12/site-packages/airflow/example_dags/example_xcomargs.py
[2025-09-21T04:50:21.578+0000] {processor.py:914} INFO - Processing file /home/airflow/.local/lib/python3.12/site-packages/airflow/example_dags/example_xcomargs.py for tasks to queue
[2025-09-21T04:50:21.580+0000] {logging_mixin.py:190} INFO - [2025-09-21T04:50:21.580+0000] {dagbag.py:588} INFO - Filling up the DagBag from /home/airflow/.local/lib/python3.12/site-packages/airflow/example_dags/example_xcomargs.py
[2025-09-21T04:50:21.590+0000] {processor.py:925} INFO - DAG(s) 'example_xcom_args', 'example_xcom_args_with_operators' retrieved from /home/airflow/.local/lib/python3.12/site-packages/airflow/example_dags/example_xcomargs.py
[2025-09-21T04:50:21.608+0000] {logging_mixin.py:190} INFO - [2025-09-21T04:50:21.608+0000] {dag.py:3239} INFO - Sync 2 DAGs
[2025-09-21T04:50:21.621+0000] {logging_mixin.py:190} INFO - [2025-09-21T04:50:21.620+0000] {dag.py:4180} INFO - Setting next_dagrun for example_xcom_args to None, run_after=None
[2025-09-21T04:50:21.624+0000] {logging_mixin.py:190} INFO - [2025-09-21T04:50:21.623+0000] {dag.py:4180} INFO - Setting next_dagrun for example_xcom_args_with_operators to None, run_after=None
[2025-09-21T04:50:21.636+0000] {processor.py:208} INFO - Processing /home/airflow/.local/lib/python3.12/site-packages/airflow/example_dags/example_xcomargs.py took 0.073 seconds
[2025-09-21T04:50:52.458+0000] {processor.py:186} INFO - Started process (PID=433) to work on /home/airflow/.local/lib/python3.12/site-packages/airflow/example_dags/example_xcomargs.py
[2025-09-21T04:50:52.459+0000] {processor.py:914} INFO - Processing file /home/airflow/.local/lib/python3.12/site-packages/airflow/example_dags/example_xcomargs.py for tasks to queue
[2025-09-21T04:50:52.461+0000] {logging_mixin.py:190} INFO - [2025-09-21T04:50:52.461+0000] {dagbag.py:588} INFO - Filling up the DagBag from /home/airflow/.local/lib/python3.12/site-packages/airflow/example_dags/example_xcomargs.py
[2025-09-21T04:50:52.473+0000] {processor.py:925} INFO - DAG(s) 'example_xcom_args', 'example_xcom_args_with_operators' retrieved from /home/airflow/.local/lib/python3.12/site-packages/airflow/example_dags/example_xcomargs.py
[2025-09-21T04:50:52.504+0000] {logging_mixin.py:190} INFO - [2025-09-21T04:50:52.504+0000] {dag.py:3239} INFO - Sync 2 DAGs
[2025-09-21T04:50:52.523+0000] {logging_mixin.py:190} INFO - [2025-09-21T04:50:52.523+0000] {dag.py:4180} INFO - Setting next_dagrun for example_xcom_args to None, run_after=None
[2025-09-21T04:50:52.527+0000] {logging_mixin.py:190} INFO - [2025-09-21T04:50:52.527+0000] {dag.py:4180} INFO - Setting next_dagrun for example_xcom_args_with_operators to None, run_after=None
[2025-09-21T04:50:52.542+0000] {processor.py:208} INFO - Processing /home/airflow/.local/lib/python3.12/site-packages/airflow/example_dags/example_xcomargs.py took 0.091 seconds
[2025-09-21T04:51:23.494+0000] {processor.py:186} INFO - Started process (PID=495) to work on /home/airflow/.local/lib/python3.12/site-packages/airflow/example_dags/example_xcomargs.py
[2025-09-21T04:51:23.495+0000] {processor.py:914} INFO - Processing file /home/airflow/.local/lib/python3.12/site-packages/airflow/example_dags/example_xcomargs.py for tasks to queue
[2025-09-21T04:51:23.497+0000] {logging_mixin.py:190} INFO - [2025-09-21T04:51:23.496+0000] {dagbag.py:588} INFO - Filling up the DagBag from /home/airflow/.local/lib/python3.12/site-packages/airflow/example_dags/example_xcomargs.py
[2025-09-21T04:51:23.507+0000] {processor.py:925} INFO - DAG(s) 'example_xcom_args', 'example_xcom_args_with_operators' retrieved from /home/airflow/.local/lib/python3.12/site-packages/airflow/example_dags/example_xcomargs.py
[2025-09-21T04:51:23.532+0000] {logging_mixin.py:190} INFO - [2025-09-21T04:51:23.531+0000] {dag.py:3239} INFO - Sync 2 DAGs
[2025-09-21T04:51:23.554+0000] {logging_mixin.py:190} INFO - [2025-09-21T04:51:23.554+0000] {dag.py:4180} INFO - Setting next_dagrun for example_xcom_args to None, run_after=None
[2025-09-21T04:51:23.561+0000] {logging_mixin.py:190} INFO - [2025-09-21T04:51:23.561+0000] {dag.py:4180} INFO - Setting next_dagrun for example_xcom_args_with_operators to None, run_after=None
[2025-09-21T04:51:23.588+0000] {processor.py:208} INFO - Processing /home/airflow/.local/lib/python3.12/site-packages/airflow/example_dags/example_xcomargs.py took 0.100 seconds
[2025-09-21T04:51:53.970+0000] {processor.py:186} INFO - Started process (PID=558) to work on /home/airflow/.local/lib/python3.12/site-packages/airflow/example_dags/example_xcomargs.py
[2025-09-21T04:51:53.978+0000] {processor.py:914} INFO - Processing file /home/airflow/.local/lib/python3.12/site-packages/airflow/example_dags/example_xcomargs.py for tasks to queue
[2025-09-21T04:51:53.989+0000] {logging_mixin.py:190} INFO - [2025-09-21T04:51:53.989+0000] {dagbag.py:588} INFO - Filling up the DagBag from /home/airflow/.local/lib/python3.12/site-packages/airflow/example_dags/example_xcomargs.py
[2025-09-21T04:51:54.063+0000] {processor.py:925} INFO - DAG(s) 'example_xcom_args', 'example_xcom_args_with_operators' retrieved from /home/airflow/.local/lib/python3.12/site-packages/airflow/example_dags/example_xcomargs.py
[2025-09-21T04:51:54.136+0000] {logging_mixin.py:190} INFO - [2025-09-21T04:51:54.136+0000] {dag.py:3239} INFO - Sync 2 DAGs
[2025-09-21T04:51:54.171+0000] {logging_mixin.py:190} INFO - [2025-09-21T04:51:54.171+0000] {dag.py:4180} INFO - Setting next_dagrun for example_xcom_args to None, run_after=None
[2025-09-21T04:51:54.182+0000] {logging_mixin.py:190} INFO - [2025-09-21T04:51:54.182+0000] {dag.py:4180} INFO - Setting next_dagrun for example_xcom_args_with_operators to None, run_after=None
[2025-09-21T04:51:54.213+0000] {processor.py:208} INFO - Processing /home/airflow/.local/lib/python3.12/site-packages/airflow/example_dags/example_xcomargs.py took 0.271 seconds
[2025-09-21T04:52:24.658+0000] {processor.py:186} INFO - Started process (PID=620) to work on /home/airflow/.local/lib/python3.12/site-packages/airflow/example_dags/example_xcomargs.py
[2025-09-21T04:52:24.660+0000] {processor.py:914} INFO - Processing file /home/airflow/.local/lib/python3.12/site-packages/airflow/example_dags/example_xcomargs.py for tasks to queue
[2025-09-21T04:52:24.669+0000] {logging_mixin.py:190} INFO - [2025-09-21T04:52:24.668+0000] {dagbag.py:588} INFO - Filling up the DagBag from /home/airflow/.local/lib/python3.12/site-packages/airflow/example_dags/example_xcomargs.py
[2025-09-21T04:52:24.705+0000] {processor.py:925} INFO - DAG(s) 'example_xcom_args', 'example_xcom_args_with_operators' retrieved from /home/airflow/.local/lib/python3.12/site-packages/airflow/example_dags/example_xcomargs.py
[2025-09-21T04:52:24.756+0000] {logging_mixin.py:190} INFO - [2025-09-21T04:52:24.756+0000] {dag.py:3239} INFO - Sync 2 DAGs
[2025-09-21T04:52:24.790+0000] {logging_mixin.py:190} INFO - [2025-09-21T04:52:24.789+0000] {dag.py:4180} INFO - Setting next_dagrun for example_xcom_args to None, run_after=None
[2025-09-21T04:52:24.798+0000] {logging_mixin.py:190} INFO - [2025-09-21T04:52:24.798+0000] {dag.py:4180} INFO - Setting next_dagrun for example_xcom_args_with_operators to None, run_after=None
[2025-09-21T04:52:24.814+0000] {processor.py:208} INFO - Processing /home/airflow/.local/lib/python3.12/site-packages/airflow/example_dags/example_xcomargs.py took 0.173 seconds
[2025-09-21T04:52:54.989+0000] {processor.py:186} INFO - Started process (PID=683) to work on /home/airflow/.local/lib/python3.12/site-packages/airflow/example_dags/example_xcomargs.py
[2025-09-21T04:52:54.989+0000] {processor.py:914} INFO - Processing file /home/airflow/.local/lib/python3.12/site-packages/airflow/example_dags/example_xcomargs.py for tasks to queue
[2025-09-21T04:52:54.994+0000] {logging_mixin.py:190} INFO - [2025-09-21T04:52:54.994+0000] {dagbag.py:588} INFO - Filling up the DagBag from /home/airflow/.local/lib/python3.12/site-packages/airflow/example_dags/example_xcomargs.py
[2025-09-21T04:52:55.012+0000] {processor.py:925} INFO - DAG(s) 'example_xcom_args_with_operators', 'example_xcom_args' retrieved from /home/airflow/.local/lib/python3.12/site-packages/airflow/example_dags/example_xcomargs.py
[2025-09-21T04:52:55.036+0000] {logging_mixin.py:190} INFO - [2025-09-21T04:52:55.036+0000] {dag.py:3239} INFO - Sync 2 DAGs
[2025-09-21T04:52:55.052+0000] {logging_mixin.py:190} INFO - [2025-09-21T04:52:55.052+0000] {dag.py:4180} INFO - Setting next_dagrun for example_xcom_args to None, run_after=None
[2025-09-21T04:52:55.056+0000] {logging_mixin.py:190} INFO - [2025-09-21T04:52:55.056+0000] {dag.py:4180} INFO - Setting next_dagrun for example_xcom_args_with_operators to None, run_after=None
[2025-09-21T04:52:55.075+0000] {processor.py:208} INFO - Processing /home/airflow/.local/lib/python3.12/site-packages/airflow/example_dags/example_xcomargs.py took 0.096 seconds
[2025-09-21T04:53:25.271+0000] {processor.py:186} INFO - Started process (PID=746) to work on /home/airflow/.local/lib/python3.12/site-packages/airflow/example_dags/example_xcomargs.py
[2025-09-21T04:53:25.272+0000] {processor.py:914} INFO - Processing file /home/airflow/.local/lib/python3.12/site-packages/airflow/example_dags/example_xcomargs.py for tasks to queue
[2025-09-21T04:53:25.274+0000] {logging_mixin.py:190} INFO - [2025-09-21T04:53:25.274+0000] {dagbag.py:588} INFO - Filling up the DagBag from /home/airflow/.local/lib/python3.12/site-packages/airflow/example_dags/example_xcomargs.py
[2025-09-21T04:53:25.298+0000] {processor.py:925} INFO - DAG(s) 'example_xcom_args', 'example_xcom_args_with_operators' retrieved from /home/airflow/.local/lib/python3.12/site-packages/airflow/example_dags/example_xcomargs.py
[2025-09-21T04:53:25.359+0000] {logging_mixin.py:190} INFO - [2025-09-21T04:53:25.359+0000] {dag.py:3239} INFO - Sync 2 DAGs
[2025-09-21T04:53:25.393+0000] {logging_mixin.py:190} INFO - [2025-09-21T04:53:25.393+0000] {dag.py:4180} INFO - Setting next_dagrun for example_xcom_args to None, run_after=None
[2025-09-21T04:53:25.400+0000] {logging_mixin.py:190} INFO - [2025-09-21T04:53:25.400+0000] {dag.py:4180} INFO - Setting next_dagrun for example_xcom_args_with_operators to None, run_after=None
[2025-09-21T04:53:25.420+0000] {processor.py:208} INFO - Processing /home/airflow/.local/lib/python3.12/site-packages/airflow/example_dags/example_xcomargs.py took 0.160 seconds
[2025-09-21T04:53:55.496+0000] {processor.py:186} INFO - Started process (PID=809) to work on /home/airflow/.local/lib/python3.12/site-packages/airflow/example_dags/example_xcomargs.py
[2025-09-21T04:53:55.496+0000] {processor.py:914} INFO - Processing file /home/airflow/.local/lib/python3.12/site-packages/airflow/example_dags/example_xcomargs.py for tasks to queue
[2025-09-21T04:53:55.498+0000] {logging_mixin.py:190} INFO - [2025-09-21T04:53:55.498+0000] {dagbag.py:588} INFO - Filling up the DagBag from /home/airflow/.local/lib/python3.12/site-packages/airflow/example_dags/example_xcomargs.py
[2025-09-21T04:53:55.506+0000] {processor.py:925} INFO - DAG(s) 'example_xcom_args', 'example_xcom_args_with_operators' retrieved from /home/airflow/.local/lib/python3.12/site-packages/airflow/example_dags/example_xcomargs.py
[2025-09-21T04:53:55.524+0000] {logging_mixin.py:190} INFO - [2025-09-21T04:53:55.524+0000] {dag.py:3239} INFO - Sync 2 DAGs
[2025-09-21T04:53:55.536+0000] {logging_mixin.py:190} INFO - [2025-09-21T04:53:55.536+0000] {dag.py:4180} INFO - Setting next_dagrun for example_xcom_args to None, run_after=None
[2025-09-21T04:53:55.538+0000] {logging_mixin.py:190} INFO - [2025-09-21T04:53:55.538+0000] {dag.py:4180} INFO - Setting next_dagrun for example_xcom_args_with_operators to None, run_after=None
[2025-09-21T04:53:55.550+0000] {processor.py:208} INFO - Processing /home/airflow/.local/lib/python3.12/site-packages/airflow/example_dags/example_xcomargs.py took 0.059 seconds
[2025-09-21T04:54:26.070+0000] {processor.py:186} INFO - Started process (PID=872) to work on /home/airflow/.local/lib/python3.12/site-packages/airflow/example_dags/example_xcomargs.py
[2025-09-21T04:54:26.071+0000] {processor.py:914} INFO - Processing file /home/airflow/.local/lib/python3.12/site-packages/airflow/example_dags/example_xcomargs.py for tasks to queue
[2025-09-21T04:54:26.073+0000] {logging_mixin.py:190} INFO - [2025-09-21T04:54:26.073+0000] {dagbag.py:588} INFO - Filling up the DagBag from /home/airflow/.local/lib/python3.12/site-packages/airflow/example_dags/example_xcomargs.py
[2025-09-21T04:54:26.085+0000] {processor.py:925} INFO - DAG(s) 'example_xcom_args_with_operators', 'example_xcom_args' retrieved from /home/airflow/.local/lib/python3.12/site-packages/airflow/example_dags/example_xcomargs.py
[2025-09-21T04:54:26.133+0000] {logging_mixin.py:190} INFO - [2025-09-21T04:54:26.133+0000] {dag.py:3239} INFO - Sync 2 DAGs
[2025-09-21T04:54:26.151+0000] {logging_mixin.py:190} INFO - [2025-09-21T04:54:26.151+0000] {dag.py:4180} INFO - Setting next_dagrun for example_xcom_args to None, run_after=None
[2025-09-21T04:54:26.155+0000] {logging_mixin.py:190} INFO - [2025-09-21T04:54:26.155+0000] {dag.py:4180} INFO - Setting next_dagrun for example_xcom_args_with_operators to None, run_after=None
[2025-09-21T04:54:26.169+0000] {processor.py:208} INFO - Processing /home/airflow/.local/lib/python3.12/site-packages/airflow/example_dags/example_xcomargs.py took 0.106 seconds
[2025-09-21T04:54:56.562+0000] {processor.py:186} INFO - Started process (PID=935) to work on /home/airflow/.local/lib/python3.12/site-packages/airflow/example_dags/example_xcomargs.py
[2025-09-21T04:54:56.563+0000] {processor.py:914} INFO - Processing file /home/airflow/.local/lib/python3.12/site-packages/airflow/example_dags/example_xcomargs.py for tasks to queue
[2025-09-21T04:54:56.565+0000] {logging_mixin.py:190} INFO - [2025-09-21T04:54:56.565+0000] {dagbag.py:588} INFO - Filling up the DagBag from /home/airflow/.local/lib/python3.12/site-packages/airflow/example_dags/example_xcomargs.py
[2025-09-21T04:54:56.576+0000] {processor.py:925} INFO - DAG(s) 'example_xcom_args', 'example_xcom_args_with_operators' retrieved from /home/airflow/.local/lib/python3.12/site-packages/airflow/example_dags/example_xcomargs.py
[2025-09-21T04:54:56.610+0000] {logging_mixin.py:190} INFO - [2025-09-21T04:54:56.609+0000] {dag.py:3239} INFO - Sync 2 DAGs
[2025-09-21T04:54:56.628+0000] {logging_mixin.py:190} INFO - [2025-09-21T04:54:56.628+0000] {dag.py:4180} INFO - Setting next_dagrun for example_xcom_args to None, run_after=None
[2025-09-21T04:54:56.632+0000] {logging_mixin.py:190} INFO - [2025-09-21T04:54:56.632+0000] {dag.py:4180} INFO - Setting next_dagrun for example_xcom_args_with_operators to None, run_after=None
[2025-09-21T04:54:56.646+0000] {processor.py:208} INFO - Processing /home/airflow/.local/lib/python3.12/site-packages/airflow/example_dags/example_xcomargs.py took 0.092 seconds
[2025-09-21T04:55:26.905+0000] {processor.py:186} INFO - Started process (PID=998) to work on /home/airflow/.local/lib/python3.12/site-packages/airflow/example_dags/example_xcomargs.py
[2025-09-21T04:55:26.909+0000] {processor.py:914} INFO - Processing file /home/airflow/.local/lib/python3.12/site-packages/airflow/example_dags/example_xcomargs.py for tasks to queue
[2025-09-21T04:55:26.911+0000] {logging_mixin.py:190} INFO - [2025-09-21T04:55:26.911+0000] {dagbag.py:588} INFO - Filling up the DagBag from /home/airflow/.local/lib/python3.12/site-packages/airflow/example_dags/example_xcomargs.py
[2025-09-21T04:55:26.928+0000] {processor.py:925} INFO - DAG(s) 'example_xcom_args', 'example_xcom_args_with_operators' retrieved from /home/airflow/.local/lib/python3.12/site-packages/airflow/example_dags/example_xcomargs.py
[2025-09-21T04:55:26.989+0000] {logging_mixin.py:190} INFO - [2025-09-21T04:55:26.988+0000] {dag.py:3239} INFO - Sync 2 DAGs
[2025-09-21T04:55:27.006+0000] {logging_mixin.py:190} INFO - [2025-09-21T04:55:27.006+0000] {dag.py:4180} INFO - Setting next_dagrun for example_xcom_args to None, run_after=None
[2025-09-21T04:55:27.012+0000] {logging_mixin.py:190} INFO - [2025-09-21T04:55:27.012+0000] {dag.py:4180} INFO - Setting next_dagrun for example_xcom_args_with_operators to None, run_after=None
[2025-09-21T04:55:27.043+0000] {processor.py:208} INFO - Processing /home/airflow/.local/lib/python3.12/site-packages/airflow/example_dags/example_xcomargs.py took 0.152 seconds
[2025-09-21T04:55:57.125+0000] {processor.py:186} INFO - Started process (PID=1060) to work on /home/airflow/.local/lib/python3.12/site-packages/airflow/example_dags/example_xcomargs.py
[2025-09-21T04:55:57.126+0000] {processor.py:914} INFO - Processing file /home/airflow/.local/lib/python3.12/site-packages/airflow/example_dags/example_xcomargs.py for tasks to queue
[2025-09-21T04:55:57.129+0000] {logging_mixin.py:190} INFO - [2025-09-21T04:55:57.128+0000] {dagbag.py:588} INFO - Filling up the DagBag from /home/airflow/.local/lib/python3.12/site-packages/airflow/example_dags/example_xcomargs.py
[2025-09-21T04:55:57.139+0000] {processor.py:925} INFO - DAG(s) 'example_xcom_args', 'example_xcom_args_with_operators' retrieved from /home/airflow/.local/lib/python3.12/site-packages/airflow/example_dags/example_xcomargs.py
[2025-09-21T04:55:57.164+0000] {logging_mixin.py:190} INFO - [2025-09-21T04:55:57.163+0000] {dag.py:3239} INFO - Sync 2 DAGs
[2025-09-21T04:55:57.184+0000] {logging_mixin.py:190} INFO - [2025-09-21T04:55:57.184+0000] {dag.py:4180} INFO - Setting next_dagrun for example_xcom_args to None, run_after=None
[2025-09-21T04:55:57.188+0000] {logging_mixin.py:190} INFO - [2025-09-21T04:55:57.188+0000] {dag.py:4180} INFO - Setting next_dagrun for example_xcom_args_with_operators to None, run_after=None
[2025-09-21T04:55:57.204+0000] {processor.py:208} INFO - Processing /home/airflow/.local/lib/python3.12/site-packages/airflow/example_dags/example_xcomargs.py took 0.089 seconds
[2025-09-21T04:56:27.881+0000] {processor.py:186} INFO - Started process (PID=1123) to work on /home/airflow/.local/lib/python3.12/site-packages/airflow/example_dags/example_xcomargs.py
[2025-09-21T04:56:27.885+0000] {processor.py:914} INFO - Processing file /home/airflow/.local/lib/python3.12/site-packages/airflow/example_dags/example_xcomargs.py for tasks to queue
[2025-09-21T04:56:27.887+0000] {logging_mixin.py:190} INFO - [2025-09-21T04:56:27.887+0000] {dagbag.py:588} INFO - Filling up the DagBag from /home/airflow/.local/lib/python3.12/site-packages/airflow/example_dags/example_xcomargs.py
[2025-09-21T04:56:27.911+0000] {processor.py:925} INFO - DAG(s) 'example_xcom_args_with_operators', 'example_xcom_args' retrieved from /home/airflow/.local/lib/python3.12/site-packages/airflow/example_dags/example_xcomargs.py
[2025-09-21T04:56:27.977+0000] {logging_mixin.py:190} INFO - [2025-09-21T04:56:27.976+0000] {dag.py:3239} INFO - Sync 2 DAGs
[2025-09-21T04:56:28.013+0000] {logging_mixin.py:190} INFO - [2025-09-21T04:56:28.013+0000] {dag.py:4180} INFO - Setting next_dagrun for example_xcom_args to None, run_after=None
[2025-09-21T04:56:28.018+0000] {logging_mixin.py:190} INFO - [2025-09-21T04:56:28.017+0000] {dag.py:4180} INFO - Setting next_dagrun for example_xcom_args_with_operators to None, run_after=None
[2025-09-21T04:56:28.033+0000] {processor.py:208} INFO - Processing /home/airflow/.local/lib/python3.12/site-packages/airflow/example_dags/example_xcomargs.py took 0.169 seconds
[2025-09-21T04:56:58.374+0000] {processor.py:186} INFO - Started process (PID=1186) to work on /home/airflow/.local/lib/python3.12/site-packages/airflow/example_dags/example_xcomargs.py
[2025-09-21T04:56:58.375+0000] {processor.py:914} INFO - Processing file /home/airflow/.local/lib/python3.12/site-packages/airflow/example_dags/example_xcomargs.py for tasks to queue
[2025-09-21T04:56:58.377+0000] {logging_mixin.py:190} INFO - [2025-09-21T04:56:58.376+0000] {dagbag.py:588} INFO - Filling up the DagBag from /home/airflow/.local/lib/python3.12/site-packages/airflow/example_dags/example_xcomargs.py
[2025-09-21T04:56:58.387+0000] {processor.py:925} INFO - DAG(s) 'example_xcom_args_with_operators', 'example_xcom_args' retrieved from /home/airflow/.local/lib/python3.12/site-packages/airflow/example_dags/example_xcomargs.py
[2025-09-21T04:56:58.411+0000] {logging_mixin.py:190} INFO - [2025-09-21T04:56:58.411+0000] {dag.py:3239} INFO - Sync 2 DAGs
[2025-09-21T04:56:58.428+0000] {logging_mixin.py:190} INFO - [2025-09-21T04:56:58.428+0000] {dag.py:4180} INFO - Setting next_dagrun for example_xcom_args to None, run_after=None
[2025-09-21T04:56:58.432+0000] {logging_mixin.py:190} INFO - [2025-09-21T04:56:58.432+0000] {dag.py:4180} INFO - Setting next_dagrun for example_xcom_args_with_operators to None, run_after=None
[2025-09-21T04:56:58.460+0000] {processor.py:208} INFO - Processing /home/airflow/.local/lib/python3.12/site-packages/airflow/example_dags/example_xcomargs.py took 0.093 seconds
[2025-09-21T04:57:28.659+0000] {processor.py:186} INFO - Started process (PID=1249) to work on /home/airflow/.local/lib/python3.12/site-packages/airflow/example_dags/example_xcomargs.py
[2025-09-21T04:57:28.670+0000] {processor.py:914} INFO - Processing file /home/airflow/.local/lib/python3.12/site-packages/airflow/example_dags/example_xcomargs.py for tasks to queue
[2025-09-21T04:57:28.679+0000] {logging_mixin.py:190} INFO - [2025-09-21T04:57:28.676+0000] {dagbag.py:588} INFO - Filling up the DagBag from /home/airflow/.local/lib/python3.12/site-packages/airflow/example_dags/example_xcomargs.py
[2025-09-21T04:57:28.735+0000] {processor.py:925} INFO - DAG(s) 'example_xcom_args', 'example_xcom_args_with_operators' retrieved from /home/airflow/.local/lib/python3.12/site-packages/airflow/example_dags/example_xcomargs.py
[2025-09-21T04:57:28.819+0000] {logging_mixin.py:190} INFO - [2025-09-21T04:57:28.819+0000] {dag.py:3239} INFO - Sync 2 DAGs
[2025-09-21T04:57:28.850+0000] {logging_mixin.py:190} INFO - [2025-09-21T04:57:28.850+0000] {dag.py:4180} INFO - Setting next_dagrun for example_xcom_args to None, run_after=None
[2025-09-21T04:57:28.857+0000] {logging_mixin.py:190} INFO - [2025-09-21T04:57:28.857+0000] {dag.py:4180} INFO - Setting next_dagrun for example_xcom_args_with_operators to None, run_after=None
[2025-09-21T04:57:28.883+0000] {processor.py:208} INFO - Processing /home/airflow/.local/lib/python3.12/site-packages/airflow/example_dags/example_xcomargs.py took 0.241 seconds
