[2025-09-21T04:48:22.929+0000] {processor.py:186} INFO - Started process (PID=123) to work on /home/airflow/.local/lib/python3.12/site-packages/airflow/example_dags/example_nested_branch_dag.py
[2025-09-21T04:48:22.931+0000] {processor.py:914} INFO - Processing file /home/airflow/.local/lib/python3.12/site-packages/airflow/example_dags/example_nested_branch_dag.py for tasks to queue
[2025-09-21T04:48:22.936+0000] {logging_mixin.py:190} INFO - [2025-09-21T04:48:22.935+0000] {dagbag.py:588} INFO - Filling up the DagBag from /home/airflow/.local/lib/python3.12/site-packages/airflow/example_dags/example_nested_branch_dag.py
[2025-09-21T04:48:22.981+0000] {processor.py:925} INFO - DAG(s) 'example_nested_branch_dag' retrieved from /home/airflow/.local/lib/python3.12/site-packages/airflow/example_dags/example_nested_branch_dag.py
[2025-09-21T04:48:23.329+0000] {logging_mixin.py:190} INFO - [2025-09-21T04:48:23.328+0000] {override.py:1911} INFO - Created Permission View: can delete on DAG:example_nested_branch_dag
[2025-09-21T04:48:23.365+0000] {logging_mixin.py:190} INFO - [2025-09-21T04:48:23.365+0000] {override.py:1911} INFO - Created Permission View: can read on DAG:example_nested_branch_dag
[2025-09-21T04:48:23.385+0000] {logging_mixin.py:190} INFO - [2025-09-21T04:48:23.384+0000] {override.py:1911} INFO - Created Permission View: can edit on DAG:example_nested_branch_dag
[2025-09-21T04:48:23.398+0000] {logging_mixin.py:190} INFO - [2025-09-21T04:48:23.398+0000] {override.py:1911} INFO - Created Permission View: can read on DAG Run:example_nested_branch_dag
[2025-09-21T04:48:23.412+0000] {logging_mixin.py:190} INFO - [2025-09-21T04:48:23.412+0000] {override.py:1911} INFO - Created Permission View: menu access on DAG Run:example_nested_branch_dag
[2025-09-21T04:48:23.424+0000] {logging_mixin.py:190} INFO - [2025-09-21T04:48:23.423+0000] {override.py:1911} INFO - Created Permission View: can delete on DAG Run:example_nested_branch_dag
[2025-09-21T04:48:23.432+0000] {logging_mixin.py:190} INFO - [2025-09-21T04:48:23.432+0000] {override.py:1911} INFO - Created Permission View: can create on DAG Run:example_nested_branch_dag
[2025-09-21T04:48:23.435+0000] {logging_mixin.py:190} INFO - [2025-09-21T04:48:23.435+0000] {dag.py:3239} INFO - Sync 1 DAGs
[2025-09-21T04:48:23.460+0000] {logging_mixin.py:190} INFO - [2025-09-21T04:48:23.460+0000] {dag.py:3262} INFO - Creating ORM DAG for example_nested_branch_dag
[2025-09-21T04:48:23.485+0000] {logging_mixin.py:190} INFO - [2025-09-21T04:48:23.485+0000] {dag.py:4180} INFO - Setting next_dagrun for example_nested_branch_dag to 2025-09-20 00:00:00+00:00, run_after=2025-09-21 00:00:00+00:00
[2025-09-21T04:48:23.513+0000] {processor.py:208} INFO - Processing /home/airflow/.local/lib/python3.12/site-packages/airflow/example_dags/example_nested_branch_dag.py took 0.602 seconds
[2025-09-21T04:48:54.450+0000] {processor.py:186} INFO - Started process (PID=186) to work on /home/airflow/.local/lib/python3.12/site-packages/airflow/example_dags/example_nested_branch_dag.py
[2025-09-21T04:48:54.455+0000] {processor.py:914} INFO - Processing file /home/airflow/.local/lib/python3.12/site-packages/airflow/example_dags/example_nested_branch_dag.py for tasks to queue
[2025-09-21T04:48:54.468+0000] {logging_mixin.py:190} INFO - [2025-09-21T04:48:54.465+0000] {dagbag.py:588} INFO - Filling up the DagBag from /home/airflow/.local/lib/python3.12/site-packages/airflow/example_dags/example_nested_branch_dag.py
[2025-09-21T04:48:54.546+0000] {processor.py:925} INFO - DAG(s) 'example_nested_branch_dag' retrieved from /home/airflow/.local/lib/python3.12/site-packages/airflow/example_dags/example_nested_branch_dag.py
[2025-09-21T04:48:54.650+0000] {logging_mixin.py:190} INFO - [2025-09-21T04:48:54.650+0000] {dag.py:3239} INFO - Sync 1 DAGs
[2025-09-21T04:48:54.747+0000] {logging_mixin.py:190} INFO - [2025-09-21T04:48:54.747+0000] {dag.py:4180} INFO - Setting next_dagrun for example_nested_branch_dag to 2025-09-20 00:00:00+00:00, run_after=2025-09-21 00:00:00+00:00
[2025-09-21T04:48:54.805+0000] {processor.py:208} INFO - Processing /home/airflow/.local/lib/python3.12/site-packages/airflow/example_dags/example_nested_branch_dag.py took 0.404 seconds
[2025-09-21T04:49:25.836+0000] {processor.py:186} INFO - Started process (PID=249) to work on /home/airflow/.local/lib/python3.12/site-packages/airflow/example_dags/example_nested_branch_dag.py
[2025-09-21T04:49:25.837+0000] {processor.py:914} INFO - Processing file /home/airflow/.local/lib/python3.12/site-packages/airflow/example_dags/example_nested_branch_dag.py for tasks to queue
[2025-09-21T04:49:25.842+0000] {logging_mixin.py:190} INFO - [2025-09-21T04:49:25.842+0000] {dagbag.py:588} INFO - Filling up the DagBag from /home/airflow/.local/lib/python3.12/site-packages/airflow/example_dags/example_nested_branch_dag.py
[2025-09-21T04:49:25.877+0000] {processor.py:925} INFO - DAG(s) 'example_nested_branch_dag' retrieved from /home/airflow/.local/lib/python3.12/site-packages/airflow/example_dags/example_nested_branch_dag.py
[2025-09-21T04:49:25.951+0000] {logging_mixin.py:190} INFO - [2025-09-21T04:49:25.951+0000] {dag.py:3239} INFO - Sync 1 DAGs
[2025-09-21T04:49:26.004+0000] {logging_mixin.py:190} INFO - [2025-09-21T04:49:26.000+0000] {dag.py:4180} INFO - Setting next_dagrun for example_nested_branch_dag to 2025-09-20 00:00:00+00:00, run_after=2025-09-21 00:00:00+00:00
[2025-09-21T04:49:26.140+0000] {processor.py:208} INFO - Processing /home/airflow/.local/lib/python3.12/site-packages/airflow/example_dags/example_nested_branch_dag.py took 0.318 seconds
[2025-09-21T04:49:56.373+0000] {processor.py:186} INFO - Started process (PID=311) to work on /home/airflow/.local/lib/python3.12/site-packages/airflow/example_dags/example_nested_branch_dag.py
[2025-09-21T04:49:56.374+0000] {processor.py:914} INFO - Processing file /home/airflow/.local/lib/python3.12/site-packages/airflow/example_dags/example_nested_branch_dag.py for tasks to queue
[2025-09-21T04:49:56.377+0000] {logging_mixin.py:190} INFO - [2025-09-21T04:49:56.376+0000] {dagbag.py:588} INFO - Filling up the DagBag from /home/airflow/.local/lib/python3.12/site-packages/airflow/example_dags/example_nested_branch_dag.py
[2025-09-21T04:49:56.385+0000] {processor.py:925} INFO - DAG(s) 'example_nested_branch_dag' retrieved from /home/airflow/.local/lib/python3.12/site-packages/airflow/example_dags/example_nested_branch_dag.py
[2025-09-21T04:49:56.401+0000] {logging_mixin.py:190} INFO - [2025-09-21T04:49:56.401+0000] {dag.py:3239} INFO - Sync 1 DAGs
[2025-09-21T04:49:56.420+0000] {logging_mixin.py:190} INFO - [2025-09-21T04:49:56.420+0000] {dag.py:4180} INFO - Setting next_dagrun for example_nested_branch_dag to 2025-09-20 00:00:00+00:00, run_after=2025-09-21 00:00:00+00:00
[2025-09-21T04:49:56.433+0000] {processor.py:208} INFO - Processing /home/airflow/.local/lib/python3.12/site-packages/airflow/example_dags/example_nested_branch_dag.py took 0.065 seconds
[2025-09-21T04:50:26.759+0000] {processor.py:186} INFO - Started process (PID=374) to work on /home/airflow/.local/lib/python3.12/site-packages/airflow/example_dags/example_nested_branch_dag.py
[2025-09-21T04:50:26.760+0000] {processor.py:914} INFO - Processing file /home/airflow/.local/lib/python3.12/site-packages/airflow/example_dags/example_nested_branch_dag.py for tasks to queue
[2025-09-21T04:50:26.762+0000] {logging_mixin.py:190} INFO - [2025-09-21T04:50:26.762+0000] {dagbag.py:588} INFO - Filling up the DagBag from /home/airflow/.local/lib/python3.12/site-packages/airflow/example_dags/example_nested_branch_dag.py
[2025-09-21T04:50:26.773+0000] {processor.py:925} INFO - DAG(s) 'example_nested_branch_dag' retrieved from /home/airflow/.local/lib/python3.12/site-packages/airflow/example_dags/example_nested_branch_dag.py
[2025-09-21T04:50:26.788+0000] {logging_mixin.py:190} INFO - [2025-09-21T04:50:26.788+0000] {dag.py:3239} INFO - Sync 1 DAGs
[2025-09-21T04:50:26.810+0000] {logging_mixin.py:190} INFO - [2025-09-21T04:50:26.810+0000] {dag.py:4180} INFO - Setting next_dagrun for example_nested_branch_dag to 2025-09-20 00:00:00+00:00, run_after=2025-09-21 00:00:00+00:00
[2025-09-21T04:50:26.823+0000] {processor.py:208} INFO - Processing /home/airflow/.local/lib/python3.12/site-packages/airflow/example_dags/example_nested_branch_dag.py took 0.068 seconds
[2025-09-21T04:50:57.700+0000] {processor.py:186} INFO - Started process (PID=436) to work on /home/airflow/.local/lib/python3.12/site-packages/airflow/example_dags/example_nested_branch_dag.py
[2025-09-21T04:50:57.701+0000] {processor.py:914} INFO - Processing file /home/airflow/.local/lib/python3.12/site-packages/airflow/example_dags/example_nested_branch_dag.py for tasks to queue
[2025-09-21T04:50:57.704+0000] {logging_mixin.py:190} INFO - [2025-09-21T04:50:57.704+0000] {dagbag.py:588} INFO - Filling up the DagBag from /home/airflow/.local/lib/python3.12/site-packages/airflow/example_dags/example_nested_branch_dag.py
[2025-09-21T04:50:57.715+0000] {processor.py:925} INFO - DAG(s) 'example_nested_branch_dag' retrieved from /home/airflow/.local/lib/python3.12/site-packages/airflow/example_dags/example_nested_branch_dag.py
[2025-09-21T04:50:57.731+0000] {logging_mixin.py:190} INFO - [2025-09-21T04:50:57.731+0000] {dag.py:3239} INFO - Sync 1 DAGs
[2025-09-21T04:50:57.759+0000] {logging_mixin.py:190} INFO - [2025-09-21T04:50:57.758+0000] {dag.py:4180} INFO - Setting next_dagrun for example_nested_branch_dag to 2025-09-20 00:00:00+00:00, run_after=2025-09-21 00:00:00+00:00
[2025-09-21T04:50:57.774+0000] {processor.py:208} INFO - Processing /home/airflow/.local/lib/python3.12/site-packages/airflow/example_dags/example_nested_branch_dag.py took 0.080 seconds
[2025-09-21T04:51:28.006+0000] {processor.py:186} INFO - Started process (PID=498) to work on /home/airflow/.local/lib/python3.12/site-packages/airflow/example_dags/example_nested_branch_dag.py
[2025-09-21T04:51:28.007+0000] {processor.py:914} INFO - Processing file /home/airflow/.local/lib/python3.12/site-packages/airflow/example_dags/example_nested_branch_dag.py for tasks to queue
[2025-09-21T04:51:28.010+0000] {logging_mixin.py:190} INFO - [2025-09-21T04:51:28.010+0000] {dagbag.py:588} INFO - Filling up the DagBag from /home/airflow/.local/lib/python3.12/site-packages/airflow/example_dags/example_nested_branch_dag.py
[2025-09-21T04:51:28.022+0000] {processor.py:925} INFO - DAG(s) 'example_nested_branch_dag' retrieved from /home/airflow/.local/lib/python3.12/site-packages/airflow/example_dags/example_nested_branch_dag.py
[2025-09-21T04:51:28.049+0000] {logging_mixin.py:190} INFO - [2025-09-21T04:51:28.049+0000] {dag.py:3239} INFO - Sync 1 DAGs
[2025-09-21T04:51:28.081+0000] {logging_mixin.py:190} INFO - [2025-09-21T04:51:28.080+0000] {dag.py:4180} INFO - Setting next_dagrun for example_nested_branch_dag to 2025-09-20 00:00:00+00:00, run_after=2025-09-21 00:00:00+00:00
[2025-09-21T04:51:28.109+0000] {processor.py:208} INFO - Processing /home/airflow/.local/lib/python3.12/site-packages/airflow/example_dags/example_nested_branch_dag.py took 0.109 seconds
[2025-09-21T04:51:58.158+0000] {processor.py:186} INFO - Started process (PID=562) to work on /home/airflow/.local/lib/python3.12/site-packages/airflow/example_dags/example_nested_branch_dag.py
[2025-09-21T04:51:58.159+0000] {processor.py:914} INFO - Processing file /home/airflow/.local/lib/python3.12/site-packages/airflow/example_dags/example_nested_branch_dag.py for tasks to queue
[2025-09-21T04:51:58.161+0000] {logging_mixin.py:190} INFO - [2025-09-21T04:51:58.161+0000] {dagbag.py:588} INFO - Filling up the DagBag from /home/airflow/.local/lib/python3.12/site-packages/airflow/example_dags/example_nested_branch_dag.py
[2025-09-21T04:51:58.171+0000] {processor.py:925} INFO - DAG(s) 'example_nested_branch_dag' retrieved from /home/airflow/.local/lib/python3.12/site-packages/airflow/example_dags/example_nested_branch_dag.py
[2025-09-21T04:51:58.189+0000] {logging_mixin.py:190} INFO - [2025-09-21T04:51:58.189+0000] {dag.py:3239} INFO - Sync 1 DAGs
[2025-09-21T04:51:58.208+0000] {logging_mixin.py:190} INFO - [2025-09-21T04:51:58.208+0000] {dag.py:4180} INFO - Setting next_dagrun for example_nested_branch_dag to 2025-09-20 00:00:00+00:00, run_after=2025-09-21 00:00:00+00:00
[2025-09-21T04:51:58.222+0000] {processor.py:208} INFO - Processing /home/airflow/.local/lib/python3.12/site-packages/airflow/example_dags/example_nested_branch_dag.py took 0.070 seconds
[2025-09-21T04:52:28.380+0000] {processor.py:186} INFO - Started process (PID=625) to work on /home/airflow/.local/lib/python3.12/site-packages/airflow/example_dags/example_nested_branch_dag.py
[2025-09-21T04:52:28.382+0000] {processor.py:914} INFO - Processing file /home/airflow/.local/lib/python3.12/site-packages/airflow/example_dags/example_nested_branch_dag.py for tasks to queue
[2025-09-21T04:52:28.386+0000] {logging_mixin.py:190} INFO - [2025-09-21T04:52:28.386+0000] {dagbag.py:588} INFO - Filling up the DagBag from /home/airflow/.local/lib/python3.12/site-packages/airflow/example_dags/example_nested_branch_dag.py
[2025-09-21T04:52:28.414+0000] {processor.py:925} INFO - DAG(s) 'example_nested_branch_dag' retrieved from /home/airflow/.local/lib/python3.12/site-packages/airflow/example_dags/example_nested_branch_dag.py
[2025-09-21T04:52:28.463+0000] {logging_mixin.py:190} INFO - [2025-09-21T04:52:28.463+0000] {dag.py:3239} INFO - Sync 1 DAGs
[2025-09-21T04:52:28.539+0000] {logging_mixin.py:190} INFO - [2025-09-21T04:52:28.534+0000] {dag.py:4180} INFO - Setting next_dagrun for example_nested_branch_dag to 2025-09-20 00:00:00+00:00, run_after=2025-09-21 00:00:00+00:00
[2025-09-21T04:52:28.637+0000] {processor.py:208} INFO - Processing /home/airflow/.local/lib/python3.12/site-packages/airflow/example_dags/example_nested_branch_dag.py took 0.271 seconds
[2025-09-21T04:52:59.457+0000] {processor.py:186} INFO - Started process (PID=688) to work on /home/airflow/.local/lib/python3.12/site-packages/airflow/example_dags/example_nested_branch_dag.py
[2025-09-21T04:52:59.460+0000] {processor.py:914} INFO - Processing file /home/airflow/.local/lib/python3.12/site-packages/airflow/example_dags/example_nested_branch_dag.py for tasks to queue
[2025-09-21T04:52:59.469+0000] {logging_mixin.py:190} INFO - [2025-09-21T04:52:59.469+0000] {dagbag.py:588} INFO - Filling up the DagBag from /home/airflow/.local/lib/python3.12/site-packages/airflow/example_dags/example_nested_branch_dag.py
[2025-09-21T04:52:59.504+0000] {processor.py:925} INFO - DAG(s) 'example_nested_branch_dag' retrieved from /home/airflow/.local/lib/python3.12/site-packages/airflow/example_dags/example_nested_branch_dag.py
[2025-09-21T04:52:59.556+0000] {logging_mixin.py:190} INFO - [2025-09-21T04:52:59.556+0000] {dag.py:3239} INFO - Sync 1 DAGs
[2025-09-21T04:52:59.623+0000] {logging_mixin.py:190} INFO - [2025-09-21T04:52:59.623+0000] {dag.py:4180} INFO - Setting next_dagrun for example_nested_branch_dag to 2025-09-20 00:00:00+00:00, run_after=2025-09-21 00:00:00+00:00
[2025-09-21T04:52:59.657+0000] {processor.py:208} INFO - Processing /home/airflow/.local/lib/python3.12/site-packages/airflow/example_dags/example_nested_branch_dag.py took 0.226 seconds
[2025-09-21T04:53:30.259+0000] {processor.py:186} INFO - Started process (PID=750) to work on /home/airflow/.local/lib/python3.12/site-packages/airflow/example_dags/example_nested_branch_dag.py
[2025-09-21T04:53:30.260+0000] {processor.py:914} INFO - Processing file /home/airflow/.local/lib/python3.12/site-packages/airflow/example_dags/example_nested_branch_dag.py for tasks to queue
[2025-09-21T04:53:30.262+0000] {logging_mixin.py:190} INFO - [2025-09-21T04:53:30.261+0000] {dagbag.py:588} INFO - Filling up the DagBag from /home/airflow/.local/lib/python3.12/site-packages/airflow/example_dags/example_nested_branch_dag.py
[2025-09-21T04:53:30.271+0000] {processor.py:925} INFO - DAG(s) 'example_nested_branch_dag' retrieved from /home/airflow/.local/lib/python3.12/site-packages/airflow/example_dags/example_nested_branch_dag.py
[2025-09-21T04:53:30.287+0000] {logging_mixin.py:190} INFO - [2025-09-21T04:53:30.287+0000] {dag.py:3239} INFO - Sync 1 DAGs
[2025-09-21T04:53:30.307+0000] {logging_mixin.py:190} INFO - [2025-09-21T04:53:30.306+0000] {dag.py:4180} INFO - Setting next_dagrun for example_nested_branch_dag to 2025-09-20 00:00:00+00:00, run_after=2025-09-21 00:00:00+00:00
[2025-09-21T04:53:30.320+0000] {processor.py:208} INFO - Processing /home/airflow/.local/lib/python3.12/site-packages/airflow/example_dags/example_nested_branch_dag.py took 0.065 seconds
[2025-09-21T04:54:00.713+0000] {processor.py:186} INFO - Started process (PID=813) to work on /home/airflow/.local/lib/python3.12/site-packages/airflow/example_dags/example_nested_branch_dag.py
[2025-09-21T04:54:00.714+0000] {processor.py:914} INFO - Processing file /home/airflow/.local/lib/python3.12/site-packages/airflow/example_dags/example_nested_branch_dag.py for tasks to queue
[2025-09-21T04:54:00.716+0000] {logging_mixin.py:190} INFO - [2025-09-21T04:54:00.716+0000] {dagbag.py:588} INFO - Filling up the DagBag from /home/airflow/.local/lib/python3.12/site-packages/airflow/example_dags/example_nested_branch_dag.py
[2025-09-21T04:54:00.729+0000] {processor.py:925} INFO - DAG(s) 'example_nested_branch_dag' retrieved from /home/airflow/.local/lib/python3.12/site-packages/airflow/example_dags/example_nested_branch_dag.py
[2025-09-21T04:54:00.759+0000] {logging_mixin.py:190} INFO - [2025-09-21T04:54:00.758+0000] {dag.py:3239} INFO - Sync 1 DAGs
[2025-09-21T04:54:00.792+0000] {logging_mixin.py:190} INFO - [2025-09-21T04:54:00.791+0000] {dag.py:4180} INFO - Setting next_dagrun for example_nested_branch_dag to 2025-09-20 00:00:00+00:00, run_after=2025-09-21 00:00:00+00:00
[2025-09-21T04:54:00.813+0000] {processor.py:208} INFO - Processing /home/airflow/.local/lib/python3.12/site-packages/airflow/example_dags/example_nested_branch_dag.py took 0.106 seconds
[2025-09-21T04:54:31.243+0000] {processor.py:186} INFO - Started process (PID=875) to work on /home/airflow/.local/lib/python3.12/site-packages/airflow/example_dags/example_nested_branch_dag.py
[2025-09-21T04:54:31.244+0000] {processor.py:914} INFO - Processing file /home/airflow/.local/lib/python3.12/site-packages/airflow/example_dags/example_nested_branch_dag.py for tasks to queue
[2025-09-21T04:54:31.246+0000] {logging_mixin.py:190} INFO - [2025-09-21T04:54:31.246+0000] {dagbag.py:588} INFO - Filling up the DagBag from /home/airflow/.local/lib/python3.12/site-packages/airflow/example_dags/example_nested_branch_dag.py
[2025-09-21T04:54:31.255+0000] {processor.py:925} INFO - DAG(s) 'example_nested_branch_dag' retrieved from /home/airflow/.local/lib/python3.12/site-packages/airflow/example_dags/example_nested_branch_dag.py
[2025-09-21T04:54:31.272+0000] {logging_mixin.py:190} INFO - [2025-09-21T04:54:31.272+0000] {dag.py:3239} INFO - Sync 1 DAGs
[2025-09-21T04:54:31.294+0000] {logging_mixin.py:190} INFO - [2025-09-21T04:54:31.294+0000] {dag.py:4180} INFO - Setting next_dagrun for example_nested_branch_dag to 2025-09-20 00:00:00+00:00, run_after=2025-09-21 00:00:00+00:00
[2025-09-21T04:54:31.309+0000] {processor.py:208} INFO - Processing /home/airflow/.local/lib/python3.12/site-packages/airflow/example_dags/example_nested_branch_dag.py took 0.070 seconds
[2025-09-21T04:55:01.709+0000] {processor.py:186} INFO - Started process (PID=938) to work on /home/airflow/.local/lib/python3.12/site-packages/airflow/example_dags/example_nested_branch_dag.py
[2025-09-21T04:55:01.710+0000] {processor.py:914} INFO - Processing file /home/airflow/.local/lib/python3.12/site-packages/airflow/example_dags/example_nested_branch_dag.py for tasks to queue
[2025-09-21T04:55:01.712+0000] {logging_mixin.py:190} INFO - [2025-09-21T04:55:01.712+0000] {dagbag.py:588} INFO - Filling up the DagBag from /home/airflow/.local/lib/python3.12/site-packages/airflow/example_dags/example_nested_branch_dag.py
[2025-09-21T04:55:01.721+0000] {processor.py:925} INFO - DAG(s) 'example_nested_branch_dag' retrieved from /home/airflow/.local/lib/python3.12/site-packages/airflow/example_dags/example_nested_branch_dag.py
[2025-09-21T04:55:01.737+0000] {logging_mixin.py:190} INFO - [2025-09-21T04:55:01.737+0000] {dag.py:3239} INFO - Sync 1 DAGs
[2025-09-21T04:55:01.756+0000] {logging_mixin.py:190} INFO - [2025-09-21T04:55:01.756+0000] {dag.py:4180} INFO - Setting next_dagrun for example_nested_branch_dag to 2025-09-20 00:00:00+00:00, run_after=2025-09-21 00:00:00+00:00
[2025-09-21T04:55:01.770+0000] {processor.py:208} INFO - Processing /home/airflow/.local/lib/python3.12/site-packages/airflow/example_dags/example_nested_branch_dag.py took 0.065 seconds
[2025-09-21T04:55:32.147+0000] {processor.py:186} INFO - Started process (PID=1001) to work on /home/airflow/.local/lib/python3.12/site-packages/airflow/example_dags/example_nested_branch_dag.py
[2025-09-21T04:55:32.147+0000] {processor.py:914} INFO - Processing file /home/airflow/.local/lib/python3.12/site-packages/airflow/example_dags/example_nested_branch_dag.py for tasks to queue
[2025-09-21T04:55:32.149+0000] {logging_mixin.py:190} INFO - [2025-09-21T04:55:32.149+0000] {dagbag.py:588} INFO - Filling up the DagBag from /home/airflow/.local/lib/python3.12/site-packages/airflow/example_dags/example_nested_branch_dag.py
[2025-09-21T04:55:32.158+0000] {processor.py:925} INFO - DAG(s) 'example_nested_branch_dag' retrieved from /home/airflow/.local/lib/python3.12/site-packages/airflow/example_dags/example_nested_branch_dag.py
[2025-09-21T04:55:32.175+0000] {logging_mixin.py:190} INFO - [2025-09-21T04:55:32.174+0000] {dag.py:3239} INFO - Sync 1 DAGs
[2025-09-21T04:55:32.194+0000] {logging_mixin.py:190} INFO - [2025-09-21T04:55:32.194+0000] {dag.py:4180} INFO - Setting next_dagrun for example_nested_branch_dag to 2025-09-20 00:00:00+00:00, run_after=2025-09-21 00:00:00+00:00
[2025-09-21T04:55:32.208+0000] {processor.py:208} INFO - Processing /home/airflow/.local/lib/python3.12/site-packages/airflow/example_dags/example_nested_branch_dag.py took 0.066 seconds
[2025-09-21T04:56:02.274+0000] {processor.py:186} INFO - Started process (PID=1064) to work on /home/airflow/.local/lib/python3.12/site-packages/airflow/example_dags/example_nested_branch_dag.py
[2025-09-21T04:56:02.275+0000] {processor.py:914} INFO - Processing file /home/airflow/.local/lib/python3.12/site-packages/airflow/example_dags/example_nested_branch_dag.py for tasks to queue
[2025-09-21T04:56:02.277+0000] {logging_mixin.py:190} INFO - [2025-09-21T04:56:02.276+0000] {dagbag.py:588} INFO - Filling up the DagBag from /home/airflow/.local/lib/python3.12/site-packages/airflow/example_dags/example_nested_branch_dag.py
[2025-09-21T04:56:02.285+0000] {processor.py:925} INFO - DAG(s) 'example_nested_branch_dag' retrieved from /home/airflow/.local/lib/python3.12/site-packages/airflow/example_dags/example_nested_branch_dag.py
[2025-09-21T04:56:02.302+0000] {logging_mixin.py:190} INFO - [2025-09-21T04:56:02.302+0000] {dag.py:3239} INFO - Sync 1 DAGs
[2025-09-21T04:56:02.320+0000] {logging_mixin.py:190} INFO - [2025-09-21T04:56:02.320+0000] {dag.py:4180} INFO - Setting next_dagrun for example_nested_branch_dag to 2025-09-20 00:00:00+00:00, run_after=2025-09-21 00:00:00+00:00
[2025-09-21T04:56:02.334+0000] {processor.py:208} INFO - Processing /home/airflow/.local/lib/python3.12/site-packages/airflow/example_dags/example_nested_branch_dag.py took 0.065 seconds
[2025-09-21T04:56:32.735+0000] {processor.py:186} INFO - Started process (PID=1127) to work on /home/airflow/.local/lib/python3.12/site-packages/airflow/example_dags/example_nested_branch_dag.py
[2025-09-21T04:56:32.735+0000] {processor.py:914} INFO - Processing file /home/airflow/.local/lib/python3.12/site-packages/airflow/example_dags/example_nested_branch_dag.py for tasks to queue
[2025-09-21T04:56:32.737+0000] {logging_mixin.py:190} INFO - [2025-09-21T04:56:32.737+0000] {dagbag.py:588} INFO - Filling up the DagBag from /home/airflow/.local/lib/python3.12/site-packages/airflow/example_dags/example_nested_branch_dag.py
[2025-09-21T04:56:32.747+0000] {processor.py:925} INFO - DAG(s) 'example_nested_branch_dag' retrieved from /home/airflow/.local/lib/python3.12/site-packages/airflow/example_dags/example_nested_branch_dag.py
[2025-09-21T04:56:32.770+0000] {logging_mixin.py:190} INFO - [2025-09-21T04:56:32.770+0000] {dag.py:3239} INFO - Sync 1 DAGs
[2025-09-21T04:56:32.799+0000] {logging_mixin.py:190} INFO - [2025-09-21T04:56:32.798+0000] {dag.py:4180} INFO - Setting next_dagrun for example_nested_branch_dag to 2025-09-20 00:00:00+00:00, run_after=2025-09-21 00:00:00+00:00
[2025-09-21T04:56:32.831+0000] {processor.py:208} INFO - Processing /home/airflow/.local/lib/python3.12/site-packages/airflow/example_dags/example_nested_branch_dag.py took 0.101 seconds
[2025-09-21T04:57:03.488+0000] {processor.py:186} INFO - Started process (PID=1190) to work on /home/airflow/.local/lib/python3.12/site-packages/airflow/example_dags/example_nested_branch_dag.py
[2025-09-21T04:57:03.489+0000] {processor.py:914} INFO - Processing file /home/airflow/.local/lib/python3.12/site-packages/airflow/example_dags/example_nested_branch_dag.py for tasks to queue
[2025-09-21T04:57:03.492+0000] {logging_mixin.py:190} INFO - [2025-09-21T04:57:03.492+0000] {dagbag.py:588} INFO - Filling up the DagBag from /home/airflow/.local/lib/python3.12/site-packages/airflow/example_dags/example_nested_branch_dag.py
[2025-09-21T04:57:03.505+0000] {processor.py:925} INFO - DAG(s) 'example_nested_branch_dag' retrieved from /home/airflow/.local/lib/python3.12/site-packages/airflow/example_dags/example_nested_branch_dag.py
[2025-09-21T04:57:03.524+0000] {logging_mixin.py:190} INFO - [2025-09-21T04:57:03.524+0000] {dag.py:3239} INFO - Sync 1 DAGs
[2025-09-21T04:57:03.546+0000] {logging_mixin.py:190} INFO - [2025-09-21T04:57:03.546+0000] {dag.py:4180} INFO - Setting next_dagrun for example_nested_branch_dag to 2025-09-20 00:00:00+00:00, run_after=2025-09-21 00:00:00+00:00
[2025-09-21T04:57:03.559+0000] {processor.py:208} INFO - Processing /home/airflow/.local/lib/python3.12/site-packages/airflow/example_dags/example_nested_branch_dag.py took 0.075 seconds
[2025-09-21T04:57:33.874+0000] {processor.py:186} INFO - Started process (PID=1258) to work on /home/airflow/.local/lib/python3.12/site-packages/airflow/example_dags/example_nested_branch_dag.py
[2025-09-21T04:57:33.877+0000] {processor.py:914} INFO - Processing file /home/airflow/.local/lib/python3.12/site-packages/airflow/example_dags/example_nested_branch_dag.py for tasks to queue
[2025-09-21T04:57:33.882+0000] {logging_mixin.py:190} INFO - [2025-09-21T04:57:33.881+0000] {dagbag.py:588} INFO - Filling up the DagBag from /home/airflow/.local/lib/python3.12/site-packages/airflow/example_dags/example_nested_branch_dag.py
[2025-09-21T04:57:33.911+0000] {processor.py:925} INFO - DAG(s) 'example_nested_branch_dag' retrieved from /home/airflow/.local/lib/python3.12/site-packages/airflow/example_dags/example_nested_branch_dag.py
[2025-09-21T04:57:33.941+0000] {logging_mixin.py:190} INFO - [2025-09-21T04:57:33.941+0000] {dag.py:3239} INFO - Sync 1 DAGs
[2025-09-21T04:57:33.969+0000] {logging_mixin.py:190} INFO - [2025-09-21T04:57:33.969+0000] {dag.py:4180} INFO - Setting next_dagrun for example_nested_branch_dag to 2025-09-20 00:00:00+00:00, run_after=2025-09-21 00:00:00+00:00
[2025-09-21T04:57:33.986+0000] {processor.py:208} INFO - Processing /home/airflow/.local/lib/python3.12/site-packages/airflow/example_dags/example_nested_branch_dag.py took 0.129 seconds
