[2025-09-21T04:48:09.821+0000] {processor.py:186} INFO - Started process (PID=114) to work on /home/airflow/.local/lib/python3.12/site-packages/airflow/example_dags/example_xcom.py
[2025-09-21T04:48:09.825+0000] {processor.py:914} INFO - Processing file /home/airflow/.local/lib/python3.12/site-packages/airflow/example_dags/example_xcom.py for tasks to queue
[2025-09-21T04:48:09.830+0000] {logging_mixin.py:190} INFO - [2025-09-21T04:48:09.829+0000] {dagbag.py:588} INFO - Filling up the DagBag from /home/airflow/.local/lib/python3.12/site-packages/airflow/example_dags/example_xcom.py
[2025-09-21T04:48:09.851+0000] {processor.py:925} INFO - DAG(s) 'example_xcom' retrieved from /home/airflow/.local/lib/python3.12/site-packages/airflow/example_dags/example_xcom.py
[2025-09-21T04:48:10.289+0000] {logging_mixin.py:190} INFO - [2025-09-21T04:48:10.288+0000] {override.py:1911} INFO - Created Permission View: can delete on DAG:example_xcom
[2025-09-21T04:48:10.338+0000] {logging_mixin.py:190} INFO - [2025-09-21T04:48:10.337+0000] {override.py:1911} INFO - Created Permission View: can read on DAG:example_xcom
[2025-09-21T04:48:10.360+0000] {logging_mixin.py:190} INFO - [2025-09-21T04:48:10.359+0000] {override.py:1911} INFO - Created Permission View: can edit on DAG:example_xcom
[2025-09-21T04:48:10.390+0000] {logging_mixin.py:190} INFO - [2025-09-21T04:48:10.389+0000] {override.py:1911} INFO - Created Permission View: can read on DAG Run:example_xcom
[2025-09-21T04:48:10.434+0000] {logging_mixin.py:190} INFO - [2025-09-21T04:48:10.433+0000] {override.py:1911} INFO - Created Permission View: menu access on DAG Run:example_xcom
[2025-09-21T04:48:10.470+0000] {logging_mixin.py:190} INFO - [2025-09-21T04:48:10.469+0000] {override.py:1911} INFO - Created Permission View: can delete on DAG Run:example_xcom
[2025-09-21T04:48:10.500+0000] {logging_mixin.py:190} INFO - [2025-09-21T04:48:10.500+0000] {override.py:1911} INFO - Created Permission View: can create on DAG Run:example_xcom
[2025-09-21T04:48:10.501+0000] {logging_mixin.py:190} INFO - [2025-09-21T04:48:10.501+0000] {dag.py:3239} INFO - Sync 1 DAGs
[2025-09-21T04:48:10.580+0000] {logging_mixin.py:190} INFO - [2025-09-21T04:48:10.579+0000] {dag.py:3262} INFO - Creating ORM DAG for example_xcom
[2025-09-21T04:48:10.636+0000] {logging_mixin.py:190} INFO - [2025-09-21T04:48:10.636+0000] {dag.py:4180} INFO - Setting next_dagrun for example_xcom to 2021-01-01 00:00:00+00:00, run_after=2021-01-01 00:00:00+00:00
[2025-09-21T04:48:10.720+0000] {processor.py:208} INFO - Processing /home/airflow/.local/lib/python3.12/site-packages/airflow/example_dags/example_xcom.py took 0.909 seconds
[2025-09-21T04:48:40.859+0000] {processor.py:186} INFO - Started process (PID=176) to work on /home/airflow/.local/lib/python3.12/site-packages/airflow/example_dags/example_xcom.py
[2025-09-21T04:48:40.860+0000] {processor.py:914} INFO - Processing file /home/airflow/.local/lib/python3.12/site-packages/airflow/example_dags/example_xcom.py for tasks to queue
[2025-09-21T04:48:40.862+0000] {logging_mixin.py:190} INFO - [2025-09-21T04:48:40.862+0000] {dagbag.py:588} INFO - Filling up the DagBag from /home/airflow/.local/lib/python3.12/site-packages/airflow/example_dags/example_xcom.py
[2025-09-21T04:48:40.873+0000] {processor.py:925} INFO - DAG(s) 'example_xcom' retrieved from /home/airflow/.local/lib/python3.12/site-packages/airflow/example_dags/example_xcom.py
[2025-09-21T04:48:40.895+0000] {logging_mixin.py:190} INFO - [2025-09-21T04:48:40.895+0000] {dag.py:3239} INFO - Sync 1 DAGs
[2025-09-21T04:48:40.922+0000] {logging_mixin.py:190} INFO - [2025-09-21T04:48:40.922+0000] {dag.py:4180} INFO - Setting next_dagrun for example_xcom to 2021-01-01 00:00:00+00:00, run_after=2021-01-01 00:00:00+00:00
[2025-09-21T04:48:40.940+0000] {processor.py:208} INFO - Processing /home/airflow/.local/lib/python3.12/site-packages/airflow/example_dags/example_xcom.py took 0.088 seconds
[2025-09-21T04:49:11.200+0000] {processor.py:186} INFO - Started process (PID=239) to work on /home/airflow/.local/lib/python3.12/site-packages/airflow/example_dags/example_xcom.py
[2025-09-21T04:49:11.201+0000] {processor.py:914} INFO - Processing file /home/airflow/.local/lib/python3.12/site-packages/airflow/example_dags/example_xcom.py for tasks to queue
[2025-09-21T04:49:11.203+0000] {logging_mixin.py:190} INFO - [2025-09-21T04:49:11.202+0000] {dagbag.py:588} INFO - Filling up the DagBag from /home/airflow/.local/lib/python3.12/site-packages/airflow/example_dags/example_xcom.py
[2025-09-21T04:49:11.210+0000] {processor.py:925} INFO - DAG(s) 'example_xcom' retrieved from /home/airflow/.local/lib/python3.12/site-packages/airflow/example_dags/example_xcom.py
[2025-09-21T04:49:11.227+0000] {logging_mixin.py:190} INFO - [2025-09-21T04:49:11.226+0000] {dag.py:3239} INFO - Sync 1 DAGs
[2025-09-21T04:49:11.244+0000] {logging_mixin.py:190} INFO - [2025-09-21T04:49:11.244+0000] {dag.py:4180} INFO - Setting next_dagrun for example_xcom to 2021-01-01 00:00:00+00:00, run_after=2021-01-01 00:00:00+00:00
[2025-09-21T04:49:11.257+0000] {processor.py:208} INFO - Processing /home/airflow/.local/lib/python3.12/site-packages/airflow/example_dags/example_xcom.py took 0.062 seconds
[2025-09-21T04:49:41.806+0000] {processor.py:186} INFO - Started process (PID=302) to work on /home/airflow/.local/lib/python3.12/site-packages/airflow/example_dags/example_xcom.py
[2025-09-21T04:49:41.807+0000] {processor.py:914} INFO - Processing file /home/airflow/.local/lib/python3.12/site-packages/airflow/example_dags/example_xcom.py for tasks to queue
[2025-09-21T04:49:41.809+0000] {logging_mixin.py:190} INFO - [2025-09-21T04:49:41.809+0000] {dagbag.py:588} INFO - Filling up the DagBag from /home/airflow/.local/lib/python3.12/site-packages/airflow/example_dags/example_xcom.py
[2025-09-21T04:49:41.819+0000] {processor.py:925} INFO - DAG(s) 'example_xcom' retrieved from /home/airflow/.local/lib/python3.12/site-packages/airflow/example_dags/example_xcom.py
[2025-09-21T04:49:41.841+0000] {logging_mixin.py:190} INFO - [2025-09-21T04:49:41.841+0000] {dag.py:3239} INFO - Sync 1 DAGs
[2025-09-21T04:49:41.864+0000] {logging_mixin.py:190} INFO - [2025-09-21T04:49:41.864+0000] {dag.py:4180} INFO - Setting next_dagrun for example_xcom to 2021-01-01 00:00:00+00:00, run_after=2021-01-01 00:00:00+00:00
[2025-09-21T04:49:41.881+0000] {processor.py:208} INFO - Processing /home/airflow/.local/lib/python3.12/site-packages/airflow/example_dags/example_xcom.py took 0.081 seconds
[2025-09-21T04:50:12.761+0000] {processor.py:186} INFO - Started process (PID=365) to work on /home/airflow/.local/lib/python3.12/site-packages/airflow/example_dags/example_xcom.py
[2025-09-21T04:50:12.762+0000] {processor.py:914} INFO - Processing file /home/airflow/.local/lib/python3.12/site-packages/airflow/example_dags/example_xcom.py for tasks to queue
[2025-09-21T04:50:12.764+0000] {logging_mixin.py:190} INFO - [2025-09-21T04:50:12.764+0000] {dagbag.py:588} INFO - Filling up the DagBag from /home/airflow/.local/lib/python3.12/site-packages/airflow/example_dags/example_xcom.py
[2025-09-21T04:50:12.773+0000] {processor.py:925} INFO - DAG(s) 'example_xcom' retrieved from /home/airflow/.local/lib/python3.12/site-packages/airflow/example_dags/example_xcom.py
[2025-09-21T04:50:12.795+0000] {logging_mixin.py:190} INFO - [2025-09-21T04:50:12.795+0000] {dag.py:3239} INFO - Sync 1 DAGs
[2025-09-21T04:50:12.819+0000] {logging_mixin.py:190} INFO - [2025-09-21T04:50:12.819+0000] {dag.py:4180} INFO - Setting next_dagrun for example_xcom to 2021-01-01 00:00:00+00:00, run_after=2021-01-01 00:00:00+00:00
[2025-09-21T04:50:12.835+0000] {processor.py:208} INFO - Processing /home/airflow/.local/lib/python3.12/site-packages/airflow/example_dags/example_xcom.py took 0.081 seconds
[2025-09-21T04:50:44.196+0000] {processor.py:186} INFO - Started process (PID=427) to work on /home/airflow/.local/lib/python3.12/site-packages/airflow/example_dags/example_xcom.py
[2025-09-21T04:50:44.200+0000] {processor.py:914} INFO - Processing file /home/airflow/.local/lib/python3.12/site-packages/airflow/example_dags/example_xcom.py for tasks to queue
[2025-09-21T04:50:44.206+0000] {logging_mixin.py:190} INFO - [2025-09-21T04:50:44.204+0000] {dagbag.py:588} INFO - Filling up the DagBag from /home/airflow/.local/lib/python3.12/site-packages/airflow/example_dags/example_xcom.py
[2025-09-21T04:50:44.240+0000] {processor.py:925} INFO - DAG(s) 'example_xcom' retrieved from /home/airflow/.local/lib/python3.12/site-packages/airflow/example_dags/example_xcom.py
[2025-09-21T04:50:44.324+0000] {logging_mixin.py:190} INFO - [2025-09-21T04:50:44.324+0000] {dag.py:3239} INFO - Sync 1 DAGs
[2025-09-21T04:50:44.390+0000] {logging_mixin.py:190} INFO - [2025-09-21T04:50:44.388+0000] {dag.py:4180} INFO - Setting next_dagrun for example_xcom to 2021-01-01 00:00:00+00:00, run_after=2021-01-01 00:00:00+00:00
[2025-09-21T04:50:44.432+0000] {processor.py:208} INFO - Processing /home/airflow/.local/lib/python3.12/site-packages/airflow/example_dags/example_xcom.py took 0.273 seconds
[2025-09-21T04:51:14.743+0000] {processor.py:186} INFO - Started process (PID=488) to work on /home/airflow/.local/lib/python3.12/site-packages/airflow/example_dags/example_xcom.py
[2025-09-21T04:51:14.743+0000] {processor.py:914} INFO - Processing file /home/airflow/.local/lib/python3.12/site-packages/airflow/example_dags/example_xcom.py for tasks to queue
[2025-09-21T04:51:14.745+0000] {logging_mixin.py:190} INFO - [2025-09-21T04:51:14.745+0000] {dagbag.py:588} INFO - Filling up the DagBag from /home/airflow/.local/lib/python3.12/site-packages/airflow/example_dags/example_xcom.py
[2025-09-21T04:51:14.753+0000] {processor.py:925} INFO - DAG(s) 'example_xcom' retrieved from /home/airflow/.local/lib/python3.12/site-packages/airflow/example_dags/example_xcom.py
[2025-09-21T04:51:14.769+0000] {logging_mixin.py:190} INFO - [2025-09-21T04:51:14.769+0000] {dag.py:3239} INFO - Sync 1 DAGs
[2025-09-21T04:51:14.787+0000] {logging_mixin.py:190} INFO - [2025-09-21T04:51:14.787+0000] {dag.py:4180} INFO - Setting next_dagrun for example_xcom to 2021-01-01 00:00:00+00:00, run_after=2021-01-01 00:00:00+00:00
[2025-09-21T04:51:14.800+0000] {processor.py:208} INFO - Processing /home/airflow/.local/lib/python3.12/site-packages/airflow/example_dags/example_xcom.py took 0.062 seconds
[2025-09-21T04:51:45.185+0000] {processor.py:186} INFO - Started process (PID=552) to work on /home/airflow/.local/lib/python3.12/site-packages/airflow/example_dags/example_xcom.py
[2025-09-21T04:51:45.186+0000] {processor.py:914} INFO - Processing file /home/airflow/.local/lib/python3.12/site-packages/airflow/example_dags/example_xcom.py for tasks to queue
[2025-09-21T04:51:45.187+0000] {logging_mixin.py:190} INFO - [2025-09-21T04:51:45.187+0000] {dagbag.py:588} INFO - Filling up the DagBag from /home/airflow/.local/lib/python3.12/site-packages/airflow/example_dags/example_xcom.py
[2025-09-21T04:51:45.195+0000] {processor.py:925} INFO - DAG(s) 'example_xcom' retrieved from /home/airflow/.local/lib/python3.12/site-packages/airflow/example_dags/example_xcom.py
[2025-09-21T04:51:45.211+0000] {logging_mixin.py:190} INFO - [2025-09-21T04:51:45.211+0000] {dag.py:3239} INFO - Sync 1 DAGs
[2025-09-21T04:51:45.229+0000] {logging_mixin.py:190} INFO - [2025-09-21T04:51:45.229+0000] {dag.py:4180} INFO - Setting next_dagrun for example_xcom to 2021-01-01 00:00:00+00:00, run_after=2021-01-01 00:00:00+00:00
[2025-09-21T04:51:45.244+0000] {processor.py:208} INFO - Processing /home/airflow/.local/lib/python3.12/site-packages/airflow/example_dags/example_xcom.py took 0.063 seconds
[2025-09-21T04:52:15.398+0000] {processor.py:186} INFO - Started process (PID=615) to work on /home/airflow/.local/lib/python3.12/site-packages/airflow/example_dags/example_xcom.py
[2025-09-21T04:52:15.399+0000] {processor.py:914} INFO - Processing file /home/airflow/.local/lib/python3.12/site-packages/airflow/example_dags/example_xcom.py for tasks to queue
[2025-09-21T04:52:15.400+0000] {logging_mixin.py:190} INFO - [2025-09-21T04:52:15.400+0000] {dagbag.py:588} INFO - Filling up the DagBag from /home/airflow/.local/lib/python3.12/site-packages/airflow/example_dags/example_xcom.py
[2025-09-21T04:52:15.407+0000] {processor.py:925} INFO - DAG(s) 'example_xcom' retrieved from /home/airflow/.local/lib/python3.12/site-packages/airflow/example_dags/example_xcom.py
[2025-09-21T04:52:15.429+0000] {logging_mixin.py:190} INFO - [2025-09-21T04:52:15.429+0000] {dag.py:3239} INFO - Sync 1 DAGs
[2025-09-21T04:52:15.448+0000] {logging_mixin.py:190} INFO - [2025-09-21T04:52:15.448+0000] {dag.py:4180} INFO - Setting next_dagrun for example_xcom to 2021-01-01 00:00:00+00:00, run_after=2021-01-01 00:00:00+00:00
[2025-09-21T04:52:15.461+0000] {processor.py:208} INFO - Processing /home/airflow/.local/lib/python3.12/site-packages/airflow/example_dags/example_xcom.py took 0.069 seconds
[2025-09-21T04:52:46.165+0000] {processor.py:186} INFO - Started process (PID=678) to work on /home/airflow/.local/lib/python3.12/site-packages/airflow/example_dags/example_xcom.py
[2025-09-21T04:52:46.165+0000] {processor.py:914} INFO - Processing file /home/airflow/.local/lib/python3.12/site-packages/airflow/example_dags/example_xcom.py for tasks to queue
[2025-09-21T04:52:46.168+0000] {logging_mixin.py:190} INFO - [2025-09-21T04:52:46.167+0000] {dagbag.py:588} INFO - Filling up the DagBag from /home/airflow/.local/lib/python3.12/site-packages/airflow/example_dags/example_xcom.py
[2025-09-21T04:52:46.175+0000] {processor.py:925} INFO - DAG(s) 'example_xcom' retrieved from /home/airflow/.local/lib/python3.12/site-packages/airflow/example_dags/example_xcom.py
[2025-09-21T04:52:46.190+0000] {logging_mixin.py:190} INFO - [2025-09-21T04:52:46.190+0000] {dag.py:3239} INFO - Sync 1 DAGs
[2025-09-21T04:52:46.208+0000] {logging_mixin.py:190} INFO - [2025-09-21T04:52:46.208+0000] {dag.py:4180} INFO - Setting next_dagrun for example_xcom to 2021-01-01 00:00:00+00:00, run_after=2021-01-01 00:00:00+00:00
[2025-09-21T04:52:46.221+0000] {processor.py:208} INFO - Processing /home/airflow/.local/lib/python3.12/site-packages/airflow/example_dags/example_xcom.py took 0.062 seconds
[2025-09-21T04:53:16.381+0000] {processor.py:186} INFO - Started process (PID=741) to work on /home/airflow/.local/lib/python3.12/site-packages/airflow/example_dags/example_xcom.py
[2025-09-21T04:53:16.382+0000] {processor.py:914} INFO - Processing file /home/airflow/.local/lib/python3.12/site-packages/airflow/example_dags/example_xcom.py for tasks to queue
[2025-09-21T04:53:16.384+0000] {logging_mixin.py:190} INFO - [2025-09-21T04:53:16.383+0000] {dagbag.py:588} INFO - Filling up the DagBag from /home/airflow/.local/lib/python3.12/site-packages/airflow/example_dags/example_xcom.py
[2025-09-21T04:53:16.392+0000] {processor.py:925} INFO - DAG(s) 'example_xcom' retrieved from /home/airflow/.local/lib/python3.12/site-packages/airflow/example_dags/example_xcom.py
[2025-09-21T04:53:16.408+0000] {logging_mixin.py:190} INFO - [2025-09-21T04:53:16.408+0000] {dag.py:3239} INFO - Sync 1 DAGs
[2025-09-21T04:53:16.428+0000] {logging_mixin.py:190} INFO - [2025-09-21T04:53:16.428+0000] {dag.py:4180} INFO - Setting next_dagrun for example_xcom to 2021-01-01 00:00:00+00:00, run_after=2021-01-01 00:00:00+00:00
[2025-09-21T04:53:16.441+0000] {processor.py:208} INFO - Processing /home/airflow/.local/lib/python3.12/site-packages/airflow/example_dags/example_xcom.py took 0.064 seconds
[2025-09-21T04:53:46.738+0000] {processor.py:186} INFO - Started process (PID=804) to work on /home/airflow/.local/lib/python3.12/site-packages/airflow/example_dags/example_xcom.py
[2025-09-21T04:53:46.739+0000] {processor.py:914} INFO - Processing file /home/airflow/.local/lib/python3.12/site-packages/airflow/example_dags/example_xcom.py for tasks to queue
[2025-09-21T04:53:46.740+0000] {logging_mixin.py:190} INFO - [2025-09-21T04:53:46.740+0000] {dagbag.py:588} INFO - Filling up the DagBag from /home/airflow/.local/lib/python3.12/site-packages/airflow/example_dags/example_xcom.py
[2025-09-21T04:53:46.747+0000] {processor.py:925} INFO - DAG(s) 'example_xcom' retrieved from /home/airflow/.local/lib/python3.12/site-packages/airflow/example_dags/example_xcom.py
[2025-09-21T04:53:46.763+0000] {logging_mixin.py:190} INFO - [2025-09-21T04:53:46.763+0000] {dag.py:3239} INFO - Sync 1 DAGs
[2025-09-21T04:53:46.787+0000] {logging_mixin.py:190} INFO - [2025-09-21T04:53:46.787+0000] {dag.py:4180} INFO - Setting next_dagrun for example_xcom to 2021-01-01 00:00:00+00:00, run_after=2021-01-01 00:00:00+00:00
[2025-09-21T04:53:46.804+0000] {processor.py:208} INFO - Processing /home/airflow/.local/lib/python3.12/site-packages/airflow/example_dags/example_xcom.py took 0.070 seconds
[2025-09-21T04:54:17.259+0000] {processor.py:186} INFO - Started process (PID=867) to work on /home/airflow/.local/lib/python3.12/site-packages/airflow/example_dags/example_xcom.py
[2025-09-21T04:54:17.260+0000] {processor.py:914} INFO - Processing file /home/airflow/.local/lib/python3.12/site-packages/airflow/example_dags/example_xcom.py for tasks to queue
[2025-09-21T04:54:17.262+0000] {logging_mixin.py:190} INFO - [2025-09-21T04:54:17.262+0000] {dagbag.py:588} INFO - Filling up the DagBag from /home/airflow/.local/lib/python3.12/site-packages/airflow/example_dags/example_xcom.py
[2025-09-21T04:54:17.270+0000] {processor.py:925} INFO - DAG(s) 'example_xcom' retrieved from /home/airflow/.local/lib/python3.12/site-packages/airflow/example_dags/example_xcom.py
[2025-09-21T04:54:17.286+0000] {logging_mixin.py:190} INFO - [2025-09-21T04:54:17.286+0000] {dag.py:3239} INFO - Sync 1 DAGs
[2025-09-21T04:54:17.305+0000] {logging_mixin.py:190} INFO - [2025-09-21T04:54:17.305+0000] {dag.py:4180} INFO - Setting next_dagrun for example_xcom to 2021-01-01 00:00:00+00:00, run_after=2021-01-01 00:00:00+00:00
[2025-09-21T04:54:17.318+0000] {processor.py:208} INFO - Processing /home/airflow/.local/lib/python3.12/site-packages/airflow/example_dags/example_xcom.py took 0.064 seconds
[2025-09-21T04:54:48.077+0000] {processor.py:186} INFO - Started process (PID=930) to work on /home/airflow/.local/lib/python3.12/site-packages/airflow/example_dags/example_xcom.py
[2025-09-21T04:54:48.082+0000] {processor.py:914} INFO - Processing file /home/airflow/.local/lib/python3.12/site-packages/airflow/example_dags/example_xcom.py for tasks to queue
[2025-09-21T04:54:48.089+0000] {logging_mixin.py:190} INFO - [2025-09-21T04:54:48.088+0000] {dagbag.py:588} INFO - Filling up the DagBag from /home/airflow/.local/lib/python3.12/site-packages/airflow/example_dags/example_xcom.py
[2025-09-21T04:54:48.102+0000] {processor.py:925} INFO - DAG(s) 'example_xcom' retrieved from /home/airflow/.local/lib/python3.12/site-packages/airflow/example_dags/example_xcom.py
[2025-09-21T04:54:48.135+0000] {logging_mixin.py:190} INFO - [2025-09-21T04:54:48.135+0000] {dag.py:3239} INFO - Sync 1 DAGs
[2025-09-21T04:54:48.162+0000] {logging_mixin.py:190} INFO - [2025-09-21T04:54:48.161+0000] {dag.py:4180} INFO - Setting next_dagrun for example_xcom to 2021-01-01 00:00:00+00:00, run_after=2021-01-01 00:00:00+00:00
[2025-09-21T04:54:48.187+0000] {processor.py:208} INFO - Processing /home/airflow/.local/lib/python3.12/site-packages/airflow/example_dags/example_xcom.py took 0.130 seconds
[2025-09-21T04:55:18.505+0000] {processor.py:186} INFO - Started process (PID=992) to work on /home/airflow/.local/lib/python3.12/site-packages/airflow/example_dags/example_xcom.py
[2025-09-21T04:55:18.506+0000] {processor.py:914} INFO - Processing file /home/airflow/.local/lib/python3.12/site-packages/airflow/example_dags/example_xcom.py for tasks to queue
[2025-09-21T04:55:18.508+0000] {logging_mixin.py:190} INFO - [2025-09-21T04:55:18.508+0000] {dagbag.py:588} INFO - Filling up the DagBag from /home/airflow/.local/lib/python3.12/site-packages/airflow/example_dags/example_xcom.py
[2025-09-21T04:55:18.520+0000] {processor.py:925} INFO - DAG(s) 'example_xcom' retrieved from /home/airflow/.local/lib/python3.12/site-packages/airflow/example_dags/example_xcom.py
[2025-09-21T04:55:18.542+0000] {logging_mixin.py:190} INFO - [2025-09-21T04:55:18.542+0000] {dag.py:3239} INFO - Sync 1 DAGs
[2025-09-21T04:55:18.567+0000] {logging_mixin.py:190} INFO - [2025-09-21T04:55:18.567+0000] {dag.py:4180} INFO - Setting next_dagrun for example_xcom to 2021-01-01 00:00:00+00:00, run_after=2021-01-01 00:00:00+00:00
[2025-09-21T04:55:18.598+0000] {processor.py:208} INFO - Processing /home/airflow/.local/lib/python3.12/site-packages/airflow/example_dags/example_xcom.py took 0.100 seconds
[2025-09-21T04:55:48.898+0000] {processor.py:186} INFO - Started process (PID=1055) to work on /home/airflow/.local/lib/python3.12/site-packages/airflow/example_dags/example_xcom.py
[2025-09-21T04:55:48.899+0000] {processor.py:914} INFO - Processing file /home/airflow/.local/lib/python3.12/site-packages/airflow/example_dags/example_xcom.py for tasks to queue
[2025-09-21T04:55:48.900+0000] {logging_mixin.py:190} INFO - [2025-09-21T04:55:48.900+0000] {dagbag.py:588} INFO - Filling up the DagBag from /home/airflow/.local/lib/python3.12/site-packages/airflow/example_dags/example_xcom.py
[2025-09-21T04:55:48.908+0000] {processor.py:925} INFO - DAG(s) 'example_xcom' retrieved from /home/airflow/.local/lib/python3.12/site-packages/airflow/example_dags/example_xcom.py
[2025-09-21T04:55:48.924+0000] {logging_mixin.py:190} INFO - [2025-09-21T04:55:48.923+0000] {dag.py:3239} INFO - Sync 1 DAGs
[2025-09-21T04:55:48.941+0000] {logging_mixin.py:190} INFO - [2025-09-21T04:55:48.941+0000] {dag.py:4180} INFO - Setting next_dagrun for example_xcom to 2021-01-01 00:00:00+00:00, run_after=2021-01-01 00:00:00+00:00
[2025-09-21T04:55:48.954+0000] {processor.py:208} INFO - Processing /home/airflow/.local/lib/python3.12/site-packages/airflow/example_dags/example_xcom.py took 0.061 seconds
[2025-09-21T04:56:19.488+0000] {processor.py:186} INFO - Started process (PID=1118) to work on /home/airflow/.local/lib/python3.12/site-packages/airflow/example_dags/example_xcom.py
[2025-09-21T04:56:19.488+0000] {processor.py:914} INFO - Processing file /home/airflow/.local/lib/python3.12/site-packages/airflow/example_dags/example_xcom.py for tasks to queue
[2025-09-21T04:56:19.490+0000] {logging_mixin.py:190} INFO - [2025-09-21T04:56:19.490+0000] {dagbag.py:588} INFO - Filling up the DagBag from /home/airflow/.local/lib/python3.12/site-packages/airflow/example_dags/example_xcom.py
[2025-09-21T04:56:19.497+0000] {processor.py:925} INFO - DAG(s) 'example_xcom' retrieved from /home/airflow/.local/lib/python3.12/site-packages/airflow/example_dags/example_xcom.py
[2025-09-21T04:56:19.518+0000] {logging_mixin.py:190} INFO - [2025-09-21T04:56:19.518+0000] {dag.py:3239} INFO - Sync 1 DAGs
[2025-09-21T04:56:19.537+0000] {logging_mixin.py:190} INFO - [2025-09-21T04:56:19.537+0000] {dag.py:4180} INFO - Setting next_dagrun for example_xcom to 2021-01-01 00:00:00+00:00, run_after=2021-01-01 00:00:00+00:00
[2025-09-21T04:56:19.551+0000] {processor.py:208} INFO - Processing /home/airflow/.local/lib/python3.12/site-packages/airflow/example_dags/example_xcom.py took 0.068 seconds
[2025-09-21T04:56:50.175+0000] {processor.py:186} INFO - Started process (PID=1180) to work on /home/airflow/.local/lib/python3.12/site-packages/airflow/example_dags/example_xcom.py
[2025-09-21T04:56:50.176+0000] {processor.py:914} INFO - Processing file /home/airflow/.local/lib/python3.12/site-packages/airflow/example_dags/example_xcom.py for tasks to queue
[2025-09-21T04:56:50.178+0000] {logging_mixin.py:190} INFO - [2025-09-21T04:56:50.178+0000] {dagbag.py:588} INFO - Filling up the DagBag from /home/airflow/.local/lib/python3.12/site-packages/airflow/example_dags/example_xcom.py
[2025-09-21T04:56:50.188+0000] {processor.py:925} INFO - DAG(s) 'example_xcom' retrieved from /home/airflow/.local/lib/python3.12/site-packages/airflow/example_dags/example_xcom.py
[2025-09-21T04:56:50.211+0000] {logging_mixin.py:190} INFO - [2025-09-21T04:56:50.211+0000] {dag.py:3239} INFO - Sync 1 DAGs
[2025-09-21T04:56:50.237+0000] {logging_mixin.py:190} INFO - [2025-09-21T04:56:50.237+0000] {dag.py:4180} INFO - Setting next_dagrun for example_xcom to 2021-01-01 00:00:00+00:00, run_after=2021-01-01 00:00:00+00:00
[2025-09-21T04:56:50.254+0000] {processor.py:208} INFO - Processing /home/airflow/.local/lib/python3.12/site-packages/airflow/example_dags/example_xcom.py took 0.085 seconds
[2025-09-21T04:57:20.579+0000] {processor.py:186} INFO - Started process (PID=1243) to work on /home/airflow/.local/lib/python3.12/site-packages/airflow/example_dags/example_xcom.py
[2025-09-21T04:57:20.579+0000] {processor.py:914} INFO - Processing file /home/airflow/.local/lib/python3.12/site-packages/airflow/example_dags/example_xcom.py for tasks to queue
[2025-09-21T04:57:20.582+0000] {logging_mixin.py:190} INFO - [2025-09-21T04:57:20.581+0000] {dagbag.py:588} INFO - Filling up the DagBag from /home/airflow/.local/lib/python3.12/site-packages/airflow/example_dags/example_xcom.py
[2025-09-21T04:57:20.589+0000] {processor.py:925} INFO - DAG(s) 'example_xcom' retrieved from /home/airflow/.local/lib/python3.12/site-packages/airflow/example_dags/example_xcom.py
[2025-09-21T04:57:20.606+0000] {logging_mixin.py:190} INFO - [2025-09-21T04:57:20.606+0000] {dag.py:3239} INFO - Sync 1 DAGs
[2025-09-21T04:57:20.623+0000] {logging_mixin.py:190} INFO - [2025-09-21T04:57:20.623+0000] {dag.py:4180} INFO - Setting next_dagrun for example_xcom to 2021-01-01 00:00:00+00:00, run_after=2021-01-01 00:00:00+00:00
[2025-09-21T04:57:20.637+0000] {processor.py:208} INFO - Processing /home/airflow/.local/lib/python3.12/site-packages/airflow/example_dags/example_xcom.py took 0.063 seconds
[2025-09-21T04:57:51.267+0000] {processor.py:186} INFO - Started process (PID=1306) to work on /home/airflow/.local/lib/python3.12/site-packages/airflow/example_dags/example_xcom.py
[2025-09-21T04:57:51.268+0000] {processor.py:914} INFO - Processing file /home/airflow/.local/lib/python3.12/site-packages/airflow/example_dags/example_xcom.py for tasks to queue
[2025-09-21T04:57:51.271+0000] {logging_mixin.py:190} INFO - [2025-09-21T04:57:51.271+0000] {dagbag.py:588} INFO - Filling up the DagBag from /home/airflow/.local/lib/python3.12/site-packages/airflow/example_dags/example_xcom.py
[2025-09-21T04:57:51.280+0000] {processor.py:925} INFO - DAG(s) 'example_xcom' retrieved from /home/airflow/.local/lib/python3.12/site-packages/airflow/example_dags/example_xcom.py
[2025-09-21T04:57:51.302+0000] {logging_mixin.py:190} INFO - [2025-09-21T04:57:51.302+0000] {dag.py:3239} INFO - Sync 1 DAGs
[2025-09-21T04:57:51.330+0000] {logging_mixin.py:190} INFO - [2025-09-21T04:57:51.330+0000] {dag.py:4180} INFO - Setting next_dagrun for example_xcom to 2021-01-01 00:00:00+00:00, run_after=2021-01-01 00:00:00+00:00
[2025-09-21T04:57:51.343+0000] {processor.py:208} INFO - Processing /home/airflow/.local/lib/python3.12/site-packages/airflow/example_dags/example_xcom.py took 0.083 seconds
