[2025-09-21T04:47:58.719+0000] {processor.py:186} INFO - Started process (PID=88) to work on /home/airflow/.local/lib/python3.12/site-packages/airflow/example_dags/example_display_name.py
[2025-09-21T04:47:58.730+0000] {processor.py:914} INFO - Processing file /home/airflow/.local/lib/python3.12/site-packages/airflow/example_dags/example_display_name.py for tasks to queue
[2025-09-21T04:47:58.752+0000] {logging_mixin.py:190} INFO - [2025-09-21T04:47:58.751+0000] {dagbag.py:588} INFO - Filling up the DagBag from /home/airflow/.local/lib/python3.12/site-packages/airflow/example_dags/example_display_name.py
[2025-09-21T04:47:58.795+0000] {processor.py:925} INFO - DAG(s) 'example_display_name' retrieved from /home/airflow/.local/lib/python3.12/site-packages/airflow/example_dags/example_display_name.py
[2025-09-21T04:47:59.226+0000] {logging_mixin.py:190} INFO - [2025-09-21T04:47:59.225+0000] {override.py:1911} INFO - Created Permission View: can delete on DAG:example_display_name
[2025-09-21T04:47:59.243+0000] {logging_mixin.py:190} INFO - [2025-09-21T04:47:59.243+0000] {override.py:1911} INFO - Created Permission View: can read on DAG:example_display_name
[2025-09-21T04:47:59.263+0000] {logging_mixin.py:190} INFO - [2025-09-21T04:47:59.262+0000] {override.py:1911} INFO - Created Permission View: can edit on DAG:example_display_name
[2025-09-21T04:47:59.274+0000] {logging_mixin.py:190} INFO - [2025-09-21T04:47:59.274+0000] {override.py:1911} INFO - Created Permission View: can read on DAG Run:example_display_name
[2025-09-21T04:47:59.286+0000] {logging_mixin.py:190} INFO - [2025-09-21T04:47:59.286+0000] {override.py:1911} INFO - Created Permission View: menu access on DAG Run:example_display_name
[2025-09-21T04:47:59.298+0000] {logging_mixin.py:190} INFO - [2025-09-21T04:47:59.298+0000] {override.py:1911} INFO - Created Permission View: can delete on DAG Run:example_display_name
[2025-09-21T04:47:59.312+0000] {logging_mixin.py:190} INFO - [2025-09-21T04:47:59.312+0000] {override.py:1911} INFO - Created Permission View: can create on DAG Run:example_display_name
[2025-09-21T04:47:59.318+0000] {logging_mixin.py:190} INFO - [2025-09-21T04:47:59.317+0000] {dag.py:3239} INFO - Sync 1 DAGs
[2025-09-21T04:47:59.367+0000] {logging_mixin.py:190} INFO - [2025-09-21T04:47:59.366+0000] {dag.py:3262} INFO - Creating ORM DAG for example_display_name
[2025-09-21T04:47:59.368+0000] {logging_mixin.py:190} INFO - [2025-09-21T04:47:59.368+0000] {dag.py:4180} INFO - Setting next_dagrun for example_display_name to None, run_after=None
[2025-09-21T04:47:59.504+0000] {processor.py:208} INFO - Processing /home/airflow/.local/lib/python3.12/site-packages/airflow/example_dags/example_display_name.py took 0.824 seconds
[2025-09-21T04:48:30.049+0000] {processor.py:186} INFO - Started process (PID=149) to work on /home/airflow/.local/lib/python3.12/site-packages/airflow/example_dags/example_display_name.py
[2025-09-21T04:48:30.050+0000] {processor.py:914} INFO - Processing file /home/airflow/.local/lib/python3.12/site-packages/airflow/example_dags/example_display_name.py for tasks to queue
[2025-09-21T04:48:30.052+0000] {logging_mixin.py:190} INFO - [2025-09-21T04:48:30.052+0000] {dagbag.py:588} INFO - Filling up the DagBag from /home/airflow/.local/lib/python3.12/site-packages/airflow/example_dags/example_display_name.py
[2025-09-21T04:48:30.058+0000] {processor.py:925} INFO - DAG(s) 'example_display_name' retrieved from /home/airflow/.local/lib/python3.12/site-packages/airflow/example_dags/example_display_name.py
[2025-09-21T04:48:30.073+0000] {logging_mixin.py:190} INFO - [2025-09-21T04:48:30.073+0000] {dag.py:3239} INFO - Sync 1 DAGs
[2025-09-21T04:48:30.087+0000] {logging_mixin.py:190} INFO - [2025-09-21T04:48:30.087+0000] {dag.py:4180} INFO - Setting next_dagrun for example_display_name to None, run_after=None
[2025-09-21T04:48:30.100+0000] {processor.py:208} INFO - Processing /home/airflow/.local/lib/python3.12/site-packages/airflow/example_dags/example_display_name.py took 0.055 seconds
[2025-09-21T04:49:00.372+0000] {processor.py:186} INFO - Started process (PID=212) to work on /home/airflow/.local/lib/python3.12/site-packages/airflow/example_dags/example_display_name.py
[2025-09-21T04:49:00.372+0000] {processor.py:914} INFO - Processing file /home/airflow/.local/lib/python3.12/site-packages/airflow/example_dags/example_display_name.py for tasks to queue
[2025-09-21T04:49:00.374+0000] {logging_mixin.py:190} INFO - [2025-09-21T04:49:00.374+0000] {dagbag.py:588} INFO - Filling up the DagBag from /home/airflow/.local/lib/python3.12/site-packages/airflow/example_dags/example_display_name.py
[2025-09-21T04:49:00.380+0000] {processor.py:925} INFO - DAG(s) 'example_display_name' retrieved from /home/airflow/.local/lib/python3.12/site-packages/airflow/example_dags/example_display_name.py
[2025-09-21T04:49:00.395+0000] {logging_mixin.py:190} INFO - [2025-09-21T04:49:00.394+0000] {dag.py:3239} INFO - Sync 1 DAGs
[2025-09-21T04:49:00.406+0000] {logging_mixin.py:190} INFO - [2025-09-21T04:49:00.406+0000] {dag.py:4180} INFO - Setting next_dagrun for example_display_name to None, run_after=None
[2025-09-21T04:49:00.419+0000] {processor.py:208} INFO - Processing /home/airflow/.local/lib/python3.12/site-packages/airflow/example_dags/example_display_name.py took 0.052 seconds
[2025-09-21T04:49:33.799+0000] {processor.py:186} INFO - Started process (PID=282) to work on /home/airflow/.local/lib/python3.12/site-packages/airflow/example_dags/example_display_name.py
[2025-09-21T04:49:33.806+0000] {processor.py:914} INFO - Processing file /home/airflow/.local/lib/python3.12/site-packages/airflow/example_dags/example_display_name.py for tasks to queue
[2025-09-21T04:49:33.809+0000] {logging_mixin.py:190} INFO - [2025-09-21T04:49:33.809+0000] {dagbag.py:588} INFO - Filling up the DagBag from /home/airflow/.local/lib/python3.12/site-packages/airflow/example_dags/example_display_name.py
[2025-09-21T04:49:33.832+0000] {processor.py:925} INFO - DAG(s) 'example_display_name' retrieved from /home/airflow/.local/lib/python3.12/site-packages/airflow/example_dags/example_display_name.py
[2025-09-21T04:49:33.877+0000] {logging_mixin.py:190} INFO - [2025-09-21T04:49:33.877+0000] {dag.py:3239} INFO - Sync 1 DAGs
[2025-09-21T04:49:33.913+0000] {logging_mixin.py:190} INFO - [2025-09-21T04:49:33.913+0000] {dag.py:4180} INFO - Setting next_dagrun for example_display_name to None, run_after=None
[2025-09-21T04:49:33.949+0000] {processor.py:208} INFO - Processing /home/airflow/.local/lib/python3.12/site-packages/airflow/example_dags/example_display_name.py took 0.170 seconds
[2025-09-21T04:50:04.728+0000] {processor.py:186} INFO - Started process (PID=344) to work on /home/airflow/.local/lib/python3.12/site-packages/airflow/example_dags/example_display_name.py
[2025-09-21T04:50:04.737+0000] {processor.py:914} INFO - Processing file /home/airflow/.local/lib/python3.12/site-packages/airflow/example_dags/example_display_name.py for tasks to queue
[2025-09-21T04:50:04.745+0000] {logging_mixin.py:190} INFO - [2025-09-21T04:50:04.743+0000] {dagbag.py:588} INFO - Filling up the DagBag from /home/airflow/.local/lib/python3.12/site-packages/airflow/example_dags/example_display_name.py
[2025-09-21T04:50:04.776+0000] {processor.py:925} INFO - DAG(s) 'example_display_name' retrieved from /home/airflow/.local/lib/python3.12/site-packages/airflow/example_dags/example_display_name.py
[2025-09-21T04:50:04.861+0000] {logging_mixin.py:190} INFO - [2025-09-21T04:50:04.861+0000] {dag.py:3239} INFO - Sync 1 DAGs
[2025-09-21T04:50:04.927+0000] {logging_mixin.py:190} INFO - [2025-09-21T04:50:04.926+0000] {dag.py:4180} INFO - Setting next_dagrun for example_display_name to None, run_after=None
[2025-09-21T04:50:05.002+0000] {processor.py:208} INFO - Processing /home/airflow/.local/lib/python3.12/site-packages/airflow/example_dags/example_display_name.py took 0.299 seconds
[2025-09-21T04:50:35.174+0000] {processor.py:186} INFO - Started process (PID=405) to work on /home/airflow/.local/lib/python3.12/site-packages/airflow/example_dags/example_display_name.py
[2025-09-21T04:50:35.175+0000] {processor.py:914} INFO - Processing file /home/airflow/.local/lib/python3.12/site-packages/airflow/example_dags/example_display_name.py for tasks to queue
[2025-09-21T04:50:35.177+0000] {logging_mixin.py:190} INFO - [2025-09-21T04:50:35.176+0000] {dagbag.py:588} INFO - Filling up the DagBag from /home/airflow/.local/lib/python3.12/site-packages/airflow/example_dags/example_display_name.py
[2025-09-21T04:50:35.183+0000] {processor.py:925} INFO - DAG(s) 'example_display_name' retrieved from /home/airflow/.local/lib/python3.12/site-packages/airflow/example_dags/example_display_name.py
[2025-09-21T04:50:35.198+0000] {logging_mixin.py:190} INFO - [2025-09-21T04:50:35.198+0000] {dag.py:3239} INFO - Sync 1 DAGs
[2025-09-21T04:50:35.212+0000] {logging_mixin.py:190} INFO - [2025-09-21T04:50:35.212+0000] {dag.py:4180} INFO - Setting next_dagrun for example_display_name to None, run_after=None
[2025-09-21T04:50:35.230+0000] {processor.py:208} INFO - Processing /home/airflow/.local/lib/python3.12/site-packages/airflow/example_dags/example_display_name.py took 0.060 seconds
[2025-09-21T04:51:06.064+0000] {processor.py:186} INFO - Started process (PID=468) to work on /home/airflow/.local/lib/python3.12/site-packages/airflow/example_dags/example_display_name.py
[2025-09-21T04:51:06.065+0000] {processor.py:914} INFO - Processing file /home/airflow/.local/lib/python3.12/site-packages/airflow/example_dags/example_display_name.py for tasks to queue
[2025-09-21T04:51:06.067+0000] {logging_mixin.py:190} INFO - [2025-09-21T04:51:06.066+0000] {dagbag.py:588} INFO - Filling up the DagBag from /home/airflow/.local/lib/python3.12/site-packages/airflow/example_dags/example_display_name.py
[2025-09-21T04:51:06.075+0000] {processor.py:925} INFO - DAG(s) 'example_display_name' retrieved from /home/airflow/.local/lib/python3.12/site-packages/airflow/example_dags/example_display_name.py
[2025-09-21T04:51:06.100+0000] {logging_mixin.py:190} INFO - [2025-09-21T04:51:06.100+0000] {dag.py:3239} INFO - Sync 1 DAGs
[2025-09-21T04:51:06.115+0000] {logging_mixin.py:190} INFO - [2025-09-21T04:51:06.115+0000] {dag.py:4180} INFO - Setting next_dagrun for example_display_name to None, run_after=None
[2025-09-21T04:51:06.133+0000] {processor.py:208} INFO - Processing /home/airflow/.local/lib/python3.12/site-packages/airflow/example_dags/example_display_name.py took 0.075 seconds
[2025-09-21T04:51:36.172+0000] {processor.py:186} INFO - Started process (PID=531) to work on /home/airflow/.local/lib/python3.12/site-packages/airflow/example_dags/example_display_name.py
[2025-09-21T04:51:36.172+0000] {processor.py:914} INFO - Processing file /home/airflow/.local/lib/python3.12/site-packages/airflow/example_dags/example_display_name.py for tasks to queue
[2025-09-21T04:51:36.174+0000] {logging_mixin.py:190} INFO - [2025-09-21T04:51:36.174+0000] {dagbag.py:588} INFO - Filling up the DagBag from /home/airflow/.local/lib/python3.12/site-packages/airflow/example_dags/example_display_name.py
[2025-09-21T04:51:36.182+0000] {processor.py:925} INFO - DAG(s) 'example_display_name' retrieved from /home/airflow/.local/lib/python3.12/site-packages/airflow/example_dags/example_display_name.py
[2025-09-21T04:51:36.200+0000] {logging_mixin.py:190} INFO - [2025-09-21T04:51:36.200+0000] {dag.py:3239} INFO - Sync 1 DAGs
[2025-09-21T04:51:36.219+0000] {logging_mixin.py:190} INFO - [2025-09-21T04:51:36.219+0000] {dag.py:4180} INFO - Setting next_dagrun for example_display_name to None, run_after=None
[2025-09-21T04:51:36.237+0000] {processor.py:208} INFO - Processing /home/airflow/.local/lib/python3.12/site-packages/airflow/example_dags/example_display_name.py took 0.071 seconds
[2025-09-21T04:52:06.343+0000] {processor.py:186} INFO - Started process (PID=593) to work on /home/airflow/.local/lib/python3.12/site-packages/airflow/example_dags/example_display_name.py
[2025-09-21T04:52:06.348+0000] {processor.py:914} INFO - Processing file /home/airflow/.local/lib/python3.12/site-packages/airflow/example_dags/example_display_name.py for tasks to queue
[2025-09-21T04:52:06.358+0000] {logging_mixin.py:190} INFO - [2025-09-21T04:52:06.357+0000] {dagbag.py:588} INFO - Filling up the DagBag from /home/airflow/.local/lib/python3.12/site-packages/airflow/example_dags/example_display_name.py
[2025-09-21T04:52:06.393+0000] {processor.py:925} INFO - DAG(s) 'example_display_name' retrieved from /home/airflow/.local/lib/python3.12/site-packages/airflow/example_dags/example_display_name.py
[2025-09-21T04:52:06.428+0000] {logging_mixin.py:190} INFO - [2025-09-21T04:52:06.428+0000] {dag.py:3239} INFO - Sync 1 DAGs
[2025-09-21T04:52:06.445+0000] {logging_mixin.py:190} INFO - [2025-09-21T04:52:06.445+0000] {dag.py:4180} INFO - Setting next_dagrun for example_display_name to None, run_after=None
[2025-09-21T04:52:06.464+0000] {processor.py:208} INFO - Processing /home/airflow/.local/lib/python3.12/site-packages/airflow/example_dags/example_display_name.py took 0.133 seconds
[2025-09-21T04:52:36.858+0000] {processor.py:186} INFO - Started process (PID=651) to work on /home/airflow/.local/lib/python3.12/site-packages/airflow/example_dags/example_display_name.py
[2025-09-21T04:52:36.859+0000] {processor.py:914} INFO - Processing file /home/airflow/.local/lib/python3.12/site-packages/airflow/example_dags/example_display_name.py for tasks to queue
[2025-09-21T04:52:36.862+0000] {logging_mixin.py:190} INFO - [2025-09-21T04:52:36.862+0000] {dagbag.py:588} INFO - Filling up the DagBag from /home/airflow/.local/lib/python3.12/site-packages/airflow/example_dags/example_display_name.py
[2025-09-21T04:52:36.870+0000] {processor.py:925} INFO - DAG(s) 'example_display_name' retrieved from /home/airflow/.local/lib/python3.12/site-packages/airflow/example_dags/example_display_name.py
[2025-09-21T04:52:36.889+0000] {logging_mixin.py:190} INFO - [2025-09-21T04:52:36.889+0000] {dag.py:3239} INFO - Sync 1 DAGs
[2025-09-21T04:52:36.909+0000] {logging_mixin.py:190} INFO - [2025-09-21T04:52:36.909+0000] {dag.py:4180} INFO - Setting next_dagrun for example_display_name to None, run_after=None
[2025-09-21T04:52:36.927+0000] {processor.py:208} INFO - Processing /home/airflow/.local/lib/python3.12/site-packages/airflow/example_dags/example_display_name.py took 0.074 seconds
[2025-09-21T04:53:07.594+0000] {processor.py:186} INFO - Started process (PID=714) to work on /home/airflow/.local/lib/python3.12/site-packages/airflow/example_dags/example_display_name.py
[2025-09-21T04:53:07.595+0000] {processor.py:914} INFO - Processing file /home/airflow/.local/lib/python3.12/site-packages/airflow/example_dags/example_display_name.py for tasks to queue
[2025-09-21T04:53:07.598+0000] {logging_mixin.py:190} INFO - [2025-09-21T04:53:07.598+0000] {dagbag.py:588} INFO - Filling up the DagBag from /home/airflow/.local/lib/python3.12/site-packages/airflow/example_dags/example_display_name.py
[2025-09-21T04:53:07.605+0000] {processor.py:925} INFO - DAG(s) 'example_display_name' retrieved from /home/airflow/.local/lib/python3.12/site-packages/airflow/example_dags/example_display_name.py
[2025-09-21T04:53:07.630+0000] {logging_mixin.py:190} INFO - [2025-09-21T04:53:07.630+0000] {dag.py:3239} INFO - Sync 1 DAGs
[2025-09-21T04:53:07.647+0000] {logging_mixin.py:190} INFO - [2025-09-21T04:53:07.647+0000] {dag.py:4180} INFO - Setting next_dagrun for example_display_name to None, run_after=None
[2025-09-21T04:53:07.664+0000] {processor.py:208} INFO - Processing /home/airflow/.local/lib/python3.12/site-packages/airflow/example_dags/example_display_name.py took 0.080 seconds
[2025-09-21T04:53:38.408+0000] {processor.py:186} INFO - Started process (PID=777) to work on /home/airflow/.local/lib/python3.12/site-packages/airflow/example_dags/example_display_name.py
[2025-09-21T04:53:38.415+0000] {processor.py:914} INFO - Processing file /home/airflow/.local/lib/python3.12/site-packages/airflow/example_dags/example_display_name.py for tasks to queue
[2025-09-21T04:53:38.421+0000] {logging_mixin.py:190} INFO - [2025-09-21T04:53:38.421+0000] {dagbag.py:588} INFO - Filling up the DagBag from /home/airflow/.local/lib/python3.12/site-packages/airflow/example_dags/example_display_name.py
[2025-09-21T04:53:38.447+0000] {processor.py:925} INFO - DAG(s) 'example_display_name' retrieved from /home/airflow/.local/lib/python3.12/site-packages/airflow/example_dags/example_display_name.py
[2025-09-21T04:53:38.493+0000] {logging_mixin.py:190} INFO - [2025-09-21T04:53:38.493+0000] {dag.py:3239} INFO - Sync 1 DAGs
[2025-09-21T04:53:38.527+0000] {logging_mixin.py:190} INFO - [2025-09-21T04:53:38.527+0000] {dag.py:4180} INFO - Setting next_dagrun for example_display_name to None, run_after=None
[2025-09-21T04:53:38.565+0000] {processor.py:208} INFO - Processing /home/airflow/.local/lib/python3.12/site-packages/airflow/example_dags/example_display_name.py took 0.179 seconds
[2025-09-21T04:54:09.422+0000] {processor.py:186} INFO - Started process (PID=840) to work on /home/airflow/.local/lib/python3.12/site-packages/airflow/example_dags/example_display_name.py
[2025-09-21T04:54:09.423+0000] {processor.py:914} INFO - Processing file /home/airflow/.local/lib/python3.12/site-packages/airflow/example_dags/example_display_name.py for tasks to queue
[2025-09-21T04:54:09.428+0000] {logging_mixin.py:190} INFO - [2025-09-21T04:54:09.428+0000] {dagbag.py:588} INFO - Filling up the DagBag from /home/airflow/.local/lib/python3.12/site-packages/airflow/example_dags/example_display_name.py
[2025-09-21T04:54:09.441+0000] {processor.py:925} INFO - DAG(s) 'example_display_name' retrieved from /home/airflow/.local/lib/python3.12/site-packages/airflow/example_dags/example_display_name.py
[2025-09-21T04:54:09.463+0000] {logging_mixin.py:190} INFO - [2025-09-21T04:54:09.463+0000] {dag.py:3239} INFO - Sync 1 DAGs
[2025-09-21T04:54:09.481+0000] {logging_mixin.py:190} INFO - [2025-09-21T04:54:09.481+0000] {dag.py:4180} INFO - Setting next_dagrun for example_display_name to None, run_after=None
[2025-09-21T04:54:09.500+0000] {processor.py:208} INFO - Processing /home/airflow/.local/lib/python3.12/site-packages/airflow/example_dags/example_display_name.py took 0.084 seconds
[2025-09-21T04:54:39.590+0000] {processor.py:186} INFO - Started process (PID=902) to work on /home/airflow/.local/lib/python3.12/site-packages/airflow/example_dags/example_display_name.py
[2025-09-21T04:54:39.591+0000] {processor.py:914} INFO - Processing file /home/airflow/.local/lib/python3.12/site-packages/airflow/example_dags/example_display_name.py for tasks to queue
[2025-09-21T04:54:39.593+0000] {logging_mixin.py:190} INFO - [2025-09-21T04:54:39.593+0000] {dagbag.py:588} INFO - Filling up the DagBag from /home/airflow/.local/lib/python3.12/site-packages/airflow/example_dags/example_display_name.py
[2025-09-21T04:54:39.599+0000] {processor.py:925} INFO - DAG(s) 'example_display_name' retrieved from /home/airflow/.local/lib/python3.12/site-packages/airflow/example_dags/example_display_name.py
[2025-09-21T04:54:39.614+0000] {logging_mixin.py:190} INFO - [2025-09-21T04:54:39.614+0000] {dag.py:3239} INFO - Sync 1 DAGs
[2025-09-21T04:54:39.626+0000] {logging_mixin.py:190} INFO - [2025-09-21T04:54:39.625+0000] {dag.py:4180} INFO - Setting next_dagrun for example_display_name to None, run_after=None
[2025-09-21T04:54:39.640+0000] {processor.py:208} INFO - Processing /home/airflow/.local/lib/python3.12/site-packages/airflow/example_dags/example_display_name.py took 0.054 seconds
[2025-09-21T04:55:10.364+0000] {processor.py:186} INFO - Started process (PID=965) to work on /home/airflow/.local/lib/python3.12/site-packages/airflow/example_dags/example_display_name.py
[2025-09-21T04:55:10.365+0000] {processor.py:914} INFO - Processing file /home/airflow/.local/lib/python3.12/site-packages/airflow/example_dags/example_display_name.py for tasks to queue
[2025-09-21T04:55:10.367+0000] {logging_mixin.py:190} INFO - [2025-09-21T04:55:10.366+0000] {dagbag.py:588} INFO - Filling up the DagBag from /home/airflow/.local/lib/python3.12/site-packages/airflow/example_dags/example_display_name.py
[2025-09-21T04:55:10.372+0000] {processor.py:925} INFO - DAG(s) 'example_display_name' retrieved from /home/airflow/.local/lib/python3.12/site-packages/airflow/example_dags/example_display_name.py
[2025-09-21T04:55:10.387+0000] {logging_mixin.py:190} INFO - [2025-09-21T04:55:10.387+0000] {dag.py:3239} INFO - Sync 1 DAGs
[2025-09-21T04:55:10.399+0000] {logging_mixin.py:190} INFO - [2025-09-21T04:55:10.399+0000] {dag.py:4180} INFO - Setting next_dagrun for example_display_name to None, run_after=None
[2025-09-21T04:55:10.413+0000] {processor.py:208} INFO - Processing /home/airflow/.local/lib/python3.12/site-packages/airflow/example_dags/example_display_name.py took 0.053 seconds
[2025-09-21T04:55:40.641+0000] {processor.py:186} INFO - Started process (PID=1028) to work on /home/airflow/.local/lib/python3.12/site-packages/airflow/example_dags/example_display_name.py
[2025-09-21T04:55:40.642+0000] {processor.py:914} INFO - Processing file /home/airflow/.local/lib/python3.12/site-packages/airflow/example_dags/example_display_name.py for tasks to queue
[2025-09-21T04:55:40.644+0000] {logging_mixin.py:190} INFO - [2025-09-21T04:55:40.643+0000] {dagbag.py:588} INFO - Filling up the DagBag from /home/airflow/.local/lib/python3.12/site-packages/airflow/example_dags/example_display_name.py
[2025-09-21T04:55:40.650+0000] {processor.py:925} INFO - DAG(s) 'example_display_name' retrieved from /home/airflow/.local/lib/python3.12/site-packages/airflow/example_dags/example_display_name.py
[2025-09-21T04:55:40.664+0000] {logging_mixin.py:190} INFO - [2025-09-21T04:55:40.664+0000] {dag.py:3239} INFO - Sync 1 DAGs
[2025-09-21T04:55:40.675+0000] {logging_mixin.py:190} INFO - [2025-09-21T04:55:40.675+0000] {dag.py:4180} INFO - Setting next_dagrun for example_display_name to None, run_after=None
[2025-09-21T04:55:40.690+0000] {processor.py:208} INFO - Processing /home/airflow/.local/lib/python3.12/site-packages/airflow/example_dags/example_display_name.py took 0.053 seconds
[2025-09-21T04:56:11.336+0000] {processor.py:186} INFO - Started process (PID=1091) to work on /home/airflow/.local/lib/python3.12/site-packages/airflow/example_dags/example_display_name.py
[2025-09-21T04:56:11.337+0000] {processor.py:914} INFO - Processing file /home/airflow/.local/lib/python3.12/site-packages/airflow/example_dags/example_display_name.py for tasks to queue
[2025-09-21T04:56:11.339+0000] {logging_mixin.py:190} INFO - [2025-09-21T04:56:11.339+0000] {dagbag.py:588} INFO - Filling up the DagBag from /home/airflow/.local/lib/python3.12/site-packages/airflow/example_dags/example_display_name.py
[2025-09-21T04:56:11.345+0000] {processor.py:925} INFO - DAG(s) 'example_display_name' retrieved from /home/airflow/.local/lib/python3.12/site-packages/airflow/example_dags/example_display_name.py
[2025-09-21T04:56:11.364+0000] {logging_mixin.py:190} INFO - [2025-09-21T04:56:11.364+0000] {dag.py:3239} INFO - Sync 1 DAGs
[2025-09-21T04:56:11.377+0000] {logging_mixin.py:190} INFO - [2025-09-21T04:56:11.377+0000] {dag.py:4180} INFO - Setting next_dagrun for example_display_name to None, run_after=None
[2025-09-21T04:56:11.393+0000] {processor.py:208} INFO - Processing /home/airflow/.local/lib/python3.12/site-packages/airflow/example_dags/example_display_name.py took 0.061 seconds
[2025-09-21T04:56:41.735+0000] {processor.py:186} INFO - Started process (PID=1154) to work on /home/airflow/.local/lib/python3.12/site-packages/airflow/example_dags/example_display_name.py
[2025-09-21T04:56:41.735+0000] {processor.py:914} INFO - Processing file /home/airflow/.local/lib/python3.12/site-packages/airflow/example_dags/example_display_name.py for tasks to queue
[2025-09-21T04:56:41.737+0000] {logging_mixin.py:190} INFO - [2025-09-21T04:56:41.737+0000] {dagbag.py:588} INFO - Filling up the DagBag from /home/airflow/.local/lib/python3.12/site-packages/airflow/example_dags/example_display_name.py
[2025-09-21T04:56:41.743+0000] {processor.py:925} INFO - DAG(s) 'example_display_name' retrieved from /home/airflow/.local/lib/python3.12/site-packages/airflow/example_dags/example_display_name.py
[2025-09-21T04:56:41.758+0000] {logging_mixin.py:190} INFO - [2025-09-21T04:56:41.758+0000] {dag.py:3239} INFO - Sync 1 DAGs
[2025-09-21T04:56:41.769+0000] {logging_mixin.py:190} INFO - [2025-09-21T04:56:41.769+0000] {dag.py:4180} INFO - Setting next_dagrun for example_display_name to None, run_after=None
[2025-09-21T04:56:41.782+0000] {processor.py:208} INFO - Processing /home/airflow/.local/lib/python3.12/site-packages/airflow/example_dags/example_display_name.py took 0.053 seconds
[2025-09-21T04:57:12.096+0000] {processor.py:186} INFO - Started process (PID=1217) to work on /home/airflow/.local/lib/python3.12/site-packages/airflow/example_dags/example_display_name.py
[2025-09-21T04:57:12.097+0000] {processor.py:914} INFO - Processing file /home/airflow/.local/lib/python3.12/site-packages/airflow/example_dags/example_display_name.py for tasks to queue
[2025-09-21T04:57:12.099+0000] {logging_mixin.py:190} INFO - [2025-09-21T04:57:12.098+0000] {dagbag.py:588} INFO - Filling up the DagBag from /home/airflow/.local/lib/python3.12/site-packages/airflow/example_dags/example_display_name.py
[2025-09-21T04:57:12.104+0000] {processor.py:925} INFO - DAG(s) 'example_display_name' retrieved from /home/airflow/.local/lib/python3.12/site-packages/airflow/example_dags/example_display_name.py
[2025-09-21T04:57:12.122+0000] {logging_mixin.py:190} INFO - [2025-09-21T04:57:12.122+0000] {dag.py:3239} INFO - Sync 1 DAGs
[2025-09-21T04:57:12.134+0000] {logging_mixin.py:190} INFO - [2025-09-21T04:57:12.134+0000] {dag.py:4180} INFO - Setting next_dagrun for example_display_name to None, run_after=None
[2025-09-21T04:57:12.147+0000] {processor.py:208} INFO - Processing /home/airflow/.local/lib/python3.12/site-packages/airflow/example_dags/example_display_name.py took 0.056 seconds
[2025-09-21T04:57:42.696+0000] {processor.py:186} INFO - Started process (PID=1279) to work on /home/airflow/.local/lib/python3.12/site-packages/airflow/example_dags/example_display_name.py
[2025-09-21T04:57:42.696+0000] {processor.py:914} INFO - Processing file /home/airflow/.local/lib/python3.12/site-packages/airflow/example_dags/example_display_name.py for tasks to queue
[2025-09-21T04:57:42.698+0000] {logging_mixin.py:190} INFO - [2025-09-21T04:57:42.697+0000] {dagbag.py:588} INFO - Filling up the DagBag from /home/airflow/.local/lib/python3.12/site-packages/airflow/example_dags/example_display_name.py
[2025-09-21T04:57:42.704+0000] {processor.py:925} INFO - DAG(s) 'example_display_name' retrieved from /home/airflow/.local/lib/python3.12/site-packages/airflow/example_dags/example_display_name.py
[2025-09-21T04:57:42.718+0000] {logging_mixin.py:190} INFO - [2025-09-21T04:57:42.718+0000] {dag.py:3239} INFO - Sync 1 DAGs
[2025-09-21T04:57:42.729+0000] {logging_mixin.py:190} INFO - [2025-09-21T04:57:42.729+0000] {dag.py:4180} INFO - Setting next_dagrun for example_display_name to None, run_after=None
[2025-09-21T04:57:42.747+0000] {processor.py:208} INFO - Processing /home/airflow/.local/lib/python3.12/site-packages/airflow/example_dags/example_display_name.py took 0.056 seconds
