[2025-09-21T04:48:01.472+0000] {processor.py:186} INFO - Started process (PID=98) to work on /home/airflow/.local/lib/python3.12/site-packages/airflow/example_dags/example_latest_only_with_trigger.py
[2025-09-21T04:48:01.495+0000] {processor.py:914} INFO - Processing file /home/airflow/.local/lib/python3.12/site-packages/airflow/example_dags/example_latest_only_with_trigger.py for tasks to queue
[2025-09-21T04:48:01.504+0000] {logging_mixin.py:190} INFO - [2025-09-21T04:48:01.499+0000] {dagbag.py:588} INFO - Filling up the DagBag from /home/airflow/.local/lib/python3.12/site-packages/airflow/example_dags/example_latest_only_with_trigger.py
[2025-09-21T04:48:01.539+0000] {processor.py:925} INFO - DAG(s) 'latest_only_with_trigger' retrieved from /home/airflow/.local/lib/python3.12/site-packages/airflow/example_dags/example_latest_only_with_trigger.py
[2025-09-21T04:48:02.104+0000] {logging_mixin.py:190} INFO - [2025-09-21T04:48:02.103+0000] {override.py:1911} INFO - Created Permission View: can delete on DAG:latest_only_with_trigger
[2025-09-21T04:48:02.146+0000] {logging_mixin.py:190} INFO - [2025-09-21T04:48:02.145+0000] {override.py:1911} INFO - Created Permission View: can read on DAG:latest_only_with_trigger
[2025-09-21T04:48:02.171+0000] {logging_mixin.py:190} INFO - [2025-09-21T04:48:02.170+0000] {override.py:1911} INFO - Created Permission View: can edit on DAG:latest_only_with_trigger
[2025-09-21T04:48:02.195+0000] {logging_mixin.py:190} INFO - [2025-09-21T04:48:02.194+0000] {override.py:1911} INFO - Created Permission View: can read on DAG Run:latest_only_with_trigger
[2025-09-21T04:48:02.216+0000] {logging_mixin.py:190} INFO - [2025-09-21T04:48:02.216+0000] {override.py:1911} INFO - Created Permission View: menu access on DAG Run:latest_only_with_trigger
[2025-09-21T04:48:02.233+0000] {logging_mixin.py:190} INFO - [2025-09-21T04:48:02.233+0000] {override.py:1911} INFO - Created Permission View: can delete on DAG Run:latest_only_with_trigger
[2025-09-21T04:48:02.248+0000] {logging_mixin.py:190} INFO - [2025-09-21T04:48:02.248+0000] {override.py:1911} INFO - Created Permission View: can create on DAG Run:latest_only_with_trigger
[2025-09-21T04:48:02.248+0000] {logging_mixin.py:190} INFO - [2025-09-21T04:48:02.248+0000] {dag.py:3239} INFO - Sync 1 DAGs
[2025-09-21T04:48:02.289+0000] {logging_mixin.py:190} INFO - [2025-09-21T04:48:02.288+0000] {dag.py:3262} INFO - Creating ORM DAG for latest_only_with_trigger
[2025-09-21T04:48:02.318+0000] {logging_mixin.py:190} INFO - [2025-09-21T04:48:02.318+0000] {dag.py:4180} INFO - Setting next_dagrun for latest_only_with_trigger to 2025-09-21 00:00:00+00:00, run_after=2025-09-21 04:00:00+00:00
[2025-09-21T04:48:02.380+0000] {processor.py:208} INFO - Processing /home/airflow/.local/lib/python3.12/site-packages/airflow/example_dags/example_latest_only_with_trigger.py took 0.953 seconds
[2025-09-21T04:48:32.524+0000] {processor.py:186} INFO - Started process (PID=161) to work on /home/airflow/.local/lib/python3.12/site-packages/airflow/example_dags/example_latest_only_with_trigger.py
[2025-09-21T04:48:32.525+0000] {processor.py:914} INFO - Processing file /home/airflow/.local/lib/python3.12/site-packages/airflow/example_dags/example_latest_only_with_trigger.py for tasks to queue
[2025-09-21T04:48:32.528+0000] {logging_mixin.py:190} INFO - [2025-09-21T04:48:32.527+0000] {dagbag.py:588} INFO - Filling up the DagBag from /home/airflow/.local/lib/python3.12/site-packages/airflow/example_dags/example_latest_only_with_trigger.py
[2025-09-21T04:48:32.536+0000] {processor.py:925} INFO - DAG(s) 'latest_only_with_trigger' retrieved from /home/airflow/.local/lib/python3.12/site-packages/airflow/example_dags/example_latest_only_with_trigger.py
[2025-09-21T04:48:32.558+0000] {logging_mixin.py:190} INFO - [2025-09-21T04:48:32.558+0000] {dag.py:3239} INFO - Sync 1 DAGs
[2025-09-21T04:48:32.585+0000] {logging_mixin.py:190} INFO - [2025-09-21T04:48:32.584+0000] {dag.py:4180} INFO - Setting next_dagrun for latest_only_with_trigger to 2025-09-21 00:00:00+00:00, run_after=2025-09-21 04:00:00+00:00
[2025-09-21T04:48:32.600+0000] {processor.py:208} INFO - Processing /home/airflow/.local/lib/python3.12/site-packages/airflow/example_dags/example_latest_only_with_trigger.py took 0.082 seconds
[2025-09-21T04:49:02.839+0000] {processor.py:186} INFO - Started process (PID=224) to work on /home/airflow/.local/lib/python3.12/site-packages/airflow/example_dags/example_latest_only_with_trigger.py
[2025-09-21T04:49:02.840+0000] {processor.py:914} INFO - Processing file /home/airflow/.local/lib/python3.12/site-packages/airflow/example_dags/example_latest_only_with_trigger.py for tasks to queue
[2025-09-21T04:49:02.842+0000] {logging_mixin.py:190} INFO - [2025-09-21T04:49:02.842+0000] {dagbag.py:588} INFO - Filling up the DagBag from /home/airflow/.local/lib/python3.12/site-packages/airflow/example_dags/example_latest_only_with_trigger.py
[2025-09-21T04:49:02.854+0000] {processor.py:925} INFO - DAG(s) 'latest_only_with_trigger' retrieved from /home/airflow/.local/lib/python3.12/site-packages/airflow/example_dags/example_latest_only_with_trigger.py
[2025-09-21T04:49:02.876+0000] {logging_mixin.py:190} INFO - [2025-09-21T04:49:02.876+0000] {dag.py:3239} INFO - Sync 1 DAGs
[2025-09-21T04:49:02.903+0000] {logging_mixin.py:190} INFO - [2025-09-21T04:49:02.903+0000] {dag.py:4180} INFO - Setting next_dagrun for latest_only_with_trigger to 2025-09-21 00:00:00+00:00, run_after=2025-09-21 04:00:00+00:00
[2025-09-21T04:49:02.926+0000] {processor.py:208} INFO - Processing /home/airflow/.local/lib/python3.12/site-packages/airflow/example_dags/example_latest_only_with_trigger.py took 0.093 seconds
[2025-09-21T04:49:34.775+0000] {processor.py:186} INFO - Started process (PID=287) to work on /home/airflow/.local/lib/python3.12/site-packages/airflow/example_dags/example_latest_only_with_trigger.py
[2025-09-21T04:49:34.778+0000] {processor.py:914} INFO - Processing file /home/airflow/.local/lib/python3.12/site-packages/airflow/example_dags/example_latest_only_with_trigger.py for tasks to queue
[2025-09-21T04:49:34.783+0000] {logging_mixin.py:190} INFO - [2025-09-21T04:49:34.782+0000] {dagbag.py:588} INFO - Filling up the DagBag from /home/airflow/.local/lib/python3.12/site-packages/airflow/example_dags/example_latest_only_with_trigger.py
[2025-09-21T04:49:34.796+0000] {processor.py:925} INFO - DAG(s) 'latest_only_with_trigger' retrieved from /home/airflow/.local/lib/python3.12/site-packages/airflow/example_dags/example_latest_only_with_trigger.py
[2025-09-21T04:49:34.818+0000] {logging_mixin.py:190} INFO - [2025-09-21T04:49:34.818+0000] {dag.py:3239} INFO - Sync 1 DAGs
[2025-09-21T04:49:34.842+0000] {logging_mixin.py:190} INFO - [2025-09-21T04:49:34.842+0000] {dag.py:4180} INFO - Setting next_dagrun for latest_only_with_trigger to 2025-09-21 00:00:00+00:00, run_after=2025-09-21 04:00:00+00:00
[2025-09-21T04:49:34.858+0000] {processor.py:208} INFO - Processing /home/airflow/.local/lib/python3.12/site-packages/airflow/example_dags/example_latest_only_with_trigger.py took 0.097 seconds
[2025-09-21T04:50:06.291+0000] {processor.py:186} INFO - Started process (PID=350) to work on /home/airflow/.local/lib/python3.12/site-packages/airflow/example_dags/example_latest_only_with_trigger.py
[2025-09-21T04:50:06.294+0000] {processor.py:914} INFO - Processing file /home/airflow/.local/lib/python3.12/site-packages/airflow/example_dags/example_latest_only_with_trigger.py for tasks to queue
[2025-09-21T04:50:06.298+0000] {logging_mixin.py:190} INFO - [2025-09-21T04:50:06.297+0000] {dagbag.py:588} INFO - Filling up the DagBag from /home/airflow/.local/lib/python3.12/site-packages/airflow/example_dags/example_latest_only_with_trigger.py
[2025-09-21T04:50:06.320+0000] {processor.py:925} INFO - DAG(s) 'latest_only_with_trigger' retrieved from /home/airflow/.local/lib/python3.12/site-packages/airflow/example_dags/example_latest_only_with_trigger.py
[2025-09-21T04:50:06.424+0000] {logging_mixin.py:190} INFO - [2025-09-21T04:50:06.424+0000] {dag.py:3239} INFO - Sync 1 DAGs
[2025-09-21T04:50:06.570+0000] {logging_mixin.py:190} INFO - [2025-09-21T04:50:06.570+0000] {dag.py:4180} INFO - Setting next_dagrun for latest_only_with_trigger to 2025-09-21 00:00:00+00:00, run_after=2025-09-21 04:00:00+00:00
[2025-09-21T04:50:06.656+0000] {processor.py:208} INFO - Processing /home/airflow/.local/lib/python3.12/site-packages/airflow/example_dags/example_latest_only_with_trigger.py took 0.384 seconds
[2025-09-21T04:50:37.494+0000] {processor.py:186} INFO - Started process (PID=411) to work on /home/airflow/.local/lib/python3.12/site-packages/airflow/example_dags/example_latest_only_with_trigger.py
[2025-09-21T04:50:37.495+0000] {processor.py:914} INFO - Processing file /home/airflow/.local/lib/python3.12/site-packages/airflow/example_dags/example_latest_only_with_trigger.py for tasks to queue
[2025-09-21T04:50:37.497+0000] {logging_mixin.py:190} INFO - [2025-09-21T04:50:37.497+0000] {dagbag.py:588} INFO - Filling up the DagBag from /home/airflow/.local/lib/python3.12/site-packages/airflow/example_dags/example_latest_only_with_trigger.py
[2025-09-21T04:50:37.504+0000] {processor.py:925} INFO - DAG(s) 'latest_only_with_trigger' retrieved from /home/airflow/.local/lib/python3.12/site-packages/airflow/example_dags/example_latest_only_with_trigger.py
[2025-09-21T04:50:37.528+0000] {logging_mixin.py:190} INFO - [2025-09-21T04:50:37.527+0000] {dag.py:3239} INFO - Sync 1 DAGs
[2025-09-21T04:50:37.555+0000] {logging_mixin.py:190} INFO - [2025-09-21T04:50:37.555+0000] {dag.py:4180} INFO - Setting next_dagrun for latest_only_with_trigger to 2025-09-21 00:00:00+00:00, run_after=2025-09-21 04:00:00+00:00
[2025-09-21T04:50:37.573+0000] {processor.py:208} INFO - Processing /home/airflow/.local/lib/python3.12/site-packages/airflow/example_dags/example_latest_only_with_trigger.py took 0.084 seconds
[2025-09-21T04:51:08.398+0000] {processor.py:186} INFO - Started process (PID=473) to work on /home/airflow/.local/lib/python3.12/site-packages/airflow/example_dags/example_latest_only_with_trigger.py
[2025-09-21T04:51:08.399+0000] {processor.py:914} INFO - Processing file /home/airflow/.local/lib/python3.12/site-packages/airflow/example_dags/example_latest_only_with_trigger.py for tasks to queue
[2025-09-21T04:51:08.401+0000] {logging_mixin.py:190} INFO - [2025-09-21T04:51:08.401+0000] {dagbag.py:588} INFO - Filling up the DagBag from /home/airflow/.local/lib/python3.12/site-packages/airflow/example_dags/example_latest_only_with_trigger.py
[2025-09-21T04:51:08.409+0000] {processor.py:925} INFO - DAG(s) 'latest_only_with_trigger' retrieved from /home/airflow/.local/lib/python3.12/site-packages/airflow/example_dags/example_latest_only_with_trigger.py
[2025-09-21T04:51:08.432+0000] {logging_mixin.py:190} INFO - [2025-09-21T04:51:08.431+0000] {dag.py:3239} INFO - Sync 1 DAGs
[2025-09-21T04:51:08.459+0000] {logging_mixin.py:190} INFO - [2025-09-21T04:51:08.459+0000] {dag.py:4180} INFO - Setting next_dagrun for latest_only_with_trigger to 2025-09-21 00:00:00+00:00, run_after=2025-09-21 04:00:00+00:00
[2025-09-21T04:51:08.478+0000] {processor.py:208} INFO - Processing /home/airflow/.local/lib/python3.12/site-packages/airflow/example_dags/example_latest_only_with_trigger.py took 0.085 seconds
[2025-09-21T04:51:38.624+0000] {processor.py:186} INFO - Started process (PID=537) to work on /home/airflow/.local/lib/python3.12/site-packages/airflow/example_dags/example_latest_only_with_trigger.py
[2025-09-21T04:51:38.625+0000] {processor.py:914} INFO - Processing file /home/airflow/.local/lib/python3.12/site-packages/airflow/example_dags/example_latest_only_with_trigger.py for tasks to queue
[2025-09-21T04:51:38.627+0000] {logging_mixin.py:190} INFO - [2025-09-21T04:51:38.627+0000] {dagbag.py:588} INFO - Filling up the DagBag from /home/airflow/.local/lib/python3.12/site-packages/airflow/example_dags/example_latest_only_with_trigger.py
[2025-09-21T04:51:38.635+0000] {processor.py:925} INFO - DAG(s) 'latest_only_with_trigger' retrieved from /home/airflow/.local/lib/python3.12/site-packages/airflow/example_dags/example_latest_only_with_trigger.py
[2025-09-21T04:51:38.657+0000] {logging_mixin.py:190} INFO - [2025-09-21T04:51:38.656+0000] {dag.py:3239} INFO - Sync 1 DAGs
[2025-09-21T04:51:38.683+0000] {logging_mixin.py:190} INFO - [2025-09-21T04:51:38.683+0000] {dag.py:4180} INFO - Setting next_dagrun for latest_only_with_trigger to 2025-09-21 00:00:00+00:00, run_after=2025-09-21 04:00:00+00:00
[2025-09-21T04:51:38.702+0000] {processor.py:208} INFO - Processing /home/airflow/.local/lib/python3.12/site-packages/airflow/example_dags/example_latest_only_with_trigger.py took 0.083 seconds
[2025-09-21T04:52:08.735+0000] {processor.py:186} INFO - Started process (PID=600) to work on /home/airflow/.local/lib/python3.12/site-packages/airflow/example_dags/example_latest_only_with_trigger.py
[2025-09-21T04:52:08.736+0000] {processor.py:914} INFO - Processing file /home/airflow/.local/lib/python3.12/site-packages/airflow/example_dags/example_latest_only_with_trigger.py for tasks to queue
[2025-09-21T04:52:08.738+0000] {logging_mixin.py:190} INFO - [2025-09-21T04:52:08.737+0000] {dagbag.py:588} INFO - Filling up the DagBag from /home/airflow/.local/lib/python3.12/site-packages/airflow/example_dags/example_latest_only_with_trigger.py
[2025-09-21T04:52:08.744+0000] {processor.py:925} INFO - DAG(s) 'latest_only_with_trigger' retrieved from /home/airflow/.local/lib/python3.12/site-packages/airflow/example_dags/example_latest_only_with_trigger.py
[2025-09-21T04:52:08.760+0000] {logging_mixin.py:190} INFO - [2025-09-21T04:52:08.760+0000] {dag.py:3239} INFO - Sync 1 DAGs
[2025-09-21T04:52:08.779+0000] {logging_mixin.py:190} INFO - [2025-09-21T04:52:08.778+0000] {dag.py:4180} INFO - Setting next_dagrun for latest_only_with_trigger to 2025-09-21 00:00:00+00:00, run_after=2025-09-21 04:00:00+00:00
[2025-09-21T04:52:08.796+0000] {processor.py:208} INFO - Processing /home/airflow/.local/lib/python3.12/site-packages/airflow/example_dags/example_latest_only_with_trigger.py took 0.065 seconds
[2025-09-21T04:52:38.936+0000] {processor.py:186} INFO - Started process (PID=663) to work on /home/airflow/.local/lib/python3.12/site-packages/airflow/example_dags/example_latest_only_with_trigger.py
[2025-09-21T04:52:38.937+0000] {processor.py:914} INFO - Processing file /home/airflow/.local/lib/python3.12/site-packages/airflow/example_dags/example_latest_only_with_trigger.py for tasks to queue
[2025-09-21T04:52:38.939+0000] {logging_mixin.py:190} INFO - [2025-09-21T04:52:38.938+0000] {dagbag.py:588} INFO - Filling up the DagBag from /home/airflow/.local/lib/python3.12/site-packages/airflow/example_dags/example_latest_only_with_trigger.py
[2025-09-21T04:52:38.945+0000] {processor.py:925} INFO - DAG(s) 'latest_only_with_trigger' retrieved from /home/airflow/.local/lib/python3.12/site-packages/airflow/example_dags/example_latest_only_with_trigger.py
[2025-09-21T04:52:38.962+0000] {logging_mixin.py:190} INFO - [2025-09-21T04:52:38.961+0000] {dag.py:3239} INFO - Sync 1 DAGs
[2025-09-21T04:52:38.979+0000] {logging_mixin.py:190} INFO - [2025-09-21T04:52:38.979+0000] {dag.py:4180} INFO - Setting next_dagrun for latest_only_with_trigger to 2025-09-21 00:00:00+00:00, run_after=2025-09-21 04:00:00+00:00
[2025-09-21T04:52:38.993+0000] {processor.py:208} INFO - Processing /home/airflow/.local/lib/python3.12/site-packages/airflow/example_dags/example_latest_only_with_trigger.py took 0.061 seconds
[2025-09-21T04:53:09.878+0000] {processor.py:186} INFO - Started process (PID=726) to work on /home/airflow/.local/lib/python3.12/site-packages/airflow/example_dags/example_latest_only_with_trigger.py
[2025-09-21T04:53:09.879+0000] {processor.py:914} INFO - Processing file /home/airflow/.local/lib/python3.12/site-packages/airflow/example_dags/example_latest_only_with_trigger.py for tasks to queue
[2025-09-21T04:53:09.880+0000] {logging_mixin.py:190} INFO - [2025-09-21T04:53:09.880+0000] {dagbag.py:588} INFO - Filling up the DagBag from /home/airflow/.local/lib/python3.12/site-packages/airflow/example_dags/example_latest_only_with_trigger.py
[2025-09-21T04:53:09.886+0000] {processor.py:925} INFO - DAG(s) 'latest_only_with_trigger' retrieved from /home/airflow/.local/lib/python3.12/site-packages/airflow/example_dags/example_latest_only_with_trigger.py
[2025-09-21T04:53:09.902+0000] {logging_mixin.py:190} INFO - [2025-09-21T04:53:09.902+0000] {dag.py:3239} INFO - Sync 1 DAGs
[2025-09-21T04:53:09.920+0000] {logging_mixin.py:190} INFO - [2025-09-21T04:53:09.920+0000] {dag.py:4180} INFO - Setting next_dagrun for latest_only_with_trigger to 2025-09-21 00:00:00+00:00, run_after=2025-09-21 04:00:00+00:00
[2025-09-21T04:53:09.933+0000] {processor.py:208} INFO - Processing /home/airflow/.local/lib/python3.12/site-packages/airflow/example_dags/example_latest_only_with_trigger.py took 0.059 seconds
[2025-09-21T04:53:40.551+0000] {processor.py:186} INFO - Started process (PID=789) to work on /home/airflow/.local/lib/python3.12/site-packages/airflow/example_dags/example_latest_only_with_trigger.py
[2025-09-21T04:53:40.552+0000] {processor.py:914} INFO - Processing file /home/airflow/.local/lib/python3.12/site-packages/airflow/example_dags/example_latest_only_with_trigger.py for tasks to queue
[2025-09-21T04:53:40.554+0000] {logging_mixin.py:190} INFO - [2025-09-21T04:53:40.554+0000] {dagbag.py:588} INFO - Filling up the DagBag from /home/airflow/.local/lib/python3.12/site-packages/airflow/example_dags/example_latest_only_with_trigger.py
[2025-09-21T04:53:40.563+0000] {processor.py:925} INFO - DAG(s) 'latest_only_with_trigger' retrieved from /home/airflow/.local/lib/python3.12/site-packages/airflow/example_dags/example_latest_only_with_trigger.py
[2025-09-21T04:53:40.585+0000] {logging_mixin.py:190} INFO - [2025-09-21T04:53:40.585+0000] {dag.py:3239} INFO - Sync 1 DAGs
[2025-09-21T04:53:40.605+0000] {logging_mixin.py:190} INFO - [2025-09-21T04:53:40.605+0000] {dag.py:4180} INFO - Setting next_dagrun for latest_only_with_trigger to 2025-09-21 00:00:00+00:00, run_after=2025-09-21 04:00:00+00:00
[2025-09-21T04:53:40.618+0000] {processor.py:208} INFO - Processing /home/airflow/.local/lib/python3.12/site-packages/airflow/example_dags/example_latest_only_with_trigger.py took 0.073 seconds
[2025-09-21T04:54:10.675+0000] {processor.py:186} INFO - Started process (PID=851) to work on /home/airflow/.local/lib/python3.12/site-packages/airflow/example_dags/example_latest_only_with_trigger.py
[2025-09-21T04:54:10.676+0000] {processor.py:914} INFO - Processing file /home/airflow/.local/lib/python3.12/site-packages/airflow/example_dags/example_latest_only_with_trigger.py for tasks to queue
[2025-09-21T04:54:10.679+0000] {logging_mixin.py:190} INFO - [2025-09-21T04:54:10.678+0000] {dagbag.py:588} INFO - Filling up the DagBag from /home/airflow/.local/lib/python3.12/site-packages/airflow/example_dags/example_latest_only_with_trigger.py
[2025-09-21T04:54:10.687+0000] {processor.py:925} INFO - DAG(s) 'latest_only_with_trigger' retrieved from /home/airflow/.local/lib/python3.12/site-packages/airflow/example_dags/example_latest_only_with_trigger.py
[2025-09-21T04:54:10.709+0000] {logging_mixin.py:190} INFO - [2025-09-21T04:54:10.709+0000] {dag.py:3239} INFO - Sync 1 DAGs
[2025-09-21T04:54:10.752+0000] {logging_mixin.py:190} INFO - [2025-09-21T04:54:10.752+0000] {dag.py:4180} INFO - Setting next_dagrun for latest_only_with_trigger to 2025-09-21 00:00:00+00:00, run_after=2025-09-21 04:00:00+00:00
[2025-09-21T04:54:10.791+0000] {processor.py:208} INFO - Processing /home/airflow/.local/lib/python3.12/site-packages/airflow/example_dags/example_latest_only_with_trigger.py took 0.123 seconds
[2025-09-21T04:54:41.038+0000] {processor.py:186} INFO - Started process (PID=912) to work on /home/airflow/.local/lib/python3.12/site-packages/airflow/example_dags/example_latest_only_with_trigger.py
[2025-09-21T04:54:41.039+0000] {processor.py:914} INFO - Processing file /home/airflow/.local/lib/python3.12/site-packages/airflow/example_dags/example_latest_only_with_trigger.py for tasks to queue
[2025-09-21T04:54:41.041+0000] {logging_mixin.py:190} INFO - [2025-09-21T04:54:41.041+0000] {dagbag.py:588} INFO - Filling up the DagBag from /home/airflow/.local/lib/python3.12/site-packages/airflow/example_dags/example_latest_only_with_trigger.py
[2025-09-21T04:54:41.048+0000] {processor.py:925} INFO - DAG(s) 'latest_only_with_trigger' retrieved from /home/airflow/.local/lib/python3.12/site-packages/airflow/example_dags/example_latest_only_with_trigger.py
[2025-09-21T04:54:41.070+0000] {logging_mixin.py:190} INFO - [2025-09-21T04:54:41.070+0000] {dag.py:3239} INFO - Sync 1 DAGs
[2025-09-21T04:54:41.097+0000] {logging_mixin.py:190} INFO - [2025-09-21T04:54:41.097+0000] {dag.py:4180} INFO - Setting next_dagrun for latest_only_with_trigger to 2025-09-21 00:00:00+00:00, run_after=2025-09-21 04:00:00+00:00
[2025-09-21T04:54:41.115+0000] {processor.py:208} INFO - Processing /home/airflow/.local/lib/python3.12/site-packages/airflow/example_dags/example_latest_only_with_trigger.py took 0.083 seconds
[2025-09-21T04:55:11.733+0000] {processor.py:186} INFO - Started process (PID=971) to work on /home/airflow/.local/lib/python3.12/site-packages/airflow/example_dags/example_latest_only_with_trigger.py
[2025-09-21T04:55:11.734+0000] {processor.py:914} INFO - Processing file /home/airflow/.local/lib/python3.12/site-packages/airflow/example_dags/example_latest_only_with_trigger.py for tasks to queue
[2025-09-21T04:55:11.736+0000] {logging_mixin.py:190} INFO - [2025-09-21T04:55:11.736+0000] {dagbag.py:588} INFO - Filling up the DagBag from /home/airflow/.local/lib/python3.12/site-packages/airflow/example_dags/example_latest_only_with_trigger.py
[2025-09-21T04:55:11.752+0000] {processor.py:925} INFO - DAG(s) 'latest_only_with_trigger' retrieved from /home/airflow/.local/lib/python3.12/site-packages/airflow/example_dags/example_latest_only_with_trigger.py
[2025-09-21T04:55:11.775+0000] {logging_mixin.py:190} INFO - [2025-09-21T04:55:11.775+0000] {dag.py:3239} INFO - Sync 1 DAGs
[2025-09-21T04:55:11.802+0000] {logging_mixin.py:190} INFO - [2025-09-21T04:55:11.802+0000] {dag.py:4180} INFO - Setting next_dagrun for latest_only_with_trigger to 2025-09-21 00:00:00+00:00, run_after=2025-09-21 04:00:00+00:00
[2025-09-21T04:55:11.820+0000] {processor.py:208} INFO - Processing /home/airflow/.local/lib/python3.12/site-packages/airflow/example_dags/example_latest_only_with_trigger.py took 0.092 seconds
[2025-09-21T04:55:41.976+0000] {processor.py:186} INFO - Started process (PID=1034) to work on /home/airflow/.local/lib/python3.12/site-packages/airflow/example_dags/example_latest_only_with_trigger.py
[2025-09-21T04:55:41.976+0000] {processor.py:914} INFO - Processing file /home/airflow/.local/lib/python3.12/site-packages/airflow/example_dags/example_latest_only_with_trigger.py for tasks to queue
[2025-09-21T04:55:41.978+0000] {logging_mixin.py:190} INFO - [2025-09-21T04:55:41.978+0000] {dagbag.py:588} INFO - Filling up the DagBag from /home/airflow/.local/lib/python3.12/site-packages/airflow/example_dags/example_latest_only_with_trigger.py
[2025-09-21T04:55:41.987+0000] {processor.py:925} INFO - DAG(s) 'latest_only_with_trigger' retrieved from /home/airflow/.local/lib/python3.12/site-packages/airflow/example_dags/example_latest_only_with_trigger.py
[2025-09-21T04:55:42.007+0000] {logging_mixin.py:190} INFO - [2025-09-21T04:55:42.007+0000] {dag.py:3239} INFO - Sync 1 DAGs
[2025-09-21T04:55:42.034+0000] {logging_mixin.py:190} INFO - [2025-09-21T04:55:42.034+0000] {dag.py:4180} INFO - Setting next_dagrun for latest_only_with_trigger to 2025-09-21 00:00:00+00:00, run_after=2025-09-21 04:00:00+00:00
[2025-09-21T04:55:42.051+0000] {processor.py:208} INFO - Processing /home/airflow/.local/lib/python3.12/site-packages/airflow/example_dags/example_latest_only_with_trigger.py took 0.082 seconds
