[2025-09-21T04:47:53.511+0000] {processor.py:186} INFO - Started process (PID=83) to work on /home/airflow/.local/lib/python3.12/site-packages/airflow/example_dags/example_external_task_marker_dag.py
[2025-09-21T04:47:53.518+0000] {processor.py:914} INFO - Processing file /home/airflow/.local/lib/python3.12/site-packages/airflow/example_dags/example_external_task_marker_dag.py for tasks to queue
[2025-09-21T04:47:53.528+0000] {logging_mixin.py:190} INFO - [2025-09-21T04:47:53.528+0000] {dagbag.py:588} INFO - Filling up the DagBag from /home/airflow/.local/lib/python3.12/site-packages/airflow/example_dags/example_external_task_marker_dag.py
[2025-09-21T04:47:53.563+0000] {processor.py:925} INFO - DAG(s) 'example_external_task_marker_parent', 'example_external_task_marker_child' retrieved from /home/airflow/.local/lib/python3.12/site-packages/airflow/example_dags/example_external_task_marker_dag.py
[2025-09-21T04:47:53.916+0000] {logging_mixin.py:190} INFO - [2025-09-21T04:47:53.915+0000] {override.py:1911} INFO - Created Permission View: can delete on DAG:example_external_task_marker_parent
[2025-09-21T04:47:53.975+0000] {logging_mixin.py:190} INFO - [2025-09-21T04:47:53.974+0000] {override.py:1911} INFO - Created Permission View: can read on DAG:example_external_task_marker_parent
[2025-09-21T04:47:54.012+0000] {logging_mixin.py:190} INFO - [2025-09-21T04:47:54.011+0000] {override.py:1911} INFO - Created Permission View: can edit on DAG:example_external_task_marker_parent
[2025-09-21T04:47:54.032+0000] {logging_mixin.py:190} INFO - [2025-09-21T04:47:54.031+0000] {override.py:1911} INFO - Created Permission View: can read on DAG Run:example_external_task_marker_parent
[2025-09-21T04:47:54.057+0000] {logging_mixin.py:190} INFO - [2025-09-21T04:47:54.057+0000] {override.py:1911} INFO - Created Permission View: menu access on DAG Run:example_external_task_marker_parent
[2025-09-21T04:47:54.076+0000] {logging_mixin.py:190} INFO - [2025-09-21T04:47:54.075+0000] {override.py:1911} INFO - Created Permission View: can delete on DAG Run:example_external_task_marker_parent
[2025-09-21T04:47:54.089+0000] {logging_mixin.py:190} INFO - [2025-09-21T04:47:54.088+0000] {override.py:1911} INFO - Created Permission View: can create on DAG Run:example_external_task_marker_parent
[2025-09-21T04:47:54.147+0000] {logging_mixin.py:190} INFO - [2025-09-21T04:47:54.146+0000] {override.py:1911} INFO - Created Permission View: can delete on DAG:example_external_task_marker_child
[2025-09-21T04:47:54.171+0000] {logging_mixin.py:190} INFO - [2025-09-21T04:47:54.171+0000] {override.py:1911} INFO - Created Permission View: can read on DAG:example_external_task_marker_child
[2025-09-21T04:47:54.199+0000] {logging_mixin.py:190} INFO - [2025-09-21T04:47:54.198+0000] {override.py:1911} INFO - Created Permission View: can edit on DAG:example_external_task_marker_child
[2025-09-21T04:47:54.219+0000] {logging_mixin.py:190} INFO - [2025-09-21T04:47:54.218+0000] {override.py:1911} INFO - Created Permission View: can read on DAG Run:example_external_task_marker_child
[2025-09-21T04:47:54.242+0000] {logging_mixin.py:190} INFO - [2025-09-21T04:47:54.242+0000] {override.py:1911} INFO - Created Permission View: menu access on DAG Run:example_external_task_marker_child
[2025-09-21T04:47:54.263+0000] {logging_mixin.py:190} INFO - [2025-09-21T04:47:54.263+0000] {override.py:1911} INFO - Created Permission View: can delete on DAG Run:example_external_task_marker_child
[2025-09-21T04:47:54.280+0000] {logging_mixin.py:190} INFO - [2025-09-21T04:47:54.279+0000] {override.py:1911} INFO - Created Permission View: can create on DAG Run:example_external_task_marker_child
[2025-09-21T04:47:54.280+0000] {logging_mixin.py:190} INFO - [2025-09-21T04:47:54.280+0000] {dag.py:3239} INFO - Sync 2 DAGs
[2025-09-21T04:47:54.327+0000] {logging_mixin.py:190} INFO - [2025-09-21T04:47:54.326+0000] {dag.py:3262} INFO - Creating ORM DAG for example_external_task_marker_parent
[2025-09-21T04:47:54.327+0000] {logging_mixin.py:190} INFO - [2025-09-21T04:47:54.327+0000] {dag.py:3262} INFO - Creating ORM DAG for example_external_task_marker_child
[2025-09-21T04:47:54.328+0000] {logging_mixin.py:190} INFO - [2025-09-21T04:47:54.328+0000] {dag.py:4180} INFO - Setting next_dagrun for example_external_task_marker_child to None, run_after=None
[2025-09-21T04:47:54.329+0000] {logging_mixin.py:190} INFO - [2025-09-21T04:47:54.329+0000] {dag.py:4180} INFO - Setting next_dagrun for example_external_task_marker_parent to None, run_after=None
[2025-09-21T04:47:54.407+0000] {processor.py:208} INFO - Processing /home/airflow/.local/lib/python3.12/site-packages/airflow/example_dags/example_external_task_marker_dag.py took 0.919 seconds
[2025-09-21T04:48:26.409+0000] {processor.py:186} INFO - Started process (PID=144) to work on /home/airflow/.local/lib/python3.12/site-packages/airflow/example_dags/example_external_task_marker_dag.py
[2025-09-21T04:48:26.411+0000] {processor.py:914} INFO - Processing file /home/airflow/.local/lib/python3.12/site-packages/airflow/example_dags/example_external_task_marker_dag.py for tasks to queue
[2025-09-21T04:48:26.416+0000] {logging_mixin.py:190} INFO - [2025-09-21T04:48:26.415+0000] {dagbag.py:588} INFO - Filling up the DagBag from /home/airflow/.local/lib/python3.12/site-packages/airflow/example_dags/example_external_task_marker_dag.py
[2025-09-21T04:48:26.438+0000] {processor.py:925} INFO - DAG(s) 'example_external_task_marker_child', 'example_external_task_marker_parent' retrieved from /home/airflow/.local/lib/python3.12/site-packages/airflow/example_dags/example_external_task_marker_dag.py
[2025-09-21T04:48:26.486+0000] {logging_mixin.py:190} INFO - [2025-09-21T04:48:26.486+0000] {dag.py:3239} INFO - Sync 2 DAGs
[2025-09-21T04:48:26.524+0000] {logging_mixin.py:190} INFO - [2025-09-21T04:48:26.523+0000] {dag.py:4180} INFO - Setting next_dagrun for example_external_task_marker_child to None, run_after=None
[2025-09-21T04:48:26.534+0000] {logging_mixin.py:190} INFO - [2025-09-21T04:48:26.534+0000] {dag.py:4180} INFO - Setting next_dagrun for example_external_task_marker_parent to None, run_after=None
[2025-09-21T04:48:26.566+0000] {processor.py:208} INFO - Processing /home/airflow/.local/lib/python3.12/site-packages/airflow/example_dags/example_external_task_marker_dag.py took 0.169 seconds
[2025-09-21T04:48:57.068+0000] {processor.py:186} INFO - Started process (PID=207) to work on /home/airflow/.local/lib/python3.12/site-packages/airflow/example_dags/example_external_task_marker_dag.py
[2025-09-21T04:48:57.069+0000] {processor.py:914} INFO - Processing file /home/airflow/.local/lib/python3.12/site-packages/airflow/example_dags/example_external_task_marker_dag.py for tasks to queue
[2025-09-21T04:48:57.071+0000] {logging_mixin.py:190} INFO - [2025-09-21T04:48:57.071+0000] {dagbag.py:588} INFO - Filling up the DagBag from /home/airflow/.local/lib/python3.12/site-packages/airflow/example_dags/example_external_task_marker_dag.py
[2025-09-21T04:48:57.079+0000] {processor.py:925} INFO - DAG(s) 'example_external_task_marker_child', 'example_external_task_marker_parent' retrieved from /home/airflow/.local/lib/python3.12/site-packages/airflow/example_dags/example_external_task_marker_dag.py
[2025-09-21T04:48:57.124+0000] {logging_mixin.py:190} INFO - [2025-09-21T04:48:57.123+0000] {dag.py:3239} INFO - Sync 2 DAGs
[2025-09-21T04:48:57.142+0000] {logging_mixin.py:190} INFO - [2025-09-21T04:48:57.142+0000] {dag.py:4180} INFO - Setting next_dagrun for example_external_task_marker_child to None, run_after=None
[2025-09-21T04:48:57.155+0000] {logging_mixin.py:190} INFO - [2025-09-21T04:48:57.155+0000] {dag.py:4180} INFO - Setting next_dagrun for example_external_task_marker_parent to None, run_after=None
[2025-09-21T04:48:57.193+0000] {processor.py:208} INFO - Processing /home/airflow/.local/lib/python3.12/site-packages/airflow/example_dags/example_external_task_marker_dag.py took 0.131 seconds
[2025-09-21T04:49:31.496+0000] {processor.py:186} INFO - Started process (PID=264) to work on /home/airflow/.local/lib/python3.12/site-packages/airflow/example_dags/example_external_task_marker_dag.py
[2025-09-21T04:49:31.501+0000] {processor.py:914} INFO - Processing file /home/airflow/.local/lib/python3.12/site-packages/airflow/example_dags/example_external_task_marker_dag.py for tasks to queue
[2025-09-21T04:49:31.509+0000] {logging_mixin.py:190} INFO - [2025-09-21T04:49:31.508+0000] {dagbag.py:588} INFO - Filling up the DagBag from /home/airflow/.local/lib/python3.12/site-packages/airflow/example_dags/example_external_task_marker_dag.py
[2025-09-21T04:49:31.547+0000] {processor.py:925} INFO - DAG(s) 'example_external_task_marker_parent', 'example_external_task_marker_child' retrieved from /home/airflow/.local/lib/python3.12/site-packages/airflow/example_dags/example_external_task_marker_dag.py
[2025-09-21T04:49:31.609+0000] {logging_mixin.py:190} INFO - [2025-09-21T04:49:31.609+0000] {dag.py:3239} INFO - Sync 2 DAGs
[2025-09-21T04:49:31.704+0000] {logging_mixin.py:190} INFO - [2025-09-21T04:49:31.704+0000] {dag.py:4180} INFO - Setting next_dagrun for example_external_task_marker_child to None, run_after=None
[2025-09-21T04:49:31.733+0000] {logging_mixin.py:190} INFO - [2025-09-21T04:49:31.733+0000] {dag.py:4180} INFO - Setting next_dagrun for example_external_task_marker_parent to None, run_after=None
[2025-09-21T04:49:31.824+0000] {processor.py:208} INFO - Processing /home/airflow/.local/lib/python3.12/site-packages/airflow/example_dags/example_external_task_marker_dag.py took 0.356 seconds
[2025-09-21T04:50:02.030+0000] {processor.py:186} INFO - Started process (PID=327) to work on /home/airflow/.local/lib/python3.12/site-packages/airflow/example_dags/example_external_task_marker_dag.py
[2025-09-21T04:50:02.032+0000] {processor.py:914} INFO - Processing file /home/airflow/.local/lib/python3.12/site-packages/airflow/example_dags/example_external_task_marker_dag.py for tasks to queue
[2025-09-21T04:50:02.036+0000] {logging_mixin.py:190} INFO - [2025-09-21T04:50:02.036+0000] {dagbag.py:588} INFO - Filling up the DagBag from /home/airflow/.local/lib/python3.12/site-packages/airflow/example_dags/example_external_task_marker_dag.py
[2025-09-21T04:50:02.066+0000] {processor.py:925} INFO - DAG(s) 'example_external_task_marker_parent', 'example_external_task_marker_child' retrieved from /home/airflow/.local/lib/python3.12/site-packages/airflow/example_dags/example_external_task_marker_dag.py
[2025-09-21T04:50:02.105+0000] {logging_mixin.py:190} INFO - [2025-09-21T04:50:02.105+0000] {dag.py:3239} INFO - Sync 2 DAGs
[2025-09-21T04:50:02.124+0000] {logging_mixin.py:190} INFO - [2025-09-21T04:50:02.124+0000] {dag.py:4180} INFO - Setting next_dagrun for example_external_task_marker_child to None, run_after=None
[2025-09-21T04:50:02.128+0000] {logging_mixin.py:190} INFO - [2025-09-21T04:50:02.127+0000] {dag.py:4180} INFO - Setting next_dagrun for example_external_task_marker_parent to None, run_after=None
[2025-09-21T04:50:02.146+0000] {processor.py:208} INFO - Processing /home/airflow/.local/lib/python3.12/site-packages/airflow/example_dags/example_external_task_marker_dag.py took 0.130 seconds
[2025-09-21T04:50:32.686+0000] {processor.py:186} INFO - Started process (PID=395) to work on /home/airflow/.local/lib/python3.12/site-packages/airflow/example_dags/example_external_task_marker_dag.py
[2025-09-21T04:50:32.687+0000] {processor.py:914} INFO - Processing file /home/airflow/.local/lib/python3.12/site-packages/airflow/example_dags/example_external_task_marker_dag.py for tasks to queue
[2025-09-21T04:50:32.689+0000] {logging_mixin.py:190} INFO - [2025-09-21T04:50:32.689+0000] {dagbag.py:588} INFO - Filling up the DagBag from /home/airflow/.local/lib/python3.12/site-packages/airflow/example_dags/example_external_task_marker_dag.py
[2025-09-21T04:50:32.698+0000] {processor.py:925} INFO - DAG(s) 'example_external_task_marker_parent', 'example_external_task_marker_child' retrieved from /home/airflow/.local/lib/python3.12/site-packages/airflow/example_dags/example_external_task_marker_dag.py
[2025-09-21T04:50:32.723+0000] {logging_mixin.py:190} INFO - [2025-09-21T04:50:32.723+0000] {dag.py:3239} INFO - Sync 2 DAGs
[2025-09-21T04:50:32.742+0000] {logging_mixin.py:190} INFO - [2025-09-21T04:50:32.741+0000] {dag.py:4180} INFO - Setting next_dagrun for example_external_task_marker_child to None, run_after=None
[2025-09-21T04:50:32.746+0000] {logging_mixin.py:190} INFO - [2025-09-21T04:50:32.745+0000] {dag.py:4180} INFO - Setting next_dagrun for example_external_task_marker_parent to None, run_after=None
[2025-09-21T04:50:32.762+0000] {processor.py:208} INFO - Processing /home/airflow/.local/lib/python3.12/site-packages/airflow/example_dags/example_external_task_marker_dag.py took 0.082 seconds
[2025-09-21T04:51:03.531+0000] {processor.py:186} INFO - Started process (PID=457) to work on /home/airflow/.local/lib/python3.12/site-packages/airflow/example_dags/example_external_task_marker_dag.py
[2025-09-21T04:51:03.531+0000] {processor.py:914} INFO - Processing file /home/airflow/.local/lib/python3.12/site-packages/airflow/example_dags/example_external_task_marker_dag.py for tasks to queue
[2025-09-21T04:51:03.537+0000] {logging_mixin.py:190} INFO - [2025-09-21T04:51:03.536+0000] {dagbag.py:588} INFO - Filling up the DagBag from /home/airflow/.local/lib/python3.12/site-packages/airflow/example_dags/example_external_task_marker_dag.py
[2025-09-21T04:51:03.545+0000] {processor.py:925} INFO - DAG(s) 'example_external_task_marker_parent', 'example_external_task_marker_child' retrieved from /home/airflow/.local/lib/python3.12/site-packages/airflow/example_dags/example_external_task_marker_dag.py
[2025-09-21T04:51:03.570+0000] {logging_mixin.py:190} INFO - [2025-09-21T04:51:03.570+0000] {dag.py:3239} INFO - Sync 2 DAGs
[2025-09-21T04:51:03.594+0000] {logging_mixin.py:190} INFO - [2025-09-21T04:51:03.593+0000] {dag.py:4180} INFO - Setting next_dagrun for example_external_task_marker_child to None, run_after=None
[2025-09-21T04:51:03.598+0000] {logging_mixin.py:190} INFO - [2025-09-21T04:51:03.598+0000] {dag.py:4180} INFO - Setting next_dagrun for example_external_task_marker_parent to None, run_after=None
[2025-09-21T04:51:03.612+0000] {processor.py:208} INFO - Processing /home/airflow/.local/lib/python3.12/site-packages/airflow/example_dags/example_external_task_marker_dag.py took 0.087 seconds
[2025-09-21T04:51:33.938+0000] {processor.py:186} INFO - Started process (PID=520) to work on /home/airflow/.local/lib/python3.12/site-packages/airflow/example_dags/example_external_task_marker_dag.py
[2025-09-21T04:51:33.939+0000] {processor.py:914} INFO - Processing file /home/airflow/.local/lib/python3.12/site-packages/airflow/example_dags/example_external_task_marker_dag.py for tasks to queue
[2025-09-21T04:51:33.941+0000] {logging_mixin.py:190} INFO - [2025-09-21T04:51:33.941+0000] {dagbag.py:588} INFO - Filling up the DagBag from /home/airflow/.local/lib/python3.12/site-packages/airflow/example_dags/example_external_task_marker_dag.py
[2025-09-21T04:51:33.950+0000] {processor.py:925} INFO - DAG(s) 'example_external_task_marker_parent', 'example_external_task_marker_child' retrieved from /home/airflow/.local/lib/python3.12/site-packages/airflow/example_dags/example_external_task_marker_dag.py
[2025-09-21T04:51:33.975+0000] {logging_mixin.py:190} INFO - [2025-09-21T04:51:33.975+0000] {dag.py:3239} INFO - Sync 2 DAGs
[2025-09-21T04:51:33.994+0000] {logging_mixin.py:190} INFO - [2025-09-21T04:51:33.993+0000] {dag.py:4180} INFO - Setting next_dagrun for example_external_task_marker_child to None, run_after=None
[2025-09-21T04:51:33.998+0000] {logging_mixin.py:190} INFO - [2025-09-21T04:51:33.998+0000] {dag.py:4180} INFO - Setting next_dagrun for example_external_task_marker_parent to None, run_after=None
[2025-09-21T04:51:34.014+0000] {processor.py:208} INFO - Processing /home/airflow/.local/lib/python3.12/site-packages/airflow/example_dags/example_external_task_marker_dag.py took 0.082 seconds
[2025-09-21T04:52:04.240+0000] {processor.py:186} INFO - Started process (PID=583) to work on /home/airflow/.local/lib/python3.12/site-packages/airflow/example_dags/example_external_task_marker_dag.py
[2025-09-21T04:52:04.240+0000] {processor.py:914} INFO - Processing file /home/airflow/.local/lib/python3.12/site-packages/airflow/example_dags/example_external_task_marker_dag.py for tasks to queue
[2025-09-21T04:52:04.243+0000] {logging_mixin.py:190} INFO - [2025-09-21T04:52:04.243+0000] {dagbag.py:588} INFO - Filling up the DagBag from /home/airflow/.local/lib/python3.12/site-packages/airflow/example_dags/example_external_task_marker_dag.py
[2025-09-21T04:52:04.251+0000] {processor.py:925} INFO - DAG(s) 'example_external_task_marker_parent', 'example_external_task_marker_child' retrieved from /home/airflow/.local/lib/python3.12/site-packages/airflow/example_dags/example_external_task_marker_dag.py
[2025-09-21T04:52:04.275+0000] {logging_mixin.py:190} INFO - [2025-09-21T04:52:04.275+0000] {dag.py:3239} INFO - Sync 2 DAGs
[2025-09-21T04:52:04.292+0000] {logging_mixin.py:190} INFO - [2025-09-21T04:52:04.292+0000] {dag.py:4180} INFO - Setting next_dagrun for example_external_task_marker_child to None, run_after=None
[2025-09-21T04:52:04.296+0000] {logging_mixin.py:190} INFO - [2025-09-21T04:52:04.296+0000] {dag.py:4180} INFO - Setting next_dagrun for example_external_task_marker_parent to None, run_after=None
[2025-09-21T04:52:04.311+0000] {processor.py:208} INFO - Processing /home/airflow/.local/lib/python3.12/site-packages/airflow/example_dags/example_external_task_marker_dag.py took 0.077 seconds
[2025-09-21T04:52:34.708+0000] {processor.py:186} INFO - Started process (PID=646) to work on /home/airflow/.local/lib/python3.12/site-packages/airflow/example_dags/example_external_task_marker_dag.py
[2025-09-21T04:52:34.708+0000] {processor.py:914} INFO - Processing file /home/airflow/.local/lib/python3.12/site-packages/airflow/example_dags/example_external_task_marker_dag.py for tasks to queue
[2025-09-21T04:52:34.711+0000] {logging_mixin.py:190} INFO - [2025-09-21T04:52:34.710+0000] {dagbag.py:588} INFO - Filling up the DagBag from /home/airflow/.local/lib/python3.12/site-packages/airflow/example_dags/example_external_task_marker_dag.py
[2025-09-21T04:52:34.720+0000] {processor.py:925} INFO - DAG(s) 'example_external_task_marker_child', 'example_external_task_marker_parent' retrieved from /home/airflow/.local/lib/python3.12/site-packages/airflow/example_dags/example_external_task_marker_dag.py
[2025-09-21T04:52:34.743+0000] {logging_mixin.py:190} INFO - [2025-09-21T04:52:34.742+0000] {dag.py:3239} INFO - Sync 2 DAGs
[2025-09-21T04:52:34.760+0000] {logging_mixin.py:190} INFO - [2025-09-21T04:52:34.760+0000] {dag.py:4180} INFO - Setting next_dagrun for example_external_task_marker_child to None, run_after=None
[2025-09-21T04:52:34.764+0000] {logging_mixin.py:190} INFO - [2025-09-21T04:52:34.763+0000] {dag.py:4180} INFO - Setting next_dagrun for example_external_task_marker_parent to None, run_after=None
[2025-09-21T04:52:34.778+0000] {processor.py:208} INFO - Processing /home/airflow/.local/lib/python3.12/site-packages/airflow/example_dags/example_external_task_marker_dag.py took 0.076 seconds
[2025-09-21T04:53:05.347+0000] {processor.py:186} INFO - Started process (PID=709) to work on /home/airflow/.local/lib/python3.12/site-packages/airflow/example_dags/example_external_task_marker_dag.py
[2025-09-21T04:53:05.348+0000] {processor.py:914} INFO - Processing file /home/airflow/.local/lib/python3.12/site-packages/airflow/example_dags/example_external_task_marker_dag.py for tasks to queue
[2025-09-21T04:53:05.352+0000] {logging_mixin.py:190} INFO - [2025-09-21T04:53:05.352+0000] {dagbag.py:588} INFO - Filling up the DagBag from /home/airflow/.local/lib/python3.12/site-packages/airflow/example_dags/example_external_task_marker_dag.py
[2025-09-21T04:53:05.361+0000] {processor.py:925} INFO - DAG(s) 'example_external_task_marker_child', 'example_external_task_marker_parent' retrieved from /home/airflow/.local/lib/python3.12/site-packages/airflow/example_dags/example_external_task_marker_dag.py
[2025-09-21T04:53:05.383+0000] {logging_mixin.py:190} INFO - [2025-09-21T04:53:05.383+0000] {dag.py:3239} INFO - Sync 2 DAGs
[2025-09-21T04:53:05.406+0000] {logging_mixin.py:190} INFO - [2025-09-21T04:53:05.406+0000] {dag.py:4180} INFO - Setting next_dagrun for example_external_task_marker_child to None, run_after=None
[2025-09-21T04:53:05.410+0000] {logging_mixin.py:190} INFO - [2025-09-21T04:53:05.410+0000] {dag.py:4180} INFO - Setting next_dagrun for example_external_task_marker_parent to None, run_after=None
[2025-09-21T04:53:05.424+0000] {processor.py:208} INFO - Processing /home/airflow/.local/lib/python3.12/site-packages/airflow/example_dags/example_external_task_marker_dag.py took 0.083 seconds
[2025-09-21T04:53:36.742+0000] {processor.py:186} INFO - Started process (PID=772) to work on /home/airflow/.local/lib/python3.12/site-packages/airflow/example_dags/example_external_task_marker_dag.py
[2025-09-21T04:53:36.743+0000] {processor.py:914} INFO - Processing file /home/airflow/.local/lib/python3.12/site-packages/airflow/example_dags/example_external_task_marker_dag.py for tasks to queue
[2025-09-21T04:53:36.748+0000] {logging_mixin.py:190} INFO - [2025-09-21T04:53:36.747+0000] {dagbag.py:588} INFO - Filling up the DagBag from /home/airflow/.local/lib/python3.12/site-packages/airflow/example_dags/example_external_task_marker_dag.py
[2025-09-21T04:53:36.757+0000] {processor.py:925} INFO - DAG(s) 'example_external_task_marker_parent', 'example_external_task_marker_child' retrieved from /home/airflow/.local/lib/python3.12/site-packages/airflow/example_dags/example_external_task_marker_dag.py
[2025-09-21T04:53:36.815+0000] {logging_mixin.py:190} INFO - [2025-09-21T04:53:36.815+0000] {dag.py:3239} INFO - Sync 2 DAGs
[2025-09-21T04:53:36.860+0000] {logging_mixin.py:190} INFO - [2025-09-21T04:53:36.860+0000] {dag.py:4180} INFO - Setting next_dagrun for example_external_task_marker_child to None, run_after=None
[2025-09-21T04:53:36.869+0000] {logging_mixin.py:190} INFO - [2025-09-21T04:53:36.868+0000] {dag.py:4180} INFO - Setting next_dagrun for example_external_task_marker_parent to None, run_after=None
[2025-09-21T04:53:36.909+0000] {processor.py:208} INFO - Processing /home/airflow/.local/lib/python3.12/site-packages/airflow/example_dags/example_external_task_marker_dag.py took 0.185 seconds
[2025-09-21T04:54:07.020+0000] {processor.py:186} INFO - Started process (PID=835) to work on /home/airflow/.local/lib/python3.12/site-packages/airflow/example_dags/example_external_task_marker_dag.py
[2025-09-21T04:54:07.021+0000] {processor.py:914} INFO - Processing file /home/airflow/.local/lib/python3.12/site-packages/airflow/example_dags/example_external_task_marker_dag.py for tasks to queue
[2025-09-21T04:54:07.023+0000] {logging_mixin.py:190} INFO - [2025-09-21T04:54:07.023+0000] {dagbag.py:588} INFO - Filling up the DagBag from /home/airflow/.local/lib/python3.12/site-packages/airflow/example_dags/example_external_task_marker_dag.py
[2025-09-21T04:54:07.029+0000] {processor.py:925} INFO - DAG(s) 'example_external_task_marker_parent', 'example_external_task_marker_child' retrieved from /home/airflow/.local/lib/python3.12/site-packages/airflow/example_dags/example_external_task_marker_dag.py
[2025-09-21T04:54:07.048+0000] {logging_mixin.py:190} INFO - [2025-09-21T04:54:07.048+0000] {dag.py:3239} INFO - Sync 2 DAGs
[2025-09-21T04:54:07.059+0000] {logging_mixin.py:190} INFO - [2025-09-21T04:54:07.059+0000] {dag.py:4180} INFO - Setting next_dagrun for example_external_task_marker_child to None, run_after=None
[2025-09-21T04:54:07.062+0000] {logging_mixin.py:190} INFO - [2025-09-21T04:54:07.062+0000] {dag.py:4180} INFO - Setting next_dagrun for example_external_task_marker_parent to None, run_after=None
[2025-09-21T04:54:07.073+0000] {processor.py:208} INFO - Processing /home/airflow/.local/lib/python3.12/site-packages/airflow/example_dags/example_external_task_marker_dag.py took 0.058 seconds
[2025-09-21T04:54:37.455+0000] {processor.py:186} INFO - Started process (PID=898) to work on /home/airflow/.local/lib/python3.12/site-packages/airflow/example_dags/example_external_task_marker_dag.py
[2025-09-21T04:54:37.456+0000] {processor.py:914} INFO - Processing file /home/airflow/.local/lib/python3.12/site-packages/airflow/example_dags/example_external_task_marker_dag.py for tasks to queue
[2025-09-21T04:54:37.458+0000] {logging_mixin.py:190} INFO - [2025-09-21T04:54:37.457+0000] {dagbag.py:588} INFO - Filling up the DagBag from /home/airflow/.local/lib/python3.12/site-packages/airflow/example_dags/example_external_task_marker_dag.py
[2025-09-21T04:54:37.464+0000] {processor.py:925} INFO - DAG(s) 'example_external_task_marker_parent', 'example_external_task_marker_child' retrieved from /home/airflow/.local/lib/python3.12/site-packages/airflow/example_dags/example_external_task_marker_dag.py
[2025-09-21T04:54:37.481+0000] {logging_mixin.py:190} INFO - [2025-09-21T04:54:37.481+0000] {dag.py:3239} INFO - Sync 2 DAGs
[2025-09-21T04:54:37.493+0000] {logging_mixin.py:190} INFO - [2025-09-21T04:54:37.493+0000] {dag.py:4180} INFO - Setting next_dagrun for example_external_task_marker_child to None, run_after=None
[2025-09-21T04:54:37.496+0000] {logging_mixin.py:190} INFO - [2025-09-21T04:54:37.496+0000] {dag.py:4180} INFO - Setting next_dagrun for example_external_task_marker_parent to None, run_after=None
[2025-09-21T04:54:37.507+0000] {processor.py:208} INFO - Processing /home/airflow/.local/lib/python3.12/site-packages/airflow/example_dags/example_external_task_marker_dag.py took 0.057 seconds
[2025-09-21T04:55:08.211+0000] {processor.py:186} INFO - Started process (PID=961) to work on /home/airflow/.local/lib/python3.12/site-packages/airflow/example_dags/example_external_task_marker_dag.py
[2025-09-21T04:55:08.211+0000] {processor.py:914} INFO - Processing file /home/airflow/.local/lib/python3.12/site-packages/airflow/example_dags/example_external_task_marker_dag.py for tasks to queue
[2025-09-21T04:55:08.213+0000] {logging_mixin.py:190} INFO - [2025-09-21T04:55:08.213+0000] {dagbag.py:588} INFO - Filling up the DagBag from /home/airflow/.local/lib/python3.12/site-packages/airflow/example_dags/example_external_task_marker_dag.py
[2025-09-21T04:55:08.220+0000] {processor.py:925} INFO - DAG(s) 'example_external_task_marker_parent', 'example_external_task_marker_child' retrieved from /home/airflow/.local/lib/python3.12/site-packages/airflow/example_dags/example_external_task_marker_dag.py
[2025-09-21T04:55:08.238+0000] {logging_mixin.py:190} INFO - [2025-09-21T04:55:08.238+0000] {dag.py:3239} INFO - Sync 2 DAGs
[2025-09-21T04:55:08.250+0000] {logging_mixin.py:190} INFO - [2025-09-21T04:55:08.250+0000] {dag.py:4180} INFO - Setting next_dagrun for example_external_task_marker_child to None, run_after=None
[2025-09-21T04:55:08.253+0000] {logging_mixin.py:190} INFO - [2025-09-21T04:55:08.252+0000] {dag.py:4180} INFO - Setting next_dagrun for example_external_task_marker_parent to None, run_after=None
[2025-09-21T04:55:08.265+0000] {processor.py:208} INFO - Processing /home/airflow/.local/lib/python3.12/site-packages/airflow/example_dags/example_external_task_marker_dag.py took 0.059 seconds
[2025-09-21T04:55:38.506+0000] {processor.py:186} INFO - Started process (PID=1024) to work on /home/airflow/.local/lib/python3.12/site-packages/airflow/example_dags/example_external_task_marker_dag.py
[2025-09-21T04:55:38.507+0000] {processor.py:914} INFO - Processing file /home/airflow/.local/lib/python3.12/site-packages/airflow/example_dags/example_external_task_marker_dag.py for tasks to queue
[2025-09-21T04:55:38.509+0000] {logging_mixin.py:190} INFO - [2025-09-21T04:55:38.508+0000] {dagbag.py:588} INFO - Filling up the DagBag from /home/airflow/.local/lib/python3.12/site-packages/airflow/example_dags/example_external_task_marker_dag.py
[2025-09-21T04:55:38.515+0000] {processor.py:925} INFO - DAG(s) 'example_external_task_marker_child', 'example_external_task_marker_parent' retrieved from /home/airflow/.local/lib/python3.12/site-packages/airflow/example_dags/example_external_task_marker_dag.py
[2025-09-21T04:55:38.532+0000] {logging_mixin.py:190} INFO - [2025-09-21T04:55:38.532+0000] {dag.py:3239} INFO - Sync 2 DAGs
[2025-09-21T04:55:38.544+0000] {logging_mixin.py:190} INFO - [2025-09-21T04:55:38.544+0000] {dag.py:4180} INFO - Setting next_dagrun for example_external_task_marker_child to None, run_after=None
[2025-09-21T04:55:38.547+0000] {logging_mixin.py:190} INFO - [2025-09-21T04:55:38.547+0000] {dag.py:4180} INFO - Setting next_dagrun for example_external_task_marker_parent to None, run_after=None
[2025-09-21T04:55:38.559+0000] {processor.py:208} INFO - Processing /home/airflow/.local/lib/python3.12/site-packages/airflow/example_dags/example_external_task_marker_dag.py took 0.057 seconds
[2025-09-21T04:56:09.171+0000] {processor.py:186} INFO - Started process (PID=1087) to work on /home/airflow/.local/lib/python3.12/site-packages/airflow/example_dags/example_external_task_marker_dag.py
[2025-09-21T04:56:09.172+0000] {processor.py:914} INFO - Processing file /home/airflow/.local/lib/python3.12/site-packages/airflow/example_dags/example_external_task_marker_dag.py for tasks to queue
[2025-09-21T04:56:09.175+0000] {logging_mixin.py:190} INFO - [2025-09-21T04:56:09.174+0000] {dagbag.py:588} INFO - Filling up the DagBag from /home/airflow/.local/lib/python3.12/site-packages/airflow/example_dags/example_external_task_marker_dag.py
[2025-09-21T04:56:09.184+0000] {processor.py:925} INFO - DAG(s) 'example_external_task_marker_child', 'example_external_task_marker_parent' retrieved from /home/airflow/.local/lib/python3.12/site-packages/airflow/example_dags/example_external_task_marker_dag.py
[2025-09-21T04:56:09.213+0000] {logging_mixin.py:190} INFO - [2025-09-21T04:56:09.213+0000] {dag.py:3239} INFO - Sync 2 DAGs
[2025-09-21T04:56:09.231+0000] {logging_mixin.py:190} INFO - [2025-09-21T04:56:09.231+0000] {dag.py:4180} INFO - Setting next_dagrun for example_external_task_marker_child to None, run_after=None
[2025-09-21T04:56:09.237+0000] {logging_mixin.py:190} INFO - [2025-09-21T04:56:09.237+0000] {dag.py:4180} INFO - Setting next_dagrun for example_external_task_marker_parent to None, run_after=None
[2025-09-21T04:56:09.262+0000] {processor.py:208} INFO - Processing /home/airflow/.local/lib/python3.12/site-packages/airflow/example_dags/example_external_task_marker_dag.py took 0.097 seconds
[2025-09-21T04:56:39.447+0000] {processor.py:186} INFO - Started process (PID=1149) to work on /home/airflow/.local/lib/python3.12/site-packages/airflow/example_dags/example_external_task_marker_dag.py
[2025-09-21T04:56:39.448+0000] {processor.py:914} INFO - Processing file /home/airflow/.local/lib/python3.12/site-packages/airflow/example_dags/example_external_task_marker_dag.py for tasks to queue
[2025-09-21T04:56:39.451+0000] {logging_mixin.py:190} INFO - [2025-09-21T04:56:39.450+0000] {dagbag.py:588} INFO - Filling up the DagBag from /home/airflow/.local/lib/python3.12/site-packages/airflow/example_dags/example_external_task_marker_dag.py
[2025-09-21T04:56:39.459+0000] {processor.py:925} INFO - DAG(s) 'example_external_task_marker_parent', 'example_external_task_marker_child' retrieved from /home/airflow/.local/lib/python3.12/site-packages/airflow/example_dags/example_external_task_marker_dag.py
[2025-09-21T04:56:39.482+0000] {logging_mixin.py:190} INFO - [2025-09-21T04:56:39.481+0000] {dag.py:3239} INFO - Sync 2 DAGs
[2025-09-21T04:56:39.500+0000] {logging_mixin.py:190} INFO - [2025-09-21T04:56:39.500+0000] {dag.py:4180} INFO - Setting next_dagrun for example_external_task_marker_child to None, run_after=None
[2025-09-21T04:56:39.504+0000] {logging_mixin.py:190} INFO - [2025-09-21T04:56:39.504+0000] {dag.py:4180} INFO - Setting next_dagrun for example_external_task_marker_parent to None, run_after=None
[2025-09-21T04:56:39.519+0000] {processor.py:208} INFO - Processing /home/airflow/.local/lib/python3.12/site-packages/airflow/example_dags/example_external_task_marker_dag.py took 0.078 seconds
[2025-09-21T04:57:09.702+0000] {processor.py:186} INFO - Started process (PID=1212) to work on /home/airflow/.local/lib/python3.12/site-packages/airflow/example_dags/example_external_task_marker_dag.py
[2025-09-21T04:57:09.703+0000] {processor.py:914} INFO - Processing file /home/airflow/.local/lib/python3.12/site-packages/airflow/example_dags/example_external_task_marker_dag.py for tasks to queue
[2025-09-21T04:57:09.706+0000] {logging_mixin.py:190} INFO - [2025-09-21T04:57:09.705+0000] {dagbag.py:588} INFO - Filling up the DagBag from /home/airflow/.local/lib/python3.12/site-packages/airflow/example_dags/example_external_task_marker_dag.py
[2025-09-21T04:57:09.714+0000] {processor.py:925} INFO - DAG(s) 'example_external_task_marker_child', 'example_external_task_marker_parent' retrieved from /home/airflow/.local/lib/python3.12/site-packages/airflow/example_dags/example_external_task_marker_dag.py
[2025-09-21T04:57:09.740+0000] {logging_mixin.py:190} INFO - [2025-09-21T04:57:09.740+0000] {dag.py:3239} INFO - Sync 2 DAGs
[2025-09-21T04:57:09.758+0000] {logging_mixin.py:190} INFO - [2025-09-21T04:57:09.758+0000] {dag.py:4180} INFO - Setting next_dagrun for example_external_task_marker_child to None, run_after=None
[2025-09-21T04:57:09.762+0000] {logging_mixin.py:190} INFO - [2025-09-21T04:57:09.762+0000] {dag.py:4180} INFO - Setting next_dagrun for example_external_task_marker_parent to None, run_after=None
[2025-09-21T04:57:09.778+0000] {processor.py:208} INFO - Processing /home/airflow/.local/lib/python3.12/site-packages/airflow/example_dags/example_external_task_marker_dag.py took 0.082 seconds
[2025-09-21T04:57:40.779+0000] {processor.py:186} INFO - Started process (PID=1274) to work on /home/airflow/.local/lib/python3.12/site-packages/airflow/example_dags/example_external_task_marker_dag.py
[2025-09-21T04:57:40.780+0000] {processor.py:914} INFO - Processing file /home/airflow/.local/lib/python3.12/site-packages/airflow/example_dags/example_external_task_marker_dag.py for tasks to queue
[2025-09-21T04:57:40.782+0000] {logging_mixin.py:190} INFO - [2025-09-21T04:57:40.782+0000] {dagbag.py:588} INFO - Filling up the DagBag from /home/airflow/.local/lib/python3.12/site-packages/airflow/example_dags/example_external_task_marker_dag.py
[2025-09-21T04:57:40.788+0000] {processor.py:925} INFO - DAG(s) 'example_external_task_marker_parent', 'example_external_task_marker_child' retrieved from /home/airflow/.local/lib/python3.12/site-packages/airflow/example_dags/example_external_task_marker_dag.py
[2025-09-21T04:57:40.806+0000] {logging_mixin.py:190} INFO - [2025-09-21T04:57:40.806+0000] {dag.py:3239} INFO - Sync 2 DAGs
[2025-09-21T04:57:40.817+0000] {logging_mixin.py:190} INFO - [2025-09-21T04:57:40.817+0000] {dag.py:4180} INFO - Setting next_dagrun for example_external_task_marker_child to None, run_after=None
[2025-09-21T04:57:40.820+0000] {logging_mixin.py:190} INFO - [2025-09-21T04:57:40.820+0000] {dag.py:4180} INFO - Setting next_dagrun for example_external_task_marker_parent to None, run_after=None
[2025-09-21T04:57:40.833+0000] {processor.py:208} INFO - Processing /home/airflow/.local/lib/python3.12/site-packages/airflow/example_dags/example_external_task_marker_dag.py took 0.058 seconds
