[2025-09-21T04:48:08.933+0000] {processor.py:186} INFO - Started process (PID=112) to work on /home/airflow/.local/lib/python3.12/site-packages/airflow/example_dags/example_skip_dag.py
[2025-09-21T04:48:08.937+0000] {processor.py:914} INFO - Processing file /home/airflow/.local/lib/python3.12/site-packages/airflow/example_dags/example_skip_dag.py for tasks to queue
[2025-09-21T04:48:08.941+0000] {logging_mixin.py:190} INFO - [2025-09-21T04:48:08.940+0000] {dagbag.py:588} INFO - Filling up the DagBag from /home/airflow/.local/lib/python3.12/site-packages/airflow/example_dags/example_skip_dag.py
[2025-09-21T04:48:08.985+0000] {processor.py:925} INFO - DAG(s) 'example_skip_dag' retrieved from /home/airflow/.local/lib/python3.12/site-packages/airflow/example_dags/example_skip_dag.py
[2025-09-21T04:48:09.198+0000] {logging_mixin.py:190} INFO - [2025-09-21T04:48:09.196+0000] {override.py:1911} INFO - Created Permission View: can delete on DAG:example_skip_dag
[2025-09-21T04:48:09.217+0000] {logging_mixin.py:190} INFO - [2025-09-21T04:48:09.216+0000] {override.py:1911} INFO - Created Permission View: can read on DAG:example_skip_dag
[2025-09-21T04:48:09.228+0000] {logging_mixin.py:190} INFO - [2025-09-21T04:48:09.228+0000] {override.py:1911} INFO - Created Permission View: can edit on DAG:example_skip_dag
[2025-09-21T04:48:09.234+0000] {logging_mixin.py:190} INFO - [2025-09-21T04:48:09.234+0000] {override.py:1911} INFO - Created Permission View: can read on DAG Run:example_skip_dag
[2025-09-21T04:48:09.239+0000] {logging_mixin.py:190} INFO - [2025-09-21T04:48:09.239+0000] {override.py:1911} INFO - Created Permission View: menu access on DAG Run:example_skip_dag
[2025-09-21T04:48:09.246+0000] {logging_mixin.py:190} INFO - [2025-09-21T04:48:09.246+0000] {override.py:1911} INFO - Created Permission View: can delete on DAG Run:example_skip_dag
[2025-09-21T04:48:09.252+0000] {logging_mixin.py:190} INFO - [2025-09-21T04:48:09.252+0000] {override.py:1911} INFO - Created Permission View: can create on DAG Run:example_skip_dag
[2025-09-21T04:48:09.252+0000] {logging_mixin.py:190} INFO - [2025-09-21T04:48:09.252+0000] {dag.py:3239} INFO - Sync 1 DAGs
[2025-09-21T04:48:09.271+0000] {logging_mixin.py:190} INFO - [2025-09-21T04:48:09.270+0000] {dag.py:3262} INFO - Creating ORM DAG for example_skip_dag
[2025-09-21T04:48:09.281+0000] {logging_mixin.py:190} INFO - [2025-09-21T04:48:09.281+0000] {dag.py:4180} INFO - Setting next_dagrun for example_skip_dag to 2025-09-20 00:00:00+00:00, run_after=2025-09-21 00:00:00+00:00
[2025-09-21T04:48:09.307+0000] {processor.py:208} INFO - Processing /home/airflow/.local/lib/python3.12/site-packages/airflow/example_dags/example_skip_dag.py took 0.394 seconds
[2025-09-21T04:48:39.521+0000] {processor.py:186} INFO - Started process (PID=174) to work on /home/airflow/.local/lib/python3.12/site-packages/airflow/example_dags/example_skip_dag.py
[2025-09-21T04:48:39.522+0000] {processor.py:914} INFO - Processing file /home/airflow/.local/lib/python3.12/site-packages/airflow/example_dags/example_skip_dag.py for tasks to queue
[2025-09-21T04:48:39.524+0000] {logging_mixin.py:190} INFO - [2025-09-21T04:48:39.524+0000] {dagbag.py:588} INFO - Filling up the DagBag from /home/airflow/.local/lib/python3.12/site-packages/airflow/example_dags/example_skip_dag.py
[2025-09-21T04:48:39.533+0000] {processor.py:925} INFO - DAG(s) 'example_skip_dag' retrieved from /home/airflow/.local/lib/python3.12/site-packages/airflow/example_dags/example_skip_dag.py
[2025-09-21T04:48:39.558+0000] {logging_mixin.py:190} INFO - [2025-09-21T04:48:39.558+0000] {dag.py:3239} INFO - Sync 1 DAGs
[2025-09-21T04:48:39.581+0000] {logging_mixin.py:190} INFO - [2025-09-21T04:48:39.581+0000] {dag.py:4180} INFO - Setting next_dagrun for example_skip_dag to 2025-09-20 00:00:00+00:00, run_after=2025-09-21 00:00:00+00:00
[2025-09-21T04:48:39.599+0000] {processor.py:208} INFO - Processing /home/airflow/.local/lib/python3.12/site-packages/airflow/example_dags/example_skip_dag.py took 0.084 seconds
[2025-09-21T04:49:10.647+0000] {processor.py:186} INFO - Started process (PID=237) to work on /home/airflow/.local/lib/python3.12/site-packages/airflow/example_dags/example_skip_dag.py
[2025-09-21T04:49:10.648+0000] {processor.py:914} INFO - Processing file /home/airflow/.local/lib/python3.12/site-packages/airflow/example_dags/example_skip_dag.py for tasks to queue
[2025-09-21T04:49:10.650+0000] {logging_mixin.py:190} INFO - [2025-09-21T04:49:10.650+0000] {dagbag.py:588} INFO - Filling up the DagBag from /home/airflow/.local/lib/python3.12/site-packages/airflow/example_dags/example_skip_dag.py
[2025-09-21T04:49:10.665+0000] {processor.py:925} INFO - DAG(s) 'example_skip_dag' retrieved from /home/airflow/.local/lib/python3.12/site-packages/airflow/example_dags/example_skip_dag.py
[2025-09-21T04:49:10.708+0000] {logging_mixin.py:190} INFO - [2025-09-21T04:49:10.707+0000] {dag.py:3239} INFO - Sync 1 DAGs
[2025-09-21T04:49:10.756+0000] {logging_mixin.py:190} INFO - [2025-09-21T04:49:10.756+0000] {dag.py:4180} INFO - Setting next_dagrun for example_skip_dag to 2025-09-20 00:00:00+00:00, run_after=2025-09-21 00:00:00+00:00
[2025-09-21T04:49:10.785+0000] {processor.py:208} INFO - Processing /home/airflow/.local/lib/python3.12/site-packages/airflow/example_dags/example_skip_dag.py took 0.149 seconds
[2025-09-21T04:49:41.532+0000] {processor.py:186} INFO - Started process (PID=300) to work on /home/airflow/.local/lib/python3.12/site-packages/airflow/example_dags/example_skip_dag.py
[2025-09-21T04:49:41.533+0000] {processor.py:914} INFO - Processing file /home/airflow/.local/lib/python3.12/site-packages/airflow/example_dags/example_skip_dag.py for tasks to queue
[2025-09-21T04:49:41.535+0000] {logging_mixin.py:190} INFO - [2025-09-21T04:49:41.535+0000] {dagbag.py:588} INFO - Filling up the DagBag from /home/airflow/.local/lib/python3.12/site-packages/airflow/example_dags/example_skip_dag.py
[2025-09-21T04:49:41.559+0000] {processor.py:925} INFO - DAG(s) 'example_skip_dag' retrieved from /home/airflow/.local/lib/python3.12/site-packages/airflow/example_dags/example_skip_dag.py
[2025-09-21T04:49:41.587+0000] {logging_mixin.py:190} INFO - [2025-09-21T04:49:41.587+0000] {dag.py:3239} INFO - Sync 1 DAGs
[2025-09-21T04:49:41.617+0000] {logging_mixin.py:190} INFO - [2025-09-21T04:49:41.617+0000] {dag.py:4180} INFO - Setting next_dagrun for example_skip_dag to 2025-09-20 00:00:00+00:00, run_after=2025-09-21 00:00:00+00:00
[2025-09-21T04:49:41.636+0000] {processor.py:208} INFO - Processing /home/airflow/.local/lib/python3.12/site-packages/airflow/example_dags/example_skip_dag.py took 0.113 seconds
[2025-09-21T04:50:12.532+0000] {processor.py:186} INFO - Started process (PID=363) to work on /home/airflow/.local/lib/python3.12/site-packages/airflow/example_dags/example_skip_dag.py
[2025-09-21T04:50:12.533+0000] {processor.py:914} INFO - Processing file /home/airflow/.local/lib/python3.12/site-packages/airflow/example_dags/example_skip_dag.py for tasks to queue
[2025-09-21T04:50:12.535+0000] {logging_mixin.py:190} INFO - [2025-09-21T04:50:12.535+0000] {dagbag.py:588} INFO - Filling up the DagBag from /home/airflow/.local/lib/python3.12/site-packages/airflow/example_dags/example_skip_dag.py
[2025-09-21T04:50:12.544+0000] {processor.py:925} INFO - DAG(s) 'example_skip_dag' retrieved from /home/airflow/.local/lib/python3.12/site-packages/airflow/example_dags/example_skip_dag.py
[2025-09-21T04:50:12.568+0000] {logging_mixin.py:190} INFO - [2025-09-21T04:50:12.567+0000] {dag.py:3239} INFO - Sync 1 DAGs
[2025-09-21T04:50:12.596+0000] {logging_mixin.py:190} INFO - [2025-09-21T04:50:12.596+0000] {dag.py:4180} INFO - Setting next_dagrun for example_skip_dag to 2025-09-20 00:00:00+00:00, run_after=2025-09-21 00:00:00+00:00
[2025-09-21T04:50:12.614+0000] {processor.py:208} INFO - Processing /home/airflow/.local/lib/python3.12/site-packages/airflow/example_dags/example_skip_dag.py took 0.089 seconds
[2025-09-21T04:50:42.909+0000] {processor.py:186} INFO - Started process (PID=424) to work on /home/airflow/.local/lib/python3.12/site-packages/airflow/example_dags/example_skip_dag.py
[2025-09-21T04:50:42.912+0000] {processor.py:914} INFO - Processing file /home/airflow/.local/lib/python3.12/site-packages/airflow/example_dags/example_skip_dag.py for tasks to queue
[2025-09-21T04:50:42.918+0000] {logging_mixin.py:190} INFO - [2025-09-21T04:50:42.918+0000] {dagbag.py:588} INFO - Filling up the DagBag from /home/airflow/.local/lib/python3.12/site-packages/airflow/example_dags/example_skip_dag.py
[2025-09-21T04:50:42.961+0000] {processor.py:925} INFO - DAG(s) 'example_skip_dag' retrieved from /home/airflow/.local/lib/python3.12/site-packages/airflow/example_dags/example_skip_dag.py
[2025-09-21T04:50:43.136+0000] {logging_mixin.py:190} INFO - [2025-09-21T04:50:43.136+0000] {dag.py:3239} INFO - Sync 1 DAGs
[2025-09-21T04:50:43.210+0000] {logging_mixin.py:190} INFO - [2025-09-21T04:50:43.210+0000] {dag.py:4180} INFO - Setting next_dagrun for example_skip_dag to 2025-09-20 00:00:00+00:00, run_after=2025-09-21 00:00:00+00:00
[2025-09-21T04:50:43.366+0000] {processor.py:208} INFO - Processing /home/airflow/.local/lib/python3.12/site-packages/airflow/example_dags/example_skip_dag.py took 0.479 seconds
[2025-09-21T04:51:13.714+0000] {processor.py:186} INFO - Started process (PID=486) to work on /home/airflow/.local/lib/python3.12/site-packages/airflow/example_dags/example_skip_dag.py
[2025-09-21T04:51:13.715+0000] {processor.py:914} INFO - Processing file /home/airflow/.local/lib/python3.12/site-packages/airflow/example_dags/example_skip_dag.py for tasks to queue
[2025-09-21T04:51:13.717+0000] {logging_mixin.py:190} INFO - [2025-09-21T04:51:13.716+0000] {dagbag.py:588} INFO - Filling up the DagBag from /home/airflow/.local/lib/python3.12/site-packages/airflow/example_dags/example_skip_dag.py
[2025-09-21T04:51:13.724+0000] {processor.py:925} INFO - DAG(s) 'example_skip_dag' retrieved from /home/airflow/.local/lib/python3.12/site-packages/airflow/example_dags/example_skip_dag.py
[2025-09-21T04:51:13.748+0000] {logging_mixin.py:190} INFO - [2025-09-21T04:51:13.748+0000] {dag.py:3239} INFO - Sync 1 DAGs
[2025-09-21T04:51:13.775+0000] {logging_mixin.py:190} INFO - [2025-09-21T04:51:13.775+0000] {dag.py:4180} INFO - Setting next_dagrun for example_skip_dag to 2025-09-20 00:00:00+00:00, run_after=2025-09-21 00:00:00+00:00
[2025-09-21T04:51:13.792+0000] {processor.py:208} INFO - Processing /home/airflow/.local/lib/python3.12/site-packages/airflow/example_dags/example_skip_dag.py took 0.084 seconds
[2025-09-21T04:51:44.074+0000] {processor.py:186} INFO - Started process (PID=550) to work on /home/airflow/.local/lib/python3.12/site-packages/airflow/example_dags/example_skip_dag.py
[2025-09-21T04:51:44.074+0000] {processor.py:914} INFO - Processing file /home/airflow/.local/lib/python3.12/site-packages/airflow/example_dags/example_skip_dag.py for tasks to queue
[2025-09-21T04:51:44.076+0000] {logging_mixin.py:190} INFO - [2025-09-21T04:51:44.076+0000] {dagbag.py:588} INFO - Filling up the DagBag from /home/airflow/.local/lib/python3.12/site-packages/airflow/example_dags/example_skip_dag.py
[2025-09-21T04:51:44.082+0000] {processor.py:925} INFO - DAG(s) 'example_skip_dag' retrieved from /home/airflow/.local/lib/python3.12/site-packages/airflow/example_dags/example_skip_dag.py
[2025-09-21T04:51:44.099+0000] {logging_mixin.py:190} INFO - [2025-09-21T04:51:44.098+0000] {dag.py:3239} INFO - Sync 1 DAGs
[2025-09-21T04:51:44.117+0000] {logging_mixin.py:190} INFO - [2025-09-21T04:51:44.116+0000] {dag.py:4180} INFO - Setting next_dagrun for example_skip_dag to 2025-09-20 00:00:00+00:00, run_after=2025-09-21 00:00:00+00:00
[2025-09-21T04:51:44.130+0000] {processor.py:208} INFO - Processing /home/airflow/.local/lib/python3.12/site-packages/airflow/example_dags/example_skip_dag.py took 0.061 seconds
[2025-09-21T04:52:14.276+0000] {processor.py:186} INFO - Started process (PID=613) to work on /home/airflow/.local/lib/python3.12/site-packages/airflow/example_dags/example_skip_dag.py
[2025-09-21T04:52:14.277+0000] {processor.py:914} INFO - Processing file /home/airflow/.local/lib/python3.12/site-packages/airflow/example_dags/example_skip_dag.py for tasks to queue
[2025-09-21T04:52:14.280+0000] {logging_mixin.py:190} INFO - [2025-09-21T04:52:14.280+0000] {dagbag.py:588} INFO - Filling up the DagBag from /home/airflow/.local/lib/python3.12/site-packages/airflow/example_dags/example_skip_dag.py
[2025-09-21T04:52:14.288+0000] {processor.py:925} INFO - DAG(s) 'example_skip_dag' retrieved from /home/airflow/.local/lib/python3.12/site-packages/airflow/example_dags/example_skip_dag.py
[2025-09-21T04:52:14.312+0000] {logging_mixin.py:190} INFO - [2025-09-21T04:52:14.311+0000] {dag.py:3239} INFO - Sync 1 DAGs
[2025-09-21T04:52:14.340+0000] {logging_mixin.py:190} INFO - [2025-09-21T04:52:14.339+0000] {dag.py:4180} INFO - Setting next_dagrun for example_skip_dag to 2025-09-20 00:00:00+00:00, run_after=2025-09-21 00:00:00+00:00
[2025-09-21T04:52:14.357+0000] {processor.py:208} INFO - Processing /home/airflow/.local/lib/python3.12/site-packages/airflow/example_dags/example_skip_dag.py took 0.090 seconds
[2025-09-21T04:52:45.038+0000] {processor.py:186} INFO - Started process (PID=676) to work on /home/airflow/.local/lib/python3.12/site-packages/airflow/example_dags/example_skip_dag.py
[2025-09-21T04:52:45.039+0000] {processor.py:914} INFO - Processing file /home/airflow/.local/lib/python3.12/site-packages/airflow/example_dags/example_skip_dag.py for tasks to queue
[2025-09-21T04:52:45.042+0000] {logging_mixin.py:190} INFO - [2025-09-21T04:52:45.041+0000] {dagbag.py:588} INFO - Filling up the DagBag from /home/airflow/.local/lib/python3.12/site-packages/airflow/example_dags/example_skip_dag.py
[2025-09-21T04:52:45.052+0000] {processor.py:925} INFO - DAG(s) 'example_skip_dag' retrieved from /home/airflow/.local/lib/python3.12/site-packages/airflow/example_dags/example_skip_dag.py
[2025-09-21T04:52:45.073+0000] {logging_mixin.py:190} INFO - [2025-09-21T04:52:45.073+0000] {dag.py:3239} INFO - Sync 1 DAGs
[2025-09-21T04:52:45.106+0000] {logging_mixin.py:190} INFO - [2025-09-21T04:52:45.105+0000] {dag.py:4180} INFO - Setting next_dagrun for example_skip_dag to 2025-09-20 00:00:00+00:00, run_after=2025-09-21 00:00:00+00:00
[2025-09-21T04:52:45.123+0000] {processor.py:208} INFO - Processing /home/airflow/.local/lib/python3.12/site-packages/airflow/example_dags/example_skip_dag.py took 0.090 seconds
[2025-09-21T04:53:15.219+0000] {processor.py:186} INFO - Started process (PID=739) to work on /home/airflow/.local/lib/python3.12/site-packages/airflow/example_dags/example_skip_dag.py
[2025-09-21T04:53:15.219+0000] {processor.py:914} INFO - Processing file /home/airflow/.local/lib/python3.12/site-packages/airflow/example_dags/example_skip_dag.py for tasks to queue
[2025-09-21T04:53:15.222+0000] {logging_mixin.py:190} INFO - [2025-09-21T04:53:15.221+0000] {dagbag.py:588} INFO - Filling up the DagBag from /home/airflow/.local/lib/python3.12/site-packages/airflow/example_dags/example_skip_dag.py
[2025-09-21T04:53:15.230+0000] {processor.py:925} INFO - DAG(s) 'example_skip_dag' retrieved from /home/airflow/.local/lib/python3.12/site-packages/airflow/example_dags/example_skip_dag.py
[2025-09-21T04:53:15.280+0000] {logging_mixin.py:190} INFO - [2025-09-21T04:53:15.280+0000] {dag.py:3239} INFO - Sync 1 DAGs
[2025-09-21T04:53:15.315+0000] {logging_mixin.py:190} INFO - [2025-09-21T04:53:15.315+0000] {dag.py:4180} INFO - Setting next_dagrun for example_skip_dag to 2025-09-20 00:00:00+00:00, run_after=2025-09-21 00:00:00+00:00
[2025-09-21T04:53:15.341+0000] {processor.py:208} INFO - Processing /home/airflow/.local/lib/python3.12/site-packages/airflow/example_dags/example_skip_dag.py took 0.134 seconds
[2025-09-21T04:53:45.521+0000] {processor.py:186} INFO - Started process (PID=802) to work on /home/airflow/.local/lib/python3.12/site-packages/airflow/example_dags/example_skip_dag.py
[2025-09-21T04:53:45.522+0000] {processor.py:914} INFO - Processing file /home/airflow/.local/lib/python3.12/site-packages/airflow/example_dags/example_skip_dag.py for tasks to queue
[2025-09-21T04:53:45.524+0000] {logging_mixin.py:190} INFO - [2025-09-21T04:53:45.524+0000] {dagbag.py:588} INFO - Filling up the DagBag from /home/airflow/.local/lib/python3.12/site-packages/airflow/example_dags/example_skip_dag.py
[2025-09-21T04:53:45.532+0000] {processor.py:925} INFO - DAG(s) 'example_skip_dag' retrieved from /home/airflow/.local/lib/python3.12/site-packages/airflow/example_dags/example_skip_dag.py
[2025-09-21T04:53:45.554+0000] {logging_mixin.py:190} INFO - [2025-09-21T04:53:45.554+0000] {dag.py:3239} INFO - Sync 1 DAGs
[2025-09-21T04:53:45.577+0000] {logging_mixin.py:190} INFO - [2025-09-21T04:53:45.577+0000] {dag.py:4180} INFO - Setting next_dagrun for example_skip_dag to 2025-09-20 00:00:00+00:00, run_after=2025-09-21 00:00:00+00:00
[2025-09-21T04:53:45.592+0000] {processor.py:208} INFO - Processing /home/airflow/.local/lib/python3.12/site-packages/airflow/example_dags/example_skip_dag.py took 0.077 seconds
[2025-09-21T04:54:16.542+0000] {processor.py:186} INFO - Started process (PID=865) to work on /home/airflow/.local/lib/python3.12/site-packages/airflow/example_dags/example_skip_dag.py
[2025-09-21T04:54:16.543+0000] {processor.py:914} INFO - Processing file /home/airflow/.local/lib/python3.12/site-packages/airflow/example_dags/example_skip_dag.py for tasks to queue
[2025-09-21T04:54:16.545+0000] {logging_mixin.py:190} INFO - [2025-09-21T04:54:16.545+0000] {dagbag.py:588} INFO - Filling up the DagBag from /home/airflow/.local/lib/python3.12/site-packages/airflow/example_dags/example_skip_dag.py
[2025-09-21T04:54:16.554+0000] {processor.py:925} INFO - DAG(s) 'example_skip_dag' retrieved from /home/airflow/.local/lib/python3.12/site-packages/airflow/example_dags/example_skip_dag.py
[2025-09-21T04:54:16.578+0000] {logging_mixin.py:190} INFO - [2025-09-21T04:54:16.578+0000] {dag.py:3239} INFO - Sync 1 DAGs
[2025-09-21T04:54:16.612+0000] {logging_mixin.py:190} INFO - [2025-09-21T04:54:16.611+0000] {dag.py:4180} INFO - Setting next_dagrun for example_skip_dag to 2025-09-20 00:00:00+00:00, run_after=2025-09-21 00:00:00+00:00
[2025-09-21T04:54:16.629+0000] {processor.py:208} INFO - Processing /home/airflow/.local/lib/python3.12/site-packages/airflow/example_dags/example_skip_dag.py took 0.094 seconds
[2025-09-21T04:54:47.558+0000] {processor.py:186} INFO - Started process (PID=928) to work on /home/airflow/.local/lib/python3.12/site-packages/airflow/example_dags/example_skip_dag.py
[2025-09-21T04:54:47.568+0000] {processor.py:914} INFO - Processing file /home/airflow/.local/lib/python3.12/site-packages/airflow/example_dags/example_skip_dag.py for tasks to queue
[2025-09-21T04:54:47.583+0000] {logging_mixin.py:190} INFO - [2025-09-21T04:54:47.580+0000] {dagbag.py:588} INFO - Filling up the DagBag from /home/airflow/.local/lib/python3.12/site-packages/airflow/example_dags/example_skip_dag.py
[2025-09-21T04:54:47.617+0000] {processor.py:925} INFO - DAG(s) 'example_skip_dag' retrieved from /home/airflow/.local/lib/python3.12/site-packages/airflow/example_dags/example_skip_dag.py
[2025-09-21T04:54:47.672+0000] {logging_mixin.py:190} INFO - [2025-09-21T04:54:47.671+0000] {dag.py:3239} INFO - Sync 1 DAGs
[2025-09-21T04:54:47.722+0000] {logging_mixin.py:190} INFO - [2025-09-21T04:54:47.722+0000] {dag.py:4180} INFO - Setting next_dagrun for example_skip_dag to 2025-09-20 00:00:00+00:00, run_after=2025-09-21 00:00:00+00:00
[2025-09-21T04:54:47.762+0000] {processor.py:208} INFO - Processing /home/airflow/.local/lib/python3.12/site-packages/airflow/example_dags/example_skip_dag.py took 0.252 seconds
[2025-09-21T04:55:18.284+0000] {processor.py:186} INFO - Started process (PID=990) to work on /home/airflow/.local/lib/python3.12/site-packages/airflow/example_dags/example_skip_dag.py
[2025-09-21T04:55:18.287+0000] {processor.py:914} INFO - Processing file /home/airflow/.local/lib/python3.12/site-packages/airflow/example_dags/example_skip_dag.py for tasks to queue
[2025-09-21T04:55:18.294+0000] {logging_mixin.py:190} INFO - [2025-09-21T04:55:18.292+0000] {dagbag.py:588} INFO - Filling up the DagBag from /home/airflow/.local/lib/python3.12/site-packages/airflow/example_dags/example_skip_dag.py
[2025-09-21T04:55:18.312+0000] {processor.py:925} INFO - DAG(s) 'example_skip_dag' retrieved from /home/airflow/.local/lib/python3.12/site-packages/airflow/example_dags/example_skip_dag.py
[2025-09-21T04:55:18.364+0000] {logging_mixin.py:190} INFO - [2025-09-21T04:55:18.364+0000] {dag.py:3239} INFO - Sync 1 DAGs
[2025-09-21T04:55:18.426+0000] {logging_mixin.py:190} INFO - [2025-09-21T04:55:18.425+0000] {dag.py:4180} INFO - Setting next_dagrun for example_skip_dag to 2025-09-20 00:00:00+00:00, run_after=2025-09-21 00:00:00+00:00
[2025-09-21T04:55:18.468+0000] {processor.py:208} INFO - Processing /home/airflow/.local/lib/python3.12/site-packages/airflow/example_dags/example_skip_dag.py took 0.196 seconds
[2025-09-21T04:55:48.785+0000] {processor.py:186} INFO - Started process (PID=1053) to work on /home/airflow/.local/lib/python3.12/site-packages/airflow/example_dags/example_skip_dag.py
[2025-09-21T04:55:48.785+0000] {processor.py:914} INFO - Processing file /home/airflow/.local/lib/python3.12/site-packages/airflow/example_dags/example_skip_dag.py for tasks to queue
[2025-09-21T04:55:48.787+0000] {logging_mixin.py:190} INFO - [2025-09-21T04:55:48.787+0000] {dagbag.py:588} INFO - Filling up the DagBag from /home/airflow/.local/lib/python3.12/site-packages/airflow/example_dags/example_skip_dag.py
[2025-09-21T04:55:48.796+0000] {processor.py:925} INFO - DAG(s) 'example_skip_dag' retrieved from /home/airflow/.local/lib/python3.12/site-packages/airflow/example_dags/example_skip_dag.py
[2025-09-21T04:55:48.820+0000] {logging_mixin.py:190} INFO - [2025-09-21T04:55:48.820+0000] {dag.py:3239} INFO - Sync 1 DAGs
[2025-09-21T04:55:48.846+0000] {logging_mixin.py:190} INFO - [2025-09-21T04:55:48.846+0000] {dag.py:4180} INFO - Setting next_dagrun for example_skip_dag to 2025-09-20 00:00:00+00:00, run_after=2025-09-21 00:00:00+00:00
[2025-09-21T04:55:48.868+0000] {processor.py:208} INFO - Processing /home/airflow/.local/lib/python3.12/site-packages/airflow/example_dags/example_skip_dag.py took 0.089 seconds
[2025-09-21T04:56:19.369+0000] {processor.py:186} INFO - Started process (PID=1116) to work on /home/airflow/.local/lib/python3.12/site-packages/airflow/example_dags/example_skip_dag.py
[2025-09-21T04:56:19.370+0000] {processor.py:914} INFO - Processing file /home/airflow/.local/lib/python3.12/site-packages/airflow/example_dags/example_skip_dag.py for tasks to queue
[2025-09-21T04:56:19.372+0000] {logging_mixin.py:190} INFO - [2025-09-21T04:56:19.371+0000] {dagbag.py:588} INFO - Filling up the DagBag from /home/airflow/.local/lib/python3.12/site-packages/airflow/example_dags/example_skip_dag.py
[2025-09-21T04:56:19.380+0000] {processor.py:925} INFO - DAG(s) 'example_skip_dag' retrieved from /home/airflow/.local/lib/python3.12/site-packages/airflow/example_dags/example_skip_dag.py
[2025-09-21T04:56:19.405+0000] {logging_mixin.py:190} INFO - [2025-09-21T04:56:19.404+0000] {dag.py:3239} INFO - Sync 1 DAGs
[2025-09-21T04:56:19.432+0000] {logging_mixin.py:190} INFO - [2025-09-21T04:56:19.431+0000] {dag.py:4180} INFO - Setting next_dagrun for example_skip_dag to 2025-09-20 00:00:00+00:00, run_after=2025-09-21 00:00:00+00:00
[2025-09-21T04:56:19.450+0000] {processor.py:208} INFO - Processing /home/airflow/.local/lib/python3.12/site-packages/airflow/example_dags/example_skip_dag.py took 0.087 seconds
[2025-09-21T04:56:50.065+0000] {processor.py:186} INFO - Started process (PID=1178) to work on /home/airflow/.local/lib/python3.12/site-packages/airflow/example_dags/example_skip_dag.py
[2025-09-21T04:56:50.066+0000] {processor.py:914} INFO - Processing file /home/airflow/.local/lib/python3.12/site-packages/airflow/example_dags/example_skip_dag.py for tasks to queue
[2025-09-21T04:56:50.068+0000] {logging_mixin.py:190} INFO - [2025-09-21T04:56:50.068+0000] {dagbag.py:588} INFO - Filling up the DagBag from /home/airflow/.local/lib/python3.12/site-packages/airflow/example_dags/example_skip_dag.py
[2025-09-21T04:56:50.077+0000] {processor.py:925} INFO - DAG(s) 'example_skip_dag' retrieved from /home/airflow/.local/lib/python3.12/site-packages/airflow/example_dags/example_skip_dag.py
[2025-09-21T04:56:50.101+0000] {logging_mixin.py:190} INFO - [2025-09-21T04:56:50.101+0000] {dag.py:3239} INFO - Sync 1 DAGs
[2025-09-21T04:56:50.128+0000] {logging_mixin.py:190} INFO - [2025-09-21T04:56:50.128+0000] {dag.py:4180} INFO - Setting next_dagrun for example_skip_dag to 2025-09-20 00:00:00+00:00, run_after=2025-09-21 00:00:00+00:00
[2025-09-21T04:56:50.145+0000] {processor.py:208} INFO - Processing /home/airflow/.local/lib/python3.12/site-packages/airflow/example_dags/example_skip_dag.py took 0.085 seconds
[2025-09-21T04:57:20.460+0000] {processor.py:186} INFO - Started process (PID=1241) to work on /home/airflow/.local/lib/python3.12/site-packages/airflow/example_dags/example_skip_dag.py
[2025-09-21T04:57:20.461+0000] {processor.py:914} INFO - Processing file /home/airflow/.local/lib/python3.12/site-packages/airflow/example_dags/example_skip_dag.py for tasks to queue
[2025-09-21T04:57:20.463+0000] {logging_mixin.py:190} INFO - [2025-09-21T04:57:20.463+0000] {dagbag.py:588} INFO - Filling up the DagBag from /home/airflow/.local/lib/python3.12/site-packages/airflow/example_dags/example_skip_dag.py
[2025-09-21T04:57:20.472+0000] {processor.py:925} INFO - DAG(s) 'example_skip_dag' retrieved from /home/airflow/.local/lib/python3.12/site-packages/airflow/example_dags/example_skip_dag.py
[2025-09-21T04:57:20.496+0000] {logging_mixin.py:190} INFO - [2025-09-21T04:57:20.496+0000] {dag.py:3239} INFO - Sync 1 DAGs
[2025-09-21T04:57:20.523+0000] {logging_mixin.py:190} INFO - [2025-09-21T04:57:20.522+0000] {dag.py:4180} INFO - Setting next_dagrun for example_skip_dag to 2025-09-20 00:00:00+00:00, run_after=2025-09-21 00:00:00+00:00
[2025-09-21T04:57:20.545+0000] {processor.py:208} INFO - Processing /home/airflow/.local/lib/python3.12/site-packages/airflow/example_dags/example_skip_dag.py took 0.091 seconds
[2025-09-21T04:57:51.151+0000] {processor.py:186} INFO - Started process (PID=1304) to work on /home/airflow/.local/lib/python3.12/site-packages/airflow/example_dags/example_skip_dag.py
[2025-09-21T04:57:51.151+0000] {processor.py:914} INFO - Processing file /home/airflow/.local/lib/python3.12/site-packages/airflow/example_dags/example_skip_dag.py for tasks to queue
[2025-09-21T04:57:51.153+0000] {logging_mixin.py:190} INFO - [2025-09-21T04:57:51.153+0000] {dagbag.py:588} INFO - Filling up the DagBag from /home/airflow/.local/lib/python3.12/site-packages/airflow/example_dags/example_skip_dag.py
[2025-09-21T04:57:51.162+0000] {processor.py:925} INFO - DAG(s) 'example_skip_dag' retrieved from /home/airflow/.local/lib/python3.12/site-packages/airflow/example_dags/example_skip_dag.py
[2025-09-21T04:57:51.186+0000] {logging_mixin.py:190} INFO - [2025-09-21T04:57:51.185+0000] {dag.py:3239} INFO - Sync 1 DAGs
[2025-09-21T04:57:51.212+0000] {logging_mixin.py:190} INFO - [2025-09-21T04:57:51.211+0000] {dag.py:4180} INFO - Setting next_dagrun for example_skip_dag to 2025-09-20 00:00:00+00:00, run_after=2025-09-21 00:00:00+00:00
[2025-09-21T04:57:51.229+0000] {processor.py:208} INFO - Processing /home/airflow/.local/lib/python3.12/site-packages/airflow/example_dags/example_skip_dag.py took 0.084 seconds
