[2025-09-21T04:48:23.660+0000] {processor.py:186} INFO - Started process (PID=125) to work on /home/airflow/.local/lib/python3.12/site-packages/airflow/example_dags/example_branch_datetime_operator.py
[2025-09-21T04:48:23.668+0000] {processor.py:914} INFO - Processing file /home/airflow/.local/lib/python3.12/site-packages/airflow/example_dags/example_branch_datetime_operator.py for tasks to queue
[2025-09-21T04:48:23.673+0000] {logging_mixin.py:190} INFO - [2025-09-21T04:48:23.673+0000] {dagbag.py:588} INFO - Filling up the DagBag from /home/airflow/.local/lib/python3.12/site-packages/airflow/example_dags/example_branch_datetime_operator.py
[2025-09-21T04:48:23.770+0000] {processor.py:925} INFO - DAG(s) 'example_branch_datetime_operator', 'example_branch_datetime_operator_3', 'example_branch_datetime_operator_2' retrieved from /home/airflow/.local/lib/python3.12/site-packages/airflow/example_dags/example_branch_datetime_operator.py
[2025-09-21T04:48:24.081+0000] {logging_mixin.py:190} INFO - [2025-09-21T04:48:24.081+0000] {override.py:1911} INFO - Created Permission View: can delete on DAG:example_branch_datetime_operator
[2025-09-21T04:48:24.100+0000] {logging_mixin.py:190} INFO - [2025-09-21T04:48:24.099+0000] {override.py:1911} INFO - Created Permission View: can read on DAG:example_branch_datetime_operator
[2025-09-21T04:48:24.110+0000] {logging_mixin.py:190} INFO - [2025-09-21T04:48:24.109+0000] {override.py:1911} INFO - Created Permission View: can edit on DAG:example_branch_datetime_operator
[2025-09-21T04:48:24.123+0000] {logging_mixin.py:190} INFO - [2025-09-21T04:48:24.123+0000] {override.py:1911} INFO - Created Permission View: can read on DAG Run:example_branch_datetime_operator
[2025-09-21T04:48:24.131+0000] {logging_mixin.py:190} INFO - [2025-09-21T04:48:24.131+0000] {override.py:1911} INFO - Created Permission View: menu access on DAG Run:example_branch_datetime_operator
[2025-09-21T04:48:24.140+0000] {logging_mixin.py:190} INFO - [2025-09-21T04:48:24.139+0000] {override.py:1911} INFO - Created Permission View: can delete on DAG Run:example_branch_datetime_operator
[2025-09-21T04:48:24.150+0000] {logging_mixin.py:190} INFO - [2025-09-21T04:48:24.149+0000] {override.py:1911} INFO - Created Permission View: can create on DAG Run:example_branch_datetime_operator
[2025-09-21T04:48:24.171+0000] {logging_mixin.py:190} INFO - [2025-09-21T04:48:24.170+0000] {override.py:1911} INFO - Created Permission View: can delete on DAG:example_branch_datetime_operator_3
[2025-09-21T04:48:24.177+0000] {logging_mixin.py:190} INFO - [2025-09-21T04:48:24.177+0000] {override.py:1911} INFO - Created Permission View: can read on DAG:example_branch_datetime_operator_3
[2025-09-21T04:48:24.183+0000] {logging_mixin.py:190} INFO - [2025-09-21T04:48:24.182+0000] {override.py:1911} INFO - Created Permission View: can edit on DAG:example_branch_datetime_operator_3
[2025-09-21T04:48:24.189+0000] {logging_mixin.py:190} INFO - [2025-09-21T04:48:24.189+0000] {override.py:1911} INFO - Created Permission View: can read on DAG Run:example_branch_datetime_operator_3
[2025-09-21T04:48:24.195+0000] {logging_mixin.py:190} INFO - [2025-09-21T04:48:24.195+0000] {override.py:1911} INFO - Created Permission View: menu access on DAG Run:example_branch_datetime_operator_3
[2025-09-21T04:48:24.200+0000] {logging_mixin.py:190} INFO - [2025-09-21T04:48:24.200+0000] {override.py:1911} INFO - Created Permission View: can delete on DAG Run:example_branch_datetime_operator_3
[2025-09-21T04:48:24.206+0000] {logging_mixin.py:190} INFO - [2025-09-21T04:48:24.206+0000] {override.py:1911} INFO - Created Permission View: can create on DAG Run:example_branch_datetime_operator_3
[2025-09-21T04:48:24.224+0000] {logging_mixin.py:190} INFO - [2025-09-21T04:48:24.224+0000] {override.py:1911} INFO - Created Permission View: can delete on DAG:example_branch_datetime_operator_2
[2025-09-21T04:48:24.239+0000] {logging_mixin.py:190} INFO - [2025-09-21T04:48:24.239+0000] {override.py:1911} INFO - Created Permission View: can read on DAG:example_branch_datetime_operator_2
[2025-09-21T04:48:24.252+0000] {logging_mixin.py:190} INFO - [2025-09-21T04:48:24.252+0000] {override.py:1911} INFO - Created Permission View: can edit on DAG:example_branch_datetime_operator_2
[2025-09-21T04:48:24.270+0000] {logging_mixin.py:190} INFO - [2025-09-21T04:48:24.270+0000] {override.py:1911} INFO - Created Permission View: can read on DAG Run:example_branch_datetime_operator_2
[2025-09-21T04:48:24.290+0000] {logging_mixin.py:190} INFO - [2025-09-21T04:48:24.290+0000] {override.py:1911} INFO - Created Permission View: menu access on DAG Run:example_branch_datetime_operator_2
[2025-09-21T04:48:24.305+0000] {logging_mixin.py:190} INFO - [2025-09-21T04:48:24.305+0000] {override.py:1911} INFO - Created Permission View: can delete on DAG Run:example_branch_datetime_operator_2
[2025-09-21T04:48:24.329+0000] {logging_mixin.py:190} INFO - [2025-09-21T04:48:24.328+0000] {override.py:1911} INFO - Created Permission View: can create on DAG Run:example_branch_datetime_operator_2
[2025-09-21T04:48:24.331+0000] {logging_mixin.py:190} INFO - [2025-09-21T04:48:24.331+0000] {dag.py:3239} INFO - Sync 3 DAGs
[2025-09-21T04:48:24.358+0000] {logging_mixin.py:190} INFO - [2025-09-21T04:48:24.358+0000] {dag.py:3262} INFO - Creating ORM DAG for example_branch_datetime_operator_3
[2025-09-21T04:48:24.359+0000] {logging_mixin.py:190} INFO - [2025-09-21T04:48:24.359+0000] {dag.py:3262} INFO - Creating ORM DAG for example_branch_datetime_operator_2
[2025-09-21T04:48:24.361+0000] {logging_mixin.py:190} INFO - [2025-09-21T04:48:24.361+0000] {dag.py:3262} INFO - Creating ORM DAG for example_branch_datetime_operator
[2025-09-21T04:48:24.382+0000] {logging_mixin.py:190} INFO - [2025-09-21T04:48:24.381+0000] {dag.py:4180} INFO - Setting next_dagrun for example_branch_datetime_operator to 2025-09-20 00:00:00+00:00, run_after=2025-09-21 00:00:00+00:00
[2025-09-21T04:48:24.388+0000] {logging_mixin.py:190} INFO - [2025-09-21T04:48:24.387+0000] {dag.py:4180} INFO - Setting next_dagrun for example_branch_datetime_operator_2 to 2025-09-20 00:00:00+00:00, run_after=2025-09-21 00:00:00+00:00
[2025-09-21T04:48:24.390+0000] {logging_mixin.py:190} INFO - [2025-09-21T04:48:24.390+0000] {dag.py:4180} INFO - Setting next_dagrun for example_branch_datetime_operator_3 to 2025-09-20 00:00:00+00:00, run_after=2025-09-21 00:00:00+00:00
[2025-09-21T04:48:24.412+0000] {processor.py:208} INFO - Processing /home/airflow/.local/lib/python3.12/site-packages/airflow/example_dags/example_branch_datetime_operator.py took 0.778 seconds
[2025-09-21T04:48:54.952+0000] {processor.py:186} INFO - Started process (PID=188) to work on /home/airflow/.local/lib/python3.12/site-packages/airflow/example_dags/example_branch_datetime_operator.py
[2025-09-21T04:48:54.954+0000] {processor.py:914} INFO - Processing file /home/airflow/.local/lib/python3.12/site-packages/airflow/example_dags/example_branch_datetime_operator.py for tasks to queue
[2025-09-21T04:48:54.961+0000] {logging_mixin.py:190} INFO - [2025-09-21T04:48:54.961+0000] {dagbag.py:588} INFO - Filling up the DagBag from /home/airflow/.local/lib/python3.12/site-packages/airflow/example_dags/example_branch_datetime_operator.py
[2025-09-21T04:48:54.999+0000] {processor.py:925} INFO - DAG(s) 'example_branch_datetime_operator_2', 'example_branch_datetime_operator_3', 'example_branch_datetime_operator' retrieved from /home/airflow/.local/lib/python3.12/site-packages/airflow/example_dags/example_branch_datetime_operator.py
[2025-09-21T04:48:55.083+0000] {logging_mixin.py:190} INFO - [2025-09-21T04:48:55.083+0000] {dag.py:3239} INFO - Sync 3 DAGs
[2025-09-21T04:48:55.168+0000] {logging_mixin.py:190} INFO - [2025-09-21T04:48:55.168+0000] {dag.py:4180} INFO - Setting next_dagrun for example_branch_datetime_operator to 2025-09-20 00:00:00+00:00, run_after=2025-09-21 00:00:00+00:00
[2025-09-21T04:48:55.189+0000] {logging_mixin.py:190} INFO - [2025-09-21T04:48:55.188+0000] {dag.py:4180} INFO - Setting next_dagrun for example_branch_datetime_operator_2 to 2025-09-20 00:00:00+00:00, run_after=2025-09-21 00:00:00+00:00
[2025-09-21T04:48:55.195+0000] {logging_mixin.py:190} INFO - [2025-09-21T04:48:55.195+0000] {dag.py:4180} INFO - Setting next_dagrun for example_branch_datetime_operator_3 to 2025-09-20 00:00:00+00:00, run_after=2025-09-21 00:00:00+00:00
[2025-09-21T04:48:55.244+0000] {processor.py:208} INFO - Processing /home/airflow/.local/lib/python3.12/site-packages/airflow/example_dags/example_branch_datetime_operator.py took 0.312 seconds
[2025-09-21T04:49:26.882+0000] {processor.py:186} INFO - Started process (PID=251) to work on /home/airflow/.local/lib/python3.12/site-packages/airflow/example_dags/example_branch_datetime_operator.py
[2025-09-21T04:49:26.885+0000] {processor.py:914} INFO - Processing file /home/airflow/.local/lib/python3.12/site-packages/airflow/example_dags/example_branch_datetime_operator.py for tasks to queue
[2025-09-21T04:49:26.892+0000] {logging_mixin.py:190} INFO - [2025-09-21T04:49:26.892+0000] {dagbag.py:588} INFO - Filling up the DagBag from /home/airflow/.local/lib/python3.12/site-packages/airflow/example_dags/example_branch_datetime_operator.py
[2025-09-21T04:49:26.969+0000] {processor.py:925} INFO - DAG(s) 'example_branch_datetime_operator_3', 'example_branch_datetime_operator_2', 'example_branch_datetime_operator' retrieved from /home/airflow/.local/lib/python3.12/site-packages/airflow/example_dags/example_branch_datetime_operator.py
[2025-09-21T04:49:27.125+0000] {logging_mixin.py:190} INFO - [2025-09-21T04:49:27.125+0000] {dag.py:3239} INFO - Sync 3 DAGs
[2025-09-21T04:49:27.255+0000] {logging_mixin.py:190} INFO - [2025-09-21T04:49:27.255+0000] {dag.py:4180} INFO - Setting next_dagrun for example_branch_datetime_operator to 2025-09-20 00:00:00+00:00, run_after=2025-09-21 00:00:00+00:00
[2025-09-21T04:49:27.288+0000] {logging_mixin.py:190} INFO - [2025-09-21T04:49:27.287+0000] {dag.py:4180} INFO - Setting next_dagrun for example_branch_datetime_operator_2 to 2025-09-20 00:00:00+00:00, run_after=2025-09-21 00:00:00+00:00
[2025-09-21T04:49:27.296+0000] {logging_mixin.py:190} INFO - [2025-09-21T04:49:27.296+0000] {dag.py:4180} INFO - Setting next_dagrun for example_branch_datetime_operator_3 to 2025-09-20 00:00:00+00:00, run_after=2025-09-21 00:00:00+00:00
[2025-09-21T04:49:27.347+0000] {processor.py:208} INFO - Processing /home/airflow/.local/lib/python3.12/site-packages/airflow/example_dags/example_branch_datetime_operator.py took 0.500 seconds
[2025-09-21T04:49:57.508+0000] {processor.py:186} INFO - Started process (PID=313) to work on /home/airflow/.local/lib/python3.12/site-packages/airflow/example_dags/example_branch_datetime_operator.py
[2025-09-21T04:49:57.512+0000] {processor.py:914} INFO - Processing file /home/airflow/.local/lib/python3.12/site-packages/airflow/example_dags/example_branch_datetime_operator.py for tasks to queue
[2025-09-21T04:49:57.515+0000] {logging_mixin.py:190} INFO - [2025-09-21T04:49:57.515+0000] {dagbag.py:588} INFO - Filling up the DagBag from /home/airflow/.local/lib/python3.12/site-packages/airflow/example_dags/example_branch_datetime_operator.py
[2025-09-21T04:49:57.531+0000] {processor.py:925} INFO - DAG(s) 'example_branch_datetime_operator', 'example_branch_datetime_operator_3', 'example_branch_datetime_operator_2' retrieved from /home/airflow/.local/lib/python3.12/site-packages/airflow/example_dags/example_branch_datetime_operator.py
[2025-09-21T04:49:57.559+0000] {logging_mixin.py:190} INFO - [2025-09-21T04:49:57.559+0000] {dag.py:3239} INFO - Sync 3 DAGs
[2025-09-21T04:49:57.578+0000] {logging_mixin.py:190} INFO - [2025-09-21T04:49:57.578+0000] {dag.py:4180} INFO - Setting next_dagrun for example_branch_datetime_operator to 2025-09-20 00:00:00+00:00, run_after=2025-09-21 00:00:00+00:00
[2025-09-21T04:49:57.582+0000] {logging_mixin.py:190} INFO - [2025-09-21T04:49:57.582+0000] {dag.py:4180} INFO - Setting next_dagrun for example_branch_datetime_operator_2 to 2025-09-20 00:00:00+00:00, run_after=2025-09-21 00:00:00+00:00
[2025-09-21T04:49:57.584+0000] {logging_mixin.py:190} INFO - [2025-09-21T04:49:57.584+0000] {dag.py:4180} INFO - Setting next_dagrun for example_branch_datetime_operator_3 to 2025-09-20 00:00:00+00:00, run_after=2025-09-21 00:00:00+00:00
[2025-09-21T04:49:57.596+0000] {processor.py:208} INFO - Processing /home/airflow/.local/lib/python3.12/site-packages/airflow/example_dags/example_branch_datetime_operator.py took 0.105 seconds
[2025-09-21T04:50:27.804+0000] {processor.py:186} INFO - Started process (PID=376) to work on /home/airflow/.local/lib/python3.12/site-packages/airflow/example_dags/example_branch_datetime_operator.py
[2025-09-21T04:50:27.806+0000] {processor.py:914} INFO - Processing file /home/airflow/.local/lib/python3.12/site-packages/airflow/example_dags/example_branch_datetime_operator.py for tasks to queue
[2025-09-21T04:50:27.808+0000] {logging_mixin.py:190} INFO - [2025-09-21T04:50:27.807+0000] {dagbag.py:588} INFO - Filling up the DagBag from /home/airflow/.local/lib/python3.12/site-packages/airflow/example_dags/example_branch_datetime_operator.py
[2025-09-21T04:50:27.825+0000] {processor.py:925} INFO - DAG(s) 'example_branch_datetime_operator_3', 'example_branch_datetime_operator_2', 'example_branch_datetime_operator' retrieved from /home/airflow/.local/lib/python3.12/site-packages/airflow/example_dags/example_branch_datetime_operator.py
[2025-09-21T04:50:27.857+0000] {logging_mixin.py:190} INFO - [2025-09-21T04:50:27.857+0000] {dag.py:3239} INFO - Sync 3 DAGs
[2025-09-21T04:50:27.887+0000] {logging_mixin.py:190} INFO - [2025-09-21T04:50:27.886+0000] {dag.py:4180} INFO - Setting next_dagrun for example_branch_datetime_operator to 2025-09-20 00:00:00+00:00, run_after=2025-09-21 00:00:00+00:00
[2025-09-21T04:50:27.892+0000] {logging_mixin.py:190} INFO - [2025-09-21T04:50:27.892+0000] {dag.py:4180} INFO - Setting next_dagrun for example_branch_datetime_operator_2 to 2025-09-20 00:00:00+00:00, run_after=2025-09-21 00:00:00+00:00
[2025-09-21T04:50:27.895+0000] {logging_mixin.py:190} INFO - [2025-09-21T04:50:27.895+0000] {dag.py:4180} INFO - Setting next_dagrun for example_branch_datetime_operator_3 to 2025-09-20 00:00:00+00:00, run_after=2025-09-21 00:00:00+00:00
[2025-09-21T04:50:27.911+0000] {processor.py:208} INFO - Processing /home/airflow/.local/lib/python3.12/site-packages/airflow/example_dags/example_branch_datetime_operator.py took 0.113 seconds
[2025-09-21T04:50:58.743+0000] {processor.py:186} INFO - Started process (PID=438) to work on /home/airflow/.local/lib/python3.12/site-packages/airflow/example_dags/example_branch_datetime_operator.py
[2025-09-21T04:50:58.744+0000] {processor.py:914} INFO - Processing file /home/airflow/.local/lib/python3.12/site-packages/airflow/example_dags/example_branch_datetime_operator.py for tasks to queue
[2025-09-21T04:50:58.746+0000] {logging_mixin.py:190} INFO - [2025-09-21T04:50:58.746+0000] {dagbag.py:588} INFO - Filling up the DagBag from /home/airflow/.local/lib/python3.12/site-packages/airflow/example_dags/example_branch_datetime_operator.py
[2025-09-21T04:50:58.761+0000] {processor.py:925} INFO - DAG(s) 'example_branch_datetime_operator', 'example_branch_datetime_operator_2', 'example_branch_datetime_operator_3' retrieved from /home/airflow/.local/lib/python3.12/site-packages/airflow/example_dags/example_branch_datetime_operator.py
[2025-09-21T04:50:58.805+0000] {logging_mixin.py:190} INFO - [2025-09-21T04:50:58.805+0000] {dag.py:3239} INFO - Sync 3 DAGs
[2025-09-21T04:50:58.842+0000] {logging_mixin.py:190} INFO - [2025-09-21T04:50:58.842+0000] {dag.py:4180} INFO - Setting next_dagrun for example_branch_datetime_operator to 2025-09-20 00:00:00+00:00, run_after=2025-09-21 00:00:00+00:00
[2025-09-21T04:50:58.851+0000] {logging_mixin.py:190} INFO - [2025-09-21T04:50:58.849+0000] {dag.py:4180} INFO - Setting next_dagrun for example_branch_datetime_operator_2 to 2025-09-20 00:00:00+00:00, run_after=2025-09-21 00:00:00+00:00
[2025-09-21T04:50:58.854+0000] {logging_mixin.py:190} INFO - [2025-09-21T04:50:58.854+0000] {dag.py:4180} INFO - Setting next_dagrun for example_branch_datetime_operator_3 to 2025-09-20 00:00:00+00:00, run_after=2025-09-21 00:00:00+00:00
[2025-09-21T04:50:58.868+0000] {processor.py:208} INFO - Processing /home/airflow/.local/lib/python3.12/site-packages/airflow/example_dags/example_branch_datetime_operator.py took 0.132 seconds
[2025-09-21T04:51:29.092+0000] {processor.py:186} INFO - Started process (PID=500) to work on /home/airflow/.local/lib/python3.12/site-packages/airflow/example_dags/example_branch_datetime_operator.py
[2025-09-21T04:51:29.093+0000] {processor.py:914} INFO - Processing file /home/airflow/.local/lib/python3.12/site-packages/airflow/example_dags/example_branch_datetime_operator.py for tasks to queue
[2025-09-21T04:51:29.096+0000] {logging_mixin.py:190} INFO - [2025-09-21T04:51:29.095+0000] {dagbag.py:588} INFO - Filling up the DagBag from /home/airflow/.local/lib/python3.12/site-packages/airflow/example_dags/example_branch_datetime_operator.py
[2025-09-21T04:51:29.109+0000] {processor.py:925} INFO - DAG(s) 'example_branch_datetime_operator_3', 'example_branch_datetime_operator_2', 'example_branch_datetime_operator' retrieved from /home/airflow/.local/lib/python3.12/site-packages/airflow/example_dags/example_branch_datetime_operator.py
[2025-09-21T04:51:29.137+0000] {logging_mixin.py:190} INFO - [2025-09-21T04:51:29.137+0000] {dag.py:3239} INFO - Sync 3 DAGs
[2025-09-21T04:51:29.166+0000] {logging_mixin.py:190} INFO - [2025-09-21T04:51:29.166+0000] {dag.py:4180} INFO - Setting next_dagrun for example_branch_datetime_operator to 2025-09-20 00:00:00+00:00, run_after=2025-09-21 00:00:00+00:00
[2025-09-21T04:51:29.171+0000] {logging_mixin.py:190} INFO - [2025-09-21T04:51:29.171+0000] {dag.py:4180} INFO - Setting next_dagrun for example_branch_datetime_operator_2 to 2025-09-20 00:00:00+00:00, run_after=2025-09-21 00:00:00+00:00
[2025-09-21T04:51:29.173+0000] {logging_mixin.py:190} INFO - [2025-09-21T04:51:29.173+0000] {dag.py:4180} INFO - Setting next_dagrun for example_branch_datetime_operator_3 to 2025-09-20 00:00:00+00:00, run_after=2025-09-21 00:00:00+00:00
[2025-09-21T04:51:29.188+0000] {processor.py:208} INFO - Processing /home/airflow/.local/lib/python3.12/site-packages/airflow/example_dags/example_branch_datetime_operator.py took 0.102 seconds
[2025-09-21T04:51:59.266+0000] {processor.py:186} INFO - Started process (PID=564) to work on /home/airflow/.local/lib/python3.12/site-packages/airflow/example_dags/example_branch_datetime_operator.py
[2025-09-21T04:51:59.267+0000] {processor.py:914} INFO - Processing file /home/airflow/.local/lib/python3.12/site-packages/airflow/example_dags/example_branch_datetime_operator.py for tasks to queue
[2025-09-21T04:51:59.269+0000] {logging_mixin.py:190} INFO - [2025-09-21T04:51:59.269+0000] {dagbag.py:588} INFO - Filling up the DagBag from /home/airflow/.local/lib/python3.12/site-packages/airflow/example_dags/example_branch_datetime_operator.py
[2025-09-21T04:51:59.283+0000] {processor.py:925} INFO - DAG(s) 'example_branch_datetime_operator_3', 'example_branch_datetime_operator', 'example_branch_datetime_operator_2' retrieved from /home/airflow/.local/lib/python3.12/site-packages/airflow/example_dags/example_branch_datetime_operator.py
[2025-09-21T04:51:59.311+0000] {logging_mixin.py:190} INFO - [2025-09-21T04:51:59.310+0000] {dag.py:3239} INFO - Sync 3 DAGs
[2025-09-21T04:51:59.338+0000] {logging_mixin.py:190} INFO - [2025-09-21T04:51:59.338+0000] {dag.py:4180} INFO - Setting next_dagrun for example_branch_datetime_operator to 2025-09-20 00:00:00+00:00, run_after=2025-09-21 00:00:00+00:00
[2025-09-21T04:51:59.343+0000] {logging_mixin.py:190} INFO - [2025-09-21T04:51:59.343+0000] {dag.py:4180} INFO - Setting next_dagrun for example_branch_datetime_operator_2 to 2025-09-20 00:00:00+00:00, run_after=2025-09-21 00:00:00+00:00
[2025-09-21T04:51:59.345+0000] {logging_mixin.py:190} INFO - [2025-09-21T04:51:59.345+0000] {dag.py:4180} INFO - Setting next_dagrun for example_branch_datetime_operator_3 to 2025-09-20 00:00:00+00:00, run_after=2025-09-21 00:00:00+00:00
[2025-09-21T04:51:59.356+0000] {processor.py:208} INFO - Processing /home/airflow/.local/lib/python3.12/site-packages/airflow/example_dags/example_branch_datetime_operator.py took 0.100 seconds
[2025-09-21T04:52:29.796+0000] {processor.py:186} INFO - Started process (PID=627) to work on /home/airflow/.local/lib/python3.12/site-packages/airflow/example_dags/example_branch_datetime_operator.py
[2025-09-21T04:52:29.797+0000] {processor.py:914} INFO - Processing file /home/airflow/.local/lib/python3.12/site-packages/airflow/example_dags/example_branch_datetime_operator.py for tasks to queue
[2025-09-21T04:52:29.799+0000] {logging_mixin.py:190} INFO - [2025-09-21T04:52:29.799+0000] {dagbag.py:588} INFO - Filling up the DagBag from /home/airflow/.local/lib/python3.12/site-packages/airflow/example_dags/example_branch_datetime_operator.py
[2025-09-21T04:52:29.814+0000] {processor.py:925} INFO - DAG(s) 'example_branch_datetime_operator_2', 'example_branch_datetime_operator', 'example_branch_datetime_operator_3' retrieved from /home/airflow/.local/lib/python3.12/site-packages/airflow/example_dags/example_branch_datetime_operator.py
[2025-09-21T04:52:29.849+0000] {logging_mixin.py:190} INFO - [2025-09-21T04:52:29.849+0000] {dag.py:3239} INFO - Sync 3 DAGs
[2025-09-21T04:52:29.879+0000] {logging_mixin.py:190} INFO - [2025-09-21T04:52:29.879+0000] {dag.py:4180} INFO - Setting next_dagrun for example_branch_datetime_operator to 2025-09-20 00:00:00+00:00, run_after=2025-09-21 00:00:00+00:00
[2025-09-21T04:52:29.885+0000] {logging_mixin.py:190} INFO - [2025-09-21T04:52:29.885+0000] {dag.py:4180} INFO - Setting next_dagrun for example_branch_datetime_operator_2 to 2025-09-20 00:00:00+00:00, run_after=2025-09-21 00:00:00+00:00
[2025-09-21T04:52:29.888+0000] {logging_mixin.py:190} INFO - [2025-09-21T04:52:29.887+0000] {dag.py:4180} INFO - Setting next_dagrun for example_branch_datetime_operator_3 to 2025-09-20 00:00:00+00:00, run_after=2025-09-21 00:00:00+00:00
[2025-09-21T04:52:29.916+0000] {processor.py:208} INFO - Processing /home/airflow/.local/lib/python3.12/site-packages/airflow/example_dags/example_branch_datetime_operator.py took 0.127 seconds
[2025-09-21T04:53:00.509+0000] {processor.py:186} INFO - Started process (PID=690) to work on /home/airflow/.local/lib/python3.12/site-packages/airflow/example_dags/example_branch_datetime_operator.py
[2025-09-21T04:53:00.517+0000] {processor.py:914} INFO - Processing file /home/airflow/.local/lib/python3.12/site-packages/airflow/example_dags/example_branch_datetime_operator.py for tasks to queue
[2025-09-21T04:53:00.521+0000] {logging_mixin.py:190} INFO - [2025-09-21T04:53:00.521+0000] {dagbag.py:588} INFO - Filling up the DagBag from /home/airflow/.local/lib/python3.12/site-packages/airflow/example_dags/example_branch_datetime_operator.py
[2025-09-21T04:53:00.554+0000] {processor.py:925} INFO - DAG(s) 'example_branch_datetime_operator', 'example_branch_datetime_operator_2', 'example_branch_datetime_operator_3' retrieved from /home/airflow/.local/lib/python3.12/site-packages/airflow/example_dags/example_branch_datetime_operator.py
[2025-09-21T04:53:00.587+0000] {logging_mixin.py:190} INFO - [2025-09-21T04:53:00.587+0000] {dag.py:3239} INFO - Sync 3 DAGs
[2025-09-21T04:53:00.617+0000] {logging_mixin.py:190} INFO - [2025-09-21T04:53:00.616+0000] {dag.py:4180} INFO - Setting next_dagrun for example_branch_datetime_operator to 2025-09-20 00:00:00+00:00, run_after=2025-09-21 00:00:00+00:00
[2025-09-21T04:53:00.622+0000] {logging_mixin.py:190} INFO - [2025-09-21T04:53:00.622+0000] {dag.py:4180} INFO - Setting next_dagrun for example_branch_datetime_operator_2 to 2025-09-20 00:00:00+00:00, run_after=2025-09-21 00:00:00+00:00
[2025-09-21T04:53:00.625+0000] {logging_mixin.py:190} INFO - [2025-09-21T04:53:00.625+0000] {dag.py:4180} INFO - Setting next_dagrun for example_branch_datetime_operator_3 to 2025-09-20 00:00:00+00:00, run_after=2025-09-21 00:00:00+00:00
[2025-09-21T04:53:00.642+0000] {processor.py:208} INFO - Processing /home/airflow/.local/lib/python3.12/site-packages/airflow/example_dags/example_branch_datetime_operator.py took 0.155 seconds
[2025-09-21T04:53:31.410+0000] {processor.py:186} INFO - Started process (PID=753) to work on /home/airflow/.local/lib/python3.12/site-packages/airflow/example_dags/example_branch_datetime_operator.py
[2025-09-21T04:53:31.411+0000] {processor.py:914} INFO - Processing file /home/airflow/.local/lib/python3.12/site-packages/airflow/example_dags/example_branch_datetime_operator.py for tasks to queue
[2025-09-21T04:53:31.414+0000] {logging_mixin.py:190} INFO - [2025-09-21T04:53:31.413+0000] {dagbag.py:588} INFO - Filling up the DagBag from /home/airflow/.local/lib/python3.12/site-packages/airflow/example_dags/example_branch_datetime_operator.py
[2025-09-21T04:53:31.427+0000] {processor.py:925} INFO - DAG(s) 'example_branch_datetime_operator_2', 'example_branch_datetime_operator', 'example_branch_datetime_operator_3' retrieved from /home/airflow/.local/lib/python3.12/site-packages/airflow/example_dags/example_branch_datetime_operator.py
[2025-09-21T04:53:31.456+0000] {logging_mixin.py:190} INFO - [2025-09-21T04:53:31.456+0000] {dag.py:3239} INFO - Sync 3 DAGs
[2025-09-21T04:53:31.486+0000] {logging_mixin.py:190} INFO - [2025-09-21T04:53:31.486+0000] {dag.py:4180} INFO - Setting next_dagrun for example_branch_datetime_operator to 2025-09-20 00:00:00+00:00, run_after=2025-09-21 00:00:00+00:00
[2025-09-21T04:53:31.492+0000] {logging_mixin.py:190} INFO - [2025-09-21T04:53:31.492+0000] {dag.py:4180} INFO - Setting next_dagrun for example_branch_datetime_operator_2 to 2025-09-20 00:00:00+00:00, run_after=2025-09-21 00:00:00+00:00
[2025-09-21T04:53:31.495+0000] {logging_mixin.py:190} INFO - [2025-09-21T04:53:31.495+0000] {dag.py:4180} INFO - Setting next_dagrun for example_branch_datetime_operator_3 to 2025-09-20 00:00:00+00:00, run_after=2025-09-21 00:00:00+00:00
[2025-09-21T04:53:31.510+0000] {processor.py:208} INFO - Processing /home/airflow/.local/lib/python3.12/site-packages/airflow/example_dags/example_branch_datetime_operator.py took 0.107 seconds
[2025-09-21T04:54:02.428+0000] {processor.py:186} INFO - Started process (PID=816) to work on /home/airflow/.local/lib/python3.12/site-packages/airflow/example_dags/example_branch_datetime_operator.py
[2025-09-21T04:54:02.428+0000] {processor.py:914} INFO - Processing file /home/airflow/.local/lib/python3.12/site-packages/airflow/example_dags/example_branch_datetime_operator.py for tasks to queue
[2025-09-21T04:54:02.431+0000] {logging_mixin.py:190} INFO - [2025-09-21T04:54:02.430+0000] {dagbag.py:588} INFO - Filling up the DagBag from /home/airflow/.local/lib/python3.12/site-packages/airflow/example_dags/example_branch_datetime_operator.py
[2025-09-21T04:54:02.444+0000] {processor.py:925} INFO - DAG(s) 'example_branch_datetime_operator_2', 'example_branch_datetime_operator', 'example_branch_datetime_operator_3' retrieved from /home/airflow/.local/lib/python3.12/site-packages/airflow/example_dags/example_branch_datetime_operator.py
[2025-09-21T04:54:02.477+0000] {logging_mixin.py:190} INFO - [2025-09-21T04:54:02.476+0000] {dag.py:3239} INFO - Sync 3 DAGs
[2025-09-21T04:54:02.511+0000] {logging_mixin.py:190} INFO - [2025-09-21T04:54:02.510+0000] {dag.py:4180} INFO - Setting next_dagrun for example_branch_datetime_operator to 2025-09-20 00:00:00+00:00, run_after=2025-09-21 00:00:00+00:00
[2025-09-21T04:54:02.517+0000] {logging_mixin.py:190} INFO - [2025-09-21T04:54:02.517+0000] {dag.py:4180} INFO - Setting next_dagrun for example_branch_datetime_operator_2 to 2025-09-20 00:00:00+00:00, run_after=2025-09-21 00:00:00+00:00
[2025-09-21T04:54:02.520+0000] {logging_mixin.py:190} INFO - [2025-09-21T04:54:02.520+0000] {dag.py:4180} INFO - Setting next_dagrun for example_branch_datetime_operator_3 to 2025-09-20 00:00:00+00:00, run_after=2025-09-21 00:00:00+00:00
[2025-09-21T04:54:02.544+0000] {processor.py:208} INFO - Processing /home/airflow/.local/lib/python3.12/site-packages/airflow/example_dags/example_branch_datetime_operator.py took 0.123 seconds
[2025-09-21T04:54:33.053+0000] {processor.py:186} INFO - Started process (PID=878) to work on /home/airflow/.local/lib/python3.12/site-packages/airflow/example_dags/example_branch_datetime_operator.py
[2025-09-21T04:54:33.054+0000] {processor.py:914} INFO - Processing file /home/airflow/.local/lib/python3.12/site-packages/airflow/example_dags/example_branch_datetime_operator.py for tasks to queue
[2025-09-21T04:54:33.056+0000] {logging_mixin.py:190} INFO - [2025-09-21T04:54:33.055+0000] {dagbag.py:588} INFO - Filling up the DagBag from /home/airflow/.local/lib/python3.12/site-packages/airflow/example_dags/example_branch_datetime_operator.py
[2025-09-21T04:54:33.065+0000] {processor.py:925} INFO - DAG(s) 'example_branch_datetime_operator', 'example_branch_datetime_operator_3', 'example_branch_datetime_operator_2' retrieved from /home/airflow/.local/lib/python3.12/site-packages/airflow/example_dags/example_branch_datetime_operator.py
[2025-09-21T04:54:33.086+0000] {logging_mixin.py:190} INFO - [2025-09-21T04:54:33.086+0000] {dag.py:3239} INFO - Sync 3 DAGs
[2025-09-21T04:54:33.108+0000] {logging_mixin.py:190} INFO - [2025-09-21T04:54:33.108+0000] {dag.py:4180} INFO - Setting next_dagrun for example_branch_datetime_operator to 2025-09-20 00:00:00+00:00, run_after=2025-09-21 00:00:00+00:00
[2025-09-21T04:54:33.112+0000] {logging_mixin.py:190} INFO - [2025-09-21T04:54:33.112+0000] {dag.py:4180} INFO - Setting next_dagrun for example_branch_datetime_operator_2 to 2025-09-20 00:00:00+00:00, run_after=2025-09-21 00:00:00+00:00
[2025-09-21T04:54:33.114+0000] {logging_mixin.py:190} INFO - [2025-09-21T04:54:33.114+0000] {dag.py:4180} INFO - Setting next_dagrun for example_branch_datetime_operator_3 to 2025-09-20 00:00:00+00:00, run_after=2025-09-21 00:00:00+00:00
[2025-09-21T04:54:33.125+0000] {processor.py:208} INFO - Processing /home/airflow/.local/lib/python3.12/site-packages/airflow/example_dags/example_branch_datetime_operator.py took 0.077 seconds
[2025-09-21T04:55:03.849+0000] {processor.py:186} INFO - Started process (PID=947) to work on /home/airflow/.local/lib/python3.12/site-packages/airflow/example_dags/example_branch_datetime_operator.py
[2025-09-21T04:55:03.850+0000] {processor.py:914} INFO - Processing file /home/airflow/.local/lib/python3.12/site-packages/airflow/example_dags/example_branch_datetime_operator.py for tasks to queue
[2025-09-21T04:55:03.853+0000] {logging_mixin.py:190} INFO - [2025-09-21T04:55:03.852+0000] {dagbag.py:588} INFO - Filling up the DagBag from /home/airflow/.local/lib/python3.12/site-packages/airflow/example_dags/example_branch_datetime_operator.py
[2025-09-21T04:55:03.866+0000] {processor.py:925} INFO - DAG(s) 'example_branch_datetime_operator', 'example_branch_datetime_operator_2', 'example_branch_datetime_operator_3' retrieved from /home/airflow/.local/lib/python3.12/site-packages/airflow/example_dags/example_branch_datetime_operator.py
[2025-09-21T04:55:03.903+0000] {logging_mixin.py:190} INFO - [2025-09-21T04:55:03.903+0000] {dag.py:3239} INFO - Sync 3 DAGs
[2025-09-21T04:55:03.933+0000] {logging_mixin.py:190} INFO - [2025-09-21T04:55:03.933+0000] {dag.py:4180} INFO - Setting next_dagrun for example_branch_datetime_operator to 2025-09-20 00:00:00+00:00, run_after=2025-09-21 00:00:00+00:00
[2025-09-21T04:55:03.939+0000] {logging_mixin.py:190} INFO - [2025-09-21T04:55:03.938+0000] {dag.py:4180} INFO - Setting next_dagrun for example_branch_datetime_operator_2 to 2025-09-20 00:00:00+00:00, run_after=2025-09-21 00:00:00+00:00
[2025-09-21T04:55:03.942+0000] {logging_mixin.py:190} INFO - [2025-09-21T04:55:03.941+0000] {dag.py:4180} INFO - Setting next_dagrun for example_branch_datetime_operator_3 to 2025-09-20 00:00:00+00:00, run_after=2025-09-21 00:00:00+00:00
[2025-09-21T04:55:03.959+0000] {processor.py:208} INFO - Processing /home/airflow/.local/lib/python3.12/site-packages/airflow/example_dags/example_branch_datetime_operator.py took 0.116 seconds
[2025-09-21T04:55:34.246+0000] {processor.py:186} INFO - Started process (PID=1009) to work on /home/airflow/.local/lib/python3.12/site-packages/airflow/example_dags/example_branch_datetime_operator.py
[2025-09-21T04:55:34.246+0000] {processor.py:914} INFO - Processing file /home/airflow/.local/lib/python3.12/site-packages/airflow/example_dags/example_branch_datetime_operator.py for tasks to queue
[2025-09-21T04:55:34.248+0000] {logging_mixin.py:190} INFO - [2025-09-21T04:55:34.248+0000] {dagbag.py:588} INFO - Filling up the DagBag from /home/airflow/.local/lib/python3.12/site-packages/airflow/example_dags/example_branch_datetime_operator.py
[2025-09-21T04:55:34.257+0000] {processor.py:925} INFO - DAG(s) 'example_branch_datetime_operator_3', 'example_branch_datetime_operator', 'example_branch_datetime_operator_2' retrieved from /home/airflow/.local/lib/python3.12/site-packages/airflow/example_dags/example_branch_datetime_operator.py
[2025-09-21T04:55:34.278+0000] {logging_mixin.py:190} INFO - [2025-09-21T04:55:34.278+0000] {dag.py:3239} INFO - Sync 3 DAGs
[2025-09-21T04:55:34.298+0000] {logging_mixin.py:190} INFO - [2025-09-21T04:55:34.297+0000] {dag.py:4180} INFO - Setting next_dagrun for example_branch_datetime_operator to 2025-09-20 00:00:00+00:00, run_after=2025-09-21 00:00:00+00:00
[2025-09-21T04:55:34.301+0000] {logging_mixin.py:190} INFO - [2025-09-21T04:55:34.301+0000] {dag.py:4180} INFO - Setting next_dagrun for example_branch_datetime_operator_2 to 2025-09-20 00:00:00+00:00, run_after=2025-09-21 00:00:00+00:00
[2025-09-21T04:55:34.303+0000] {logging_mixin.py:190} INFO - [2025-09-21T04:55:34.303+0000] {dag.py:4180} INFO - Setting next_dagrun for example_branch_datetime_operator_3 to 2025-09-20 00:00:00+00:00, run_after=2025-09-21 00:00:00+00:00
[2025-09-21T04:55:34.316+0000] {processor.py:208} INFO - Processing /home/airflow/.local/lib/python3.12/site-packages/airflow/example_dags/example_branch_datetime_operator.py took 0.075 seconds
