[2025-09-21T04:47:54.544+0000] {processor.py:186} INFO - Started process (PID=84) to work on /home/airflow/.local/lib/python3.12/site-packages/airflow/example_dags/example_short_circuit_operator.py
[2025-09-21T04:47:54.544+0000] {processor.py:914} INFO - Processing file /home/airflow/.local/lib/python3.12/site-packages/airflow/example_dags/example_short_circuit_operator.py for tasks to queue
[2025-09-21T04:47:54.553+0000] {logging_mixin.py:190} INFO - [2025-09-21T04:47:54.552+0000] {dagbag.py:588} INFO - Filling up the DagBag from /home/airflow/.local/lib/python3.12/site-packages/airflow/example_dags/example_short_circuit_operator.py
[2025-09-21T04:47:54.593+0000] {processor.py:925} INFO - DAG(s) 'example_short_circuit_operator' retrieved from /home/airflow/.local/lib/python3.12/site-packages/airflow/example_dags/example_short_circuit_operator.py
[2025-09-21T04:47:54.970+0000] {logging_mixin.py:190} INFO - [2025-09-21T04:47:54.969+0000] {override.py:1911} INFO - Created Permission View: can delete on DAG:example_short_circuit_operator
[2025-09-21T04:47:54.992+0000] {logging_mixin.py:190} INFO - [2025-09-21T04:47:54.991+0000] {override.py:1911} INFO - Created Permission View: can read on DAG:example_short_circuit_operator
[2025-09-21T04:47:55.002+0000] {logging_mixin.py:190} INFO - [2025-09-21T04:47:55.001+0000] {override.py:1911} INFO - Created Permission View: can edit on DAG:example_short_circuit_operator
[2025-09-21T04:47:55.013+0000] {logging_mixin.py:190} INFO - [2025-09-21T04:47:55.013+0000] {override.py:1911} INFO - Created Permission View: can read on DAG Run:example_short_circuit_operator
[2025-09-21T04:47:55.027+0000] {logging_mixin.py:190} INFO - [2025-09-21T04:47:55.027+0000] {override.py:1911} INFO - Created Permission View: menu access on DAG Run:example_short_circuit_operator
[2025-09-21T04:47:55.043+0000] {logging_mixin.py:190} INFO - [2025-09-21T04:47:55.043+0000] {override.py:1911} INFO - Created Permission View: can delete on DAG Run:example_short_circuit_operator
[2025-09-21T04:47:55.057+0000] {logging_mixin.py:190} INFO - [2025-09-21T04:47:55.056+0000] {override.py:1911} INFO - Created Permission View: can create on DAG Run:example_short_circuit_operator
[2025-09-21T04:47:55.057+0000] {logging_mixin.py:190} INFO - [2025-09-21T04:47:55.057+0000] {dag.py:3239} INFO - Sync 1 DAGs
[2025-09-21T04:47:55.114+0000] {logging_mixin.py:190} INFO - [2025-09-21T04:47:55.107+0000] {dag.py:3262} INFO - Creating ORM DAG for example_short_circuit_operator
[2025-09-21T04:47:55.115+0000] {logging_mixin.py:190} INFO - [2025-09-21T04:47:55.115+0000] {dag.py:4180} INFO - Setting next_dagrun for example_short_circuit_operator to None, run_after=None
[2025-09-21T04:47:55.245+0000] {processor.py:208} INFO - Processing /home/airflow/.local/lib/python3.12/site-packages/airflow/example_dags/example_short_circuit_operator.py took 0.724 seconds
[2025-09-21T04:48:26.604+0000] {processor.py:186} INFO - Started process (PID=145) to work on /home/airflow/.local/lib/python3.12/site-packages/airflow/example_dags/example_short_circuit_operator.py
[2025-09-21T04:48:26.608+0000] {processor.py:914} INFO - Processing file /home/airflow/.local/lib/python3.12/site-packages/airflow/example_dags/example_short_circuit_operator.py for tasks to queue
[2025-09-21T04:48:26.610+0000] {logging_mixin.py:190} INFO - [2025-09-21T04:48:26.610+0000] {dagbag.py:588} INFO - Filling up the DagBag from /home/airflow/.local/lib/python3.12/site-packages/airflow/example_dags/example_short_circuit_operator.py
[2025-09-21T04:48:26.631+0000] {processor.py:925} INFO - DAG(s) 'example_short_circuit_operator' retrieved from /home/airflow/.local/lib/python3.12/site-packages/airflow/example_dags/example_short_circuit_operator.py
[2025-09-21T04:48:26.690+0000] {logging_mixin.py:190} INFO - [2025-09-21T04:48:26.689+0000] {dag.py:3239} INFO - Sync 1 DAGs
[2025-09-21T04:48:26.759+0000] {logging_mixin.py:190} INFO - [2025-09-21T04:48:26.754+0000] {dag.py:4180} INFO - Setting next_dagrun for example_short_circuit_operator to None, run_after=None
[2025-09-21T04:48:26.823+0000] {processor.py:208} INFO - Processing /home/airflow/.local/lib/python3.12/site-packages/airflow/example_dags/example_short_circuit_operator.py took 0.232 seconds
[2025-09-21T04:48:57.099+0000] {processor.py:186} INFO - Started process (PID=208) to work on /home/airflow/.local/lib/python3.12/site-packages/airflow/example_dags/example_short_circuit_operator.py
[2025-09-21T04:48:57.101+0000] {processor.py:914} INFO - Processing file /home/airflow/.local/lib/python3.12/site-packages/airflow/example_dags/example_short_circuit_operator.py for tasks to queue
[2025-09-21T04:48:57.104+0000] {logging_mixin.py:190} INFO - [2025-09-21T04:48:57.104+0000] {dagbag.py:588} INFO - Filling up the DagBag from /home/airflow/.local/lib/python3.12/site-packages/airflow/example_dags/example_short_circuit_operator.py
[2025-09-21T04:48:57.131+0000] {processor.py:925} INFO - DAG(s) 'example_short_circuit_operator' retrieved from /home/airflow/.local/lib/python3.12/site-packages/airflow/example_dags/example_short_circuit_operator.py
[2025-09-21T04:48:57.179+0000] {logging_mixin.py:190} INFO - [2025-09-21T04:48:57.179+0000] {dag.py:3239} INFO - Sync 1 DAGs
[2025-09-21T04:48:57.204+0000] {logging_mixin.py:190} INFO - [2025-09-21T04:48:57.203+0000] {dag.py:4180} INFO - Setting next_dagrun for example_short_circuit_operator to None, run_after=None
[2025-09-21T04:48:57.233+0000] {processor.py:208} INFO - Processing /home/airflow/.local/lib/python3.12/site-packages/airflow/example_dags/example_short_circuit_operator.py took 0.147 seconds
[2025-09-21T04:49:31.571+0000] {processor.py:186} INFO - Started process (PID=265) to work on /home/airflow/.local/lib/python3.12/site-packages/airflow/example_dags/example_short_circuit_operator.py
[2025-09-21T04:49:31.574+0000] {processor.py:914} INFO - Processing file /home/airflow/.local/lib/python3.12/site-packages/airflow/example_dags/example_short_circuit_operator.py for tasks to queue
[2025-09-21T04:49:31.582+0000] {logging_mixin.py:190} INFO - [2025-09-21T04:49:31.580+0000] {dagbag.py:588} INFO - Filling up the DagBag from /home/airflow/.local/lib/python3.12/site-packages/airflow/example_dags/example_short_circuit_operator.py
[2025-09-21T04:49:31.627+0000] {processor.py:925} INFO - DAG(s) 'example_short_circuit_operator' retrieved from /home/airflow/.local/lib/python3.12/site-packages/airflow/example_dags/example_short_circuit_operator.py
[2025-09-21T04:49:31.738+0000] {logging_mixin.py:190} INFO - [2025-09-21T04:49:31.738+0000] {dag.py:3239} INFO - Sync 1 DAGs
[2025-09-21T04:49:31.820+0000] {logging_mixin.py:190} INFO - [2025-09-21T04:49:31.808+0000] {dag.py:4180} INFO - Setting next_dagrun for example_short_circuit_operator to None, run_after=None
[2025-09-21T04:49:31.981+0000] {processor.py:208} INFO - Processing /home/airflow/.local/lib/python3.12/site-packages/airflow/example_dags/example_short_circuit_operator.py took 0.435 seconds
[2025-09-21T04:50:02.188+0000] {processor.py:186} INFO - Started process (PID=334) to work on /home/airflow/.local/lib/python3.12/site-packages/airflow/example_dags/example_short_circuit_operator.py
[2025-09-21T04:50:02.189+0000] {processor.py:914} INFO - Processing file /home/airflow/.local/lib/python3.12/site-packages/airflow/example_dags/example_short_circuit_operator.py for tasks to queue
[2025-09-21T04:50:02.191+0000] {logging_mixin.py:190} INFO - [2025-09-21T04:50:02.191+0000] {dagbag.py:588} INFO - Filling up the DagBag from /home/airflow/.local/lib/python3.12/site-packages/airflow/example_dags/example_short_circuit_operator.py
[2025-09-21T04:50:02.200+0000] {processor.py:925} INFO - DAG(s) 'example_short_circuit_operator' retrieved from /home/airflow/.local/lib/python3.12/site-packages/airflow/example_dags/example_short_circuit_operator.py
[2025-09-21T04:50:02.234+0000] {logging_mixin.py:190} INFO - [2025-09-21T04:50:02.233+0000] {dag.py:3239} INFO - Sync 1 DAGs
[2025-09-21T04:50:02.246+0000] {logging_mixin.py:190} INFO - [2025-09-21T04:50:02.246+0000] {dag.py:4180} INFO - Setting next_dagrun for example_short_circuit_operator to None, run_after=None
[2025-09-21T04:50:02.260+0000] {processor.py:208} INFO - Processing /home/airflow/.local/lib/python3.12/site-packages/airflow/example_dags/example_short_circuit_operator.py took 0.079 seconds
[2025-09-21T04:50:32.699+0000] {processor.py:186} INFO - Started process (PID=396) to work on /home/airflow/.local/lib/python3.12/site-packages/airflow/example_dags/example_short_circuit_operator.py
[2025-09-21T04:50:32.700+0000] {processor.py:914} INFO - Processing file /home/airflow/.local/lib/python3.12/site-packages/airflow/example_dags/example_short_circuit_operator.py for tasks to queue
[2025-09-21T04:50:32.703+0000] {logging_mixin.py:190} INFO - [2025-09-21T04:50:32.702+0000] {dagbag.py:588} INFO - Filling up the DagBag from /home/airflow/.local/lib/python3.12/site-packages/airflow/example_dags/example_short_circuit_operator.py
[2025-09-21T04:50:32.713+0000] {processor.py:925} INFO - DAG(s) 'example_short_circuit_operator' retrieved from /home/airflow/.local/lib/python3.12/site-packages/airflow/example_dags/example_short_circuit_operator.py
[2025-09-21T04:50:32.740+0000] {logging_mixin.py:190} INFO - [2025-09-21T04:50:32.740+0000] {dag.py:3239} INFO - Sync 1 DAGs
[2025-09-21T04:50:32.758+0000] {logging_mixin.py:190} INFO - [2025-09-21T04:50:32.758+0000] {dag.py:4180} INFO - Setting next_dagrun for example_short_circuit_operator to None, run_after=None
[2025-09-21T04:50:32.774+0000] {processor.py:208} INFO - Processing /home/airflow/.local/lib/python3.12/site-packages/airflow/example_dags/example_short_circuit_operator.py took 0.081 seconds
[2025-09-21T04:51:03.563+0000] {processor.py:186} INFO - Started process (PID=458) to work on /home/airflow/.local/lib/python3.12/site-packages/airflow/example_dags/example_short_circuit_operator.py
[2025-09-21T04:51:03.564+0000] {processor.py:914} INFO - Processing file /home/airflow/.local/lib/python3.12/site-packages/airflow/example_dags/example_short_circuit_operator.py for tasks to queue
[2025-09-21T04:51:03.568+0000] {logging_mixin.py:190} INFO - [2025-09-21T04:51:03.568+0000] {dagbag.py:588} INFO - Filling up the DagBag from /home/airflow/.local/lib/python3.12/site-packages/airflow/example_dags/example_short_circuit_operator.py
[2025-09-21T04:51:03.578+0000] {processor.py:925} INFO - DAG(s) 'example_short_circuit_operator' retrieved from /home/airflow/.local/lib/python3.12/site-packages/airflow/example_dags/example_short_circuit_operator.py
[2025-09-21T04:51:03.617+0000] {logging_mixin.py:190} INFO - [2025-09-21T04:51:03.617+0000] {dag.py:3239} INFO - Sync 1 DAGs
[2025-09-21T04:51:03.632+0000] {logging_mixin.py:190} INFO - [2025-09-21T04:51:03.632+0000] {dag.py:4180} INFO - Setting next_dagrun for example_short_circuit_operator to None, run_after=None
[2025-09-21T04:51:03.646+0000] {processor.py:208} INFO - Processing /home/airflow/.local/lib/python3.12/site-packages/airflow/example_dags/example_short_circuit_operator.py took 0.089 seconds
[2025-09-21T04:51:34.722+0000] {processor.py:186} INFO - Started process (PID=522) to work on /home/airflow/.local/lib/python3.12/site-packages/airflow/example_dags/example_short_circuit_operator.py
[2025-09-21T04:51:34.723+0000] {processor.py:914} INFO - Processing file /home/airflow/.local/lib/python3.12/site-packages/airflow/example_dags/example_short_circuit_operator.py for tasks to queue
[2025-09-21T04:51:34.725+0000] {logging_mixin.py:190} INFO - [2025-09-21T04:51:34.725+0000] {dagbag.py:588} INFO - Filling up the DagBag from /home/airflow/.local/lib/python3.12/site-packages/airflow/example_dags/example_short_circuit_operator.py
[2025-09-21T04:51:34.731+0000] {processor.py:925} INFO - DAG(s) 'example_short_circuit_operator' retrieved from /home/airflow/.local/lib/python3.12/site-packages/airflow/example_dags/example_short_circuit_operator.py
[2025-09-21T04:51:34.749+0000] {logging_mixin.py:190} INFO - [2025-09-21T04:51:34.749+0000] {dag.py:3239} INFO - Sync 1 DAGs
[2025-09-21T04:51:34.761+0000] {logging_mixin.py:190} INFO - [2025-09-21T04:51:34.761+0000] {dag.py:4180} INFO - Setting next_dagrun for example_short_circuit_operator to None, run_after=None
[2025-09-21T04:51:34.774+0000] {processor.py:208} INFO - Processing /home/airflow/.local/lib/python3.12/site-packages/airflow/example_dags/example_short_circuit_operator.py took 0.056 seconds
[2025-09-21T04:52:05.250+0000] {processor.py:186} INFO - Started process (PID=584) to work on /home/airflow/.local/lib/python3.12/site-packages/airflow/example_dags/example_short_circuit_operator.py
[2025-09-21T04:52:05.251+0000] {processor.py:914} INFO - Processing file /home/airflow/.local/lib/python3.12/site-packages/airflow/example_dags/example_short_circuit_operator.py for tasks to queue
[2025-09-21T04:52:05.253+0000] {logging_mixin.py:190} INFO - [2025-09-21T04:52:05.253+0000] {dagbag.py:588} INFO - Filling up the DagBag from /home/airflow/.local/lib/python3.12/site-packages/airflow/example_dags/example_short_circuit_operator.py
[2025-09-21T04:52:05.262+0000] {processor.py:925} INFO - DAG(s) 'example_short_circuit_operator' retrieved from /home/airflow/.local/lib/python3.12/site-packages/airflow/example_dags/example_short_circuit_operator.py
[2025-09-21T04:52:05.290+0000] {logging_mixin.py:190} INFO - [2025-09-21T04:52:05.290+0000] {dag.py:3239} INFO - Sync 1 DAGs
[2025-09-21T04:52:05.307+0000] {logging_mixin.py:190} INFO - [2025-09-21T04:52:05.307+0000] {dag.py:4180} INFO - Setting next_dagrun for example_short_circuit_operator to None, run_after=None
[2025-09-21T04:52:05.332+0000] {processor.py:208} INFO - Processing /home/airflow/.local/lib/python3.12/site-packages/airflow/example_dags/example_short_circuit_operator.py took 0.088 seconds
[2025-09-21T04:52:35.718+0000] {processor.py:186} INFO - Started process (PID=647) to work on /home/airflow/.local/lib/python3.12/site-packages/airflow/example_dags/example_short_circuit_operator.py
[2025-09-21T04:52:35.719+0000] {processor.py:914} INFO - Processing file /home/airflow/.local/lib/python3.12/site-packages/airflow/example_dags/example_short_circuit_operator.py for tasks to queue
[2025-09-21T04:52:35.721+0000] {logging_mixin.py:190} INFO - [2025-09-21T04:52:35.720+0000] {dagbag.py:588} INFO - Filling up the DagBag from /home/airflow/.local/lib/python3.12/site-packages/airflow/example_dags/example_short_circuit_operator.py
[2025-09-21T04:52:35.730+0000] {processor.py:925} INFO - DAG(s) 'example_short_circuit_operator' retrieved from /home/airflow/.local/lib/python3.12/site-packages/airflow/example_dags/example_short_circuit_operator.py
[2025-09-21T04:52:35.756+0000] {logging_mixin.py:190} INFO - [2025-09-21T04:52:35.756+0000] {dag.py:3239} INFO - Sync 1 DAGs
[2025-09-21T04:52:35.773+0000] {logging_mixin.py:190} INFO - [2025-09-21T04:52:35.773+0000] {dag.py:4180} INFO - Setting next_dagrun for example_short_circuit_operator to None, run_after=None
[2025-09-21T04:52:35.790+0000] {processor.py:208} INFO - Processing /home/airflow/.local/lib/python3.12/site-packages/airflow/example_dags/example_short_circuit_operator.py took 0.078 seconds
[2025-09-21T04:53:06.421+0000] {processor.py:186} INFO - Started process (PID=710) to work on /home/airflow/.local/lib/python3.12/site-packages/airflow/example_dags/example_short_circuit_operator.py
[2025-09-21T04:53:06.422+0000] {processor.py:914} INFO - Processing file /home/airflow/.local/lib/python3.12/site-packages/airflow/example_dags/example_short_circuit_operator.py for tasks to queue
[2025-09-21T04:53:06.425+0000] {logging_mixin.py:190} INFO - [2025-09-21T04:53:06.424+0000] {dagbag.py:588} INFO - Filling up the DagBag from /home/airflow/.local/lib/python3.12/site-packages/airflow/example_dags/example_short_circuit_operator.py
[2025-09-21T04:53:06.434+0000] {processor.py:925} INFO - DAG(s) 'example_short_circuit_operator' retrieved from /home/airflow/.local/lib/python3.12/site-packages/airflow/example_dags/example_short_circuit_operator.py
[2025-09-21T04:53:06.461+0000] {logging_mixin.py:190} INFO - [2025-09-21T04:53:06.461+0000] {dag.py:3239} INFO - Sync 1 DAGs
[2025-09-21T04:53:06.478+0000] {logging_mixin.py:190} INFO - [2025-09-21T04:53:06.478+0000] {dag.py:4180} INFO - Setting next_dagrun for example_short_circuit_operator to None, run_after=None
[2025-09-21T04:53:06.502+0000] {processor.py:208} INFO - Processing /home/airflow/.local/lib/python3.12/site-packages/airflow/example_dags/example_short_circuit_operator.py took 0.087 seconds
[2025-09-21T04:53:36.991+0000] {processor.py:186} INFO - Started process (PID=773) to work on /home/airflow/.local/lib/python3.12/site-packages/airflow/example_dags/example_short_circuit_operator.py
[2025-09-21T04:53:36.995+0000] {processor.py:914} INFO - Processing file /home/airflow/.local/lib/python3.12/site-packages/airflow/example_dags/example_short_circuit_operator.py for tasks to queue
[2025-09-21T04:53:37.003+0000] {logging_mixin.py:190} INFO - [2025-09-21T04:53:37.002+0000] {dagbag.py:588} INFO - Filling up the DagBag from /home/airflow/.local/lib/python3.12/site-packages/airflow/example_dags/example_short_circuit_operator.py
[2025-09-21T04:53:37.035+0000] {processor.py:925} INFO - DAG(s) 'example_short_circuit_operator' retrieved from /home/airflow/.local/lib/python3.12/site-packages/airflow/example_dags/example_short_circuit_operator.py
[2025-09-21T04:53:37.137+0000] {logging_mixin.py:190} INFO - [2025-09-21T04:53:37.137+0000] {dag.py:3239} INFO - Sync 1 DAGs
[2025-09-21T04:53:37.154+0000] {logging_mixin.py:190} INFO - [2025-09-21T04:53:37.153+0000] {dag.py:4180} INFO - Setting next_dagrun for example_short_circuit_operator to None, run_after=None
[2025-09-21T04:53:37.191+0000] {processor.py:208} INFO - Processing /home/airflow/.local/lib/python3.12/site-packages/airflow/example_dags/example_short_circuit_operator.py took 0.214 seconds
[2025-09-21T04:54:08.096+0000] {processor.py:186} INFO - Started process (PID=836) to work on /home/airflow/.local/lib/python3.12/site-packages/airflow/example_dags/example_short_circuit_operator.py
[2025-09-21T04:54:08.103+0000] {processor.py:914} INFO - Processing file /home/airflow/.local/lib/python3.12/site-packages/airflow/example_dags/example_short_circuit_operator.py for tasks to queue
[2025-09-21T04:54:08.108+0000] {logging_mixin.py:190} INFO - [2025-09-21T04:54:08.107+0000] {dagbag.py:588} INFO - Filling up the DagBag from /home/airflow/.local/lib/python3.12/site-packages/airflow/example_dags/example_short_circuit_operator.py
[2025-09-21T04:54:08.125+0000] {processor.py:925} INFO - DAG(s) 'example_short_circuit_operator' retrieved from /home/airflow/.local/lib/python3.12/site-packages/airflow/example_dags/example_short_circuit_operator.py
[2025-09-21T04:54:08.196+0000] {logging_mixin.py:190} INFO - [2025-09-21T04:54:08.196+0000] {dag.py:3239} INFO - Sync 1 DAGs
[2025-09-21T04:54:08.216+0000] {logging_mixin.py:190} INFO - [2025-09-21T04:54:08.216+0000] {dag.py:4180} INFO - Setting next_dagrun for example_short_circuit_operator to None, run_after=None
[2025-09-21T04:54:08.258+0000] {processor.py:208} INFO - Processing /home/airflow/.local/lib/python3.12/site-packages/airflow/example_dags/example_short_circuit_operator.py took 0.186 seconds
[2025-09-21T04:54:38.469+0000] {processor.py:186} INFO - Started process (PID=899) to work on /home/airflow/.local/lib/python3.12/site-packages/airflow/example_dags/example_short_circuit_operator.py
[2025-09-21T04:54:38.470+0000] {processor.py:914} INFO - Processing file /home/airflow/.local/lib/python3.12/site-packages/airflow/example_dags/example_short_circuit_operator.py for tasks to queue
[2025-09-21T04:54:38.472+0000] {logging_mixin.py:190} INFO - [2025-09-21T04:54:38.472+0000] {dagbag.py:588} INFO - Filling up the DagBag from /home/airflow/.local/lib/python3.12/site-packages/airflow/example_dags/example_short_circuit_operator.py
[2025-09-21T04:54:38.482+0000] {processor.py:925} INFO - DAG(s) 'example_short_circuit_operator' retrieved from /home/airflow/.local/lib/python3.12/site-packages/airflow/example_dags/example_short_circuit_operator.py
[2025-09-21T04:54:38.509+0000] {logging_mixin.py:190} INFO - [2025-09-21T04:54:38.509+0000] {dag.py:3239} INFO - Sync 1 DAGs
[2025-09-21T04:54:38.529+0000] {logging_mixin.py:190} INFO - [2025-09-21T04:54:38.529+0000] {dag.py:4180} INFO - Setting next_dagrun for example_short_circuit_operator to None, run_after=None
[2025-09-21T04:54:38.548+0000] {processor.py:208} INFO - Processing /home/airflow/.local/lib/python3.12/site-packages/airflow/example_dags/example_short_circuit_operator.py took 0.085 seconds
[2025-09-21T04:55:09.227+0000] {processor.py:186} INFO - Started process (PID=962) to work on /home/airflow/.local/lib/python3.12/site-packages/airflow/example_dags/example_short_circuit_operator.py
[2025-09-21T04:55:09.228+0000] {processor.py:914} INFO - Processing file /home/airflow/.local/lib/python3.12/site-packages/airflow/example_dags/example_short_circuit_operator.py for tasks to queue
[2025-09-21T04:55:09.230+0000] {logging_mixin.py:190} INFO - [2025-09-21T04:55:09.230+0000] {dagbag.py:588} INFO - Filling up the DagBag from /home/airflow/.local/lib/python3.12/site-packages/airflow/example_dags/example_short_circuit_operator.py
[2025-09-21T04:55:09.240+0000] {processor.py:925} INFO - DAG(s) 'example_short_circuit_operator' retrieved from /home/airflow/.local/lib/python3.12/site-packages/airflow/example_dags/example_short_circuit_operator.py
[2025-09-21T04:55:09.266+0000] {logging_mixin.py:190} INFO - [2025-09-21T04:55:09.266+0000] {dag.py:3239} INFO - Sync 1 DAGs
[2025-09-21T04:55:09.286+0000] {logging_mixin.py:190} INFO - [2025-09-21T04:55:09.285+0000] {dag.py:4180} INFO - Setting next_dagrun for example_short_circuit_operator to None, run_after=None
[2025-09-21T04:55:09.304+0000] {processor.py:208} INFO - Processing /home/airflow/.local/lib/python3.12/site-packages/airflow/example_dags/example_short_circuit_operator.py took 0.082 seconds
[2025-09-21T04:55:39.520+0000] {processor.py:186} INFO - Started process (PID=1025) to work on /home/airflow/.local/lib/python3.12/site-packages/airflow/example_dags/example_short_circuit_operator.py
[2025-09-21T04:55:39.521+0000] {processor.py:914} INFO - Processing file /home/airflow/.local/lib/python3.12/site-packages/airflow/example_dags/example_short_circuit_operator.py for tasks to queue
[2025-09-21T04:55:39.523+0000] {logging_mixin.py:190} INFO - [2025-09-21T04:55:39.523+0000] {dagbag.py:588} INFO - Filling up the DagBag from /home/airflow/.local/lib/python3.12/site-packages/airflow/example_dags/example_short_circuit_operator.py
[2025-09-21T04:55:39.533+0000] {processor.py:925} INFO - DAG(s) 'example_short_circuit_operator' retrieved from /home/airflow/.local/lib/python3.12/site-packages/airflow/example_dags/example_short_circuit_operator.py
[2025-09-21T04:55:39.560+0000] {logging_mixin.py:190} INFO - [2025-09-21T04:55:39.560+0000] {dag.py:3239} INFO - Sync 1 DAGs
[2025-09-21T04:55:39.578+0000] {logging_mixin.py:190} INFO - [2025-09-21T04:55:39.578+0000] {dag.py:4180} INFO - Setting next_dagrun for example_short_circuit_operator to None, run_after=None
[2025-09-21T04:55:39.599+0000] {processor.py:208} INFO - Processing /home/airflow/.local/lib/python3.12/site-packages/airflow/example_dags/example_short_circuit_operator.py took 0.084 seconds
[2025-09-21T04:56:10.195+0000] {processor.py:186} INFO - Started process (PID=1088) to work on /home/airflow/.local/lib/python3.12/site-packages/airflow/example_dags/example_short_circuit_operator.py
[2025-09-21T04:56:10.196+0000] {processor.py:914} INFO - Processing file /home/airflow/.local/lib/python3.12/site-packages/airflow/example_dags/example_short_circuit_operator.py for tasks to queue
[2025-09-21T04:56:10.198+0000] {logging_mixin.py:190} INFO - [2025-09-21T04:56:10.198+0000] {dagbag.py:588} INFO - Filling up the DagBag from /home/airflow/.local/lib/python3.12/site-packages/airflow/example_dags/example_short_circuit_operator.py
[2025-09-21T04:56:10.208+0000] {processor.py:925} INFO - DAG(s) 'example_short_circuit_operator' retrieved from /home/airflow/.local/lib/python3.12/site-packages/airflow/example_dags/example_short_circuit_operator.py
[2025-09-21T04:56:10.235+0000] {logging_mixin.py:190} INFO - [2025-09-21T04:56:10.235+0000] {dag.py:3239} INFO - Sync 1 DAGs
[2025-09-21T04:56:10.253+0000] {logging_mixin.py:190} INFO - [2025-09-21T04:56:10.253+0000] {dag.py:4180} INFO - Setting next_dagrun for example_short_circuit_operator to None, run_after=None
[2025-09-21T04:56:10.275+0000] {processor.py:208} INFO - Processing /home/airflow/.local/lib/python3.12/site-packages/airflow/example_dags/example_short_circuit_operator.py took 0.086 seconds
[2025-09-21T04:56:40.561+0000] {processor.py:186} INFO - Started process (PID=1151) to work on /home/airflow/.local/lib/python3.12/site-packages/airflow/example_dags/example_short_circuit_operator.py
[2025-09-21T04:56:40.562+0000] {processor.py:914} INFO - Processing file /home/airflow/.local/lib/python3.12/site-packages/airflow/example_dags/example_short_circuit_operator.py for tasks to queue
[2025-09-21T04:56:40.564+0000] {logging_mixin.py:190} INFO - [2025-09-21T04:56:40.564+0000] {dagbag.py:588} INFO - Filling up the DagBag from /home/airflow/.local/lib/python3.12/site-packages/airflow/example_dags/example_short_circuit_operator.py
[2025-09-21T04:56:40.574+0000] {processor.py:925} INFO - DAG(s) 'example_short_circuit_operator' retrieved from /home/airflow/.local/lib/python3.12/site-packages/airflow/example_dags/example_short_circuit_operator.py
[2025-09-21T04:56:40.600+0000] {logging_mixin.py:190} INFO - [2025-09-21T04:56:40.600+0000] {dag.py:3239} INFO - Sync 1 DAGs
[2025-09-21T04:56:40.640+0000] {logging_mixin.py:190} INFO - [2025-09-21T04:56:40.640+0000] {dag.py:4180} INFO - Setting next_dagrun for example_short_circuit_operator to None, run_after=None
[2025-09-21T04:56:40.691+0000] {processor.py:208} INFO - Processing /home/airflow/.local/lib/python3.12/site-packages/airflow/example_dags/example_short_circuit_operator.py took 0.136 seconds
[2025-09-21T04:57:10.797+0000] {processor.py:186} INFO - Started process (PID=1213) to work on /home/airflow/.local/lib/python3.12/site-packages/airflow/example_dags/example_short_circuit_operator.py
[2025-09-21T04:57:10.798+0000] {processor.py:914} INFO - Processing file /home/airflow/.local/lib/python3.12/site-packages/airflow/example_dags/example_short_circuit_operator.py for tasks to queue
[2025-09-21T04:57:10.800+0000] {logging_mixin.py:190} INFO - [2025-09-21T04:57:10.800+0000] {dagbag.py:588} INFO - Filling up the DagBag from /home/airflow/.local/lib/python3.12/site-packages/airflow/example_dags/example_short_circuit_operator.py
[2025-09-21T04:57:10.810+0000] {processor.py:925} INFO - DAG(s) 'example_short_circuit_operator' retrieved from /home/airflow/.local/lib/python3.12/site-packages/airflow/example_dags/example_short_circuit_operator.py
[2025-09-21T04:57:10.835+0000] {logging_mixin.py:190} INFO - [2025-09-21T04:57:10.835+0000] {dag.py:3239} INFO - Sync 1 DAGs
[2025-09-21T04:57:10.853+0000] {logging_mixin.py:190} INFO - [2025-09-21T04:57:10.853+0000] {dag.py:4180} INFO - Setting next_dagrun for example_short_circuit_operator to None, run_after=None
[2025-09-21T04:57:10.871+0000] {processor.py:208} INFO - Processing /home/airflow/.local/lib/python3.12/site-packages/airflow/example_dags/example_short_circuit_operator.py took 0.080 seconds
[2025-09-21T04:57:41.793+0000] {processor.py:186} INFO - Started process (PID=1275) to work on /home/airflow/.local/lib/python3.12/site-packages/airflow/example_dags/example_short_circuit_operator.py
[2025-09-21T04:57:41.793+0000] {processor.py:914} INFO - Processing file /home/airflow/.local/lib/python3.12/site-packages/airflow/example_dags/example_short_circuit_operator.py for tasks to queue
[2025-09-21T04:57:41.796+0000] {logging_mixin.py:190} INFO - [2025-09-21T04:57:41.796+0000] {dagbag.py:588} INFO - Filling up the DagBag from /home/airflow/.local/lib/python3.12/site-packages/airflow/example_dags/example_short_circuit_operator.py
[2025-09-21T04:57:41.805+0000] {processor.py:925} INFO - DAG(s) 'example_short_circuit_operator' retrieved from /home/airflow/.local/lib/python3.12/site-packages/airflow/example_dags/example_short_circuit_operator.py
[2025-09-21T04:57:41.833+0000] {logging_mixin.py:190} INFO - [2025-09-21T04:57:41.833+0000] {dag.py:3239} INFO - Sync 1 DAGs
[2025-09-21T04:57:41.851+0000] {logging_mixin.py:190} INFO - [2025-09-21T04:57:41.851+0000] {dag.py:4180} INFO - Setting next_dagrun for example_short_circuit_operator to None, run_after=None
[2025-09-21T04:57:41.872+0000] {processor.py:208} INFO - Processing /home/airflow/.local/lib/python3.12/site-packages/airflow/example_dags/example_short_circuit_operator.py took 0.085 seconds
