[2025-09-21T04:48:09.376+0000] {processor.py:186} INFO - Started process (PID=113) to work on /home/airflow/.local/lib/python3.12/site-packages/airflow/example_dags/example_trigger_target_dag.py
[2025-09-21T04:48:09.377+0000] {processor.py:914} INFO - Processing file /home/airflow/.local/lib/python3.12/site-packages/airflow/example_dags/example_trigger_target_dag.py for tasks to queue
[2025-09-21T04:48:09.381+0000] {logging_mixin.py:190} INFO - [2025-09-21T04:48:09.380+0000] {dagbag.py:588} INFO - Filling up the DagBag from /home/airflow/.local/lib/python3.12/site-packages/airflow/example_dags/example_trigger_target_dag.py
[2025-09-21T04:48:09.392+0000] {processor.py:925} INFO - DAG(s) 'example_trigger_target_dag' retrieved from /home/airflow/.local/lib/python3.12/site-packages/airflow/example_dags/example_trigger_target_dag.py
[2025-09-21T04:48:09.585+0000] {logging_mixin.py:190} INFO - [2025-09-21T04:48:09.585+0000] {override.py:1911} INFO - Created Permission View: can delete on DAG:example_trigger_target_dag
[2025-09-21T04:48:09.607+0000] {logging_mixin.py:190} INFO - [2025-09-21T04:48:09.607+0000] {override.py:1911} INFO - Created Permission View: can read on DAG:example_trigger_target_dag
[2025-09-21T04:48:09.621+0000] {logging_mixin.py:190} INFO - [2025-09-21T04:48:09.621+0000] {override.py:1911} INFO - Created Permission View: can edit on DAG:example_trigger_target_dag
[2025-09-21T04:48:09.632+0000] {logging_mixin.py:190} INFO - [2025-09-21T04:48:09.631+0000] {override.py:1911} INFO - Created Permission View: can read on DAG Run:example_trigger_target_dag
[2025-09-21T04:48:09.639+0000] {logging_mixin.py:190} INFO - [2025-09-21T04:48:09.639+0000] {override.py:1911} INFO - Created Permission View: menu access on DAG Run:example_trigger_target_dag
[2025-09-21T04:48:09.645+0000] {logging_mixin.py:190} INFO - [2025-09-21T04:48:09.645+0000] {override.py:1911} INFO - Created Permission View: can delete on DAG Run:example_trigger_target_dag
[2025-09-21T04:48:09.655+0000] {logging_mixin.py:190} INFO - [2025-09-21T04:48:09.655+0000] {override.py:1911} INFO - Created Permission View: can create on DAG Run:example_trigger_target_dag
[2025-09-21T04:48:09.656+0000] {logging_mixin.py:190} INFO - [2025-09-21T04:48:09.656+0000] {dag.py:3239} INFO - Sync 1 DAGs
[2025-09-21T04:48:09.683+0000] {logging_mixin.py:190} INFO - [2025-09-21T04:48:09.682+0000] {dag.py:3262} INFO - Creating ORM DAG for example_trigger_target_dag
[2025-09-21T04:48:09.683+0000] {logging_mixin.py:190} INFO - [2025-09-21T04:48:09.683+0000] {dag.py:4180} INFO - Setting next_dagrun for example_trigger_target_dag to None, run_after=None
[2025-09-21T04:48:09.727+0000] {processor.py:208} INFO - Processing /home/airflow/.local/lib/python3.12/site-packages/airflow/example_dags/example_trigger_target_dag.py took 0.361 seconds
[2025-09-21T04:48:39.762+0000] {processor.py:186} INFO - Started process (PID=175) to work on /home/airflow/.local/lib/python3.12/site-packages/airflow/example_dags/example_trigger_target_dag.py
[2025-09-21T04:48:39.763+0000] {processor.py:914} INFO - Processing file /home/airflow/.local/lib/python3.12/site-packages/airflow/example_dags/example_trigger_target_dag.py for tasks to queue
[2025-09-21T04:48:39.764+0000] {logging_mixin.py:190} INFO - [2025-09-21T04:48:39.764+0000] {dagbag.py:588} INFO - Filling up the DagBag from /home/airflow/.local/lib/python3.12/site-packages/airflow/example_dags/example_trigger_target_dag.py
[2025-09-21T04:48:39.771+0000] {processor.py:925} INFO - DAG(s) 'example_trigger_target_dag' retrieved from /home/airflow/.local/lib/python3.12/site-packages/airflow/example_dags/example_trigger_target_dag.py
[2025-09-21T04:48:39.790+0000] {logging_mixin.py:190} INFO - [2025-09-21T04:48:39.790+0000] {dag.py:3239} INFO - Sync 1 DAGs
[2025-09-21T04:48:39.806+0000] {logging_mixin.py:190} INFO - [2025-09-21T04:48:39.806+0000] {dag.py:4180} INFO - Setting next_dagrun for example_trigger_target_dag to None, run_after=None
[2025-09-21T04:48:39.819+0000] {processor.py:208} INFO - Processing /home/airflow/.local/lib/python3.12/site-packages/airflow/example_dags/example_trigger_target_dag.py took 0.062 seconds
[2025-09-21T04:49:10.852+0000] {processor.py:186} INFO - Started process (PID=238) to work on /home/airflow/.local/lib/python3.12/site-packages/airflow/example_dags/example_trigger_target_dag.py
[2025-09-21T04:49:10.852+0000] {processor.py:914} INFO - Processing file /home/airflow/.local/lib/python3.12/site-packages/airflow/example_dags/example_trigger_target_dag.py for tasks to queue
[2025-09-21T04:49:10.855+0000] {logging_mixin.py:190} INFO - [2025-09-21T04:49:10.855+0000] {dagbag.py:588} INFO - Filling up the DagBag from /home/airflow/.local/lib/python3.12/site-packages/airflow/example_dags/example_trigger_target_dag.py
[2025-09-21T04:49:10.863+0000] {processor.py:925} INFO - DAG(s) 'example_trigger_target_dag' retrieved from /home/airflow/.local/lib/python3.12/site-packages/airflow/example_dags/example_trigger_target_dag.py
[2025-09-21T04:49:10.884+0000] {logging_mixin.py:190} INFO - [2025-09-21T04:49:10.884+0000] {dag.py:3239} INFO - Sync 1 DAGs
[2025-09-21T04:49:10.900+0000] {logging_mixin.py:190} INFO - [2025-09-21T04:49:10.899+0000] {dag.py:4180} INFO - Setting next_dagrun for example_trigger_target_dag to None, run_after=None
[2025-09-21T04:49:10.918+0000] {processor.py:208} INFO - Processing /home/airflow/.local/lib/python3.12/site-packages/airflow/example_dags/example_trigger_target_dag.py took 0.073 seconds
[2025-09-21T04:49:41.703+0000] {processor.py:186} INFO - Started process (PID=301) to work on /home/airflow/.local/lib/python3.12/site-packages/airflow/example_dags/example_trigger_target_dag.py
[2025-09-21T04:49:41.704+0000] {processor.py:914} INFO - Processing file /home/airflow/.local/lib/python3.12/site-packages/airflow/example_dags/example_trigger_target_dag.py for tasks to queue
[2025-09-21T04:49:41.706+0000] {logging_mixin.py:190} INFO - [2025-09-21T04:49:41.706+0000] {dagbag.py:588} INFO - Filling up the DagBag from /home/airflow/.local/lib/python3.12/site-packages/airflow/example_dags/example_trigger_target_dag.py
[2025-09-21T04:49:41.714+0000] {processor.py:925} INFO - DAG(s) 'example_trigger_target_dag' retrieved from /home/airflow/.local/lib/python3.12/site-packages/airflow/example_dags/example_trigger_target_dag.py
[2025-09-21T04:49:41.734+0000] {logging_mixin.py:190} INFO - [2025-09-21T04:49:41.734+0000] {dag.py:3239} INFO - Sync 1 DAGs
[2025-09-21T04:49:41.750+0000] {logging_mixin.py:190} INFO - [2025-09-21T04:49:41.749+0000] {dag.py:4180} INFO - Setting next_dagrun for example_trigger_target_dag to None, run_after=None
[2025-09-21T04:49:41.767+0000] {processor.py:208} INFO - Processing /home/airflow/.local/lib/python3.12/site-packages/airflow/example_dags/example_trigger_target_dag.py took 0.072 seconds
[2025-09-21T04:50:12.653+0000] {processor.py:186} INFO - Started process (PID=364) to work on /home/airflow/.local/lib/python3.12/site-packages/airflow/example_dags/example_trigger_target_dag.py
[2025-09-21T04:50:12.654+0000] {processor.py:914} INFO - Processing file /home/airflow/.local/lib/python3.12/site-packages/airflow/example_dags/example_trigger_target_dag.py for tasks to queue
[2025-09-21T04:50:12.657+0000] {logging_mixin.py:190} INFO - [2025-09-21T04:50:12.656+0000] {dagbag.py:588} INFO - Filling up the DagBag from /home/airflow/.local/lib/python3.12/site-packages/airflow/example_dags/example_trigger_target_dag.py
[2025-09-21T04:50:12.665+0000] {processor.py:925} INFO - DAG(s) 'example_trigger_target_dag' retrieved from /home/airflow/.local/lib/python3.12/site-packages/airflow/example_dags/example_trigger_target_dag.py
[2025-09-21T04:50:12.685+0000] {logging_mixin.py:190} INFO - [2025-09-21T04:50:12.685+0000] {dag.py:3239} INFO - Sync 1 DAGs
[2025-09-21T04:50:12.702+0000] {logging_mixin.py:190} INFO - [2025-09-21T04:50:12.702+0000] {dag.py:4180} INFO - Setting next_dagrun for example_trigger_target_dag to None, run_after=None
[2025-09-21T04:50:12.720+0000] {processor.py:208} INFO - Processing /home/airflow/.local/lib/python3.12/site-packages/airflow/example_dags/example_trigger_target_dag.py took 0.073 seconds
[2025-09-21T04:50:43.139+0000] {processor.py:186} INFO - Started process (PID=425) to work on /home/airflow/.local/lib/python3.12/site-packages/airflow/example_dags/example_trigger_target_dag.py
[2025-09-21T04:50:43.143+0000] {processor.py:914} INFO - Processing file /home/airflow/.local/lib/python3.12/site-packages/airflow/example_dags/example_trigger_target_dag.py for tasks to queue
[2025-09-21T04:50:43.148+0000] {logging_mixin.py:190} INFO - [2025-09-21T04:50:43.148+0000] {dagbag.py:588} INFO - Filling up the DagBag from /home/airflow/.local/lib/python3.12/site-packages/airflow/example_dags/example_trigger_target_dag.py
[2025-09-21T04:50:43.164+0000] {processor.py:925} INFO - DAG(s) 'example_trigger_target_dag' retrieved from /home/airflow/.local/lib/python3.12/site-packages/airflow/example_dags/example_trigger_target_dag.py
[2025-09-21T04:50:43.240+0000] {logging_mixin.py:190} INFO - [2025-09-21T04:50:43.240+0000] {dag.py:3239} INFO - Sync 1 DAGs
[2025-09-21T04:50:43.275+0000] {logging_mixin.py:190} INFO - [2025-09-21T04:50:43.275+0000] {dag.py:4180} INFO - Setting next_dagrun for example_trigger_target_dag to None, run_after=None
[2025-09-21T04:50:43.333+0000] {processor.py:208} INFO - Processing /home/airflow/.local/lib/python3.12/site-packages/airflow/example_dags/example_trigger_target_dag.py took 0.232 seconds
[2025-09-21T04:51:13.733+0000] {processor.py:186} INFO - Started process (PID=487) to work on /home/airflow/.local/lib/python3.12/site-packages/airflow/example_dags/example_trigger_target_dag.py
[2025-09-21T04:51:13.734+0000] {processor.py:914} INFO - Processing file /home/airflow/.local/lib/python3.12/site-packages/airflow/example_dags/example_trigger_target_dag.py for tasks to queue
[2025-09-21T04:51:13.736+0000] {logging_mixin.py:190} INFO - [2025-09-21T04:51:13.736+0000] {dagbag.py:588} INFO - Filling up the DagBag from /home/airflow/.local/lib/python3.12/site-packages/airflow/example_dags/example_trigger_target_dag.py
[2025-09-21T04:51:13.744+0000] {processor.py:925} INFO - DAG(s) 'example_trigger_target_dag' retrieved from /home/airflow/.local/lib/python3.12/site-packages/airflow/example_dags/example_trigger_target_dag.py
[2025-09-21T04:51:13.766+0000] {logging_mixin.py:190} INFO - [2025-09-21T04:51:13.765+0000] {dag.py:3239} INFO - Sync 1 DAGs
[2025-09-21T04:51:13.782+0000] {logging_mixin.py:190} INFO - [2025-09-21T04:51:13.782+0000] {dag.py:4180} INFO - Setting next_dagrun for example_trigger_target_dag to None, run_after=None
[2025-09-21T04:51:13.798+0000] {processor.py:208} INFO - Processing /home/airflow/.local/lib/python3.12/site-packages/airflow/example_dags/example_trigger_target_dag.py took 0.073 seconds
[2025-09-21T04:51:44.176+0000] {processor.py:186} INFO - Started process (PID=551) to work on /home/airflow/.local/lib/python3.12/site-packages/airflow/example_dags/example_trigger_target_dag.py
[2025-09-21T04:51:44.177+0000] {processor.py:914} INFO - Processing file /home/airflow/.local/lib/python3.12/site-packages/airflow/example_dags/example_trigger_target_dag.py for tasks to queue
[2025-09-21T04:51:44.179+0000] {logging_mixin.py:190} INFO - [2025-09-21T04:51:44.178+0000] {dagbag.py:588} INFO - Filling up the DagBag from /home/airflow/.local/lib/python3.12/site-packages/airflow/example_dags/example_trigger_target_dag.py
[2025-09-21T04:51:44.185+0000] {processor.py:925} INFO - DAG(s) 'example_trigger_target_dag' retrieved from /home/airflow/.local/lib/python3.12/site-packages/airflow/example_dags/example_trigger_target_dag.py
[2025-09-21T04:51:44.199+0000] {logging_mixin.py:190} INFO - [2025-09-21T04:51:44.199+0000] {dag.py:3239} INFO - Sync 1 DAGs
[2025-09-21T04:51:44.210+0000] {logging_mixin.py:190} INFO - [2025-09-21T04:51:44.210+0000] {dag.py:4180} INFO - Setting next_dagrun for example_trigger_target_dag to None, run_after=None
[2025-09-21T04:51:44.224+0000] {processor.py:208} INFO - Processing /home/airflow/.local/lib/python3.12/site-packages/airflow/example_dags/example_trigger_target_dag.py took 0.053 seconds
[2025-09-21T04:52:14.300+0000] {processor.py:186} INFO - Started process (PID=614) to work on /home/airflow/.local/lib/python3.12/site-packages/airflow/example_dags/example_trigger_target_dag.py
[2025-09-21T04:52:14.301+0000] {processor.py:914} INFO - Processing file /home/airflow/.local/lib/python3.12/site-packages/airflow/example_dags/example_trigger_target_dag.py for tasks to queue
[2025-09-21T04:52:14.303+0000] {logging_mixin.py:190} INFO - [2025-09-21T04:52:14.303+0000] {dagbag.py:588} INFO - Filling up the DagBag from /home/airflow/.local/lib/python3.12/site-packages/airflow/example_dags/example_trigger_target_dag.py
[2025-09-21T04:52:14.312+0000] {processor.py:925} INFO - DAG(s) 'example_trigger_target_dag' retrieved from /home/airflow/.local/lib/python3.12/site-packages/airflow/example_dags/example_trigger_target_dag.py
[2025-09-21T04:52:14.333+0000] {logging_mixin.py:190} INFO - [2025-09-21T04:52:14.333+0000] {dag.py:3239} INFO - Sync 1 DAGs
[2025-09-21T04:52:14.351+0000] {logging_mixin.py:190} INFO - [2025-09-21T04:52:14.351+0000] {dag.py:4180} INFO - Setting next_dagrun for example_trigger_target_dag to None, run_after=None
[2025-09-21T04:52:14.369+0000] {processor.py:208} INFO - Processing /home/airflow/.local/lib/python3.12/site-packages/airflow/example_dags/example_trigger_target_dag.py took 0.076 seconds
[2025-09-21T04:52:45.074+0000] {processor.py:186} INFO - Started process (PID=677) to work on /home/airflow/.local/lib/python3.12/site-packages/airflow/example_dags/example_trigger_target_dag.py
[2025-09-21T04:52:45.074+0000] {processor.py:914} INFO - Processing file /home/airflow/.local/lib/python3.12/site-packages/airflow/example_dags/example_trigger_target_dag.py for tasks to queue
[2025-09-21T04:52:45.077+0000] {logging_mixin.py:190} INFO - [2025-09-21T04:52:45.076+0000] {dagbag.py:588} INFO - Filling up the DagBag from /home/airflow/.local/lib/python3.12/site-packages/airflow/example_dags/example_trigger_target_dag.py
[2025-09-21T04:52:45.085+0000] {processor.py:925} INFO - DAG(s) 'example_trigger_target_dag' retrieved from /home/airflow/.local/lib/python3.12/site-packages/airflow/example_dags/example_trigger_target_dag.py
[2025-09-21T04:52:45.107+0000] {logging_mixin.py:190} INFO - [2025-09-21T04:52:45.107+0000] {dag.py:3239} INFO - Sync 1 DAGs
[2025-09-21T04:52:45.125+0000] {logging_mixin.py:190} INFO - [2025-09-21T04:52:45.125+0000] {dag.py:4180} INFO - Setting next_dagrun for example_trigger_target_dag to None, run_after=None
[2025-09-21T04:52:45.141+0000] {processor.py:208} INFO - Processing /home/airflow/.local/lib/python3.12/site-packages/airflow/example_dags/example_trigger_target_dag.py took 0.074 seconds
[2025-09-21T04:53:15.256+0000] {processor.py:186} INFO - Started process (PID=740) to work on /home/airflow/.local/lib/python3.12/site-packages/airflow/example_dags/example_trigger_target_dag.py
[2025-09-21T04:53:15.260+0000] {processor.py:914} INFO - Processing file /home/airflow/.local/lib/python3.12/site-packages/airflow/example_dags/example_trigger_target_dag.py for tasks to queue
[2025-09-21T04:53:15.264+0000] {logging_mixin.py:190} INFO - [2025-09-21T04:53:15.264+0000] {dagbag.py:588} INFO - Filling up the DagBag from /home/airflow/.local/lib/python3.12/site-packages/airflow/example_dags/example_trigger_target_dag.py
[2025-09-21T04:53:15.279+0000] {processor.py:925} INFO - DAG(s) 'example_trigger_target_dag' retrieved from /home/airflow/.local/lib/python3.12/site-packages/airflow/example_dags/example_trigger_target_dag.py
[2025-09-21T04:53:15.336+0000] {logging_mixin.py:190} INFO - [2025-09-21T04:53:15.336+0000] {dag.py:3239} INFO - Sync 1 DAGs
[2025-09-21T04:53:15.352+0000] {logging_mixin.py:190} INFO - [2025-09-21T04:53:15.351+0000] {dag.py:4180} INFO - Setting next_dagrun for example_trigger_target_dag to None, run_after=None
[2025-09-21T04:53:15.368+0000] {processor.py:208} INFO - Processing /home/airflow/.local/lib/python3.12/site-packages/airflow/example_dags/example_trigger_target_dag.py took 0.127 seconds
[2025-09-21T04:53:45.632+0000] {processor.py:186} INFO - Started process (PID=803) to work on /home/airflow/.local/lib/python3.12/site-packages/airflow/example_dags/example_trigger_target_dag.py
[2025-09-21T04:53:45.633+0000] {processor.py:914} INFO - Processing file /home/airflow/.local/lib/python3.12/site-packages/airflow/example_dags/example_trigger_target_dag.py for tasks to queue
[2025-09-21T04:53:45.635+0000] {logging_mixin.py:190} INFO - [2025-09-21T04:53:45.635+0000] {dagbag.py:588} INFO - Filling up the DagBag from /home/airflow/.local/lib/python3.12/site-packages/airflow/example_dags/example_trigger_target_dag.py
[2025-09-21T04:53:45.643+0000] {processor.py:925} INFO - DAG(s) 'example_trigger_target_dag' retrieved from /home/airflow/.local/lib/python3.12/site-packages/airflow/example_dags/example_trigger_target_dag.py
[2025-09-21T04:53:45.664+0000] {logging_mixin.py:190} INFO - [2025-09-21T04:53:45.664+0000] {dag.py:3239} INFO - Sync 1 DAGs
[2025-09-21T04:53:45.681+0000] {logging_mixin.py:190} INFO - [2025-09-21T04:53:45.681+0000] {dag.py:4180} INFO - Setting next_dagrun for example_trigger_target_dag to None, run_after=None
[2025-09-21T04:53:45.698+0000] {processor.py:208} INFO - Processing /home/airflow/.local/lib/python3.12/site-packages/airflow/example_dags/example_trigger_target_dag.py took 0.073 seconds
[2025-09-21T04:54:16.665+0000] {processor.py:186} INFO - Started process (PID=866) to work on /home/airflow/.local/lib/python3.12/site-packages/airflow/example_dags/example_trigger_target_dag.py
[2025-09-21T04:54:16.666+0000] {processor.py:914} INFO - Processing file /home/airflow/.local/lib/python3.12/site-packages/airflow/example_dags/example_trigger_target_dag.py for tasks to queue
[2025-09-21T04:54:16.668+0000] {logging_mixin.py:190} INFO - [2025-09-21T04:54:16.668+0000] {dagbag.py:588} INFO - Filling up the DagBag from /home/airflow/.local/lib/python3.12/site-packages/airflow/example_dags/example_trigger_target_dag.py
[2025-09-21T04:54:16.676+0000] {processor.py:925} INFO - DAG(s) 'example_trigger_target_dag' retrieved from /home/airflow/.local/lib/python3.12/site-packages/airflow/example_dags/example_trigger_target_dag.py
[2025-09-21T04:54:16.698+0000] {logging_mixin.py:190} INFO - [2025-09-21T04:54:16.698+0000] {dag.py:3239} INFO - Sync 1 DAGs
[2025-09-21T04:54:16.716+0000] {logging_mixin.py:190} INFO - [2025-09-21T04:54:16.716+0000] {dag.py:4180} INFO - Setting next_dagrun for example_trigger_target_dag to None, run_after=None
[2025-09-21T04:54:16.741+0000] {processor.py:208} INFO - Processing /home/airflow/.local/lib/python3.12/site-packages/airflow/example_dags/example_trigger_target_dag.py took 0.082 seconds
[2025-09-21T04:54:47.847+0000] {processor.py:186} INFO - Started process (PID=929) to work on /home/airflow/.local/lib/python3.12/site-packages/airflow/example_dags/example_trigger_target_dag.py
[2025-09-21T04:54:47.849+0000] {processor.py:914} INFO - Processing file /home/airflow/.local/lib/python3.12/site-packages/airflow/example_dags/example_trigger_target_dag.py for tasks to queue
[2025-09-21T04:54:47.854+0000] {logging_mixin.py:190} INFO - [2025-09-21T04:54:47.852+0000] {dagbag.py:588} INFO - Filling up the DagBag from /home/airflow/.local/lib/python3.12/site-packages/airflow/example_dags/example_trigger_target_dag.py
[2025-09-21T04:54:47.872+0000] {processor.py:925} INFO - DAG(s) 'example_trigger_target_dag' retrieved from /home/airflow/.local/lib/python3.12/site-packages/airflow/example_dags/example_trigger_target_dag.py
[2025-09-21T04:54:47.915+0000] {logging_mixin.py:190} INFO - [2025-09-21T04:54:47.915+0000] {dag.py:3239} INFO - Sync 1 DAGs
[2025-09-21T04:54:47.954+0000] {logging_mixin.py:190} INFO - [2025-09-21T04:54:47.953+0000] {dag.py:4180} INFO - Setting next_dagrun for example_trigger_target_dag to None, run_after=None
[2025-09-21T04:54:47.989+0000] {processor.py:208} INFO - Processing /home/airflow/.local/lib/python3.12/site-packages/airflow/example_dags/example_trigger_target_dag.py took 0.165 seconds
[2025-09-21T04:55:18.311+0000] {processor.py:186} INFO - Started process (PID=991) to work on /home/airflow/.local/lib/python3.12/site-packages/airflow/example_dags/example_trigger_target_dag.py
[2025-09-21T04:55:18.312+0000] {processor.py:914} INFO - Processing file /home/airflow/.local/lib/python3.12/site-packages/airflow/example_dags/example_trigger_target_dag.py for tasks to queue
[2025-09-21T04:55:18.317+0000] {logging_mixin.py:190} INFO - [2025-09-21T04:55:18.316+0000] {dagbag.py:588} INFO - Filling up the DagBag from /home/airflow/.local/lib/python3.12/site-packages/airflow/example_dags/example_trigger_target_dag.py
[2025-09-21T04:55:18.329+0000] {processor.py:925} INFO - DAG(s) 'example_trigger_target_dag' retrieved from /home/airflow/.local/lib/python3.12/site-packages/airflow/example_dags/example_trigger_target_dag.py
[2025-09-21T04:55:18.369+0000] {logging_mixin.py:190} INFO - [2025-09-21T04:55:18.369+0000] {dag.py:3239} INFO - Sync 1 DAGs
[2025-09-21T04:55:18.404+0000] {logging_mixin.py:190} INFO - [2025-09-21T04:55:18.401+0000] {dag.py:4180} INFO - Setting next_dagrun for example_trigger_target_dag to None, run_after=None
[2025-09-21T04:55:18.440+0000] {processor.py:208} INFO - Processing /home/airflow/.local/lib/python3.12/site-packages/airflow/example_dags/example_trigger_target_dag.py took 0.145 seconds
[2025-09-21T04:55:48.796+0000] {processor.py:186} INFO - Started process (PID=1054) to work on /home/airflow/.local/lib/python3.12/site-packages/airflow/example_dags/example_trigger_target_dag.py
[2025-09-21T04:55:48.797+0000] {processor.py:914} INFO - Processing file /home/airflow/.local/lib/python3.12/site-packages/airflow/example_dags/example_trigger_target_dag.py for tasks to queue
[2025-09-21T04:55:48.799+0000] {logging_mixin.py:190} INFO - [2025-09-21T04:55:48.798+0000] {dagbag.py:588} INFO - Filling up the DagBag from /home/airflow/.local/lib/python3.12/site-packages/airflow/example_dags/example_trigger_target_dag.py
[2025-09-21T04:55:48.809+0000] {processor.py:925} INFO - DAG(s) 'example_trigger_target_dag' retrieved from /home/airflow/.local/lib/python3.12/site-packages/airflow/example_dags/example_trigger_target_dag.py
[2025-09-21T04:55:48.829+0000] {logging_mixin.py:190} INFO - [2025-09-21T04:55:48.829+0000] {dag.py:3239} INFO - Sync 1 DAGs
[2025-09-21T04:55:48.845+0000] {logging_mixin.py:190} INFO - [2025-09-21T04:55:48.845+0000] {dag.py:4180} INFO - Setting next_dagrun for example_trigger_target_dag to None, run_after=None
[2025-09-21T04:55:48.868+0000] {processor.py:208} INFO - Processing /home/airflow/.local/lib/python3.12/site-packages/airflow/example_dags/example_trigger_target_dag.py took 0.078 seconds
[2025-09-21T04:56:19.382+0000] {processor.py:186} INFO - Started process (PID=1117) to work on /home/airflow/.local/lib/python3.12/site-packages/airflow/example_dags/example_trigger_target_dag.py
[2025-09-21T04:56:19.382+0000] {processor.py:914} INFO - Processing file /home/airflow/.local/lib/python3.12/site-packages/airflow/example_dags/example_trigger_target_dag.py for tasks to queue
[2025-09-21T04:56:19.385+0000] {logging_mixin.py:190} INFO - [2025-09-21T04:56:19.385+0000] {dagbag.py:588} INFO - Filling up the DagBag from /home/airflow/.local/lib/python3.12/site-packages/airflow/example_dags/example_trigger_target_dag.py
[2025-09-21T04:56:19.394+0000] {processor.py:925} INFO - DAG(s) 'example_trigger_target_dag' retrieved from /home/airflow/.local/lib/python3.12/site-packages/airflow/example_dags/example_trigger_target_dag.py
[2025-09-21T04:56:19.415+0000] {logging_mixin.py:190} INFO - [2025-09-21T04:56:19.415+0000] {dag.py:3239} INFO - Sync 1 DAGs
[2025-09-21T04:56:19.432+0000] {logging_mixin.py:190} INFO - [2025-09-21T04:56:19.432+0000] {dag.py:4180} INFO - Setting next_dagrun for example_trigger_target_dag to None, run_after=None
[2025-09-21T04:56:19.452+0000] {processor.py:208} INFO - Processing /home/airflow/.local/lib/python3.12/site-packages/airflow/example_dags/example_trigger_target_dag.py took 0.077 seconds
[2025-09-21T04:56:50.077+0000] {processor.py:186} INFO - Started process (PID=1179) to work on /home/airflow/.local/lib/python3.12/site-packages/airflow/example_dags/example_trigger_target_dag.py
[2025-09-21T04:56:50.078+0000] {processor.py:914} INFO - Processing file /home/airflow/.local/lib/python3.12/site-packages/airflow/example_dags/example_trigger_target_dag.py for tasks to queue
[2025-09-21T04:56:50.080+0000] {logging_mixin.py:190} INFO - [2025-09-21T04:56:50.080+0000] {dagbag.py:588} INFO - Filling up the DagBag from /home/airflow/.local/lib/python3.12/site-packages/airflow/example_dags/example_trigger_target_dag.py
[2025-09-21T04:56:50.088+0000] {processor.py:925} INFO - DAG(s) 'example_trigger_target_dag' retrieved from /home/airflow/.local/lib/python3.12/site-packages/airflow/example_dags/example_trigger_target_dag.py
[2025-09-21T04:56:50.108+0000] {logging_mixin.py:190} INFO - [2025-09-21T04:56:50.107+0000] {dag.py:3239} INFO - Sync 1 DAGs
[2025-09-21T04:56:50.128+0000] {logging_mixin.py:190} INFO - [2025-09-21T04:56:50.128+0000] {dag.py:4180} INFO - Setting next_dagrun for example_trigger_target_dag to None, run_after=None
[2025-09-21T04:56:50.145+0000] {processor.py:208} INFO - Processing /home/airflow/.local/lib/python3.12/site-packages/airflow/example_dags/example_trigger_target_dag.py took 0.074 seconds
[2025-09-21T04:57:20.476+0000] {processor.py:186} INFO - Started process (PID=1242) to work on /home/airflow/.local/lib/python3.12/site-packages/airflow/example_dags/example_trigger_target_dag.py
[2025-09-21T04:57:20.477+0000] {processor.py:914} INFO - Processing file /home/airflow/.local/lib/python3.12/site-packages/airflow/example_dags/example_trigger_target_dag.py for tasks to queue
[2025-09-21T04:57:20.481+0000] {logging_mixin.py:190} INFO - [2025-09-21T04:57:20.481+0000] {dagbag.py:588} INFO - Filling up the DagBag from /home/airflow/.local/lib/python3.12/site-packages/airflow/example_dags/example_trigger_target_dag.py
[2025-09-21T04:57:20.489+0000] {processor.py:925} INFO - DAG(s) 'example_trigger_target_dag' retrieved from /home/airflow/.local/lib/python3.12/site-packages/airflow/example_dags/example_trigger_target_dag.py
[2025-09-21T04:57:20.509+0000] {logging_mixin.py:190} INFO - [2025-09-21T04:57:20.509+0000] {dag.py:3239} INFO - Sync 1 DAGs
[2025-09-21T04:57:20.526+0000] {logging_mixin.py:190} INFO - [2025-09-21T04:57:20.526+0000] {dag.py:4180} INFO - Setting next_dagrun for example_trigger_target_dag to None, run_after=None
[2025-09-21T04:57:20.547+0000] {processor.py:208} INFO - Processing /home/airflow/.local/lib/python3.12/site-packages/airflow/example_dags/example_trigger_target_dag.py took 0.080 seconds
[2025-09-21T04:57:51.165+0000] {processor.py:186} INFO - Started process (PID=1305) to work on /home/airflow/.local/lib/python3.12/site-packages/airflow/example_dags/example_trigger_target_dag.py
[2025-09-21T04:57:51.168+0000] {processor.py:914} INFO - Processing file /home/airflow/.local/lib/python3.12/site-packages/airflow/example_dags/example_trigger_target_dag.py for tasks to queue
[2025-09-21T04:57:51.171+0000] {logging_mixin.py:190} INFO - [2025-09-21T04:57:51.170+0000] {dagbag.py:588} INFO - Filling up the DagBag from /home/airflow/.local/lib/python3.12/site-packages/airflow/example_dags/example_trigger_target_dag.py
[2025-09-21T04:57:51.179+0000] {processor.py:925} INFO - DAG(s) 'example_trigger_target_dag' retrieved from /home/airflow/.local/lib/python3.12/site-packages/airflow/example_dags/example_trigger_target_dag.py
[2025-09-21T04:57:51.203+0000] {logging_mixin.py:190} INFO - [2025-09-21T04:57:51.203+0000] {dag.py:3239} INFO - Sync 1 DAGs
[2025-09-21T04:57:51.220+0000] {logging_mixin.py:190} INFO - [2025-09-21T04:57:51.220+0000] {dag.py:4180} INFO - Setting next_dagrun for example_trigger_target_dag to None, run_after=None
[2025-09-21T04:57:51.236+0000] {processor.py:208} INFO - Processing /home/airflow/.local/lib/python3.12/site-packages/airflow/example_dags/example_trigger_target_dag.py took 0.080 seconds
