[2025-09-21T04:47:48.464+0000] {processor.py:186} INFO - Started process (PID=76) to work on /home/airflow/.local/lib/python3.12/site-packages/airflow/example_dags/example_task_group.py
[2025-09-21T04:47:48.466+0000] {processor.py:914} INFO - Processing file /home/airflow/.local/lib/python3.12/site-packages/airflow/example_dags/example_task_group.py for tasks to queue
[2025-09-21T04:47:48.471+0000] {logging_mixin.py:190} INFO - [2025-09-21T04:47:48.468+0000] {dagbag.py:588} INFO - Filling up the DagBag from /home/airflow/.local/lib/python3.12/site-packages/airflow/example_dags/example_task_group.py
[2025-09-21T04:47:48.499+0000] {processor.py:925} INFO - DAG(s) 'example_task_group' retrieved from /home/airflow/.local/lib/python3.12/site-packages/airflow/example_dags/example_task_group.py
[2025-09-21T04:47:48.798+0000] {logging_mixin.py:190} INFO - [2025-09-21T04:47:48.797+0000] {override.py:1911} INFO - Created Permission View: can delete on DAG:example_task_group
[2025-09-21T04:47:48.843+0000] {logging_mixin.py:190} INFO - [2025-09-21T04:47:48.843+0000] {override.py:1911} INFO - Created Permission View: can read on DAG:example_task_group
[2025-09-21T04:47:48.871+0000] {logging_mixin.py:190} INFO - [2025-09-21T04:47:48.870+0000] {override.py:1911} INFO - Created Permission View: can edit on DAG:example_task_group
[2025-09-21T04:47:48.899+0000] {logging_mixin.py:190} INFO - [2025-09-21T04:47:48.898+0000] {override.py:1911} INFO - Created Permission View: can read on DAG Run:example_task_group
[2025-09-21T04:47:48.925+0000] {logging_mixin.py:190} INFO - [2025-09-21T04:47:48.924+0000] {override.py:1911} INFO - Created Permission View: menu access on DAG Run:example_task_group
[2025-09-21T04:47:48.936+0000] {logging_mixin.py:190} INFO - [2025-09-21T04:47:48.936+0000] {override.py:1911} INFO - Created Permission View: can delete on DAG Run:example_task_group
[2025-09-21T04:47:48.964+0000] {logging_mixin.py:190} INFO - [2025-09-21T04:47:48.963+0000] {override.py:1911} INFO - Created Permission View: can create on DAG Run:example_task_group
[2025-09-21T04:47:48.969+0000] {logging_mixin.py:190} INFO - [2025-09-21T04:47:48.968+0000] {dag.py:3239} INFO - Sync 1 DAGs
[2025-09-21T04:47:49.055+0000] {logging_mixin.py:190} INFO - [2025-09-21T04:47:49.054+0000] {dag.py:3262} INFO - Creating ORM DAG for example_task_group
[2025-09-21T04:47:49.059+0000] {logging_mixin.py:190} INFO - [2025-09-21T04:47:49.059+0000] {dag.py:4180} INFO - Setting next_dagrun for example_task_group to None, run_after=None
[2025-09-21T04:47:49.142+0000] {processor.py:208} INFO - Processing /home/airflow/.local/lib/python3.12/site-packages/airflow/example_dags/example_task_group.py took 0.697 seconds
[2025-09-21T04:48:25.817+0000] {processor.py:186} INFO - Started process (PID=138) to work on /home/airflow/.local/lib/python3.12/site-packages/airflow/example_dags/example_task_group.py
[2025-09-21T04:48:25.818+0000] {processor.py:914} INFO - Processing file /home/airflow/.local/lib/python3.12/site-packages/airflow/example_dags/example_task_group.py for tasks to queue
[2025-09-21T04:48:25.820+0000] {logging_mixin.py:190} INFO - [2025-09-21T04:48:25.820+0000] {dagbag.py:588} INFO - Filling up the DagBag from /home/airflow/.local/lib/python3.12/site-packages/airflow/example_dags/example_task_group.py
[2025-09-21T04:48:25.832+0000] {processor.py:925} INFO - DAG(s) 'example_task_group' retrieved from /home/airflow/.local/lib/python3.12/site-packages/airflow/example_dags/example_task_group.py
[2025-09-21T04:48:25.863+0000] {logging_mixin.py:190} INFO - [2025-09-21T04:48:25.863+0000] {dag.py:3239} INFO - Sync 1 DAGs
[2025-09-21T04:48:25.883+0000] {logging_mixin.py:190} INFO - [2025-09-21T04:48:25.883+0000] {dag.py:4180} INFO - Setting next_dagrun for example_task_group to None, run_after=None
[2025-09-21T04:48:25.903+0000] {processor.py:208} INFO - Processing /home/airflow/.local/lib/python3.12/site-packages/airflow/example_dags/example_task_group.py took 0.095 seconds
[2025-09-21T04:48:56.673+0000] {processor.py:186} INFO - Started process (PID=201) to work on /home/airflow/.local/lib/python3.12/site-packages/airflow/example_dags/example_task_group.py
[2025-09-21T04:48:56.674+0000] {processor.py:914} INFO - Processing file /home/airflow/.local/lib/python3.12/site-packages/airflow/example_dags/example_task_group.py for tasks to queue
[2025-09-21T04:48:56.676+0000] {logging_mixin.py:190} INFO - [2025-09-21T04:48:56.676+0000] {dagbag.py:588} INFO - Filling up the DagBag from /home/airflow/.local/lib/python3.12/site-packages/airflow/example_dags/example_task_group.py
[2025-09-21T04:48:56.686+0000] {processor.py:925} INFO - DAG(s) 'example_task_group' retrieved from /home/airflow/.local/lib/python3.12/site-packages/airflow/example_dags/example_task_group.py
[2025-09-21T04:48:56.709+0000] {logging_mixin.py:190} INFO - [2025-09-21T04:48:56.709+0000] {dag.py:3239} INFO - Sync 1 DAGs
[2025-09-21T04:48:56.726+0000] {logging_mixin.py:190} INFO - [2025-09-21T04:48:56.726+0000] {dag.py:4180} INFO - Setting next_dagrun for example_task_group to None, run_after=None
[2025-09-21T04:48:56.742+0000] {processor.py:208} INFO - Processing /home/airflow/.local/lib/python3.12/site-packages/airflow/example_dags/example_task_group.py took 0.075 seconds
[2025-09-21T04:49:29.904+0000] {processor.py:186} INFO - Started process (PID=258) to work on /home/airflow/.local/lib/python3.12/site-packages/airflow/example_dags/example_task_group.py
[2025-09-21T04:49:29.912+0000] {processor.py:914} INFO - Processing file /home/airflow/.local/lib/python3.12/site-packages/airflow/example_dags/example_task_group.py for tasks to queue
[2025-09-21T04:49:29.918+0000] {logging_mixin.py:190} INFO - [2025-09-21T04:49:29.918+0000] {dagbag.py:588} INFO - Filling up the DagBag from /home/airflow/.local/lib/python3.12/site-packages/airflow/example_dags/example_task_group.py
[2025-09-21T04:49:29.946+0000] {processor.py:925} INFO - DAG(s) 'example_task_group' retrieved from /home/airflow/.local/lib/python3.12/site-packages/airflow/example_dags/example_task_group.py
[2025-09-21T04:49:30.071+0000] {logging_mixin.py:190} INFO - [2025-09-21T04:49:30.071+0000] {dag.py:3239} INFO - Sync 1 DAGs
[2025-09-21T04:49:30.122+0000] {logging_mixin.py:190} INFO - [2025-09-21T04:49:30.122+0000] {dag.py:4180} INFO - Setting next_dagrun for example_task_group to None, run_after=None
[2025-09-21T04:49:30.183+0000] {processor.py:208} INFO - Processing /home/airflow/.local/lib/python3.12/site-packages/airflow/example_dags/example_task_group.py took 0.337 seconds
[2025-09-21T04:50:00.652+0000] {processor.py:186} INFO - Started process (PID=321) to work on /home/airflow/.local/lib/python3.12/site-packages/airflow/example_dags/example_task_group.py
[2025-09-21T04:50:00.652+0000] {processor.py:914} INFO - Processing file /home/airflow/.local/lib/python3.12/site-packages/airflow/example_dags/example_task_group.py for tasks to queue
[2025-09-21T04:50:00.654+0000] {logging_mixin.py:190} INFO - [2025-09-21T04:50:00.654+0000] {dagbag.py:588} INFO - Filling up the DagBag from /home/airflow/.local/lib/python3.12/site-packages/airflow/example_dags/example_task_group.py
[2025-09-21T04:50:00.661+0000] {processor.py:925} INFO - DAG(s) 'example_task_group' retrieved from /home/airflow/.local/lib/python3.12/site-packages/airflow/example_dags/example_task_group.py
[2025-09-21T04:50:00.677+0000] {logging_mixin.py:190} INFO - [2025-09-21T04:50:00.677+0000] {dag.py:3239} INFO - Sync 1 DAGs
[2025-09-21T04:50:00.689+0000] {logging_mixin.py:190} INFO - [2025-09-21T04:50:00.688+0000] {dag.py:4180} INFO - Setting next_dagrun for example_task_group to None, run_after=None
[2025-09-21T04:50:00.702+0000] {processor.py:208} INFO - Processing /home/airflow/.local/lib/python3.12/site-packages/airflow/example_dags/example_task_group.py took 0.055 seconds
[2025-09-21T04:50:31.375+0000] {processor.py:186} INFO - Started process (PID=383) to work on /home/airflow/.local/lib/python3.12/site-packages/airflow/example_dags/example_task_group.py
[2025-09-21T04:50:31.376+0000] {processor.py:914} INFO - Processing file /home/airflow/.local/lib/python3.12/site-packages/airflow/example_dags/example_task_group.py for tasks to queue
[2025-09-21T04:50:31.378+0000] {logging_mixin.py:190} INFO - [2025-09-21T04:50:31.378+0000] {dagbag.py:588} INFO - Filling up the DagBag from /home/airflow/.local/lib/python3.12/site-packages/airflow/example_dags/example_task_group.py
[2025-09-21T04:50:31.386+0000] {processor.py:925} INFO - DAG(s) 'example_task_group' retrieved from /home/airflow/.local/lib/python3.12/site-packages/airflow/example_dags/example_task_group.py
[2025-09-21T04:50:31.408+0000] {logging_mixin.py:190} INFO - [2025-09-21T04:50:31.407+0000] {dag.py:3239} INFO - Sync 1 DAGs
[2025-09-21T04:50:31.424+0000] {logging_mixin.py:190} INFO - [2025-09-21T04:50:31.424+0000] {dag.py:4180} INFO - Setting next_dagrun for example_task_group to None, run_after=None
[2025-09-21T04:50:31.441+0000] {processor.py:208} INFO - Processing /home/airflow/.local/lib/python3.12/site-packages/airflow/example_dags/example_task_group.py took 0.072 seconds
[2025-09-21T04:51:02.302+0000] {processor.py:186} INFO - Started process (PID=445) to work on /home/airflow/.local/lib/python3.12/site-packages/airflow/example_dags/example_task_group.py
[2025-09-21T04:51:02.304+0000] {processor.py:914} INFO - Processing file /home/airflow/.local/lib/python3.12/site-packages/airflow/example_dags/example_task_group.py for tasks to queue
[2025-09-21T04:51:02.309+0000] {logging_mixin.py:190} INFO - [2025-09-21T04:51:02.309+0000] {dagbag.py:588} INFO - Filling up the DagBag from /home/airflow/.local/lib/python3.12/site-packages/airflow/example_dags/example_task_group.py
[2025-09-21T04:51:02.334+0000] {processor.py:925} INFO - DAG(s) 'example_task_group' retrieved from /home/airflow/.local/lib/python3.12/site-packages/airflow/example_dags/example_task_group.py
[2025-09-21T04:51:02.384+0000] {logging_mixin.py:190} INFO - [2025-09-21T04:51:02.384+0000] {dag.py:3239} INFO - Sync 1 DAGs
[2025-09-21T04:51:02.409+0000] {logging_mixin.py:190} INFO - [2025-09-21T04:51:02.409+0000] {dag.py:4180} INFO - Setting next_dagrun for example_task_group to None, run_after=None
[2025-09-21T04:51:02.436+0000] {processor.py:208} INFO - Processing /home/airflow/.local/lib/python3.12/site-packages/airflow/example_dags/example_task_group.py took 0.151 seconds
[2025-09-21T04:51:32.641+0000] {processor.py:186} INFO - Started process (PID=514) to work on /home/airflow/.local/lib/python3.12/site-packages/airflow/example_dags/example_task_group.py
[2025-09-21T04:51:32.643+0000] {processor.py:914} INFO - Processing file /home/airflow/.local/lib/python3.12/site-packages/airflow/example_dags/example_task_group.py for tasks to queue
[2025-09-21T04:51:32.645+0000] {logging_mixin.py:190} INFO - [2025-09-21T04:51:32.645+0000] {dagbag.py:588} INFO - Filling up the DagBag from /home/airflow/.local/lib/python3.12/site-packages/airflow/example_dags/example_task_group.py
[2025-09-21T04:51:32.655+0000] {processor.py:925} INFO - DAG(s) 'example_task_group' retrieved from /home/airflow/.local/lib/python3.12/site-packages/airflow/example_dags/example_task_group.py
[2025-09-21T04:51:32.677+0000] {logging_mixin.py:190} INFO - [2025-09-21T04:51:32.677+0000] {dag.py:3239} INFO - Sync 1 DAGs
[2025-09-21T04:51:32.689+0000] {logging_mixin.py:190} INFO - [2025-09-21T04:51:32.689+0000] {dag.py:4180} INFO - Setting next_dagrun for example_task_group to None, run_after=None
[2025-09-21T04:51:32.702+0000] {processor.py:208} INFO - Processing /home/airflow/.local/lib/python3.12/site-packages/airflow/example_dags/example_task_group.py took 0.070 seconds
[2025-09-21T04:52:02.860+0000] {processor.py:186} INFO - Started process (PID=577) to work on /home/airflow/.local/lib/python3.12/site-packages/airflow/example_dags/example_task_group.py
[2025-09-21T04:52:02.861+0000] {processor.py:914} INFO - Processing file /home/airflow/.local/lib/python3.12/site-packages/airflow/example_dags/example_task_group.py for tasks to queue
[2025-09-21T04:52:02.862+0000] {logging_mixin.py:190} INFO - [2025-09-21T04:52:02.862+0000] {dagbag.py:588} INFO - Filling up the DagBag from /home/airflow/.local/lib/python3.12/site-packages/airflow/example_dags/example_task_group.py
[2025-09-21T04:52:02.869+0000] {processor.py:925} INFO - DAG(s) 'example_task_group' retrieved from /home/airflow/.local/lib/python3.12/site-packages/airflow/example_dags/example_task_group.py
[2025-09-21T04:52:02.887+0000] {logging_mixin.py:190} INFO - [2025-09-21T04:52:02.887+0000] {dag.py:3239} INFO - Sync 1 DAGs
[2025-09-21T04:52:02.898+0000] {logging_mixin.py:190} INFO - [2025-09-21T04:52:02.898+0000] {dag.py:4180} INFO - Setting next_dagrun for example_task_group to None, run_after=None
[2025-09-21T04:52:02.912+0000] {processor.py:208} INFO - Processing /home/airflow/.local/lib/python3.12/site-packages/airflow/example_dags/example_task_group.py took 0.057 seconds
[2025-09-21T04:52:33.446+0000] {processor.py:186} INFO - Started process (PID=640) to work on /home/airflow/.local/lib/python3.12/site-packages/airflow/example_dags/example_task_group.py
[2025-09-21T04:52:33.447+0000] {processor.py:914} INFO - Processing file /home/airflow/.local/lib/python3.12/site-packages/airflow/example_dags/example_task_group.py for tasks to queue
[2025-09-21T04:52:33.449+0000] {logging_mixin.py:190} INFO - [2025-09-21T04:52:33.449+0000] {dagbag.py:588} INFO - Filling up the DagBag from /home/airflow/.local/lib/python3.12/site-packages/airflow/example_dags/example_task_group.py
[2025-09-21T04:52:33.457+0000] {processor.py:925} INFO - DAG(s) 'example_task_group' retrieved from /home/airflow/.local/lib/python3.12/site-packages/airflow/example_dags/example_task_group.py
[2025-09-21T04:52:33.473+0000] {logging_mixin.py:190} INFO - [2025-09-21T04:52:33.473+0000] {dag.py:3239} INFO - Sync 1 DAGs
[2025-09-21T04:52:33.485+0000] {logging_mixin.py:190} INFO - [2025-09-21T04:52:33.484+0000] {dag.py:4180} INFO - Setting next_dagrun for example_task_group to None, run_after=None
[2025-09-21T04:52:33.499+0000] {processor.py:208} INFO - Processing /home/airflow/.local/lib/python3.12/site-packages/airflow/example_dags/example_task_group.py took 0.059 seconds
[2025-09-21T04:53:03.810+0000] {processor.py:186} INFO - Started process (PID=703) to work on /home/airflow/.local/lib/python3.12/site-packages/airflow/example_dags/example_task_group.py
[2025-09-21T04:53:03.812+0000] {processor.py:914} INFO - Processing file /home/airflow/.local/lib/python3.12/site-packages/airflow/example_dags/example_task_group.py for tasks to queue
[2025-09-21T04:53:03.815+0000] {logging_mixin.py:190} INFO - [2025-09-21T04:53:03.815+0000] {dagbag.py:588} INFO - Filling up the DagBag from /home/airflow/.local/lib/python3.12/site-packages/airflow/example_dags/example_task_group.py
[2025-09-21T04:53:03.838+0000] {processor.py:925} INFO - DAG(s) 'example_task_group' retrieved from /home/airflow/.local/lib/python3.12/site-packages/airflow/example_dags/example_task_group.py
[2025-09-21T04:53:03.890+0000] {logging_mixin.py:190} INFO - [2025-09-21T04:53:03.890+0000] {dag.py:3239} INFO - Sync 1 DAGs
[2025-09-21T04:53:03.929+0000] {logging_mixin.py:190} INFO - [2025-09-21T04:53:03.928+0000] {dag.py:4180} INFO - Setting next_dagrun for example_task_group to None, run_after=None
[2025-09-21T04:53:03.996+0000] {processor.py:208} INFO - Processing /home/airflow/.local/lib/python3.12/site-packages/airflow/example_dags/example_task_group.py took 0.203 seconds
[2025-09-21T04:53:34.433+0000] {processor.py:186} INFO - Started process (PID=766) to work on /home/airflow/.local/lib/python3.12/site-packages/airflow/example_dags/example_task_group.py
[2025-09-21T04:53:34.434+0000] {processor.py:914} INFO - Processing file /home/airflow/.local/lib/python3.12/site-packages/airflow/example_dags/example_task_group.py for tasks to queue
[2025-09-21T04:53:34.437+0000] {logging_mixin.py:190} INFO - [2025-09-21T04:53:34.436+0000] {dagbag.py:588} INFO - Filling up the DagBag from /home/airflow/.local/lib/python3.12/site-packages/airflow/example_dags/example_task_group.py
[2025-09-21T04:53:34.449+0000] {processor.py:925} INFO - DAG(s) 'example_task_group' retrieved from /home/airflow/.local/lib/python3.12/site-packages/airflow/example_dags/example_task_group.py
[2025-09-21T04:53:34.500+0000] {logging_mixin.py:190} INFO - [2025-09-21T04:53:34.499+0000] {dag.py:3239} INFO - Sync 1 DAGs
[2025-09-21T04:53:34.526+0000] {logging_mixin.py:190} INFO - [2025-09-21T04:53:34.526+0000] {dag.py:4180} INFO - Setting next_dagrun for example_task_group to None, run_after=None
[2025-09-21T04:53:34.561+0000] {processor.py:208} INFO - Processing /home/airflow/.local/lib/python3.12/site-packages/airflow/example_dags/example_task_group.py took 0.145 seconds
[2025-09-21T04:54:04.692+0000] {processor.py:186} INFO - Started process (PID=829) to work on /home/airflow/.local/lib/python3.12/site-packages/airflow/example_dags/example_task_group.py
[2025-09-21T04:54:04.695+0000] {processor.py:914} INFO - Processing file /home/airflow/.local/lib/python3.12/site-packages/airflow/example_dags/example_task_group.py for tasks to queue
[2025-09-21T04:54:04.698+0000] {logging_mixin.py:190} INFO - [2025-09-21T04:54:04.698+0000] {dagbag.py:588} INFO - Filling up the DagBag from /home/airflow/.local/lib/python3.12/site-packages/airflow/example_dags/example_task_group.py
[2025-09-21T04:54:04.717+0000] {processor.py:925} INFO - DAG(s) 'example_task_group' retrieved from /home/airflow/.local/lib/python3.12/site-packages/airflow/example_dags/example_task_group.py
[2025-09-21T04:54:04.745+0000] {logging_mixin.py:190} INFO - [2025-09-21T04:54:04.744+0000] {dag.py:3239} INFO - Sync 1 DAGs
[2025-09-21T04:54:04.773+0000] {logging_mixin.py:190} INFO - [2025-09-21T04:54:04.772+0000] {dag.py:4180} INFO - Setting next_dagrun for example_task_group to None, run_after=None
[2025-09-21T04:54:04.828+0000] {processor.py:208} INFO - Processing /home/airflow/.local/lib/python3.12/site-packages/airflow/example_dags/example_task_group.py took 0.145 seconds
[2025-09-21T04:54:35.114+0000] {processor.py:186} INFO - Started process (PID=892) to work on /home/airflow/.local/lib/python3.12/site-packages/airflow/example_dags/example_task_group.py
[2025-09-21T04:54:35.114+0000] {processor.py:914} INFO - Processing file /home/airflow/.local/lib/python3.12/site-packages/airflow/example_dags/example_task_group.py for tasks to queue
[2025-09-21T04:54:35.116+0000] {logging_mixin.py:190} INFO - [2025-09-21T04:54:35.116+0000] {dagbag.py:588} INFO - Filling up the DagBag from /home/airflow/.local/lib/python3.12/site-packages/airflow/example_dags/example_task_group.py
[2025-09-21T04:54:35.123+0000] {processor.py:925} INFO - DAG(s) 'example_task_group' retrieved from /home/airflow/.local/lib/python3.12/site-packages/airflow/example_dags/example_task_group.py
[2025-09-21T04:54:35.139+0000] {logging_mixin.py:190} INFO - [2025-09-21T04:54:35.139+0000] {dag.py:3239} INFO - Sync 1 DAGs
[2025-09-21T04:54:35.150+0000] {logging_mixin.py:190} INFO - [2025-09-21T04:54:35.150+0000] {dag.py:4180} INFO - Setting next_dagrun for example_task_group to None, run_after=None
[2025-09-21T04:54:35.163+0000] {processor.py:208} INFO - Processing /home/airflow/.local/lib/python3.12/site-packages/airflow/example_dags/example_task_group.py took 0.056 seconds
[2025-09-21T04:55:06.008+0000] {processor.py:186} INFO - Started process (PID=954) to work on /home/airflow/.local/lib/python3.12/site-packages/airflow/example_dags/example_task_group.py
[2025-09-21T04:55:06.009+0000] {processor.py:914} INFO - Processing file /home/airflow/.local/lib/python3.12/site-packages/airflow/example_dags/example_task_group.py for tasks to queue
[2025-09-21T04:55:06.011+0000] {logging_mixin.py:190} INFO - [2025-09-21T04:55:06.011+0000] {dagbag.py:588} INFO - Filling up the DagBag from /home/airflow/.local/lib/python3.12/site-packages/airflow/example_dags/example_task_group.py
[2025-09-21T04:55:06.021+0000] {processor.py:925} INFO - DAG(s) 'example_task_group' retrieved from /home/airflow/.local/lib/python3.12/site-packages/airflow/example_dags/example_task_group.py
[2025-09-21T04:55:06.044+0000] {logging_mixin.py:190} INFO - [2025-09-21T04:55:06.044+0000] {dag.py:3239} INFO - Sync 1 DAGs
[2025-09-21T04:55:06.063+0000] {logging_mixin.py:190} INFO - [2025-09-21T04:55:06.062+0000] {dag.py:4180} INFO - Setting next_dagrun for example_task_group to None, run_after=None
[2025-09-21T04:55:06.081+0000] {processor.py:208} INFO - Processing /home/airflow/.local/lib/python3.12/site-packages/airflow/example_dags/example_task_group.py took 0.079 seconds
[2025-09-21T04:55:36.369+0000] {processor.py:186} INFO - Started process (PID=1017) to work on /home/airflow/.local/lib/python3.12/site-packages/airflow/example_dags/example_task_group.py
[2025-09-21T04:55:36.369+0000] {processor.py:914} INFO - Processing file /home/airflow/.local/lib/python3.12/site-packages/airflow/example_dags/example_task_group.py for tasks to queue
[2025-09-21T04:55:36.372+0000] {logging_mixin.py:190} INFO - [2025-09-21T04:55:36.371+0000] {dagbag.py:588} INFO - Filling up the DagBag from /home/airflow/.local/lib/python3.12/site-packages/airflow/example_dags/example_task_group.py
[2025-09-21T04:55:36.381+0000] {processor.py:925} INFO - DAG(s) 'example_task_group' retrieved from /home/airflow/.local/lib/python3.12/site-packages/airflow/example_dags/example_task_group.py
[2025-09-21T04:55:36.403+0000] {logging_mixin.py:190} INFO - [2025-09-21T04:55:36.402+0000] {dag.py:3239} INFO - Sync 1 DAGs
[2025-09-21T04:55:36.420+0000] {logging_mixin.py:190} INFO - [2025-09-21T04:55:36.419+0000] {dag.py:4180} INFO - Setting next_dagrun for example_task_group to None, run_after=None
[2025-09-21T04:55:36.452+0000] {processor.py:208} INFO - Processing /home/airflow/.local/lib/python3.12/site-packages/airflow/example_dags/example_task_group.py took 0.090 seconds
