[2025-09-21T04:48:05.956+0000] {processor.py:186} INFO - Started process (PID=106) to work on /home/airflow/.local/lib/python3.12/site-packages/airflow/example_dags/example_sensors.py
[2025-09-21T04:48:05.959+0000] {processor.py:914} INFO - Processing file /home/airflow/.local/lib/python3.12/site-packages/airflow/example_dags/example_sensors.py for tasks to queue
[2025-09-21T04:48:05.967+0000] {logging_mixin.py:190} INFO - [2025-09-21T04:48:05.967+0000] {dagbag.py:588} INFO - Filling up the DagBag from /home/airflow/.local/lib/python3.12/site-packages/airflow/example_dags/example_sensors.py
[2025-09-21T04:48:06.044+0000] {processor.py:925} INFO - DAG(s) 'example_sensors' retrieved from /home/airflow/.local/lib/python3.12/site-packages/airflow/example_dags/example_sensors.py
[2025-09-21T04:48:06.708+0000] {logging_mixin.py:190} INFO - [2025-09-21T04:48:06.707+0000] {override.py:1911} INFO - Created Permission View: can delete on DAG:example_sensors
[2025-09-21T04:48:06.765+0000] {logging_mixin.py:190} INFO - [2025-09-21T04:48:06.764+0000] {override.py:1911} INFO - Created Permission View: can read on DAG:example_sensors
[2025-09-21T04:48:06.792+0000] {logging_mixin.py:190} INFO - [2025-09-21T04:48:06.792+0000] {override.py:1911} INFO - Created Permission View: can edit on DAG:example_sensors
[2025-09-21T04:48:06.806+0000] {logging_mixin.py:190} INFO - [2025-09-21T04:48:06.806+0000] {override.py:1911} INFO - Created Permission View: can read on DAG Run:example_sensors
[2025-09-21T04:48:06.824+0000] {logging_mixin.py:190} INFO - [2025-09-21T04:48:06.824+0000] {override.py:1911} INFO - Created Permission View: menu access on DAG Run:example_sensors
[2025-09-21T04:48:06.840+0000] {logging_mixin.py:190} INFO - [2025-09-21T04:48:06.839+0000] {override.py:1911} INFO - Created Permission View: can delete on DAG Run:example_sensors
[2025-09-21T04:48:06.857+0000] {logging_mixin.py:190} INFO - [2025-09-21T04:48:06.857+0000] {override.py:1911} INFO - Created Permission View: can create on DAG Run:example_sensors
[2025-09-21T04:48:06.860+0000] {logging_mixin.py:190} INFO - [2025-09-21T04:48:06.860+0000] {dag.py:3239} INFO - Sync 1 DAGs
[2025-09-21T04:48:06.920+0000] {logging_mixin.py:190} INFO - [2025-09-21T04:48:06.920+0000] {dag.py:3262} INFO - Creating ORM DAG for example_sensors
[2025-09-21T04:48:06.921+0000] {logging_mixin.py:190} INFO - [2025-09-21T04:48:06.921+0000] {dag.py:4180} INFO - Setting next_dagrun for example_sensors to None, run_after=None
[2025-09-21T04:48:06.975+0000] {processor.py:208} INFO - Processing /home/airflow/.local/lib/python3.12/site-packages/airflow/example_dags/example_sensors.py took 1.044 seconds
[2025-09-21T04:48:37.877+0000] {processor.py:186} INFO - Started process (PID=168) to work on /home/airflow/.local/lib/python3.12/site-packages/airflow/example_dags/example_sensors.py
[2025-09-21T04:48:37.877+0000] {processor.py:914} INFO - Processing file /home/airflow/.local/lib/python3.12/site-packages/airflow/example_dags/example_sensors.py for tasks to queue
[2025-09-21T04:48:37.879+0000] {logging_mixin.py:190} INFO - [2025-09-21T04:48:37.879+0000] {dagbag.py:588} INFO - Filling up the DagBag from /home/airflow/.local/lib/python3.12/site-packages/airflow/example_dags/example_sensors.py
[2025-09-21T04:48:37.887+0000] {processor.py:925} INFO - DAG(s) 'example_sensors' retrieved from /home/airflow/.local/lib/python3.12/site-packages/airflow/example_dags/example_sensors.py
[2025-09-21T04:48:37.908+0000] {logging_mixin.py:190} INFO - [2025-09-21T04:48:37.907+0000] {dag.py:3239} INFO - Sync 1 DAGs
[2025-09-21T04:48:37.919+0000] {logging_mixin.py:190} INFO - [2025-09-21T04:48:37.919+0000] {dag.py:4180} INFO - Setting next_dagrun for example_sensors to None, run_after=None
[2025-09-21T04:48:37.933+0000] {processor.py:208} INFO - Processing /home/airflow/.local/lib/python3.12/site-packages/airflow/example_dags/example_sensors.py took 0.061 seconds
[2025-09-21T04:49:08.196+0000] {processor.py:186} INFO - Started process (PID=231) to work on /home/airflow/.local/lib/python3.12/site-packages/airflow/example_dags/example_sensors.py
[2025-09-21T04:49:08.196+0000] {processor.py:914} INFO - Processing file /home/airflow/.local/lib/python3.12/site-packages/airflow/example_dags/example_sensors.py for tasks to queue
[2025-09-21T04:49:08.198+0000] {logging_mixin.py:190} INFO - [2025-09-21T04:49:08.198+0000] {dagbag.py:588} INFO - Filling up the DagBag from /home/airflow/.local/lib/python3.12/site-packages/airflow/example_dags/example_sensors.py
[2025-09-21T04:49:08.206+0000] {processor.py:925} INFO - DAG(s) 'example_sensors' retrieved from /home/airflow/.local/lib/python3.12/site-packages/airflow/example_dags/example_sensors.py
[2025-09-21T04:49:08.228+0000] {logging_mixin.py:190} INFO - [2025-09-21T04:49:08.228+0000] {dag.py:3239} INFO - Sync 1 DAGs
[2025-09-21T04:49:08.239+0000] {logging_mixin.py:190} INFO - [2025-09-21T04:49:08.239+0000] {dag.py:4180} INFO - Setting next_dagrun for example_sensors to None, run_after=None
[2025-09-21T04:49:08.253+0000] {processor.py:208} INFO - Processing /home/airflow/.local/lib/python3.12/site-packages/airflow/example_dags/example_sensors.py took 0.062 seconds
[2025-09-21T04:49:39.148+0000] {processor.py:186} INFO - Started process (PID=294) to work on /home/airflow/.local/lib/python3.12/site-packages/airflow/example_dags/example_sensors.py
[2025-09-21T04:49:39.148+0000] {processor.py:914} INFO - Processing file /home/airflow/.local/lib/python3.12/site-packages/airflow/example_dags/example_sensors.py for tasks to queue
[2025-09-21T04:49:39.150+0000] {logging_mixin.py:190} INFO - [2025-09-21T04:49:39.150+0000] {dagbag.py:588} INFO - Filling up the DagBag from /home/airflow/.local/lib/python3.12/site-packages/airflow/example_dags/example_sensors.py
[2025-09-21T04:49:39.159+0000] {processor.py:925} INFO - DAG(s) 'example_sensors' retrieved from /home/airflow/.local/lib/python3.12/site-packages/airflow/example_dags/example_sensors.py
[2025-09-21T04:49:39.178+0000] {logging_mixin.py:190} INFO - [2025-09-21T04:49:39.178+0000] {dag.py:3239} INFO - Sync 1 DAGs
[2025-09-21T04:49:39.189+0000] {logging_mixin.py:190} INFO - [2025-09-21T04:49:39.189+0000] {dag.py:4180} INFO - Setting next_dagrun for example_sensors to None, run_after=None
[2025-09-21T04:49:39.202+0000] {processor.py:208} INFO - Processing /home/airflow/.local/lib/python3.12/site-packages/airflow/example_dags/example_sensors.py took 0.062 seconds
[2025-09-21T04:50:09.980+0000] {processor.py:186} INFO - Started process (PID=357) to work on /home/airflow/.local/lib/python3.12/site-packages/airflow/example_dags/example_sensors.py
[2025-09-21T04:50:09.981+0000] {processor.py:914} INFO - Processing file /home/airflow/.local/lib/python3.12/site-packages/airflow/example_dags/example_sensors.py for tasks to queue
[2025-09-21T04:50:09.984+0000] {logging_mixin.py:190} INFO - [2025-09-21T04:50:09.983+0000] {dagbag.py:588} INFO - Filling up the DagBag from /home/airflow/.local/lib/python3.12/site-packages/airflow/example_dags/example_sensors.py
[2025-09-21T04:50:10.062+0000] {processor.py:925} INFO - DAG(s) 'example_sensors' retrieved from /home/airflow/.local/lib/python3.12/site-packages/airflow/example_dags/example_sensors.py
[2025-09-21T04:50:10.094+0000] {logging_mixin.py:190} INFO - [2025-09-21T04:50:10.094+0000] {dag.py:3239} INFO - Sync 1 DAGs
[2025-09-21T04:50:10.113+0000] {logging_mixin.py:190} INFO - [2025-09-21T04:50:10.113+0000] {dag.py:4180} INFO - Setting next_dagrun for example_sensors to None, run_after=None
[2025-09-21T04:50:10.133+0000] {processor.py:208} INFO - Processing /home/airflow/.local/lib/python3.12/site-packages/airflow/example_dags/example_sensors.py took 0.170 seconds
[2025-09-21T04:50:40.265+0000] {processor.py:186} INFO - Started process (PID=419) to work on /home/airflow/.local/lib/python3.12/site-packages/airflow/example_dags/example_sensors.py
[2025-09-21T04:50:40.266+0000] {processor.py:914} INFO - Processing file /home/airflow/.local/lib/python3.12/site-packages/airflow/example_dags/example_sensors.py for tasks to queue
[2025-09-21T04:50:40.268+0000] {logging_mixin.py:190} INFO - [2025-09-21T04:50:40.267+0000] {dagbag.py:588} INFO - Filling up the DagBag from /home/airflow/.local/lib/python3.12/site-packages/airflow/example_dags/example_sensors.py
[2025-09-21T04:50:40.280+0000] {processor.py:925} INFO - DAG(s) 'example_sensors' retrieved from /home/airflow/.local/lib/python3.12/site-packages/airflow/example_dags/example_sensors.py
[2025-09-21T04:50:40.311+0000] {logging_mixin.py:190} INFO - [2025-09-21T04:50:40.310+0000] {dag.py:3239} INFO - Sync 1 DAGs
[2025-09-21T04:50:40.327+0000] {logging_mixin.py:190} INFO - [2025-09-21T04:50:40.327+0000] {dag.py:4180} INFO - Setting next_dagrun for example_sensors to None, run_after=None
[2025-09-21T04:50:40.346+0000] {processor.py:208} INFO - Processing /home/airflow/.local/lib/python3.12/site-packages/airflow/example_dags/example_sensors.py took 0.087 seconds
[2025-09-21T04:51:10.408+0000] {processor.py:186} INFO - Started process (PID=481) to work on /home/airflow/.local/lib/python3.12/site-packages/airflow/example_dags/example_sensors.py
[2025-09-21T04:51:10.409+0000] {processor.py:914} INFO - Processing file /home/airflow/.local/lib/python3.12/site-packages/airflow/example_dags/example_sensors.py for tasks to queue
[2025-09-21T04:51:10.411+0000] {logging_mixin.py:190} INFO - [2025-09-21T04:51:10.410+0000] {dagbag.py:588} INFO - Filling up the DagBag from /home/airflow/.local/lib/python3.12/site-packages/airflow/example_dags/example_sensors.py
[2025-09-21T04:51:10.419+0000] {processor.py:925} INFO - DAG(s) 'example_sensors' retrieved from /home/airflow/.local/lib/python3.12/site-packages/airflow/example_dags/example_sensors.py
[2025-09-21T04:51:10.440+0000] {logging_mixin.py:190} INFO - [2025-09-21T04:51:10.440+0000] {dag.py:3239} INFO - Sync 1 DAGs
[2025-09-21T04:51:10.451+0000] {logging_mixin.py:190} INFO - [2025-09-21T04:51:10.451+0000] {dag.py:4180} INFO - Setting next_dagrun for example_sensors to None, run_after=None
[2025-09-21T04:51:10.466+0000] {processor.py:208} INFO - Processing /home/airflow/.local/lib/python3.12/site-packages/airflow/example_dags/example_sensors.py took 0.062 seconds
[2025-09-21T04:51:41.285+0000] {processor.py:186} INFO - Started process (PID=545) to work on /home/airflow/.local/lib/python3.12/site-packages/airflow/example_dags/example_sensors.py
[2025-09-21T04:51:41.286+0000] {processor.py:914} INFO - Processing file /home/airflow/.local/lib/python3.12/site-packages/airflow/example_dags/example_sensors.py for tasks to queue
[2025-09-21T04:51:41.288+0000] {logging_mixin.py:190} INFO - [2025-09-21T04:51:41.288+0000] {dagbag.py:588} INFO - Filling up the DagBag from /home/airflow/.local/lib/python3.12/site-packages/airflow/example_dags/example_sensors.py
[2025-09-21T04:51:41.302+0000] {processor.py:925} INFO - DAG(s) 'example_sensors' retrieved from /home/airflow/.local/lib/python3.12/site-packages/airflow/example_dags/example_sensors.py
[2025-09-21T04:51:41.365+0000] {logging_mixin.py:190} INFO - [2025-09-21T04:51:41.365+0000] {dag.py:3239} INFO - Sync 1 DAGs
[2025-09-21T04:51:41.409+0000] {logging_mixin.py:190} INFO - [2025-09-21T04:51:41.409+0000] {dag.py:4180} INFO - Setting next_dagrun for example_sensors to None, run_after=None
[2025-09-21T04:51:41.443+0000] {processor.py:208} INFO - Processing /home/airflow/.local/lib/python3.12/site-packages/airflow/example_dags/example_sensors.py took 0.164 seconds
[2025-09-21T04:52:12.473+0000] {processor.py:186} INFO - Started process (PID=608) to work on /home/airflow/.local/lib/python3.12/site-packages/airflow/example_dags/example_sensors.py
[2025-09-21T04:52:12.474+0000] {processor.py:914} INFO - Processing file /home/airflow/.local/lib/python3.12/site-packages/airflow/example_dags/example_sensors.py for tasks to queue
[2025-09-21T04:52:12.476+0000] {logging_mixin.py:190} INFO - [2025-09-21T04:52:12.476+0000] {dagbag.py:588} INFO - Filling up the DagBag from /home/airflow/.local/lib/python3.12/site-packages/airflow/example_dags/example_sensors.py
[2025-09-21T04:52:12.489+0000] {processor.py:925} INFO - DAG(s) 'example_sensors' retrieved from /home/airflow/.local/lib/python3.12/site-packages/airflow/example_dags/example_sensors.py
[2025-09-21T04:52:12.519+0000] {logging_mixin.py:190} INFO - [2025-09-21T04:52:12.519+0000] {dag.py:3239} INFO - Sync 1 DAGs
[2025-09-21T04:52:12.537+0000] {logging_mixin.py:190} INFO - [2025-09-21T04:52:12.537+0000] {dag.py:4180} INFO - Setting next_dagrun for example_sensors to None, run_after=None
[2025-09-21T04:52:12.555+0000] {processor.py:208} INFO - Processing /home/airflow/.local/lib/python3.12/site-packages/airflow/example_dags/example_sensors.py took 0.088 seconds
[2025-09-21T04:52:43.526+0000] {processor.py:186} INFO - Started process (PID=671) to work on /home/airflow/.local/lib/python3.12/site-packages/airflow/example_dags/example_sensors.py
[2025-09-21T04:52:43.527+0000] {processor.py:914} INFO - Processing file /home/airflow/.local/lib/python3.12/site-packages/airflow/example_dags/example_sensors.py for tasks to queue
[2025-09-21T04:52:43.529+0000] {logging_mixin.py:190} INFO - [2025-09-21T04:52:43.529+0000] {dagbag.py:588} INFO - Filling up the DagBag from /home/airflow/.local/lib/python3.12/site-packages/airflow/example_dags/example_sensors.py
[2025-09-21T04:52:43.541+0000] {processor.py:925} INFO - DAG(s) 'example_sensors' retrieved from /home/airflow/.local/lib/python3.12/site-packages/airflow/example_dags/example_sensors.py
[2025-09-21T04:52:43.570+0000] {logging_mixin.py:190} INFO - [2025-09-21T04:52:43.570+0000] {dag.py:3239} INFO - Sync 1 DAGs
[2025-09-21T04:52:43.587+0000] {logging_mixin.py:190} INFO - [2025-09-21T04:52:43.587+0000] {dag.py:4180} INFO - Setting next_dagrun for example_sensors to None, run_after=None
[2025-09-21T04:52:43.605+0000] {processor.py:208} INFO - Processing /home/airflow/.local/lib/python3.12/site-packages/airflow/example_dags/example_sensors.py took 0.086 seconds
[2025-09-21T04:53:14.334+0000] {processor.py:186} INFO - Started process (PID=734) to work on /home/airflow/.local/lib/python3.12/site-packages/airflow/example_dags/example_sensors.py
[2025-09-21T04:53:14.335+0000] {processor.py:914} INFO - Processing file /home/airflow/.local/lib/python3.12/site-packages/airflow/example_dags/example_sensors.py for tasks to queue
[2025-09-21T04:53:14.338+0000] {logging_mixin.py:190} INFO - [2025-09-21T04:53:14.337+0000] {dagbag.py:588} INFO - Filling up the DagBag from /home/airflow/.local/lib/python3.12/site-packages/airflow/example_dags/example_sensors.py
[2025-09-21T04:53:14.350+0000] {processor.py:925} INFO - DAG(s) 'example_sensors' retrieved from /home/airflow/.local/lib/python3.12/site-packages/airflow/example_dags/example_sensors.py
[2025-09-21T04:53:14.382+0000] {logging_mixin.py:190} INFO - [2025-09-21T04:53:14.381+0000] {dag.py:3239} INFO - Sync 1 DAGs
[2025-09-21T04:53:14.405+0000] {logging_mixin.py:190} INFO - [2025-09-21T04:53:14.404+0000] {dag.py:4180} INFO - Setting next_dagrun for example_sensors to None, run_after=None
[2025-09-21T04:53:14.426+0000] {processor.py:208} INFO - Processing /home/airflow/.local/lib/python3.12/site-packages/airflow/example_dags/example_sensors.py took 0.098 seconds
[2025-09-21T04:53:44.816+0000] {processor.py:186} INFO - Started process (PID=796) to work on /home/airflow/.local/lib/python3.12/site-packages/airflow/example_dags/example_sensors.py
[2025-09-21T04:53:44.817+0000] {processor.py:914} INFO - Processing file /home/airflow/.local/lib/python3.12/site-packages/airflow/example_dags/example_sensors.py for tasks to queue
[2025-09-21T04:53:44.819+0000] {logging_mixin.py:190} INFO - [2025-09-21T04:53:44.819+0000] {dagbag.py:588} INFO - Filling up the DagBag from /home/airflow/.local/lib/python3.12/site-packages/airflow/example_dags/example_sensors.py
[2025-09-21T04:53:44.832+0000] {processor.py:925} INFO - DAG(s) 'example_sensors' retrieved from /home/airflow/.local/lib/python3.12/site-packages/airflow/example_dags/example_sensors.py
[2025-09-21T04:53:44.868+0000] {logging_mixin.py:190} INFO - [2025-09-21T04:53:44.867+0000] {dag.py:3239} INFO - Sync 1 DAGs
[2025-09-21T04:53:44.885+0000] {logging_mixin.py:190} INFO - [2025-09-21T04:53:44.885+0000] {dag.py:4180} INFO - Setting next_dagrun for example_sensors to None, run_after=None
[2025-09-21T04:53:44.903+0000] {processor.py:208} INFO - Processing /home/airflow/.local/lib/python3.12/site-packages/airflow/example_dags/example_sensors.py took 0.093 seconds
[2025-09-21T04:54:15.074+0000] {processor.py:186} INFO - Started process (PID=859) to work on /home/airflow/.local/lib/python3.12/site-packages/airflow/example_dags/example_sensors.py
[2025-09-21T04:54:15.076+0000] {processor.py:914} INFO - Processing file /home/airflow/.local/lib/python3.12/site-packages/airflow/example_dags/example_sensors.py for tasks to queue
[2025-09-21T04:54:15.080+0000] {logging_mixin.py:190} INFO - [2025-09-21T04:54:15.079+0000] {dagbag.py:588} INFO - Filling up the DagBag from /home/airflow/.local/lib/python3.12/site-packages/airflow/example_dags/example_sensors.py
[2025-09-21T04:54:15.092+0000] {processor.py:925} INFO - DAG(s) 'example_sensors' retrieved from /home/airflow/.local/lib/python3.12/site-packages/airflow/example_dags/example_sensors.py
[2025-09-21T04:54:15.174+0000] {logging_mixin.py:190} INFO - [2025-09-21T04:54:15.172+0000] {dag.py:3239} INFO - Sync 1 DAGs
[2025-09-21T04:54:15.209+0000] {logging_mixin.py:190} INFO - [2025-09-21T04:54:15.209+0000] {dag.py:4180} INFO - Setting next_dagrun for example_sensors to None, run_after=None
[2025-09-21T04:54:15.245+0000] {processor.py:208} INFO - Processing /home/airflow/.local/lib/python3.12/site-packages/airflow/example_dags/example_sensors.py took 0.180 seconds
[2025-09-21T04:54:45.685+0000] {processor.py:186} INFO - Started process (PID=922) to work on /home/airflow/.local/lib/python3.12/site-packages/airflow/example_dags/example_sensors.py
[2025-09-21T04:54:45.686+0000] {processor.py:914} INFO - Processing file /home/airflow/.local/lib/python3.12/site-packages/airflow/example_dags/example_sensors.py for tasks to queue
[2025-09-21T04:54:45.688+0000] {logging_mixin.py:190} INFO - [2025-09-21T04:54:45.688+0000] {dagbag.py:588} INFO - Filling up the DagBag from /home/airflow/.local/lib/python3.12/site-packages/airflow/example_dags/example_sensors.py
[2025-09-21T04:54:45.704+0000] {processor.py:925} INFO - DAG(s) 'example_sensors' retrieved from /home/airflow/.local/lib/python3.12/site-packages/airflow/example_dags/example_sensors.py
[2025-09-21T04:54:45.747+0000] {logging_mixin.py:190} INFO - [2025-09-21T04:54:45.747+0000] {dag.py:3239} INFO - Sync 1 DAGs
[2025-09-21T04:54:45.780+0000] {logging_mixin.py:190} INFO - [2025-09-21T04:54:45.779+0000] {dag.py:4180} INFO - Setting next_dagrun for example_sensors to None, run_after=None
[2025-09-21T04:54:45.811+0000] {processor.py:208} INFO - Processing /home/airflow/.local/lib/python3.12/site-packages/airflow/example_dags/example_sensors.py took 0.167 seconds
[2025-09-21T04:55:16.754+0000] {processor.py:186} INFO - Started process (PID=985) to work on /home/airflow/.local/lib/python3.12/site-packages/airflow/example_dags/example_sensors.py
[2025-09-21T04:55:16.755+0000] {processor.py:914} INFO - Processing file /home/airflow/.local/lib/python3.12/site-packages/airflow/example_dags/example_sensors.py for tasks to queue
[2025-09-21T04:55:16.757+0000] {logging_mixin.py:190} INFO - [2025-09-21T04:55:16.757+0000] {dagbag.py:588} INFO - Filling up the DagBag from /home/airflow/.local/lib/python3.12/site-packages/airflow/example_dags/example_sensors.py
[2025-09-21T04:55:16.775+0000] {processor.py:925} INFO - DAG(s) 'example_sensors' retrieved from /home/airflow/.local/lib/python3.12/site-packages/airflow/example_dags/example_sensors.py
[2025-09-21T04:55:16.819+0000] {logging_mixin.py:190} INFO - [2025-09-21T04:55:16.819+0000] {dag.py:3239} INFO - Sync 1 DAGs
[2025-09-21T04:55:16.836+0000] {logging_mixin.py:190} INFO - [2025-09-21T04:55:16.836+0000] {dag.py:4180} INFO - Setting next_dagrun for example_sensors to None, run_after=None
[2025-09-21T04:55:16.856+0000] {processor.py:208} INFO - Processing /home/airflow/.local/lib/python3.12/site-packages/airflow/example_dags/example_sensors.py took 0.108 seconds
[2025-09-21T04:55:47.001+0000] {processor.py:186} INFO - Started process (PID=1048) to work on /home/airflow/.local/lib/python3.12/site-packages/airflow/example_dags/example_sensors.py
[2025-09-21T04:55:47.003+0000] {processor.py:914} INFO - Processing file /home/airflow/.local/lib/python3.12/site-packages/airflow/example_dags/example_sensors.py for tasks to queue
[2025-09-21T04:55:47.006+0000] {logging_mixin.py:190} INFO - [2025-09-21T04:55:47.006+0000] {dagbag.py:588} INFO - Filling up the DagBag from /home/airflow/.local/lib/python3.12/site-packages/airflow/example_dags/example_sensors.py
[2025-09-21T04:55:47.023+0000] {processor.py:925} INFO - DAG(s) 'example_sensors' retrieved from /home/airflow/.local/lib/python3.12/site-packages/airflow/example_dags/example_sensors.py
[2025-09-21T04:55:47.067+0000] {logging_mixin.py:190} INFO - [2025-09-21T04:55:47.067+0000] {dag.py:3239} INFO - Sync 1 DAGs
[2025-09-21T04:55:47.086+0000] {logging_mixin.py:190} INFO - [2025-09-21T04:55:47.086+0000] {dag.py:4180} INFO - Setting next_dagrun for example_sensors to None, run_after=None
[2025-09-21T04:55:47.126+0000] {processor.py:208} INFO - Processing /home/airflow/.local/lib/python3.12/site-packages/airflow/example_dags/example_sensors.py took 0.131 seconds
[2025-09-21T04:56:17.325+0000] {processor.py:186} INFO - Started process (PID=1110) to work on /home/airflow/.local/lib/python3.12/site-packages/airflow/example_dags/example_sensors.py
[2025-09-21T04:56:17.326+0000] {processor.py:914} INFO - Processing file /home/airflow/.local/lib/python3.12/site-packages/airflow/example_dags/example_sensors.py for tasks to queue
[2025-09-21T04:56:17.328+0000] {logging_mixin.py:190} INFO - [2025-09-21T04:56:17.328+0000] {dagbag.py:588} INFO - Filling up the DagBag from /home/airflow/.local/lib/python3.12/site-packages/airflow/example_dags/example_sensors.py
[2025-09-21T04:56:17.341+0000] {processor.py:925} INFO - DAG(s) 'example_sensors' retrieved from /home/airflow/.local/lib/python3.12/site-packages/airflow/example_dags/example_sensors.py
[2025-09-21T04:56:17.378+0000] {logging_mixin.py:190} INFO - [2025-09-21T04:56:17.378+0000] {dag.py:3239} INFO - Sync 1 DAGs
[2025-09-21T04:56:17.412+0000] {logging_mixin.py:190} INFO - [2025-09-21T04:56:17.411+0000] {dag.py:4180} INFO - Setting next_dagrun for example_sensors to None, run_after=None
[2025-09-21T04:56:17.431+0000] {processor.py:208} INFO - Processing /home/airflow/.local/lib/python3.12/site-packages/airflow/example_dags/example_sensors.py took 0.112 seconds
[2025-09-21T04:56:47.713+0000] {processor.py:186} INFO - Started process (PID=1173) to work on /home/airflow/.local/lib/python3.12/site-packages/airflow/example_dags/example_sensors.py
[2025-09-21T04:56:47.714+0000] {processor.py:914} INFO - Processing file /home/airflow/.local/lib/python3.12/site-packages/airflow/example_dags/example_sensors.py for tasks to queue
[2025-09-21T04:56:47.716+0000] {logging_mixin.py:190} INFO - [2025-09-21T04:56:47.715+0000] {dagbag.py:588} INFO - Filling up the DagBag from /home/airflow/.local/lib/python3.12/site-packages/airflow/example_dags/example_sensors.py
[2025-09-21T04:56:47.728+0000] {processor.py:925} INFO - DAG(s) 'example_sensors' retrieved from /home/airflow/.local/lib/python3.12/site-packages/airflow/example_dags/example_sensors.py
[2025-09-21T04:56:47.758+0000] {logging_mixin.py:190} INFO - [2025-09-21T04:56:47.758+0000] {dag.py:3239} INFO - Sync 1 DAGs
[2025-09-21T04:56:47.775+0000] {logging_mixin.py:190} INFO - [2025-09-21T04:56:47.775+0000] {dag.py:4180} INFO - Setting next_dagrun for example_sensors to None, run_after=None
[2025-09-21T04:56:47.792+0000] {processor.py:208} INFO - Processing /home/airflow/.local/lib/python3.12/site-packages/airflow/example_dags/example_sensors.py took 0.086 seconds
[2025-09-21T04:57:18.047+0000] {processor.py:186} INFO - Started process (PID=1236) to work on /home/airflow/.local/lib/python3.12/site-packages/airflow/example_dags/example_sensors.py
[2025-09-21T04:57:18.048+0000] {processor.py:914} INFO - Processing file /home/airflow/.local/lib/python3.12/site-packages/airflow/example_dags/example_sensors.py for tasks to queue
[2025-09-21T04:57:18.050+0000] {logging_mixin.py:190} INFO - [2025-09-21T04:57:18.050+0000] {dagbag.py:588} INFO - Filling up the DagBag from /home/airflow/.local/lib/python3.12/site-packages/airflow/example_dags/example_sensors.py
[2025-09-21T04:57:18.063+0000] {processor.py:925} INFO - DAG(s) 'example_sensors' retrieved from /home/airflow/.local/lib/python3.12/site-packages/airflow/example_dags/example_sensors.py
[2025-09-21T04:57:18.094+0000] {logging_mixin.py:190} INFO - [2025-09-21T04:57:18.093+0000] {dag.py:3239} INFO - Sync 1 DAGs
[2025-09-21T04:57:18.116+0000] {logging_mixin.py:190} INFO - [2025-09-21T04:57:18.115+0000] {dag.py:4180} INFO - Setting next_dagrun for example_sensors to None, run_after=None
[2025-09-21T04:57:18.135+0000] {processor.py:208} INFO - Processing /home/airflow/.local/lib/python3.12/site-packages/airflow/example_dags/example_sensors.py took 0.094 seconds
[2025-09-21T04:57:48.806+0000] {processor.py:186} INFO - Started process (PID=1299) to work on /home/airflow/.local/lib/python3.12/site-packages/airflow/example_dags/example_sensors.py
[2025-09-21T04:57:48.807+0000] {processor.py:914} INFO - Processing file /home/airflow/.local/lib/python3.12/site-packages/airflow/example_dags/example_sensors.py for tasks to queue
[2025-09-21T04:57:48.809+0000] {logging_mixin.py:190} INFO - [2025-09-21T04:57:48.809+0000] {dagbag.py:588} INFO - Filling up the DagBag from /home/airflow/.local/lib/python3.12/site-packages/airflow/example_dags/example_sensors.py
[2025-09-21T04:57:48.824+0000] {processor.py:925} INFO - DAG(s) 'example_sensors' retrieved from /home/airflow/.local/lib/python3.12/site-packages/airflow/example_dags/example_sensors.py
[2025-09-21T04:57:48.867+0000] {logging_mixin.py:190} INFO - [2025-09-21T04:57:48.866+0000] {dag.py:3239} INFO - Sync 1 DAGs
[2025-09-21T04:57:48.884+0000] {logging_mixin.py:190} INFO - [2025-09-21T04:57:48.883+0000] {dag.py:4180} INFO - Setting next_dagrun for example_sensors to None, run_after=None
[2025-09-21T04:57:48.902+0000] {processor.py:208} INFO - Processing /home/airflow/.local/lib/python3.12/site-packages/airflow/example_dags/example_sensors.py took 0.106 seconds
