[2025-09-21T04:48:04.775+0000] {processor.py:186} INFO - Started process (PID=105) to work on /home/airflow/.local/lib/python3.12/site-packages/airflow/example_dags/example_params_trigger_ui.py
[2025-09-21T04:48:04.778+0000] {processor.py:914} INFO - Processing file /home/airflow/.local/lib/python3.12/site-packages/airflow/example_dags/example_params_trigger_ui.py for tasks to queue
[2025-09-21T04:48:04.785+0000] {logging_mixin.py:190} INFO - [2025-09-21T04:48:04.783+0000] {dagbag.py:588} INFO - Filling up the DagBag from /home/airflow/.local/lib/python3.12/site-packages/airflow/example_dags/example_params_trigger_ui.py
[2025-09-21T04:48:04.829+0000] {processor.py:925} INFO - DAG(s) 'example_params_trigger_ui' retrieved from /home/airflow/.local/lib/python3.12/site-packages/airflow/example_dags/example_params_trigger_ui.py
[2025-09-21T04:48:05.529+0000] {logging_mixin.py:190} INFO - [2025-09-21T04:48:05.529+0000] {override.py:1911} INFO - Created Permission View: can delete on DAG:example_params_trigger_ui
[2025-09-21T04:48:05.557+0000] {logging_mixin.py:190} INFO - [2025-09-21T04:48:05.556+0000] {override.py:1911} INFO - Created Permission View: can read on DAG:example_params_trigger_ui
[2025-09-21T04:48:05.574+0000] {logging_mixin.py:190} INFO - [2025-09-21T04:48:05.573+0000] {override.py:1911} INFO - Created Permission View: can edit on DAG:example_params_trigger_ui
[2025-09-21T04:48:05.588+0000] {logging_mixin.py:190} INFO - [2025-09-21T04:48:05.588+0000] {override.py:1911} INFO - Created Permission View: can read on DAG Run:example_params_trigger_ui
[2025-09-21T04:48:05.637+0000] {logging_mixin.py:190} INFO - [2025-09-21T04:48:05.637+0000] {override.py:1911} INFO - Created Permission View: menu access on DAG Run:example_params_trigger_ui
[2025-09-21T04:48:05.656+0000] {logging_mixin.py:190} INFO - [2025-09-21T04:48:05.656+0000] {override.py:1911} INFO - Created Permission View: can delete on DAG Run:example_params_trigger_ui
[2025-09-21T04:48:05.673+0000] {logging_mixin.py:190} INFO - [2025-09-21T04:48:05.672+0000] {override.py:1911} INFO - Created Permission View: can create on DAG Run:example_params_trigger_ui
[2025-09-21T04:48:05.679+0000] {logging_mixin.py:190} INFO - [2025-09-21T04:48:05.678+0000] {dag.py:3239} INFO - Sync 1 DAGs
[2025-09-21T04:48:05.719+0000] {logging_mixin.py:190} INFO - [2025-09-21T04:48:05.719+0000] {dag.py:3262} INFO - Creating ORM DAG for example_params_trigger_ui
[2025-09-21T04:48:05.720+0000] {logging_mixin.py:190} INFO - [2025-09-21T04:48:05.720+0000] {dag.py:4180} INFO - Setting next_dagrun for example_params_trigger_ui to None, run_after=None
[2025-09-21T04:48:05.761+0000] {processor.py:208} INFO - Processing /home/airflow/.local/lib/python3.12/site-packages/airflow/example_dags/example_params_trigger_ui.py took 1.010 seconds
[2025-09-21T04:48:35.861+0000] {processor.py:186} INFO - Started process (PID=167) to work on /home/airflow/.local/lib/python3.12/site-packages/airflow/example_dags/example_params_trigger_ui.py
[2025-09-21T04:48:35.861+0000] {processor.py:914} INFO - Processing file /home/airflow/.local/lib/python3.12/site-packages/airflow/example_dags/example_params_trigger_ui.py for tasks to queue
[2025-09-21T04:48:35.863+0000] {logging_mixin.py:190} INFO - [2025-09-21T04:48:35.863+0000] {dagbag.py:588} INFO - Filling up the DagBag from /home/airflow/.local/lib/python3.12/site-packages/airflow/example_dags/example_params_trigger_ui.py
[2025-09-21T04:48:35.871+0000] {processor.py:925} INFO - DAG(s) 'example_params_trigger_ui' retrieved from /home/airflow/.local/lib/python3.12/site-packages/airflow/example_dags/example_params_trigger_ui.py
[2025-09-21T04:48:35.906+0000] {logging_mixin.py:190} INFO - [2025-09-21T04:48:35.905+0000] {dag.py:3239} INFO - Sync 1 DAGs
[2025-09-21T04:48:35.917+0000] {logging_mixin.py:190} INFO - [2025-09-21T04:48:35.916+0000] {dag.py:4180} INFO - Setting next_dagrun for example_params_trigger_ui to None, run_after=None
[2025-09-21T04:48:35.931+0000] {processor.py:208} INFO - Processing /home/airflow/.local/lib/python3.12/site-packages/airflow/example_dags/example_params_trigger_ui.py took 0.074 seconds
[2025-09-21T04:49:06.121+0000] {processor.py:186} INFO - Started process (PID=230) to work on /home/airflow/.local/lib/python3.12/site-packages/airflow/example_dags/example_params_trigger_ui.py
[2025-09-21T04:49:06.122+0000] {processor.py:914} INFO - Processing file /home/airflow/.local/lib/python3.12/site-packages/airflow/example_dags/example_params_trigger_ui.py for tasks to queue
[2025-09-21T04:49:06.124+0000] {logging_mixin.py:190} INFO - [2025-09-21T04:49:06.123+0000] {dagbag.py:588} INFO - Filling up the DagBag from /home/airflow/.local/lib/python3.12/site-packages/airflow/example_dags/example_params_trigger_ui.py
[2025-09-21T04:49:06.132+0000] {processor.py:925} INFO - DAG(s) 'example_params_trigger_ui' retrieved from /home/airflow/.local/lib/python3.12/site-packages/airflow/example_dags/example_params_trigger_ui.py
[2025-09-21T04:49:06.166+0000] {logging_mixin.py:190} INFO - [2025-09-21T04:49:06.165+0000] {dag.py:3239} INFO - Sync 1 DAGs
[2025-09-21T04:49:06.178+0000] {logging_mixin.py:190} INFO - [2025-09-21T04:49:06.178+0000] {dag.py:4180} INFO - Setting next_dagrun for example_params_trigger_ui to None, run_after=None
[2025-09-21T04:49:06.193+0000] {processor.py:208} INFO - Processing /home/airflow/.local/lib/python3.12/site-packages/airflow/example_dags/example_params_trigger_ui.py took 0.076 seconds
[2025-09-21T04:49:37.041+0000] {processor.py:186} INFO - Started process (PID=293) to work on /home/airflow/.local/lib/python3.12/site-packages/airflow/example_dags/example_params_trigger_ui.py
[2025-09-21T04:49:37.042+0000] {processor.py:914} INFO - Processing file /home/airflow/.local/lib/python3.12/site-packages/airflow/example_dags/example_params_trigger_ui.py for tasks to queue
[2025-09-21T04:49:37.044+0000] {logging_mixin.py:190} INFO - [2025-09-21T04:49:37.044+0000] {dagbag.py:588} INFO - Filling up the DagBag from /home/airflow/.local/lib/python3.12/site-packages/airflow/example_dags/example_params_trigger_ui.py
[2025-09-21T04:49:37.053+0000] {processor.py:925} INFO - DAG(s) 'example_params_trigger_ui' retrieved from /home/airflow/.local/lib/python3.12/site-packages/airflow/example_dags/example_params_trigger_ui.py
[2025-09-21T04:49:37.087+0000] {logging_mixin.py:190} INFO - [2025-09-21T04:49:37.087+0000] {dag.py:3239} INFO - Sync 1 DAGs
[2025-09-21T04:49:37.098+0000] {logging_mixin.py:190} INFO - [2025-09-21T04:49:37.098+0000] {dag.py:4180} INFO - Setting next_dagrun for example_params_trigger_ui to None, run_after=None
[2025-09-21T04:49:37.111+0000] {processor.py:208} INFO - Processing /home/airflow/.local/lib/python3.12/site-packages/airflow/example_dags/example_params_trigger_ui.py took 0.075 seconds
[2025-09-21T04:50:08.596+0000] {processor.py:186} INFO - Started process (PID=356) to work on /home/airflow/.local/lib/python3.12/site-packages/airflow/example_dags/example_params_trigger_ui.py
[2025-09-21T04:50:08.603+0000] {processor.py:914} INFO - Processing file /home/airflow/.local/lib/python3.12/site-packages/airflow/example_dags/example_params_trigger_ui.py for tasks to queue
[2025-09-21T04:50:08.613+0000] {logging_mixin.py:190} INFO - [2025-09-21T04:50:08.613+0000] {dagbag.py:588} INFO - Filling up the DagBag from /home/airflow/.local/lib/python3.12/site-packages/airflow/example_dags/example_params_trigger_ui.py
[2025-09-21T04:50:08.673+0000] {processor.py:925} INFO - DAG(s) 'example_params_trigger_ui' retrieved from /home/airflow/.local/lib/python3.12/site-packages/airflow/example_dags/example_params_trigger_ui.py
[2025-09-21T04:50:08.888+0000] {logging_mixin.py:190} INFO - [2025-09-21T04:50:08.887+0000] {dag.py:3239} INFO - Sync 1 DAGs
[2025-09-21T04:50:08.928+0000] {logging_mixin.py:190} INFO - [2025-09-21T04:50:08.927+0000] {dag.py:4180} INFO - Setting next_dagrun for example_params_trigger_ui to None, run_after=None
[2025-09-21T04:50:08.968+0000] {processor.py:208} INFO - Processing /home/airflow/.local/lib/python3.12/site-packages/airflow/example_dags/example_params_trigger_ui.py took 0.396 seconds
[2025-09-21T04:50:39.102+0000] {processor.py:186} INFO - Started process (PID=418) to work on /home/airflow/.local/lib/python3.12/site-packages/airflow/example_dags/example_params_trigger_ui.py
[2025-09-21T04:50:39.103+0000] {processor.py:914} INFO - Processing file /home/airflow/.local/lib/python3.12/site-packages/airflow/example_dags/example_params_trigger_ui.py for tasks to queue
[2025-09-21T04:50:39.105+0000] {logging_mixin.py:190} INFO - [2025-09-21T04:50:39.105+0000] {dagbag.py:588} INFO - Filling up the DagBag from /home/airflow/.local/lib/python3.12/site-packages/airflow/example_dags/example_params_trigger_ui.py
[2025-09-21T04:50:39.117+0000] {processor.py:925} INFO - DAG(s) 'example_params_trigger_ui' retrieved from /home/airflow/.local/lib/python3.12/site-packages/airflow/example_dags/example_params_trigger_ui.py
[2025-09-21T04:50:39.174+0000] {logging_mixin.py:190} INFO - [2025-09-21T04:50:39.173+0000] {dag.py:3239} INFO - Sync 1 DAGs
[2025-09-21T04:50:39.191+0000] {logging_mixin.py:190} INFO - [2025-09-21T04:50:39.191+0000] {dag.py:4180} INFO - Setting next_dagrun for example_params_trigger_ui to None, run_after=None
[2025-09-21T04:50:39.209+0000] {processor.py:208} INFO - Processing /home/airflow/.local/lib/python3.12/site-packages/airflow/example_dags/example_params_trigger_ui.py took 0.113 seconds
[2025-09-21T04:51:09.991+0000] {processor.py:186} INFO - Started process (PID=480) to work on /home/airflow/.local/lib/python3.12/site-packages/airflow/example_dags/example_params_trigger_ui.py
[2025-09-21T04:51:09.991+0000] {processor.py:914} INFO - Processing file /home/airflow/.local/lib/python3.12/site-packages/airflow/example_dags/example_params_trigger_ui.py for tasks to queue
[2025-09-21T04:51:09.994+0000] {logging_mixin.py:190} INFO - [2025-09-21T04:51:09.993+0000] {dagbag.py:588} INFO - Filling up the DagBag from /home/airflow/.local/lib/python3.12/site-packages/airflow/example_dags/example_params_trigger_ui.py
[2025-09-21T04:51:10.005+0000] {processor.py:925} INFO - DAG(s) 'example_params_trigger_ui' retrieved from /home/airflow/.local/lib/python3.12/site-packages/airflow/example_dags/example_params_trigger_ui.py
[2025-09-21T04:51:10.055+0000] {logging_mixin.py:190} INFO - [2025-09-21T04:51:10.055+0000] {dag.py:3239} INFO - Sync 1 DAGs
[2025-09-21T04:51:10.071+0000] {logging_mixin.py:190} INFO - [2025-09-21T04:51:10.071+0000] {dag.py:4180} INFO - Setting next_dagrun for example_params_trigger_ui to None, run_after=None
[2025-09-21T04:51:10.088+0000] {processor.py:208} INFO - Processing /home/airflow/.local/lib/python3.12/site-packages/airflow/example_dags/example_params_trigger_ui.py took 0.104 seconds
[2025-09-21T04:51:41.059+0000] {processor.py:186} INFO - Started process (PID=544) to work on /home/airflow/.local/lib/python3.12/site-packages/airflow/example_dags/example_params_trigger_ui.py
[2025-09-21T04:51:41.060+0000] {processor.py:914} INFO - Processing file /home/airflow/.local/lib/python3.12/site-packages/airflow/example_dags/example_params_trigger_ui.py for tasks to queue
[2025-09-21T04:51:41.062+0000] {logging_mixin.py:190} INFO - [2025-09-21T04:51:41.062+0000] {dagbag.py:588} INFO - Filling up the DagBag from /home/airflow/.local/lib/python3.12/site-packages/airflow/example_dags/example_params_trigger_ui.py
[2025-09-21T04:51:41.074+0000] {processor.py:925} INFO - DAG(s) 'example_params_trigger_ui' retrieved from /home/airflow/.local/lib/python3.12/site-packages/airflow/example_dags/example_params_trigger_ui.py
[2025-09-21T04:51:41.147+0000] {logging_mixin.py:190} INFO - [2025-09-21T04:51:41.147+0000] {dag.py:3239} INFO - Sync 1 DAGs
[2025-09-21T04:51:41.169+0000] {logging_mixin.py:190} INFO - [2025-09-21T04:51:41.169+0000] {dag.py:4180} INFO - Setting next_dagrun for example_params_trigger_ui to None, run_after=None
[2025-09-21T04:51:41.199+0000] {processor.py:208} INFO - Processing /home/airflow/.local/lib/python3.12/site-packages/airflow/example_dags/example_params_trigger_ui.py took 0.146 seconds
[2025-09-21T04:52:12.216+0000] {processor.py:186} INFO - Started process (PID=607) to work on /home/airflow/.local/lib/python3.12/site-packages/airflow/example_dags/example_params_trigger_ui.py
[2025-09-21T04:52:12.217+0000] {processor.py:914} INFO - Processing file /home/airflow/.local/lib/python3.12/site-packages/airflow/example_dags/example_params_trigger_ui.py for tasks to queue
[2025-09-21T04:52:12.222+0000] {logging_mixin.py:190} INFO - [2025-09-21T04:52:12.222+0000] {dagbag.py:588} INFO - Filling up the DagBag from /home/airflow/.local/lib/python3.12/site-packages/airflow/example_dags/example_params_trigger_ui.py
[2025-09-21T04:52:12.249+0000] {processor.py:925} INFO - DAG(s) 'example_params_trigger_ui' retrieved from /home/airflow/.local/lib/python3.12/site-packages/airflow/example_dags/example_params_trigger_ui.py
[2025-09-21T04:52:12.348+0000] {logging_mixin.py:190} INFO - [2025-09-21T04:52:12.348+0000] {dag.py:3239} INFO - Sync 1 DAGs
[2025-09-21T04:52:12.390+0000] {logging_mixin.py:190} INFO - [2025-09-21T04:52:12.388+0000] {dag.py:4180} INFO - Setting next_dagrun for example_params_trigger_ui to None, run_after=None
[2025-09-21T04:52:12.432+0000] {processor.py:208} INFO - Processing /home/airflow/.local/lib/python3.12/site-packages/airflow/example_dags/example_params_trigger_ui.py took 0.243 seconds
[2025-09-21T04:52:43.373+0000] {processor.py:186} INFO - Started process (PID=670) to work on /home/airflow/.local/lib/python3.12/site-packages/airflow/example_dags/example_params_trigger_ui.py
[2025-09-21T04:52:43.374+0000] {processor.py:914} INFO - Processing file /home/airflow/.local/lib/python3.12/site-packages/airflow/example_dags/example_params_trigger_ui.py for tasks to queue
[2025-09-21T04:52:43.377+0000] {logging_mixin.py:190} INFO - [2025-09-21T04:52:43.377+0000] {dagbag.py:588} INFO - Filling up the DagBag from /home/airflow/.local/lib/python3.12/site-packages/airflow/example_dags/example_params_trigger_ui.py
[2025-09-21T04:52:43.391+0000] {processor.py:925} INFO - DAG(s) 'example_params_trigger_ui' retrieved from /home/airflow/.local/lib/python3.12/site-packages/airflow/example_dags/example_params_trigger_ui.py
[2025-09-21T04:52:43.451+0000] {logging_mixin.py:190} INFO - [2025-09-21T04:52:43.451+0000] {dag.py:3239} INFO - Sync 1 DAGs
[2025-09-21T04:52:43.470+0000] {logging_mixin.py:190} INFO - [2025-09-21T04:52:43.469+0000] {dag.py:4180} INFO - Setting next_dagrun for example_params_trigger_ui to None, run_after=None
[2025-09-21T04:52:43.488+0000] {processor.py:208} INFO - Processing /home/airflow/.local/lib/python3.12/site-packages/airflow/example_dags/example_params_trigger_ui.py took 0.138 seconds
[2025-09-21T04:53:14.165+0000] {processor.py:186} INFO - Started process (PID=733) to work on /home/airflow/.local/lib/python3.12/site-packages/airflow/example_dags/example_params_trigger_ui.py
[2025-09-21T04:53:14.165+0000] {processor.py:914} INFO - Processing file /home/airflow/.local/lib/python3.12/site-packages/airflow/example_dags/example_params_trigger_ui.py for tasks to queue
[2025-09-21T04:53:14.168+0000] {logging_mixin.py:190} INFO - [2025-09-21T04:53:14.167+0000] {dagbag.py:588} INFO - Filling up the DagBag from /home/airflow/.local/lib/python3.12/site-packages/airflow/example_dags/example_params_trigger_ui.py
[2025-09-21T04:53:14.180+0000] {processor.py:925} INFO - DAG(s) 'example_params_trigger_ui' retrieved from /home/airflow/.local/lib/python3.12/site-packages/airflow/example_dags/example_params_trigger_ui.py
[2025-09-21T04:53:14.237+0000] {logging_mixin.py:190} INFO - [2025-09-21T04:53:14.237+0000] {dag.py:3239} INFO - Sync 1 DAGs
[2025-09-21T04:53:14.263+0000] {logging_mixin.py:190} INFO - [2025-09-21T04:53:14.263+0000] {dag.py:4180} INFO - Setting next_dagrun for example_params_trigger_ui to None, run_after=None
[2025-09-21T04:53:14.291+0000] {processor.py:208} INFO - Processing /home/airflow/.local/lib/python3.12/site-packages/airflow/example_dags/example_params_trigger_ui.py took 0.133 seconds
[2025-09-21T04:53:44.802+0000] {processor.py:186} INFO - Started process (PID=795) to work on /home/airflow/.local/lib/python3.12/site-packages/airflow/example_dags/example_params_trigger_ui.py
[2025-09-21T04:53:44.803+0000] {processor.py:914} INFO - Processing file /home/airflow/.local/lib/python3.12/site-packages/airflow/example_dags/example_params_trigger_ui.py for tasks to queue
[2025-09-21T04:53:44.805+0000] {logging_mixin.py:190} INFO - [2025-09-21T04:53:44.805+0000] {dagbag.py:588} INFO - Filling up the DagBag from /home/airflow/.local/lib/python3.12/site-packages/airflow/example_dags/example_params_trigger_ui.py
[2025-09-21T04:53:44.817+0000] {processor.py:925} INFO - DAG(s) 'example_params_trigger_ui' retrieved from /home/airflow/.local/lib/python3.12/site-packages/airflow/example_dags/example_params_trigger_ui.py
[2025-09-21T04:53:44.870+0000] {logging_mixin.py:190} INFO - [2025-09-21T04:53:44.870+0000] {dag.py:3239} INFO - Sync 1 DAGs
[2025-09-21T04:53:44.887+0000] {logging_mixin.py:190} INFO - [2025-09-21T04:53:44.886+0000] {dag.py:4180} INFO - Setting next_dagrun for example_params_trigger_ui to None, run_after=None
[2025-09-21T04:53:44.904+0000] {processor.py:208} INFO - Processing /home/airflow/.local/lib/python3.12/site-packages/airflow/example_dags/example_params_trigger_ui.py took 0.107 seconds
[2025-09-21T04:54:15.049+0000] {processor.py:186} INFO - Started process (PID=858) to work on /home/airflow/.local/lib/python3.12/site-packages/airflow/example_dags/example_params_trigger_ui.py
[2025-09-21T04:54:15.050+0000] {processor.py:914} INFO - Processing file /home/airflow/.local/lib/python3.12/site-packages/airflow/example_dags/example_params_trigger_ui.py for tasks to queue
[2025-09-21T04:54:15.055+0000] {logging_mixin.py:190} INFO - [2025-09-21T04:54:15.052+0000] {dagbag.py:588} INFO - Filling up the DagBag from /home/airflow/.local/lib/python3.12/site-packages/airflow/example_dags/example_params_trigger_ui.py
[2025-09-21T04:54:15.075+0000] {processor.py:925} INFO - DAG(s) 'example_params_trigger_ui' retrieved from /home/airflow/.local/lib/python3.12/site-packages/airflow/example_dags/example_params_trigger_ui.py
[2025-09-21T04:54:15.186+0000] {logging_mixin.py:190} INFO - [2025-09-21T04:54:15.185+0000] {dag.py:3239} INFO - Sync 1 DAGs
[2025-09-21T04:54:15.224+0000] {logging_mixin.py:190} INFO - [2025-09-21T04:54:15.224+0000] {dag.py:4180} INFO - Setting next_dagrun for example_params_trigger_ui to None, run_after=None
[2025-09-21T04:54:15.275+0000] {processor.py:208} INFO - Processing /home/airflow/.local/lib/python3.12/site-packages/airflow/example_dags/example_params_trigger_ui.py took 0.237 seconds
[2025-09-21T04:54:45.632+0000] {processor.py:186} INFO - Started process (PID=921) to work on /home/airflow/.local/lib/python3.12/site-packages/airflow/example_dags/example_params_trigger_ui.py
[2025-09-21T04:54:45.635+0000] {processor.py:914} INFO - Processing file /home/airflow/.local/lib/python3.12/site-packages/airflow/example_dags/example_params_trigger_ui.py for tasks to queue
[2025-09-21T04:54:45.646+0000] {logging_mixin.py:190} INFO - [2025-09-21T04:54:45.644+0000] {dagbag.py:588} INFO - Filling up the DagBag from /home/airflow/.local/lib/python3.12/site-packages/airflow/example_dags/example_params_trigger_ui.py
[2025-09-21T04:54:45.675+0000] {processor.py:925} INFO - DAG(s) 'example_params_trigger_ui' retrieved from /home/airflow/.local/lib/python3.12/site-packages/airflow/example_dags/example_params_trigger_ui.py
[2025-09-21T04:54:45.877+0000] {logging_mixin.py:190} INFO - [2025-09-21T04:54:45.877+0000] {dag.py:3239} INFO - Sync 1 DAGs
[2025-09-21T04:54:45.924+0000] {logging_mixin.py:190} INFO - [2025-09-21T04:54:45.924+0000] {dag.py:4180} INFO - Setting next_dagrun for example_params_trigger_ui to None, run_after=None
[2025-09-21T04:54:45.975+0000] {processor.py:208} INFO - Processing /home/airflow/.local/lib/python3.12/site-packages/airflow/example_dags/example_params_trigger_ui.py took 0.355 seconds
[2025-09-21T04:55:16.373+0000] {processor.py:186} INFO - Started process (PID=984) to work on /home/airflow/.local/lib/python3.12/site-packages/airflow/example_dags/example_params_trigger_ui.py
[2025-09-21T04:55:16.375+0000] {processor.py:914} INFO - Processing file /home/airflow/.local/lib/python3.12/site-packages/airflow/example_dags/example_params_trigger_ui.py for tasks to queue
[2025-09-21T04:55:16.379+0000] {logging_mixin.py:190} INFO - [2025-09-21T04:55:16.379+0000] {dagbag.py:588} INFO - Filling up the DagBag from /home/airflow/.local/lib/python3.12/site-packages/airflow/example_dags/example_params_trigger_ui.py
[2025-09-21T04:55:16.412+0000] {processor.py:925} INFO - DAG(s) 'example_params_trigger_ui' retrieved from /home/airflow/.local/lib/python3.12/site-packages/airflow/example_dags/example_params_trigger_ui.py
[2025-09-21T04:55:16.555+0000] {logging_mixin.py:190} INFO - [2025-09-21T04:55:16.555+0000] {dag.py:3239} INFO - Sync 1 DAGs
[2025-09-21T04:55:16.631+0000] {logging_mixin.py:190} INFO - [2025-09-21T04:55:16.630+0000] {dag.py:4180} INFO - Setting next_dagrun for example_params_trigger_ui to None, run_after=None
[2025-09-21T04:55:16.697+0000] {processor.py:208} INFO - Processing /home/airflow/.local/lib/python3.12/site-packages/airflow/example_dags/example_params_trigger_ui.py took 0.338 seconds
[2025-09-21T04:55:46.852+0000] {processor.py:186} INFO - Started process (PID=1046) to work on /home/airflow/.local/lib/python3.12/site-packages/airflow/example_dags/example_params_trigger_ui.py
[2025-09-21T04:55:46.853+0000] {processor.py:914} INFO - Processing file /home/airflow/.local/lib/python3.12/site-packages/airflow/example_dags/example_params_trigger_ui.py for tasks to queue
[2025-09-21T04:55:46.855+0000] {logging_mixin.py:190} INFO - [2025-09-21T04:55:46.855+0000] {dagbag.py:588} INFO - Filling up the DagBag from /home/airflow/.local/lib/python3.12/site-packages/airflow/example_dags/example_params_trigger_ui.py
[2025-09-21T04:55:46.867+0000] {processor.py:925} INFO - DAG(s) 'example_params_trigger_ui' retrieved from /home/airflow/.local/lib/python3.12/site-packages/airflow/example_dags/example_params_trigger_ui.py
[2025-09-21T04:55:46.922+0000] {logging_mixin.py:190} INFO - [2025-09-21T04:55:46.922+0000] {dag.py:3239} INFO - Sync 1 DAGs
[2025-09-21T04:55:46.939+0000] {logging_mixin.py:190} INFO - [2025-09-21T04:55:46.939+0000] {dag.py:4180} INFO - Setting next_dagrun for example_params_trigger_ui to None, run_after=None
[2025-09-21T04:55:46.957+0000] {processor.py:208} INFO - Processing /home/airflow/.local/lib/python3.12/site-packages/airflow/example_dags/example_params_trigger_ui.py took 0.113 seconds
[2025-09-21T04:56:17.311+0000] {processor.py:186} INFO - Started process (PID=1109) to work on /home/airflow/.local/lib/python3.12/site-packages/airflow/example_dags/example_params_trigger_ui.py
[2025-09-21T04:56:17.311+0000] {processor.py:914} INFO - Processing file /home/airflow/.local/lib/python3.12/site-packages/airflow/example_dags/example_params_trigger_ui.py for tasks to queue
[2025-09-21T04:56:17.313+0000] {logging_mixin.py:190} INFO - [2025-09-21T04:56:17.313+0000] {dagbag.py:588} INFO - Filling up the DagBag from /home/airflow/.local/lib/python3.12/site-packages/airflow/example_dags/example_params_trigger_ui.py
[2025-09-21T04:56:17.325+0000] {processor.py:925} INFO - DAG(s) 'example_params_trigger_ui' retrieved from /home/airflow/.local/lib/python3.12/site-packages/airflow/example_dags/example_params_trigger_ui.py
[2025-09-21T04:56:17.380+0000] {logging_mixin.py:190} INFO - [2025-09-21T04:56:17.380+0000] {dag.py:3239} INFO - Sync 1 DAGs
[2025-09-21T04:56:17.398+0000] {logging_mixin.py:190} INFO - [2025-09-21T04:56:17.398+0000] {dag.py:4180} INFO - Setting next_dagrun for example_params_trigger_ui to None, run_after=None
[2025-09-21T04:56:17.420+0000] {processor.py:208} INFO - Processing /home/airflow/.local/lib/python3.12/site-packages/airflow/example_dags/example_params_trigger_ui.py took 0.116 seconds
[2025-09-21T04:56:47.699+0000] {processor.py:186} INFO - Started process (PID=1172) to work on /home/airflow/.local/lib/python3.12/site-packages/airflow/example_dags/example_params_trigger_ui.py
[2025-09-21T04:56:47.700+0000] {processor.py:914} INFO - Processing file /home/airflow/.local/lib/python3.12/site-packages/airflow/example_dags/example_params_trigger_ui.py for tasks to queue
[2025-09-21T04:56:47.702+0000] {logging_mixin.py:190} INFO - [2025-09-21T04:56:47.702+0000] {dagbag.py:588} INFO - Filling up the DagBag from /home/airflow/.local/lib/python3.12/site-packages/airflow/example_dags/example_params_trigger_ui.py
[2025-09-21T04:56:47.714+0000] {processor.py:925} INFO - DAG(s) 'example_params_trigger_ui' retrieved from /home/airflow/.local/lib/python3.12/site-packages/airflow/example_dags/example_params_trigger_ui.py
[2025-09-21T04:56:47.774+0000] {logging_mixin.py:190} INFO - [2025-09-21T04:56:47.774+0000] {dag.py:3239} INFO - Sync 1 DAGs
[2025-09-21T04:56:47.791+0000] {logging_mixin.py:190} INFO - [2025-09-21T04:56:47.791+0000] {dag.py:4180} INFO - Setting next_dagrun for example_params_trigger_ui to None, run_after=None
[2025-09-21T04:56:47.807+0000] {processor.py:208} INFO - Processing /home/airflow/.local/lib/python3.12/site-packages/airflow/example_dags/example_params_trigger_ui.py took 0.113 seconds
[2025-09-21T04:57:18.032+0000] {processor.py:186} INFO - Started process (PID=1235) to work on /home/airflow/.local/lib/python3.12/site-packages/airflow/example_dags/example_params_trigger_ui.py
[2025-09-21T04:57:18.033+0000] {processor.py:914} INFO - Processing file /home/airflow/.local/lib/python3.12/site-packages/airflow/example_dags/example_params_trigger_ui.py for tasks to queue
[2025-09-21T04:57:18.035+0000] {logging_mixin.py:190} INFO - [2025-09-21T04:57:18.035+0000] {dagbag.py:588} INFO - Filling up the DagBag from /home/airflow/.local/lib/python3.12/site-packages/airflow/example_dags/example_params_trigger_ui.py
[2025-09-21T04:57:18.047+0000] {processor.py:925} INFO - DAG(s) 'example_params_trigger_ui' retrieved from /home/airflow/.local/lib/python3.12/site-packages/airflow/example_dags/example_params_trigger_ui.py
[2025-09-21T04:57:18.102+0000] {logging_mixin.py:190} INFO - [2025-09-21T04:57:18.102+0000] {dag.py:3239} INFO - Sync 1 DAGs
[2025-09-21T04:57:18.120+0000] {logging_mixin.py:190} INFO - [2025-09-21T04:57:18.120+0000] {dag.py:4180} INFO - Setting next_dagrun for example_params_trigger_ui to None, run_after=None
[2025-09-21T04:57:18.139+0000] {processor.py:208} INFO - Processing /home/airflow/.local/lib/python3.12/site-packages/airflow/example_dags/example_params_trigger_ui.py took 0.113 seconds
[2025-09-21T04:57:48.787+0000] {processor.py:186} INFO - Started process (PID=1298) to work on /home/airflow/.local/lib/python3.12/site-packages/airflow/example_dags/example_params_trigger_ui.py
[2025-09-21T04:57:48.788+0000] {processor.py:914} INFO - Processing file /home/airflow/.local/lib/python3.12/site-packages/airflow/example_dags/example_params_trigger_ui.py for tasks to queue
[2025-09-21T04:57:48.790+0000] {logging_mixin.py:190} INFO - [2025-09-21T04:57:48.790+0000] {dagbag.py:588} INFO - Filling up the DagBag from /home/airflow/.local/lib/python3.12/site-packages/airflow/example_dags/example_params_trigger_ui.py
[2025-09-21T04:57:48.802+0000] {processor.py:925} INFO - DAG(s) 'example_params_trigger_ui' retrieved from /home/airflow/.local/lib/python3.12/site-packages/airflow/example_dags/example_params_trigger_ui.py
[2025-09-21T04:57:48.869+0000] {logging_mixin.py:190} INFO - [2025-09-21T04:57:48.869+0000] {dag.py:3239} INFO - Sync 1 DAGs
[2025-09-21T04:57:48.886+0000] {logging_mixin.py:190} INFO - [2025-09-21T04:57:48.885+0000] {dag.py:4180} INFO - Setting next_dagrun for example_params_trigger_ui to None, run_after=None
[2025-09-21T04:57:48.902+0000] {processor.py:208} INFO - Processing /home/airflow/.local/lib/python3.12/site-packages/airflow/example_dags/example_params_trigger_ui.py took 0.121 seconds
