[2025-09-21T04:48:07.095+0000] {processor.py:186} INFO - Started process (PID=107) to work on /home/airflow/.local/lib/python3.12/site-packages/airflow/example_dags/example_branch_python_dop_operator_3.py
[2025-09-21T04:48:07.095+0000] {processor.py:914} INFO - Processing file /home/airflow/.local/lib/python3.12/site-packages/airflow/example_dags/example_branch_python_dop_operator_3.py for tasks to queue
[2025-09-21T04:48:07.100+0000] {logging_mixin.py:190} INFO - [2025-09-21T04:48:07.099+0000] {dagbag.py:588} INFO - Filling up the DagBag from /home/airflow/.local/lib/python3.12/site-packages/airflow/example_dags/example_branch_python_dop_operator_3.py
[2025-09-21T04:48:07.130+0000] {processor.py:925} INFO - DAG(s) 'example_branch_dop_operator_v3' retrieved from /home/airflow/.local/lib/python3.12/site-packages/airflow/example_dags/example_branch_python_dop_operator_3.py
[2025-09-21T04:48:07.437+0000] {logging_mixin.py:190} INFO - [2025-09-21T04:48:07.436+0000] {override.py:1911} INFO - Created Permission View: can delete on DAG:example_branch_dop_operator_v3
[2025-09-21T04:48:07.488+0000] {logging_mixin.py:190} INFO - [2025-09-21T04:48:07.488+0000] {override.py:1911} INFO - Created Permission View: can read on DAG:example_branch_dop_operator_v3
[2025-09-21T04:48:07.761+0000] {logging_mixin.py:190} INFO - [2025-09-21T04:48:07.760+0000] {override.py:1911} INFO - Created Permission View: can edit on DAG:example_branch_dop_operator_v3
[2025-09-21T04:48:07.832+0000] {logging_mixin.py:190} INFO - [2025-09-21T04:48:07.831+0000] {override.py:1911} INFO - Created Permission View: can read on DAG Run:example_branch_dop_operator_v3
[2025-09-21T04:48:07.863+0000] {logging_mixin.py:190} INFO - [2025-09-21T04:48:07.863+0000] {override.py:1911} INFO - Created Permission View: menu access on DAG Run:example_branch_dop_operator_v3
[2025-09-21T04:48:07.912+0000] {logging_mixin.py:190} INFO - [2025-09-21T04:48:07.911+0000] {override.py:1911} INFO - Created Permission View: can delete on DAG Run:example_branch_dop_operator_v3
[2025-09-21T04:48:07.932+0000] {logging_mixin.py:190} INFO - [2025-09-21T04:48:07.931+0000] {override.py:1911} INFO - Created Permission View: can create on DAG Run:example_branch_dop_operator_v3
[2025-09-21T04:48:07.932+0000] {logging_mixin.py:190} INFO - [2025-09-21T04:48:07.932+0000] {dag.py:3239} INFO - Sync 1 DAGs
[2025-09-21T04:48:07.985+0000] {logging_mixin.py:190} INFO - [2025-09-21T04:48:07.985+0000] {dag.py:3262} INFO - Creating ORM DAG for example_branch_dop_operator_v3
[2025-09-21T04:48:08.023+0000] {logging_mixin.py:190} INFO - [2025-09-21T04:48:08.023+0000] {dag.py:4180} INFO - Setting next_dagrun for example_branch_dop_operator_v3 to 2025-09-21 04:47:00+00:00, run_after=2025-09-21 04:48:00+00:00
[2025-09-21T04:48:08.071+0000] {processor.py:208} INFO - Processing /home/airflow/.local/lib/python3.12/site-packages/airflow/example_dags/example_branch_python_dop_operator_3.py took 0.995 seconds
[2025-09-21T04:48:38.902+0000] {processor.py:186} INFO - Started process (PID=170) to work on /home/airflow/.local/lib/python3.12/site-packages/airflow/example_dags/example_branch_python_dop_operator_3.py
[2025-09-21T04:48:38.903+0000] {processor.py:914} INFO - Processing file /home/airflow/.local/lib/python3.12/site-packages/airflow/example_dags/example_branch_python_dop_operator_3.py for tasks to queue
[2025-09-21T04:48:38.905+0000] {logging_mixin.py:190} INFO - [2025-09-21T04:48:38.905+0000] {dagbag.py:588} INFO - Filling up the DagBag from /home/airflow/.local/lib/python3.12/site-packages/airflow/example_dags/example_branch_python_dop_operator_3.py
[2025-09-21T04:48:38.922+0000] {processor.py:925} INFO - DAG(s) 'example_branch_dop_operator_v3' retrieved from /home/airflow/.local/lib/python3.12/site-packages/airflow/example_dags/example_branch_python_dop_operator_3.py
[2025-09-21T04:48:38.944+0000] {logging_mixin.py:190} INFO - [2025-09-21T04:48:38.943+0000] {dag.py:3239} INFO - Sync 1 DAGs
[2025-09-21T04:48:38.981+0000] {logging_mixin.py:190} INFO - [2025-09-21T04:48:38.980+0000] {dag.py:4180} INFO - Setting next_dagrun for example_branch_dop_operator_v3 to 2025-09-21 04:47:00+00:00, run_after=2025-09-21 04:48:00+00:00
[2025-09-21T04:48:38.999+0000] {processor.py:208} INFO - Processing /home/airflow/.local/lib/python3.12/site-packages/airflow/example_dags/example_branch_python_dop_operator_3.py took 0.103 seconds
[2025-09-21T04:49:09.234+0000] {processor.py:186} INFO - Started process (PID=232) to work on /home/airflow/.local/lib/python3.12/site-packages/airflow/example_dags/example_branch_python_dop_operator_3.py
[2025-09-21T04:49:09.235+0000] {processor.py:914} INFO - Processing file /home/airflow/.local/lib/python3.12/site-packages/airflow/example_dags/example_branch_python_dop_operator_3.py for tasks to queue
[2025-09-21T04:49:09.237+0000] {logging_mixin.py:190} INFO - [2025-09-21T04:49:09.236+0000] {dagbag.py:588} INFO - Filling up the DagBag from /home/airflow/.local/lib/python3.12/site-packages/airflow/example_dags/example_branch_python_dop_operator_3.py
[2025-09-21T04:49:09.248+0000] {processor.py:925} INFO - DAG(s) 'example_branch_dop_operator_v3' retrieved from /home/airflow/.local/lib/python3.12/site-packages/airflow/example_dags/example_branch_python_dop_operator_3.py
[2025-09-21T04:49:09.270+0000] {logging_mixin.py:190} INFO - [2025-09-21T04:49:09.270+0000] {dag.py:3239} INFO - Sync 1 DAGs
[2025-09-21T04:49:09.302+0000] {logging_mixin.py:190} INFO - [2025-09-21T04:49:09.302+0000] {dag.py:4180} INFO - Setting next_dagrun for example_branch_dop_operator_v3 to 2025-09-21 04:48:00+00:00, run_after=2025-09-21 04:49:00+00:00
[2025-09-21T04:49:09.321+0000] {processor.py:208} INFO - Processing /home/airflow/.local/lib/python3.12/site-packages/airflow/example_dags/example_branch_python_dop_operator_3.py took 0.093 seconds
[2025-09-21T04:49:40.163+0000] {processor.py:186} INFO - Started process (PID=295) to work on /home/airflow/.local/lib/python3.12/site-packages/airflow/example_dags/example_branch_python_dop_operator_3.py
[2025-09-21T04:49:40.164+0000] {processor.py:914} INFO - Processing file /home/airflow/.local/lib/python3.12/site-packages/airflow/example_dags/example_branch_python_dop_operator_3.py for tasks to queue
[2025-09-21T04:49:40.167+0000] {logging_mixin.py:190} INFO - [2025-09-21T04:49:40.166+0000] {dagbag.py:588} INFO - Filling up the DagBag from /home/airflow/.local/lib/python3.12/site-packages/airflow/example_dags/example_branch_python_dop_operator_3.py
[2025-09-21T04:49:40.178+0000] {processor.py:925} INFO - DAG(s) 'example_branch_dop_operator_v3' retrieved from /home/airflow/.local/lib/python3.12/site-packages/airflow/example_dags/example_branch_python_dop_operator_3.py
[2025-09-21T04:49:40.199+0000] {logging_mixin.py:190} INFO - [2025-09-21T04:49:40.199+0000] {dag.py:3239} INFO - Sync 1 DAGs
[2025-09-21T04:49:40.232+0000] {logging_mixin.py:190} INFO - [2025-09-21T04:49:40.231+0000] {dag.py:4180} INFO - Setting next_dagrun for example_branch_dop_operator_v3 to 2025-09-21 04:48:00+00:00, run_after=2025-09-21 04:49:00+00:00
[2025-09-21T04:49:40.250+0000] {processor.py:208} INFO - Processing /home/airflow/.local/lib/python3.12/site-packages/airflow/example_dags/example_branch_python_dop_operator_3.py took 0.092 seconds
[2025-09-21T04:50:11.096+0000] {processor.py:186} INFO - Started process (PID=358) to work on /home/airflow/.local/lib/python3.12/site-packages/airflow/example_dags/example_branch_python_dop_operator_3.py
[2025-09-21T04:50:11.097+0000] {processor.py:914} INFO - Processing file /home/airflow/.local/lib/python3.12/site-packages/airflow/example_dags/example_branch_python_dop_operator_3.py for tasks to queue
[2025-09-21T04:50:11.100+0000] {logging_mixin.py:190} INFO - [2025-09-21T04:50:11.100+0000] {dagbag.py:588} INFO - Filling up the DagBag from /home/airflow/.local/lib/python3.12/site-packages/airflow/example_dags/example_branch_python_dop_operator_3.py
[2025-09-21T04:50:11.112+0000] {processor.py:925} INFO - DAG(s) 'example_branch_dop_operator_v3' retrieved from /home/airflow/.local/lib/python3.12/site-packages/airflow/example_dags/example_branch_python_dop_operator_3.py
[2025-09-21T04:50:11.170+0000] {logging_mixin.py:190} INFO - [2025-09-21T04:50:11.170+0000] {dag.py:3239} INFO - Sync 1 DAGs
[2025-09-21T04:50:11.223+0000] {logging_mixin.py:190} INFO - [2025-09-21T04:50:11.222+0000] {dag.py:4180} INFO - Setting next_dagrun for example_branch_dop_operator_v3 to 2025-09-21 04:49:00+00:00, run_after=2025-09-21 04:50:00+00:00
[2025-09-21T04:50:11.240+0000] {processor.py:208} INFO - Processing /home/airflow/.local/lib/python3.12/site-packages/airflow/example_dags/example_branch_python_dop_operator_3.py took 0.159 seconds
[2025-09-21T04:50:41.307+0000] {processor.py:186} INFO - Started process (PID=420) to work on /home/airflow/.local/lib/python3.12/site-packages/airflow/example_dags/example_branch_python_dop_operator_3.py
[2025-09-21T04:50:41.309+0000] {processor.py:914} INFO - Processing file /home/airflow/.local/lib/python3.12/site-packages/airflow/example_dags/example_branch_python_dop_operator_3.py for tasks to queue
[2025-09-21T04:50:41.314+0000] {logging_mixin.py:190} INFO - [2025-09-21T04:50:41.314+0000] {dagbag.py:588} INFO - Filling up the DagBag from /home/airflow/.local/lib/python3.12/site-packages/airflow/example_dags/example_branch_python_dop_operator_3.py
[2025-09-21T04:50:41.342+0000] {processor.py:925} INFO - DAG(s) 'example_branch_dop_operator_v3' retrieved from /home/airflow/.local/lib/python3.12/site-packages/airflow/example_dags/example_branch_python_dop_operator_3.py
[2025-09-21T04:50:41.366+0000] {logging_mixin.py:190} INFO - [2025-09-21T04:50:41.365+0000] {dag.py:3239} INFO - Sync 1 DAGs
[2025-09-21T04:50:41.425+0000] {logging_mixin.py:190} INFO - [2025-09-21T04:50:41.425+0000] {dag.py:4180} INFO - Setting next_dagrun for example_branch_dop_operator_v3 to 2025-09-21 04:49:00+00:00, run_after=2025-09-21 04:50:00+00:00
[2025-09-21T04:50:41.480+0000] {processor.py:208} INFO - Processing /home/airflow/.local/lib/python3.12/site-packages/airflow/example_dags/example_branch_python_dop_operator_3.py took 0.190 seconds
[2025-09-21T04:51:12.426+0000] {processor.py:186} INFO - Started process (PID=482) to work on /home/airflow/.local/lib/python3.12/site-packages/airflow/example_dags/example_branch_python_dop_operator_3.py
[2025-09-21T04:51:12.427+0000] {processor.py:914} INFO - Processing file /home/airflow/.local/lib/python3.12/site-packages/airflow/example_dags/example_branch_python_dop_operator_3.py for tasks to queue
[2025-09-21T04:51:12.429+0000] {logging_mixin.py:190} INFO - [2025-09-21T04:51:12.429+0000] {dagbag.py:588} INFO - Filling up the DagBag from /home/airflow/.local/lib/python3.12/site-packages/airflow/example_dags/example_branch_python_dop_operator_3.py
[2025-09-21T04:51:12.440+0000] {processor.py:925} INFO - DAG(s) 'example_branch_dop_operator_v3' retrieved from /home/airflow/.local/lib/python3.12/site-packages/airflow/example_dags/example_branch_python_dop_operator_3.py
[2025-09-21T04:51:12.462+0000] {logging_mixin.py:190} INFO - [2025-09-21T04:51:12.462+0000] {dag.py:3239} INFO - Sync 1 DAGs
[2025-09-21T04:51:12.493+0000] {logging_mixin.py:190} INFO - [2025-09-21T04:51:12.493+0000] {dag.py:4180} INFO - Setting next_dagrun for example_branch_dop_operator_v3 to 2025-09-21 04:50:00+00:00, run_after=2025-09-21 04:51:00+00:00
[2025-09-21T04:51:12.511+0000] {processor.py:208} INFO - Processing /home/airflow/.local/lib/python3.12/site-packages/airflow/example_dags/example_branch_python_dop_operator_3.py took 0.091 seconds
[2025-09-21T04:51:42.897+0000] {processor.py:186} INFO - Started process (PID=546) to work on /home/airflow/.local/lib/python3.12/site-packages/airflow/example_dags/example_branch_python_dop_operator_3.py
[2025-09-21T04:51:42.898+0000] {processor.py:914} INFO - Processing file /home/airflow/.local/lib/python3.12/site-packages/airflow/example_dags/example_branch_python_dop_operator_3.py for tasks to queue
[2025-09-21T04:51:42.900+0000] {logging_mixin.py:190} INFO - [2025-09-21T04:51:42.900+0000] {dagbag.py:588} INFO - Filling up the DagBag from /home/airflow/.local/lib/python3.12/site-packages/airflow/example_dags/example_branch_python_dop_operator_3.py
[2025-09-21T04:51:42.911+0000] {processor.py:925} INFO - DAG(s) 'example_branch_dop_operator_v3' retrieved from /home/airflow/.local/lib/python3.12/site-packages/airflow/example_dags/example_branch_python_dop_operator_3.py
[2025-09-21T04:51:42.932+0000] {logging_mixin.py:190} INFO - [2025-09-21T04:51:42.932+0000] {dag.py:3239} INFO - Sync 1 DAGs
[2025-09-21T04:51:42.963+0000] {logging_mixin.py:190} INFO - [2025-09-21T04:51:42.963+0000] {dag.py:4180} INFO - Setting next_dagrun for example_branch_dop_operator_v3 to 2025-09-21 04:50:00+00:00, run_after=2025-09-21 04:51:00+00:00
[2025-09-21T04:51:42.992+0000] {processor.py:208} INFO - Processing /home/airflow/.local/lib/python3.12/site-packages/airflow/example_dags/example_branch_python_dop_operator_3.py took 0.100 seconds
[2025-09-21T04:52:13.026+0000] {processor.py:186} INFO - Started process (PID=609) to work on /home/airflow/.local/lib/python3.12/site-packages/airflow/example_dags/example_branch_python_dop_operator_3.py
[2025-09-21T04:52:13.027+0000] {processor.py:914} INFO - Processing file /home/airflow/.local/lib/python3.12/site-packages/airflow/example_dags/example_branch_python_dop_operator_3.py for tasks to queue
[2025-09-21T04:52:13.029+0000] {logging_mixin.py:190} INFO - [2025-09-21T04:52:13.028+0000] {dagbag.py:588} INFO - Filling up the DagBag from /home/airflow/.local/lib/python3.12/site-packages/airflow/example_dags/example_branch_python_dop_operator_3.py
[2025-09-21T04:52:13.037+0000] {processor.py:925} INFO - DAG(s) 'example_branch_dop_operator_v3' retrieved from /home/airflow/.local/lib/python3.12/site-packages/airflow/example_dags/example_branch_python_dop_operator_3.py
[2025-09-21T04:52:13.053+0000] {logging_mixin.py:190} INFO - [2025-09-21T04:52:13.052+0000] {dag.py:3239} INFO - Sync 1 DAGs
[2025-09-21T04:52:13.074+0000] {logging_mixin.py:190} INFO - [2025-09-21T04:52:13.073+0000] {dag.py:4180} INFO - Setting next_dagrun for example_branch_dop_operator_v3 to 2025-09-21 04:51:00+00:00, run_after=2025-09-21 04:52:00+00:00
[2025-09-21T04:52:13.090+0000] {processor.py:208} INFO - Processing /home/airflow/.local/lib/python3.12/site-packages/airflow/example_dags/example_branch_python_dop_operator_3.py took 0.068 seconds
[2025-09-21T04:52:43.642+0000] {processor.py:186} INFO - Started process (PID=672) to work on /home/airflow/.local/lib/python3.12/site-packages/airflow/example_dags/example_branch_python_dop_operator_3.py
[2025-09-21T04:52:43.642+0000] {processor.py:914} INFO - Processing file /home/airflow/.local/lib/python3.12/site-packages/airflow/example_dags/example_branch_python_dop_operator_3.py for tasks to queue
[2025-09-21T04:52:43.645+0000] {logging_mixin.py:190} INFO - [2025-09-21T04:52:43.644+0000] {dagbag.py:588} INFO - Filling up the DagBag from /home/airflow/.local/lib/python3.12/site-packages/airflow/example_dags/example_branch_python_dop_operator_3.py
[2025-09-21T04:52:43.656+0000] {processor.py:925} INFO - DAG(s) 'example_branch_dop_operator_v3' retrieved from /home/airflow/.local/lib/python3.12/site-packages/airflow/example_dags/example_branch_python_dop_operator_3.py
[2025-09-21T04:52:43.676+0000] {logging_mixin.py:190} INFO - [2025-09-21T04:52:43.676+0000] {dag.py:3239} INFO - Sync 1 DAGs
[2025-09-21T04:52:43.705+0000] {logging_mixin.py:190} INFO - [2025-09-21T04:52:43.705+0000] {dag.py:4180} INFO - Setting next_dagrun for example_branch_dop_operator_v3 to 2025-09-21 04:51:00+00:00, run_after=2025-09-21 04:52:00+00:00
[2025-09-21T04:52:43.723+0000] {processor.py:208} INFO - Processing /home/airflow/.local/lib/python3.12/site-packages/airflow/example_dags/example_branch_python_dop_operator_3.py took 0.088 seconds
[2025-09-21T04:53:14.466+0000] {processor.py:186} INFO - Started process (PID=735) to work on /home/airflow/.local/lib/python3.12/site-packages/airflow/example_dags/example_branch_python_dop_operator_3.py
[2025-09-21T04:53:14.467+0000] {processor.py:914} INFO - Processing file /home/airflow/.local/lib/python3.12/site-packages/airflow/example_dags/example_branch_python_dop_operator_3.py for tasks to queue
[2025-09-21T04:53:14.469+0000] {logging_mixin.py:190} INFO - [2025-09-21T04:53:14.469+0000] {dagbag.py:588} INFO - Filling up the DagBag from /home/airflow/.local/lib/python3.12/site-packages/airflow/example_dags/example_branch_python_dop_operator_3.py
[2025-09-21T04:53:14.480+0000] {processor.py:925} INFO - DAG(s) 'example_branch_dop_operator_v3' retrieved from /home/airflow/.local/lib/python3.12/site-packages/airflow/example_dags/example_branch_python_dop_operator_3.py
[2025-09-21T04:53:14.501+0000] {logging_mixin.py:190} INFO - [2025-09-21T04:53:14.500+0000] {dag.py:3239} INFO - Sync 1 DAGs
[2025-09-21T04:53:14.530+0000] {logging_mixin.py:190} INFO - [2025-09-21T04:53:14.530+0000] {dag.py:4180} INFO - Setting next_dagrun for example_branch_dop_operator_v3 to 2025-09-21 04:52:00+00:00, run_after=2025-09-21 04:53:00+00:00
[2025-09-21T04:53:14.548+0000] {processor.py:208} INFO - Processing /home/airflow/.local/lib/python3.12/site-packages/airflow/example_dags/example_branch_python_dop_operator_3.py took 0.088 seconds
[2025-09-21T04:53:44.936+0000] {processor.py:186} INFO - Started process (PID=797) to work on /home/airflow/.local/lib/python3.12/site-packages/airflow/example_dags/example_branch_python_dop_operator_3.py
[2025-09-21T04:53:44.937+0000] {processor.py:914} INFO - Processing file /home/airflow/.local/lib/python3.12/site-packages/airflow/example_dags/example_branch_python_dop_operator_3.py for tasks to queue
[2025-09-21T04:53:44.939+0000] {logging_mixin.py:190} INFO - [2025-09-21T04:53:44.939+0000] {dagbag.py:588} INFO - Filling up the DagBag from /home/airflow/.local/lib/python3.12/site-packages/airflow/example_dags/example_branch_python_dop_operator_3.py
[2025-09-21T04:53:44.947+0000] {processor.py:925} INFO - DAG(s) 'example_branch_dop_operator_v3' retrieved from /home/airflow/.local/lib/python3.12/site-packages/airflow/example_dags/example_branch_python_dop_operator_3.py
[2025-09-21T04:53:44.963+0000] {logging_mixin.py:190} INFO - [2025-09-21T04:53:44.963+0000] {dag.py:3239} INFO - Sync 1 DAGs
[2025-09-21T04:53:44.994+0000] {logging_mixin.py:190} INFO - [2025-09-21T04:53:44.994+0000] {dag.py:4180} INFO - Setting next_dagrun for example_branch_dop_operator_v3 to 2025-09-21 04:52:00+00:00, run_after=2025-09-21 04:53:00+00:00
[2025-09-21T04:53:45.016+0000] {processor.py:208} INFO - Processing /home/airflow/.local/lib/python3.12/site-packages/airflow/example_dags/example_branch_python_dop_operator_3.py took 0.085 seconds
[2025-09-21T04:54:15.297+0000] {processor.py:186} INFO - Started process (PID=860) to work on /home/airflow/.local/lib/python3.12/site-packages/airflow/example_dags/example_branch_python_dop_operator_3.py
[2025-09-21T04:54:15.298+0000] {processor.py:914} INFO - Processing file /home/airflow/.local/lib/python3.12/site-packages/airflow/example_dags/example_branch_python_dop_operator_3.py for tasks to queue
[2025-09-21T04:54:15.300+0000] {logging_mixin.py:190} INFO - [2025-09-21T04:54:15.300+0000] {dagbag.py:588} INFO - Filling up the DagBag from /home/airflow/.local/lib/python3.12/site-packages/airflow/example_dags/example_branch_python_dop_operator_3.py
[2025-09-21T04:54:15.311+0000] {processor.py:925} INFO - DAG(s) 'example_branch_dop_operator_v3' retrieved from /home/airflow/.local/lib/python3.12/site-packages/airflow/example_dags/example_branch_python_dop_operator_3.py
[2025-09-21T04:54:15.334+0000] {logging_mixin.py:190} INFO - [2025-09-21T04:54:15.334+0000] {dag.py:3239} INFO - Sync 1 DAGs
[2025-09-21T04:54:15.366+0000] {logging_mixin.py:190} INFO - [2025-09-21T04:54:15.366+0000] {dag.py:4180} INFO - Setting next_dagrun for example_branch_dop_operator_v3 to 2025-09-21 04:53:00+00:00, run_after=2025-09-21 04:54:00+00:00
[2025-09-21T04:54:15.385+0000] {processor.py:208} INFO - Processing /home/airflow/.local/lib/python3.12/site-packages/airflow/example_dags/example_branch_python_dop_operator_3.py took 0.094 seconds
[2025-09-21T04:54:45.911+0000] {processor.py:186} INFO - Started process (PID=923) to work on /home/airflow/.local/lib/python3.12/site-packages/airflow/example_dags/example_branch_python_dop_operator_3.py
[2025-09-21T04:54:45.913+0000] {processor.py:914} INFO - Processing file /home/airflow/.local/lib/python3.12/site-packages/airflow/example_dags/example_branch_python_dop_operator_3.py for tasks to queue
[2025-09-21T04:54:45.918+0000] {logging_mixin.py:190} INFO - [2025-09-21T04:54:45.918+0000] {dagbag.py:588} INFO - Filling up the DagBag from /home/airflow/.local/lib/python3.12/site-packages/airflow/example_dags/example_branch_python_dop_operator_3.py
[2025-09-21T04:54:45.949+0000] {processor.py:925} INFO - DAG(s) 'example_branch_dop_operator_v3' retrieved from /home/airflow/.local/lib/python3.12/site-packages/airflow/example_dags/example_branch_python_dop_operator_3.py
[2025-09-21T04:54:46.020+0000] {logging_mixin.py:190} INFO - [2025-09-21T04:54:46.020+0000] {dag.py:3239} INFO - Sync 1 DAGs
[2025-09-21T04:54:46.093+0000] {logging_mixin.py:190} INFO - [2025-09-21T04:54:46.093+0000] {dag.py:4180} INFO - Setting next_dagrun for example_branch_dop_operator_v3 to 2025-09-21 04:53:00+00:00, run_after=2025-09-21 04:54:00+00:00
[2025-09-21T04:54:46.144+0000] {processor.py:208} INFO - Processing /home/airflow/.local/lib/python3.12/site-packages/airflow/example_dags/example_branch_python_dop_operator_3.py took 0.253 seconds
[2025-09-21T04:55:16.907+0000] {processor.py:186} INFO - Started process (PID=986) to work on /home/airflow/.local/lib/python3.12/site-packages/airflow/example_dags/example_branch_python_dop_operator_3.py
[2025-09-21T04:55:16.914+0000] {processor.py:914} INFO - Processing file /home/airflow/.local/lib/python3.12/site-packages/airflow/example_dags/example_branch_python_dop_operator_3.py for tasks to queue
[2025-09-21T04:55:16.920+0000] {logging_mixin.py:190} INFO - [2025-09-21T04:55:16.920+0000] {dagbag.py:588} INFO - Filling up the DagBag from /home/airflow/.local/lib/python3.12/site-packages/airflow/example_dags/example_branch_python_dop_operator_3.py
[2025-09-21T04:55:16.951+0000] {processor.py:925} INFO - DAG(s) 'example_branch_dop_operator_v3' retrieved from /home/airflow/.local/lib/python3.12/site-packages/airflow/example_dags/example_branch_python_dop_operator_3.py
[2025-09-21T04:55:16.994+0000] {logging_mixin.py:190} INFO - [2025-09-21T04:55:16.994+0000] {dag.py:3239} INFO - Sync 1 DAGs
[2025-09-21T04:55:17.045+0000] {logging_mixin.py:190} INFO - [2025-09-21T04:55:17.045+0000] {dag.py:4180} INFO - Setting next_dagrun for example_branch_dop_operator_v3 to 2025-09-21 04:54:00+00:00, run_after=2025-09-21 04:55:00+00:00
[2025-09-21T04:55:17.078+0000] {processor.py:208} INFO - Processing /home/airflow/.local/lib/python3.12/site-packages/airflow/example_dags/example_branch_python_dop_operator_3.py took 0.185 seconds
[2025-09-21T04:55:47.164+0000] {processor.py:186} INFO - Started process (PID=1049) to work on /home/airflow/.local/lib/python3.12/site-packages/airflow/example_dags/example_branch_python_dop_operator_3.py
[2025-09-21T04:55:47.166+0000] {processor.py:914} INFO - Processing file /home/airflow/.local/lib/python3.12/site-packages/airflow/example_dags/example_branch_python_dop_operator_3.py for tasks to queue
[2025-09-21T04:55:47.172+0000] {logging_mixin.py:190} INFO - [2025-09-21T04:55:47.172+0000] {dagbag.py:588} INFO - Filling up the DagBag from /home/airflow/.local/lib/python3.12/site-packages/airflow/example_dags/example_branch_python_dop_operator_3.py
[2025-09-21T04:55:47.188+0000] {processor.py:925} INFO - DAG(s) 'example_branch_dop_operator_v3' retrieved from /home/airflow/.local/lib/python3.12/site-packages/airflow/example_dags/example_branch_python_dop_operator_3.py
[2025-09-21T04:55:47.209+0000] {logging_mixin.py:190} INFO - [2025-09-21T04:55:47.209+0000] {dag.py:3239} INFO - Sync 1 DAGs
[2025-09-21T04:55:47.241+0000] {logging_mixin.py:190} INFO - [2025-09-21T04:55:47.240+0000] {dag.py:4180} INFO - Setting next_dagrun for example_branch_dop_operator_v3 to 2025-09-21 04:54:00+00:00, run_after=2025-09-21 04:55:00+00:00
[2025-09-21T04:55:47.259+0000] {processor.py:208} INFO - Processing /home/airflow/.local/lib/python3.12/site-packages/airflow/example_dags/example_branch_python_dop_operator_3.py took 0.102 seconds
[2025-09-21T04:56:17.464+0000] {processor.py:186} INFO - Started process (PID=1111) to work on /home/airflow/.local/lib/python3.12/site-packages/airflow/example_dags/example_branch_python_dop_operator_3.py
[2025-09-21T04:56:17.465+0000] {processor.py:914} INFO - Processing file /home/airflow/.local/lib/python3.12/site-packages/airflow/example_dags/example_branch_python_dop_operator_3.py for tasks to queue
[2025-09-21T04:56:17.466+0000] {logging_mixin.py:190} INFO - [2025-09-21T04:56:17.466+0000] {dagbag.py:588} INFO - Filling up the DagBag from /home/airflow/.local/lib/python3.12/site-packages/airflow/example_dags/example_branch_python_dop_operator_3.py
[2025-09-21T04:56:17.475+0000] {processor.py:925} INFO - DAG(s) 'example_branch_dop_operator_v3' retrieved from /home/airflow/.local/lib/python3.12/site-packages/airflow/example_dags/example_branch_python_dop_operator_3.py
[2025-09-21T04:56:17.491+0000] {logging_mixin.py:190} INFO - [2025-09-21T04:56:17.491+0000] {dag.py:3239} INFO - Sync 1 DAGs
[2025-09-21T04:56:17.515+0000] {logging_mixin.py:190} INFO - [2025-09-21T04:56:17.515+0000] {dag.py:4180} INFO - Setting next_dagrun for example_branch_dop_operator_v3 to 2025-09-21 04:55:00+00:00, run_after=2025-09-21 04:56:00+00:00
[2025-09-21T04:56:17.530+0000] {processor.py:208} INFO - Processing /home/airflow/.local/lib/python3.12/site-packages/airflow/example_dags/example_branch_python_dop_operator_3.py took 0.071 seconds
[2025-09-21T04:56:47.827+0000] {processor.py:186} INFO - Started process (PID=1174) to work on /home/airflow/.local/lib/python3.12/site-packages/airflow/example_dags/example_branch_python_dop_operator_3.py
[2025-09-21T04:56:47.827+0000] {processor.py:914} INFO - Processing file /home/airflow/.local/lib/python3.12/site-packages/airflow/example_dags/example_branch_python_dop_operator_3.py for tasks to queue
[2025-09-21T04:56:47.829+0000] {logging_mixin.py:190} INFO - [2025-09-21T04:56:47.829+0000] {dagbag.py:588} INFO - Filling up the DagBag from /home/airflow/.local/lib/python3.12/site-packages/airflow/example_dags/example_branch_python_dop_operator_3.py
[2025-09-21T04:56:47.840+0000] {processor.py:925} INFO - DAG(s) 'example_branch_dop_operator_v3' retrieved from /home/airflow/.local/lib/python3.12/site-packages/airflow/example_dags/example_branch_python_dop_operator_3.py
[2025-09-21T04:56:47.866+0000] {logging_mixin.py:190} INFO - [2025-09-21T04:56:47.866+0000] {dag.py:3239} INFO - Sync 1 DAGs
[2025-09-21T04:56:47.897+0000] {logging_mixin.py:190} INFO - [2025-09-21T04:56:47.897+0000] {dag.py:4180} INFO - Setting next_dagrun for example_branch_dop_operator_v3 to 2025-09-21 04:55:00+00:00, run_after=2025-09-21 04:56:00+00:00
[2025-09-21T04:56:47.914+0000] {processor.py:208} INFO - Processing /home/airflow/.local/lib/python3.12/site-packages/airflow/example_dags/example_branch_python_dop_operator_3.py took 0.094 seconds
[2025-09-21T04:57:18.169+0000] {processor.py:186} INFO - Started process (PID=1237) to work on /home/airflow/.local/lib/python3.12/site-packages/airflow/example_dags/example_branch_python_dop_operator_3.py
[2025-09-21T04:57:18.169+0000] {processor.py:914} INFO - Processing file /home/airflow/.local/lib/python3.12/site-packages/airflow/example_dags/example_branch_python_dop_operator_3.py for tasks to queue
[2025-09-21T04:57:18.172+0000] {logging_mixin.py:190} INFO - [2025-09-21T04:57:18.172+0000] {dagbag.py:588} INFO - Filling up the DagBag from /home/airflow/.local/lib/python3.12/site-packages/airflow/example_dags/example_branch_python_dop_operator_3.py
[2025-09-21T04:57:18.181+0000] {processor.py:925} INFO - DAG(s) 'example_branch_dop_operator_v3' retrieved from /home/airflow/.local/lib/python3.12/site-packages/airflow/example_dags/example_branch_python_dop_operator_3.py
[2025-09-21T04:57:18.198+0000] {logging_mixin.py:190} INFO - [2025-09-21T04:57:18.198+0000] {dag.py:3239} INFO - Sync 1 DAGs
[2025-09-21T04:57:18.220+0000] {logging_mixin.py:190} INFO - [2025-09-21T04:57:18.220+0000] {dag.py:4180} INFO - Setting next_dagrun for example_branch_dop_operator_v3 to 2025-09-21 04:56:00+00:00, run_after=2025-09-21 04:57:00+00:00
[2025-09-21T04:57:18.234+0000] {processor.py:208} INFO - Processing /home/airflow/.local/lib/python3.12/site-packages/airflow/example_dags/example_branch_python_dop_operator_3.py took 0.072 seconds
[2025-09-21T04:57:48.932+0000] {processor.py:186} INFO - Started process (PID=1300) to work on /home/airflow/.local/lib/python3.12/site-packages/airflow/example_dags/example_branch_python_dop_operator_3.py
[2025-09-21T04:57:48.933+0000] {processor.py:914} INFO - Processing file /home/airflow/.local/lib/python3.12/site-packages/airflow/example_dags/example_branch_python_dop_operator_3.py for tasks to queue
[2025-09-21T04:57:48.935+0000] {logging_mixin.py:190} INFO - [2025-09-21T04:57:48.935+0000] {dagbag.py:588} INFO - Filling up the DagBag from /home/airflow/.local/lib/python3.12/site-packages/airflow/example_dags/example_branch_python_dop_operator_3.py
[2025-09-21T04:57:48.946+0000] {processor.py:925} INFO - DAG(s) 'example_branch_dop_operator_v3' retrieved from /home/airflow/.local/lib/python3.12/site-packages/airflow/example_dags/example_branch_python_dop_operator_3.py
[2025-09-21T04:57:48.967+0000] {logging_mixin.py:190} INFO - [2025-09-21T04:57:48.967+0000] {dag.py:3239} INFO - Sync 1 DAGs
[2025-09-21T04:57:49.000+0000] {logging_mixin.py:190} INFO - [2025-09-21T04:57:48.999+0000] {dag.py:4180} INFO - Setting next_dagrun for example_branch_dop_operator_v3 to 2025-09-21 04:56:00+00:00, run_after=2025-09-21 04:57:00+00:00
[2025-09-21T04:57:49.018+0000] {processor.py:208} INFO - Processing /home/airflow/.local/lib/python3.12/site-packages/airflow/example_dags/example_branch_python_dop_operator_3.py took 0.092 seconds
