[2025-09-21T04:48:08.108+0000] {processor.py:186} INFO - Started process (PID=108) to work on /home/airflow/.local/lib/python3.12/site-packages/airflow/example_dags/example_task_group_decorator.py
[2025-09-21T04:48:08.108+0000] {processor.py:914} INFO - Processing file /home/airflow/.local/lib/python3.12/site-packages/airflow/example_dags/example_task_group_decorator.py for tasks to queue
[2025-09-21T04:48:08.111+0000] {logging_mixin.py:190} INFO - [2025-09-21T04:48:08.110+0000] {dagbag.py:588} INFO - Filling up the DagBag from /home/airflow/.local/lib/python3.12/site-packages/airflow/example_dags/example_task_group_decorator.py
[2025-09-21T04:48:08.132+0000] {processor.py:925} INFO - DAG(s) 'example_task_group_decorator' retrieved from /home/airflow/.local/lib/python3.12/site-packages/airflow/example_dags/example_task_group_decorator.py
[2025-09-21T04:48:08.345+0000] {logging_mixin.py:190} INFO - [2025-09-21T04:48:08.344+0000] {override.py:1911} INFO - Created Permission View: can delete on DAG:example_task_group_decorator
[2025-09-21T04:48:08.364+0000] {logging_mixin.py:190} INFO - [2025-09-21T04:48:08.363+0000] {override.py:1911} INFO - Created Permission View: can read on DAG:example_task_group_decorator
[2025-09-21T04:48:08.370+0000] {logging_mixin.py:190} INFO - [2025-09-21T04:48:08.370+0000] {override.py:1911} INFO - Created Permission View: can edit on DAG:example_task_group_decorator
[2025-09-21T04:48:08.402+0000] {logging_mixin.py:190} INFO - [2025-09-21T04:48:08.401+0000] {override.py:1911} INFO - Created Permission View: can read on DAG Run:example_task_group_decorator
[2025-09-21T04:48:08.426+0000] {logging_mixin.py:190} INFO - [2025-09-21T04:48:08.425+0000] {override.py:1911} INFO - Created Permission View: menu access on DAG Run:example_task_group_decorator
[2025-09-21T04:48:08.436+0000] {logging_mixin.py:190} INFO - [2025-09-21T04:48:08.436+0000] {override.py:1911} INFO - Created Permission View: can delete on DAG Run:example_task_group_decorator
[2025-09-21T04:48:08.471+0000] {logging_mixin.py:190} INFO - [2025-09-21T04:48:08.471+0000] {override.py:1911} INFO - Created Permission View: can create on DAG Run:example_task_group_decorator
[2025-09-21T04:48:08.473+0000] {logging_mixin.py:190} INFO - [2025-09-21T04:48:08.473+0000] {dag.py:3239} INFO - Sync 1 DAGs
[2025-09-21T04:48:08.511+0000] {logging_mixin.py:190} INFO - [2025-09-21T04:48:08.510+0000] {dag.py:3262} INFO - Creating ORM DAG for example_task_group_decorator
[2025-09-21T04:48:08.511+0000] {logging_mixin.py:190} INFO - [2025-09-21T04:48:08.511+0000] {dag.py:4180} INFO - Setting next_dagrun for example_task_group_decorator to None, run_after=None
[2025-09-21T04:48:08.547+0000] {processor.py:208} INFO - Processing /home/airflow/.local/lib/python3.12/site-packages/airflow/example_dags/example_task_group_decorator.py took 0.450 seconds
[2025-09-21T04:48:39.038+0000] {processor.py:186} INFO - Started process (PID=171) to work on /home/airflow/.local/lib/python3.12/site-packages/airflow/example_dags/example_task_group_decorator.py
[2025-09-21T04:48:39.039+0000] {processor.py:914} INFO - Processing file /home/airflow/.local/lib/python3.12/site-packages/airflow/example_dags/example_task_group_decorator.py for tasks to queue
[2025-09-21T04:48:39.043+0000] {logging_mixin.py:190} INFO - [2025-09-21T04:48:39.042+0000] {dagbag.py:588} INFO - Filling up the DagBag from /home/airflow/.local/lib/python3.12/site-packages/airflow/example_dags/example_task_group_decorator.py
[2025-09-21T04:48:39.062+0000] {processor.py:925} INFO - DAG(s) 'example_task_group_decorator' retrieved from /home/airflow/.local/lib/python3.12/site-packages/airflow/example_dags/example_task_group_decorator.py
[2025-09-21T04:48:39.092+0000] {logging_mixin.py:190} INFO - [2025-09-21T04:48:39.091+0000] {dag.py:3239} INFO - Sync 1 DAGs
[2025-09-21T04:48:39.108+0000] {logging_mixin.py:190} INFO - [2025-09-21T04:48:39.108+0000] {dag.py:4180} INFO - Setting next_dagrun for example_task_group_decorator to None, run_after=None
[2025-09-21T04:48:39.127+0000] {processor.py:208} INFO - Processing /home/airflow/.local/lib/python3.12/site-packages/airflow/example_dags/example_task_group_decorator.py took 0.095 seconds
[2025-09-21T04:49:09.246+0000] {processor.py:186} INFO - Started process (PID=233) to work on /home/airflow/.local/lib/python3.12/site-packages/airflow/example_dags/example_task_group_decorator.py
[2025-09-21T04:49:09.247+0000] {processor.py:914} INFO - Processing file /home/airflow/.local/lib/python3.12/site-packages/airflow/example_dags/example_task_group_decorator.py for tasks to queue
[2025-09-21T04:49:09.249+0000] {logging_mixin.py:190} INFO - [2025-09-21T04:49:09.249+0000] {dagbag.py:588} INFO - Filling up the DagBag from /home/airflow/.local/lib/python3.12/site-packages/airflow/example_dags/example_task_group_decorator.py
[2025-09-21T04:49:09.267+0000] {processor.py:925} INFO - DAG(s) 'example_task_group_decorator' retrieved from /home/airflow/.local/lib/python3.12/site-packages/airflow/example_dags/example_task_group_decorator.py
[2025-09-21T04:49:09.302+0000] {logging_mixin.py:190} INFO - [2025-09-21T04:49:09.302+0000] {dag.py:3239} INFO - Sync 1 DAGs
[2025-09-21T04:49:09.320+0000] {logging_mixin.py:190} INFO - [2025-09-21T04:49:09.320+0000] {dag.py:4180} INFO - Setting next_dagrun for example_task_group_decorator to None, run_after=None
[2025-09-21T04:49:09.337+0000] {processor.py:208} INFO - Processing /home/airflow/.local/lib/python3.12/site-packages/airflow/example_dags/example_task_group_decorator.py took 0.097 seconds
[2025-09-21T04:49:40.176+0000] {processor.py:186} INFO - Started process (PID=296) to work on /home/airflow/.local/lib/python3.12/site-packages/airflow/example_dags/example_task_group_decorator.py
[2025-09-21T04:49:40.177+0000] {processor.py:914} INFO - Processing file /home/airflow/.local/lib/python3.12/site-packages/airflow/example_dags/example_task_group_decorator.py for tasks to queue
[2025-09-21T04:49:40.179+0000] {logging_mixin.py:190} INFO - [2025-09-21T04:49:40.179+0000] {dagbag.py:588} INFO - Filling up the DagBag from /home/airflow/.local/lib/python3.12/site-packages/airflow/example_dags/example_task_group_decorator.py
[2025-09-21T04:49:40.197+0000] {processor.py:925} INFO - DAG(s) 'example_task_group_decorator' retrieved from /home/airflow/.local/lib/python3.12/site-packages/airflow/example_dags/example_task_group_decorator.py
[2025-09-21T04:49:40.232+0000] {logging_mixin.py:190} INFO - [2025-09-21T04:49:40.232+0000] {dag.py:3239} INFO - Sync 1 DAGs
[2025-09-21T04:49:40.250+0000] {logging_mixin.py:190} INFO - [2025-09-21T04:49:40.249+0000] {dag.py:4180} INFO - Setting next_dagrun for example_task_group_decorator to None, run_after=None
[2025-09-21T04:49:40.267+0000] {processor.py:208} INFO - Processing /home/airflow/.local/lib/python3.12/site-packages/airflow/example_dags/example_task_group_decorator.py took 0.097 seconds
[2025-09-21T04:50:11.123+0000] {processor.py:186} INFO - Started process (PID=359) to work on /home/airflow/.local/lib/python3.12/site-packages/airflow/example_dags/example_task_group_decorator.py
[2025-09-21T04:50:11.126+0000] {processor.py:914} INFO - Processing file /home/airflow/.local/lib/python3.12/site-packages/airflow/example_dags/example_task_group_decorator.py for tasks to queue
[2025-09-21T04:50:11.133+0000] {logging_mixin.py:190} INFO - [2025-09-21T04:50:11.133+0000] {dagbag.py:588} INFO - Filling up the DagBag from /home/airflow/.local/lib/python3.12/site-packages/airflow/example_dags/example_task_group_decorator.py
[2025-09-21T04:50:11.188+0000] {processor.py:925} INFO - DAG(s) 'example_task_group_decorator' retrieved from /home/airflow/.local/lib/python3.12/site-packages/airflow/example_dags/example_task_group_decorator.py
[2025-09-21T04:50:11.227+0000] {logging_mixin.py:190} INFO - [2025-09-21T04:50:11.227+0000] {dag.py:3239} INFO - Sync 1 DAGs
[2025-09-21T04:50:11.246+0000] {logging_mixin.py:190} INFO - [2025-09-21T04:50:11.246+0000] {dag.py:4180} INFO - Setting next_dagrun for example_task_group_decorator to None, run_after=None
[2025-09-21T04:50:11.262+0000] {processor.py:208} INFO - Processing /home/airflow/.local/lib/python3.12/site-packages/airflow/example_dags/example_task_group_decorator.py took 0.154 seconds
[2025-09-21T04:50:41.436+0000] {processor.py:186} INFO - Started process (PID=421) to work on /home/airflow/.local/lib/python3.12/site-packages/airflow/example_dags/example_task_group_decorator.py
[2025-09-21T04:50:41.442+0000] {processor.py:914} INFO - Processing file /home/airflow/.local/lib/python3.12/site-packages/airflow/example_dags/example_task_group_decorator.py for tasks to queue
[2025-09-21T04:50:41.450+0000] {logging_mixin.py:190} INFO - [2025-09-21T04:50:41.449+0000] {dagbag.py:588} INFO - Filling up the DagBag from /home/airflow/.local/lib/python3.12/site-packages/airflow/example_dags/example_task_group_decorator.py
[2025-09-21T04:50:41.499+0000] {processor.py:925} INFO - DAG(s) 'example_task_group_decorator' retrieved from /home/airflow/.local/lib/python3.12/site-packages/airflow/example_dags/example_task_group_decorator.py
[2025-09-21T04:50:41.538+0000] {logging_mixin.py:190} INFO - [2025-09-21T04:50:41.538+0000] {dag.py:3239} INFO - Sync 1 DAGs
[2025-09-21T04:50:41.555+0000] {logging_mixin.py:190} INFO - [2025-09-21T04:50:41.554+0000] {dag.py:4180} INFO - Setting next_dagrun for example_task_group_decorator to None, run_after=None
[2025-09-21T04:50:41.580+0000] {processor.py:208} INFO - Processing /home/airflow/.local/lib/python3.12/site-packages/airflow/example_dags/example_task_group_decorator.py took 0.164 seconds
[2025-09-21T04:51:12.440+0000] {processor.py:186} INFO - Started process (PID=483) to work on /home/airflow/.local/lib/python3.12/site-packages/airflow/example_dags/example_task_group_decorator.py
[2025-09-21T04:51:12.440+0000] {processor.py:914} INFO - Processing file /home/airflow/.local/lib/python3.12/site-packages/airflow/example_dags/example_task_group_decorator.py for tasks to queue
[2025-09-21T04:51:12.443+0000] {logging_mixin.py:190} INFO - [2025-09-21T04:51:12.442+0000] {dagbag.py:588} INFO - Filling up the DagBag from /home/airflow/.local/lib/python3.12/site-packages/airflow/example_dags/example_task_group_decorator.py
[2025-09-21T04:51:12.461+0000] {processor.py:925} INFO - DAG(s) 'example_task_group_decorator' retrieved from /home/airflow/.local/lib/python3.12/site-packages/airflow/example_dags/example_task_group_decorator.py
[2025-09-21T04:51:12.496+0000] {logging_mixin.py:190} INFO - [2025-09-21T04:51:12.496+0000] {dag.py:3239} INFO - Sync 1 DAGs
[2025-09-21T04:51:12.513+0000] {logging_mixin.py:190} INFO - [2025-09-21T04:51:12.513+0000] {dag.py:4180} INFO - Setting next_dagrun for example_task_group_decorator to None, run_after=None
[2025-09-21T04:51:12.541+0000] {processor.py:208} INFO - Processing /home/airflow/.local/lib/python3.12/site-packages/airflow/example_dags/example_task_group_decorator.py took 0.107 seconds
[2025-09-21T04:51:42.910+0000] {processor.py:186} INFO - Started process (PID=547) to work on /home/airflow/.local/lib/python3.12/site-packages/airflow/example_dags/example_task_group_decorator.py
[2025-09-21T04:51:42.911+0000] {processor.py:914} INFO - Processing file /home/airflow/.local/lib/python3.12/site-packages/airflow/example_dags/example_task_group_decorator.py for tasks to queue
[2025-09-21T04:51:42.913+0000] {logging_mixin.py:190} INFO - [2025-09-21T04:51:42.913+0000] {dagbag.py:588} INFO - Filling up the DagBag from /home/airflow/.local/lib/python3.12/site-packages/airflow/example_dags/example_task_group_decorator.py
[2025-09-21T04:51:42.932+0000] {processor.py:925} INFO - DAG(s) 'example_task_group_decorator' retrieved from /home/airflow/.local/lib/python3.12/site-packages/airflow/example_dags/example_task_group_decorator.py
[2025-09-21T04:51:42.961+0000] {logging_mixin.py:190} INFO - [2025-09-21T04:51:42.961+0000] {dag.py:3239} INFO - Sync 1 DAGs
[2025-09-21T04:51:42.979+0000] {logging_mixin.py:190} INFO - [2025-09-21T04:51:42.978+0000] {dag.py:4180} INFO - Setting next_dagrun for example_task_group_decorator to None, run_after=None
[2025-09-21T04:51:43.000+0000] {processor.py:208} INFO - Processing /home/airflow/.local/lib/python3.12/site-packages/airflow/example_dags/example_task_group_decorator.py took 0.096 seconds
[2025-09-21T04:52:13.118+0000] {processor.py:186} INFO - Started process (PID=610) to work on /home/airflow/.local/lib/python3.12/site-packages/airflow/example_dags/example_task_group_decorator.py
[2025-09-21T04:52:13.119+0000] {processor.py:914} INFO - Processing file /home/airflow/.local/lib/python3.12/site-packages/airflow/example_dags/example_task_group_decorator.py for tasks to queue
[2025-09-21T04:52:13.120+0000] {logging_mixin.py:190} INFO - [2025-09-21T04:52:13.120+0000] {dagbag.py:588} INFO - Filling up the DagBag from /home/airflow/.local/lib/python3.12/site-packages/airflow/example_dags/example_task_group_decorator.py
[2025-09-21T04:52:13.133+0000] {processor.py:925} INFO - DAG(s) 'example_task_group_decorator' retrieved from /home/airflow/.local/lib/python3.12/site-packages/airflow/example_dags/example_task_group_decorator.py
[2025-09-21T04:52:13.154+0000] {logging_mixin.py:190} INFO - [2025-09-21T04:52:13.154+0000] {dag.py:3239} INFO - Sync 1 DAGs
[2025-09-21T04:52:13.166+0000] {logging_mixin.py:190} INFO - [2025-09-21T04:52:13.166+0000] {dag.py:4180} INFO - Setting next_dagrun for example_task_group_decorator to None, run_after=None
[2025-09-21T04:52:13.179+0000] {processor.py:208} INFO - Processing /home/airflow/.local/lib/python3.12/site-packages/airflow/example_dags/example_task_group_decorator.py took 0.066 seconds
[2025-09-21T04:52:43.764+0000] {processor.py:186} INFO - Started process (PID=673) to work on /home/airflow/.local/lib/python3.12/site-packages/airflow/example_dags/example_task_group_decorator.py
[2025-09-21T04:52:43.764+0000] {processor.py:914} INFO - Processing file /home/airflow/.local/lib/python3.12/site-packages/airflow/example_dags/example_task_group_decorator.py for tasks to queue
[2025-09-21T04:52:43.767+0000] {logging_mixin.py:190} INFO - [2025-09-21T04:52:43.766+0000] {dagbag.py:588} INFO - Filling up the DagBag from /home/airflow/.local/lib/python3.12/site-packages/airflow/example_dags/example_task_group_decorator.py
[2025-09-21T04:52:43.783+0000] {processor.py:925} INFO - DAG(s) 'example_task_group_decorator' retrieved from /home/airflow/.local/lib/python3.12/site-packages/airflow/example_dags/example_task_group_decorator.py
[2025-09-21T04:52:43.810+0000] {logging_mixin.py:190} INFO - [2025-09-21T04:52:43.810+0000] {dag.py:3239} INFO - Sync 1 DAGs
[2025-09-21T04:52:43.825+0000] {logging_mixin.py:190} INFO - [2025-09-21T04:52:43.825+0000] {dag.py:4180} INFO - Setting next_dagrun for example_task_group_decorator to None, run_after=None
[2025-09-21T04:52:43.842+0000] {processor.py:208} INFO - Processing /home/airflow/.local/lib/python3.12/site-packages/airflow/example_dags/example_task_group_decorator.py took 0.085 seconds
[2025-09-21T04:53:14.640+0000] {processor.py:186} INFO - Started process (PID=736) to work on /home/airflow/.local/lib/python3.12/site-packages/airflow/example_dags/example_task_group_decorator.py
[2025-09-21T04:53:14.642+0000] {processor.py:914} INFO - Processing file /home/airflow/.local/lib/python3.12/site-packages/airflow/example_dags/example_task_group_decorator.py for tasks to queue
[2025-09-21T04:53:14.645+0000] {logging_mixin.py:190} INFO - [2025-09-21T04:53:14.645+0000] {dagbag.py:588} INFO - Filling up the DagBag from /home/airflow/.local/lib/python3.12/site-packages/airflow/example_dags/example_task_group_decorator.py
[2025-09-21T04:53:14.665+0000] {processor.py:925} INFO - DAG(s) 'example_task_group_decorator' retrieved from /home/airflow/.local/lib/python3.12/site-packages/airflow/example_dags/example_task_group_decorator.py
[2025-09-21T04:53:14.746+0000] {logging_mixin.py:190} INFO - [2025-09-21T04:53:14.746+0000] {dag.py:3239} INFO - Sync 1 DAGs
[2025-09-21T04:53:14.768+0000] {logging_mixin.py:190} INFO - [2025-09-21T04:53:14.768+0000] {dag.py:4180} INFO - Setting next_dagrun for example_task_group_decorator to None, run_after=None
[2025-09-21T04:53:14.786+0000] {processor.py:208} INFO - Processing /home/airflow/.local/lib/python3.12/site-packages/airflow/example_dags/example_task_group_decorator.py took 0.159 seconds
[2025-09-21T04:53:45.053+0000] {processor.py:186} INFO - Started process (PID=799) to work on /home/airflow/.local/lib/python3.12/site-packages/airflow/example_dags/example_task_group_decorator.py
[2025-09-21T04:53:45.055+0000] {processor.py:914} INFO - Processing file /home/airflow/.local/lib/python3.12/site-packages/airflow/example_dags/example_task_group_decorator.py for tasks to queue
[2025-09-21T04:53:45.057+0000] {logging_mixin.py:190} INFO - [2025-09-21T04:53:45.057+0000] {dagbag.py:588} INFO - Filling up the DagBag from /home/airflow/.local/lib/python3.12/site-packages/airflow/example_dags/example_task_group_decorator.py
[2025-09-21T04:53:45.075+0000] {processor.py:925} INFO - DAG(s) 'example_task_group_decorator' retrieved from /home/airflow/.local/lib/python3.12/site-packages/airflow/example_dags/example_task_group_decorator.py
[2025-09-21T04:53:45.105+0000] {logging_mixin.py:190} INFO - [2025-09-21T04:53:45.104+0000] {dag.py:3239} INFO - Sync 1 DAGs
[2025-09-21T04:53:45.122+0000] {logging_mixin.py:190} INFO - [2025-09-21T04:53:45.121+0000] {dag.py:4180} INFO - Setting next_dagrun for example_task_group_decorator to None, run_after=None
[2025-09-21T04:53:45.139+0000] {processor.py:208} INFO - Processing /home/airflow/.local/lib/python3.12/site-packages/airflow/example_dags/example_task_group_decorator.py took 0.092 seconds
[2025-09-21T04:54:15.318+0000] {processor.py:186} INFO - Started process (PID=861) to work on /home/airflow/.local/lib/python3.12/site-packages/airflow/example_dags/example_task_group_decorator.py
[2025-09-21T04:54:15.319+0000] {processor.py:914} INFO - Processing file /home/airflow/.local/lib/python3.12/site-packages/airflow/example_dags/example_task_group_decorator.py for tasks to queue
[2025-09-21T04:54:15.321+0000] {logging_mixin.py:190} INFO - [2025-09-21T04:54:15.321+0000] {dagbag.py:588} INFO - Filling up the DagBag from /home/airflow/.local/lib/python3.12/site-packages/airflow/example_dags/example_task_group_decorator.py
[2025-09-21T04:54:15.340+0000] {processor.py:925} INFO - DAG(s) 'example_task_group_decorator' retrieved from /home/airflow/.local/lib/python3.12/site-packages/airflow/example_dags/example_task_group_decorator.py
[2025-09-21T04:54:15.370+0000] {logging_mixin.py:190} INFO - [2025-09-21T04:54:15.370+0000] {dag.py:3239} INFO - Sync 1 DAGs
[2025-09-21T04:54:15.387+0000] {logging_mixin.py:190} INFO - [2025-09-21T04:54:15.387+0000] {dag.py:4180} INFO - Setting next_dagrun for example_task_group_decorator to None, run_after=None
[2025-09-21T04:54:15.404+0000] {processor.py:208} INFO - Processing /home/airflow/.local/lib/python3.12/site-packages/airflow/example_dags/example_task_group_decorator.py took 0.093 seconds
[2025-09-21T04:54:46.078+0000] {processor.py:186} INFO - Started process (PID=924) to work on /home/airflow/.local/lib/python3.12/site-packages/airflow/example_dags/example_task_group_decorator.py
[2025-09-21T04:54:46.079+0000] {processor.py:914} INFO - Processing file /home/airflow/.local/lib/python3.12/site-packages/airflow/example_dags/example_task_group_decorator.py for tasks to queue
[2025-09-21T04:54:46.086+0000] {logging_mixin.py:190} INFO - [2025-09-21T04:54:46.083+0000] {dagbag.py:588} INFO - Filling up the DagBag from /home/airflow/.local/lib/python3.12/site-packages/airflow/example_dags/example_task_group_decorator.py
[2025-09-21T04:54:46.137+0000] {processor.py:925} INFO - DAG(s) 'example_task_group_decorator' retrieved from /home/airflow/.local/lib/python3.12/site-packages/airflow/example_dags/example_task_group_decorator.py
[2025-09-21T04:54:46.197+0000] {logging_mixin.py:190} INFO - [2025-09-21T04:54:46.197+0000] {dag.py:3239} INFO - Sync 1 DAGs
[2025-09-21T04:54:46.231+0000] {logging_mixin.py:190} INFO - [2025-09-21T04:54:46.231+0000] {dag.py:4180} INFO - Setting next_dagrun for example_task_group_decorator to None, run_after=None
[2025-09-21T04:54:46.291+0000] {processor.py:208} INFO - Processing /home/airflow/.local/lib/python3.12/site-packages/airflow/example_dags/example_task_group_decorator.py took 0.226 seconds
[2025-09-21T04:55:16.909+0000] {processor.py:186} INFO - Started process (PID=987) to work on /home/airflow/.local/lib/python3.12/site-packages/airflow/example_dags/example_task_group_decorator.py
[2025-09-21T04:55:16.910+0000] {processor.py:914} INFO - Processing file /home/airflow/.local/lib/python3.12/site-packages/airflow/example_dags/example_task_group_decorator.py for tasks to queue
[2025-09-21T04:55:16.912+0000] {logging_mixin.py:190} INFO - [2025-09-21T04:55:16.912+0000] {dagbag.py:588} INFO - Filling up the DagBag from /home/airflow/.local/lib/python3.12/site-packages/airflow/example_dags/example_task_group_decorator.py
[2025-09-21T04:55:16.933+0000] {processor.py:925} INFO - DAG(s) 'example_task_group_decorator' retrieved from /home/airflow/.local/lib/python3.12/site-packages/airflow/example_dags/example_task_group_decorator.py
[2025-09-21T04:55:16.986+0000] {logging_mixin.py:190} INFO - [2025-09-21T04:55:16.986+0000] {dag.py:3239} INFO - Sync 1 DAGs
[2025-09-21T04:55:17.023+0000] {logging_mixin.py:190} INFO - [2025-09-21T04:55:17.023+0000] {dag.py:4180} INFO - Setting next_dagrun for example_task_group_decorator to None, run_after=None
[2025-09-21T04:55:17.064+0000] {processor.py:208} INFO - Processing /home/airflow/.local/lib/python3.12/site-packages/airflow/example_dags/example_task_group_decorator.py took 0.162 seconds
[2025-09-21T04:55:47.316+0000] {processor.py:186} INFO - Started process (PID=1050) to work on /home/airflow/.local/lib/python3.12/site-packages/airflow/example_dags/example_task_group_decorator.py
[2025-09-21T04:55:47.317+0000] {processor.py:914} INFO - Processing file /home/airflow/.local/lib/python3.12/site-packages/airflow/example_dags/example_task_group_decorator.py for tasks to queue
[2025-09-21T04:55:47.319+0000] {logging_mixin.py:190} INFO - [2025-09-21T04:55:47.319+0000] {dagbag.py:588} INFO - Filling up the DagBag from /home/airflow/.local/lib/python3.12/site-packages/airflow/example_dags/example_task_group_decorator.py
[2025-09-21T04:55:47.336+0000] {processor.py:925} INFO - DAG(s) 'example_task_group_decorator' retrieved from /home/airflow/.local/lib/python3.12/site-packages/airflow/example_dags/example_task_group_decorator.py
[2025-09-21T04:55:47.367+0000] {logging_mixin.py:190} INFO - [2025-09-21T04:55:47.367+0000] {dag.py:3239} INFO - Sync 1 DAGs
[2025-09-21T04:55:47.385+0000] {logging_mixin.py:190} INFO - [2025-09-21T04:55:47.385+0000] {dag.py:4180} INFO - Setting next_dagrun for example_task_group_decorator to None, run_after=None
[2025-09-21T04:55:47.408+0000] {processor.py:208} INFO - Processing /home/airflow/.local/lib/python3.12/site-packages/airflow/example_dags/example_task_group_decorator.py took 0.098 seconds
[2025-09-21T04:56:17.558+0000] {processor.py:186} INFO - Started process (PID=1112) to work on /home/airflow/.local/lib/python3.12/site-packages/airflow/example_dags/example_task_group_decorator.py
[2025-09-21T04:56:17.558+0000] {processor.py:914} INFO - Processing file /home/airflow/.local/lib/python3.12/site-packages/airflow/example_dags/example_task_group_decorator.py for tasks to queue
[2025-09-21T04:56:17.560+0000] {logging_mixin.py:190} INFO - [2025-09-21T04:56:17.560+0000] {dagbag.py:588} INFO - Filling up the DagBag from /home/airflow/.local/lib/python3.12/site-packages/airflow/example_dags/example_task_group_decorator.py
[2025-09-21T04:56:17.573+0000] {processor.py:925} INFO - DAG(s) 'example_task_group_decorator' retrieved from /home/airflow/.local/lib/python3.12/site-packages/airflow/example_dags/example_task_group_decorator.py
[2025-09-21T04:56:17.593+0000] {logging_mixin.py:190} INFO - [2025-09-21T04:56:17.593+0000] {dag.py:3239} INFO - Sync 1 DAGs
[2025-09-21T04:56:17.605+0000] {logging_mixin.py:190} INFO - [2025-09-21T04:56:17.604+0000] {dag.py:4180} INFO - Setting next_dagrun for example_task_group_decorator to None, run_after=None
[2025-09-21T04:56:17.619+0000] {processor.py:208} INFO - Processing /home/airflow/.local/lib/python3.12/site-packages/airflow/example_dags/example_task_group_decorator.py took 0.066 seconds
[2025-09-21T04:56:47.848+0000] {processor.py:186} INFO - Started process (PID=1175) to work on /home/airflow/.local/lib/python3.12/site-packages/airflow/example_dags/example_task_group_decorator.py
[2025-09-21T04:56:47.849+0000] {processor.py:914} INFO - Processing file /home/airflow/.local/lib/python3.12/site-packages/airflow/example_dags/example_task_group_decorator.py for tasks to queue
[2025-09-21T04:56:47.852+0000] {logging_mixin.py:190} INFO - [2025-09-21T04:56:47.851+0000] {dagbag.py:588} INFO - Filling up the DagBag from /home/airflow/.local/lib/python3.12/site-packages/airflow/example_dags/example_task_group_decorator.py
[2025-09-21T04:56:47.872+0000] {processor.py:925} INFO - DAG(s) 'example_task_group_decorator' retrieved from /home/airflow/.local/lib/python3.12/site-packages/airflow/example_dags/example_task_group_decorator.py
[2025-09-21T04:56:47.901+0000] {logging_mixin.py:190} INFO - [2025-09-21T04:56:47.901+0000] {dag.py:3239} INFO - Sync 1 DAGs
[2025-09-21T04:56:47.918+0000] {logging_mixin.py:190} INFO - [2025-09-21T04:56:47.918+0000] {dag.py:4180} INFO - Setting next_dagrun for example_task_group_decorator to None, run_after=None
[2025-09-21T04:56:47.934+0000] {processor.py:208} INFO - Processing /home/airflow/.local/lib/python3.12/site-packages/airflow/example_dags/example_task_group_decorator.py took 0.094 seconds
[2025-09-21T04:57:18.261+0000] {processor.py:186} INFO - Started process (PID=1238) to work on /home/airflow/.local/lib/python3.12/site-packages/airflow/example_dags/example_task_group_decorator.py
[2025-09-21T04:57:18.262+0000] {processor.py:914} INFO - Processing file /home/airflow/.local/lib/python3.12/site-packages/airflow/example_dags/example_task_group_decorator.py for tasks to queue
[2025-09-21T04:57:18.264+0000] {logging_mixin.py:190} INFO - [2025-09-21T04:57:18.263+0000] {dagbag.py:588} INFO - Filling up the DagBag from /home/airflow/.local/lib/python3.12/site-packages/airflow/example_dags/example_task_group_decorator.py
[2025-09-21T04:57:18.276+0000] {processor.py:925} INFO - DAG(s) 'example_task_group_decorator' retrieved from /home/airflow/.local/lib/python3.12/site-packages/airflow/example_dags/example_task_group_decorator.py
[2025-09-21T04:57:18.296+0000] {logging_mixin.py:190} INFO - [2025-09-21T04:57:18.296+0000] {dag.py:3239} INFO - Sync 1 DAGs
[2025-09-21T04:57:18.307+0000] {logging_mixin.py:190} INFO - [2025-09-21T04:57:18.307+0000] {dag.py:4180} INFO - Setting next_dagrun for example_task_group_decorator to None, run_after=None
[2025-09-21T04:57:18.321+0000] {processor.py:208} INFO - Processing /home/airflow/.local/lib/python3.12/site-packages/airflow/example_dags/example_task_group_decorator.py took 0.064 seconds
[2025-09-21T04:57:48.941+0000] {processor.py:186} INFO - Started process (PID=1301) to work on /home/airflow/.local/lib/python3.12/site-packages/airflow/example_dags/example_task_group_decorator.py
[2025-09-21T04:57:48.941+0000] {processor.py:914} INFO - Processing file /home/airflow/.local/lib/python3.12/site-packages/airflow/example_dags/example_task_group_decorator.py for tasks to queue
[2025-09-21T04:57:48.944+0000] {logging_mixin.py:190} INFO - [2025-09-21T04:57:48.943+0000] {dagbag.py:588} INFO - Filling up the DagBag from /home/airflow/.local/lib/python3.12/site-packages/airflow/example_dags/example_task_group_decorator.py
[2025-09-21T04:57:48.971+0000] {processor.py:925} INFO - DAG(s) 'example_task_group_decorator' retrieved from /home/airflow/.local/lib/python3.12/site-packages/airflow/example_dags/example_task_group_decorator.py
[2025-09-21T04:57:49.016+0000] {logging_mixin.py:190} INFO - [2025-09-21T04:57:49.016+0000] {dag.py:3239} INFO - Sync 1 DAGs
[2025-09-21T04:57:49.032+0000] {logging_mixin.py:190} INFO - [2025-09-21T04:57:49.032+0000] {dag.py:4180} INFO - Setting next_dagrun for example_task_group_decorator to None, run_after=None
[2025-09-21T04:57:49.048+0000] {processor.py:208} INFO - Processing /home/airflow/.local/lib/python3.12/site-packages/airflow/example_dags/example_task_group_decorator.py took 0.114 seconds
