[2025-09-21T04:47:57.367+0000] {processor.py:186} INFO - Started process (PID=87) to work on /home/airflow/.local/lib/python3.12/site-packages/airflow/example_dags/example_subdag_operator.py
[2025-09-21T04:47:57.368+0000] {processor.py:914} INFO - Processing file /home/airflow/.local/lib/python3.12/site-packages/airflow/example_dags/example_subdag_operator.py for tasks to queue
[2025-09-21T04:47:57.375+0000] {logging_mixin.py:190} INFO - [2025-09-21T04:47:57.375+0000] {dagbag.py:588} INFO - Filling up the DagBag from /home/airflow/.local/lib/python3.12/site-packages/airflow/example_dags/example_subdag_operator.py
[2025-09-21T04:47:57.500+0000] {processor.py:925} INFO - DAG(s) 'example_subdag_operator.section-1', 'example_subdag_operator.section-2', 'example_subdag_operator' retrieved from /home/airflow/.local/lib/python3.12/site-packages/airflow/example_dags/example_subdag_operator.py
[2025-09-21T04:47:58.274+0000] {logging_mixin.py:190} INFO - [2025-09-21T04:47:58.266+0000] {override.py:1911} INFO - Created Permission View: can delete on DAG:example_subdag_operator
[2025-09-21T04:47:58.313+0000] {logging_mixin.py:190} INFO - [2025-09-21T04:47:58.313+0000] {override.py:1911} INFO - Created Permission View: can read on DAG:example_subdag_operator
[2025-09-21T04:47:58.333+0000] {logging_mixin.py:190} INFO - [2025-09-21T04:47:58.333+0000] {override.py:1911} INFO - Created Permission View: can edit on DAG:example_subdag_operator
[2025-09-21T04:47:58.349+0000] {logging_mixin.py:190} INFO - [2025-09-21T04:47:58.348+0000] {override.py:1911} INFO - Created Permission View: can read on DAG Run:example_subdag_operator
[2025-09-21T04:47:58.362+0000] {logging_mixin.py:190} INFO - [2025-09-21T04:47:58.362+0000] {override.py:1911} INFO - Created Permission View: menu access on DAG Run:example_subdag_operator
[2025-09-21T04:47:58.379+0000] {logging_mixin.py:190} INFO - [2025-09-21T04:47:58.379+0000] {override.py:1911} INFO - Created Permission View: can delete on DAG Run:example_subdag_operator
[2025-09-21T04:47:58.396+0000] {logging_mixin.py:190} INFO - [2025-09-21T04:47:58.396+0000] {override.py:1911} INFO - Created Permission View: can create on DAG Run:example_subdag_operator
[2025-09-21T04:47:58.396+0000] {logging_mixin.py:190} INFO - [2025-09-21T04:47:58.396+0000] {dag.py:3239} INFO - Sync 3 DAGs
[2025-09-21T04:47:58.437+0000] {logging_mixin.py:190} INFO - [2025-09-21T04:47:58.437+0000] {dag.py:3262} INFO - Creating ORM DAG for example_subdag_operator
[2025-09-21T04:47:58.438+0000] {logging_mixin.py:190} INFO - [2025-09-21T04:47:58.437+0000] {dag.py:3262} INFO - Creating ORM DAG for example_subdag_operator.section-2
[2025-09-21T04:47:58.438+0000] {logging_mixin.py:190} INFO - [2025-09-21T04:47:58.438+0000] {dag.py:3262} INFO - Creating ORM DAG for example_subdag_operator.section-1
[2025-09-21T04:47:58.474+0000] {logging_mixin.py:190} INFO - [2025-09-21T04:47:58.474+0000] {dag.py:4180} INFO - Setting next_dagrun for example_subdag_operator to 2022-01-01 00:00:00+00:00, run_after=2022-01-01 00:00:00+00:00
[2025-09-21T04:47:58.480+0000] {logging_mixin.py:190} INFO - [2025-09-21T04:47:58.480+0000] {dag.py:4180} INFO - Setting next_dagrun for example_subdag_operator.section-1 to None, run_after=None
[2025-09-21T04:47:58.480+0000] {logging_mixin.py:190} INFO - [2025-09-21T04:47:58.480+0000] {dag.py:4180} INFO - Setting next_dagrun for example_subdag_operator.section-2 to None, run_after=None
[2025-09-21T04:47:58.511+0000] {logging_mixin.py:190} INFO - [2025-09-21T04:47:58.511+0000] {dag.py:3239} INFO - Sync 2 DAGs
[2025-09-21T04:47:58.524+0000] {logging_mixin.py:190} INFO - [2025-09-21T04:47:58.524+0000] {dag.py:4180} INFO - Setting next_dagrun for example_subdag_operator.section-1 to None, run_after=None
[2025-09-21T04:47:58.532+0000] {logging_mixin.py:190} INFO - [2025-09-21T04:47:58.532+0000] {dag.py:4180} INFO - Setting next_dagrun for example_subdag_operator.section-2 to None, run_after=None
[2025-09-21T04:47:58.562+0000] {processor.py:208} INFO - Processing /home/airflow/.local/lib/python3.12/site-packages/airflow/example_dags/example_subdag_operator.py took 1.226 seconds
[2025-09-21T04:48:28.987+0000] {processor.py:186} INFO - Started process (PID=148) to work on /home/airflow/.local/lib/python3.12/site-packages/airflow/example_dags/example_subdag_operator.py
[2025-09-21T04:48:28.990+0000] {processor.py:914} INFO - Processing file /home/airflow/.local/lib/python3.12/site-packages/airflow/example_dags/example_subdag_operator.py for tasks to queue
[2025-09-21T04:48:28.995+0000] {logging_mixin.py:190} INFO - [2025-09-21T04:48:28.995+0000] {dagbag.py:588} INFO - Filling up the DagBag from /home/airflow/.local/lib/python3.12/site-packages/airflow/example_dags/example_subdag_operator.py
[2025-09-21T04:48:29.038+0000] {processor.py:925} INFO - DAG(s) 'example_subdag_operator.section-1', 'example_subdag_operator.section-2', 'example_subdag_operator' retrieved from /home/airflow/.local/lib/python3.12/site-packages/airflow/example_dags/example_subdag_operator.py
[2025-09-21T04:48:29.056+0000] {logging_mixin.py:190} INFO - [2025-09-21T04:48:29.055+0000] {dag.py:3239} INFO - Sync 3 DAGs
[2025-09-21T04:48:29.082+0000] {logging_mixin.py:190} INFO - [2025-09-21T04:48:29.082+0000] {dag.py:4180} INFO - Setting next_dagrun for example_subdag_operator to 2022-01-01 00:00:00+00:00, run_after=2022-01-01 00:00:00+00:00
[2025-09-21T04:48:29.086+0000] {logging_mixin.py:190} INFO - [2025-09-21T04:48:29.086+0000] {dag.py:4180} INFO - Setting next_dagrun for example_subdag_operator.section-1 to None, run_after=None
[2025-09-21T04:48:29.087+0000] {logging_mixin.py:190} INFO - [2025-09-21T04:48:29.087+0000] {dag.py:4180} INFO - Setting next_dagrun for example_subdag_operator.section-2 to None, run_after=None
[2025-09-21T04:48:29.094+0000] {logging_mixin.py:190} INFO - [2025-09-21T04:48:29.094+0000] {dag.py:3239} INFO - Sync 2 DAGs
[2025-09-21T04:48:29.099+0000] {logging_mixin.py:190} INFO - [2025-09-21T04:48:29.099+0000] {dag.py:4180} INFO - Setting next_dagrun for example_subdag_operator.section-1 to None, run_after=None
[2025-09-21T04:48:29.100+0000] {logging_mixin.py:190} INFO - [2025-09-21T04:48:29.100+0000] {dag.py:4180} INFO - Setting next_dagrun for example_subdag_operator.section-2 to None, run_after=None
[2025-09-21T04:48:29.243+0000] {processor.py:208} INFO - Processing /home/airflow/.local/lib/python3.12/site-packages/airflow/example_dags/example_subdag_operator.py took 0.267 seconds
[2025-09-21T04:48:59.355+0000] {processor.py:186} INFO - Started process (PID=211) to work on /home/airflow/.local/lib/python3.12/site-packages/airflow/example_dags/example_subdag_operator.py
[2025-09-21T04:48:59.356+0000] {processor.py:914} INFO - Processing file /home/airflow/.local/lib/python3.12/site-packages/airflow/example_dags/example_subdag_operator.py for tasks to queue
[2025-09-21T04:48:59.358+0000] {logging_mixin.py:190} INFO - [2025-09-21T04:48:59.358+0000] {dagbag.py:588} INFO - Filling up the DagBag from /home/airflow/.local/lib/python3.12/site-packages/airflow/example_dags/example_subdag_operator.py
[2025-09-21T04:48:59.377+0000] {processor.py:925} INFO - DAG(s) 'example_subdag_operator.section-1', 'example_subdag_operator.section-2', 'example_subdag_operator' retrieved from /home/airflow/.local/lib/python3.12/site-packages/airflow/example_dags/example_subdag_operator.py
[2025-09-21T04:48:59.388+0000] {logging_mixin.py:190} INFO - [2025-09-21T04:48:59.388+0000] {dag.py:3239} INFO - Sync 3 DAGs
[2025-09-21T04:48:59.406+0000] {logging_mixin.py:190} INFO - [2025-09-21T04:48:59.406+0000] {dag.py:4180} INFO - Setting next_dagrun for example_subdag_operator to 2022-01-01 00:00:00+00:00, run_after=2022-01-01 00:00:00+00:00
[2025-09-21T04:48:59.409+0000] {logging_mixin.py:190} INFO - [2025-09-21T04:48:59.409+0000] {dag.py:4180} INFO - Setting next_dagrun for example_subdag_operator.section-1 to None, run_after=None
[2025-09-21T04:48:59.410+0000] {logging_mixin.py:190} INFO - [2025-09-21T04:48:59.409+0000] {dag.py:4180} INFO - Setting next_dagrun for example_subdag_operator.section-2 to None, run_after=None
[2025-09-21T04:48:59.415+0000] {logging_mixin.py:190} INFO - [2025-09-21T04:48:59.415+0000] {dag.py:3239} INFO - Sync 2 DAGs
[2025-09-21T04:48:59.419+0000] {logging_mixin.py:190} INFO - [2025-09-21T04:48:59.418+0000] {dag.py:4180} INFO - Setting next_dagrun for example_subdag_operator.section-1 to None, run_after=None
[2025-09-21T04:48:59.419+0000] {logging_mixin.py:190} INFO - [2025-09-21T04:48:59.419+0000] {dag.py:4180} INFO - Setting next_dagrun for example_subdag_operator.section-2 to None, run_after=None
[2025-09-21T04:48:59.426+0000] {processor.py:208} INFO - Processing /home/airflow/.local/lib/python3.12/site-packages/airflow/example_dags/example_subdag_operator.py took 0.076 seconds
[2025-09-21T04:49:33.468+0000] {processor.py:186} INFO - Started process (PID=281) to work on /home/airflow/.local/lib/python3.12/site-packages/airflow/example_dags/example_subdag_operator.py
[2025-09-21T04:49:33.471+0000] {processor.py:914} INFO - Processing file /home/airflow/.local/lib/python3.12/site-packages/airflow/example_dags/example_subdag_operator.py for tasks to queue
[2025-09-21T04:49:33.474+0000] {logging_mixin.py:190} INFO - [2025-09-21T04:49:33.474+0000] {dagbag.py:588} INFO - Filling up the DagBag from /home/airflow/.local/lib/python3.12/site-packages/airflow/example_dags/example_subdag_operator.py
[2025-09-21T04:49:33.534+0000] {processor.py:925} INFO - DAG(s) 'example_subdag_operator.section-1', 'example_subdag_operator.section-2', 'example_subdag_operator' retrieved from /home/airflow/.local/lib/python3.12/site-packages/airflow/example_dags/example_subdag_operator.py
[2025-09-21T04:49:33.575+0000] {logging_mixin.py:190} INFO - [2025-09-21T04:49:33.575+0000] {dag.py:3239} INFO - Sync 3 DAGs
[2025-09-21T04:49:33.634+0000] {logging_mixin.py:190} INFO - [2025-09-21T04:49:33.634+0000] {dag.py:4180} INFO - Setting next_dagrun for example_subdag_operator to 2022-01-01 00:00:00+00:00, run_after=2022-01-01 00:00:00+00:00
[2025-09-21T04:49:33.642+0000] {logging_mixin.py:190} INFO - [2025-09-21T04:49:33.642+0000] {dag.py:4180} INFO - Setting next_dagrun for example_subdag_operator.section-1 to None, run_after=None
[2025-09-21T04:49:33.643+0000] {logging_mixin.py:190} INFO - [2025-09-21T04:49:33.643+0000] {dag.py:4180} INFO - Setting next_dagrun for example_subdag_operator.section-2 to None, run_after=None
[2025-09-21T04:49:33.660+0000] {logging_mixin.py:190} INFO - [2025-09-21T04:49:33.660+0000] {dag.py:3239} INFO - Sync 2 DAGs
[2025-09-21T04:49:33.672+0000] {logging_mixin.py:190} INFO - [2025-09-21T04:49:33.672+0000] {dag.py:4180} INFO - Setting next_dagrun for example_subdag_operator.section-1 to None, run_after=None
[2025-09-21T04:49:33.672+0000] {logging_mixin.py:190} INFO - [2025-09-21T04:49:33.672+0000] {dag.py:4180} INFO - Setting next_dagrun for example_subdag_operator.section-2 to None, run_after=None
[2025-09-21T04:49:33.694+0000] {processor.py:208} INFO - Processing /home/airflow/.local/lib/python3.12/site-packages/airflow/example_dags/example_subdag_operator.py took 0.242 seconds
[2025-09-21T04:50:04.676+0000] {processor.py:186} INFO - Started process (PID=343) to work on /home/airflow/.local/lib/python3.12/site-packages/airflow/example_dags/example_subdag_operator.py
[2025-09-21T04:50:04.681+0000] {processor.py:914} INFO - Processing file /home/airflow/.local/lib/python3.12/site-packages/airflow/example_dags/example_subdag_operator.py for tasks to queue
[2025-09-21T04:50:04.685+0000] {logging_mixin.py:190} INFO - [2025-09-21T04:50:04.685+0000] {dagbag.py:588} INFO - Filling up the DagBag from /home/airflow/.local/lib/python3.12/site-packages/airflow/example_dags/example_subdag_operator.py
[2025-09-21T04:50:04.797+0000] {processor.py:925} INFO - DAG(s) 'example_subdag_operator.section-1', 'example_subdag_operator.section-2', 'example_subdag_operator' retrieved from /home/airflow/.local/lib/python3.12/site-packages/airflow/example_dags/example_subdag_operator.py
[2025-09-21T04:50:04.874+0000] {logging_mixin.py:190} INFO - [2025-09-21T04:50:04.874+0000] {dag.py:3239} INFO - Sync 3 DAGs
[2025-09-21T04:50:04.963+0000] {logging_mixin.py:190} INFO - [2025-09-21T04:50:04.963+0000] {dag.py:4180} INFO - Setting next_dagrun for example_subdag_operator to 2022-01-01 00:00:00+00:00, run_after=2022-01-01 00:00:00+00:00
[2025-09-21T04:50:04.983+0000] {logging_mixin.py:190} INFO - [2025-09-21T04:50:04.983+0000] {dag.py:4180} INFO - Setting next_dagrun for example_subdag_operator.section-1 to None, run_after=None
[2025-09-21T04:50:04.987+0000] {logging_mixin.py:190} INFO - [2025-09-21T04:50:04.987+0000] {dag.py:4180} INFO - Setting next_dagrun for example_subdag_operator.section-2 to None, run_after=None
[2025-09-21T04:50:05.011+0000] {logging_mixin.py:190} INFO - [2025-09-21T04:50:05.009+0000] {dag.py:3239} INFO - Sync 2 DAGs
[2025-09-21T04:50:05.032+0000] {logging_mixin.py:190} INFO - [2025-09-21T04:50:05.032+0000] {dag.py:4180} INFO - Setting next_dagrun for example_subdag_operator.section-1 to None, run_after=None
[2025-09-21T04:50:05.035+0000] {logging_mixin.py:190} INFO - [2025-09-21T04:50:05.034+0000] {dag.py:4180} INFO - Setting next_dagrun for example_subdag_operator.section-2 to None, run_after=None
[2025-09-21T04:50:05.098+0000] {processor.py:208} INFO - Processing /home/airflow/.local/lib/python3.12/site-packages/airflow/example_dags/example_subdag_operator.py took 0.436 seconds
[2025-09-21T04:50:35.223+0000] {processor.py:186} INFO - Started process (PID=406) to work on /home/airflow/.local/lib/python3.12/site-packages/airflow/example_dags/example_subdag_operator.py
[2025-09-21T04:50:35.224+0000] {processor.py:914} INFO - Processing file /home/airflow/.local/lib/python3.12/site-packages/airflow/example_dags/example_subdag_operator.py for tasks to queue
[2025-09-21T04:50:35.226+0000] {logging_mixin.py:190} INFO - [2025-09-21T04:50:35.226+0000] {dagbag.py:588} INFO - Filling up the DagBag from /home/airflow/.local/lib/python3.12/site-packages/airflow/example_dags/example_subdag_operator.py
[2025-09-21T04:50:35.253+0000] {processor.py:925} INFO - DAG(s) 'example_subdag_operator.section-1', 'example_subdag_operator.section-2', 'example_subdag_operator' retrieved from /home/airflow/.local/lib/python3.12/site-packages/airflow/example_dags/example_subdag_operator.py
[2025-09-21T04:50:35.264+0000] {logging_mixin.py:190} INFO - [2025-09-21T04:50:35.264+0000] {dag.py:3239} INFO - Sync 3 DAGs
[2025-09-21T04:50:35.282+0000] {logging_mixin.py:190} INFO - [2025-09-21T04:50:35.282+0000] {dag.py:4180} INFO - Setting next_dagrun for example_subdag_operator to 2022-01-01 00:00:00+00:00, run_after=2022-01-01 00:00:00+00:00
[2025-09-21T04:50:35.285+0000] {logging_mixin.py:190} INFO - [2025-09-21T04:50:35.285+0000] {dag.py:4180} INFO - Setting next_dagrun for example_subdag_operator.section-1 to None, run_after=None
[2025-09-21T04:50:35.286+0000] {logging_mixin.py:190} INFO - [2025-09-21T04:50:35.286+0000] {dag.py:4180} INFO - Setting next_dagrun for example_subdag_operator.section-2 to None, run_after=None
[2025-09-21T04:50:35.292+0000] {logging_mixin.py:190} INFO - [2025-09-21T04:50:35.291+0000] {dag.py:3239} INFO - Sync 2 DAGs
[2025-09-21T04:50:35.298+0000] {logging_mixin.py:190} INFO - [2025-09-21T04:50:35.298+0000] {dag.py:4180} INFO - Setting next_dagrun for example_subdag_operator.section-1 to None, run_after=None
[2025-09-21T04:50:35.299+0000] {logging_mixin.py:190} INFO - [2025-09-21T04:50:35.299+0000] {dag.py:4180} INFO - Setting next_dagrun for example_subdag_operator.section-2 to None, run_after=None
[2025-09-21T04:50:35.308+0000] {processor.py:208} INFO - Processing /home/airflow/.local/lib/python3.12/site-packages/airflow/example_dags/example_subdag_operator.py took 0.091 seconds
[2025-09-21T04:51:06.052+0000] {processor.py:186} INFO - Started process (PID=467) to work on /home/airflow/.local/lib/python3.12/site-packages/airflow/example_dags/example_subdag_operator.py
[2025-09-21T04:51:06.052+0000] {processor.py:914} INFO - Processing file /home/airflow/.local/lib/python3.12/site-packages/airflow/example_dags/example_subdag_operator.py for tasks to queue
[2025-09-21T04:51:06.055+0000] {logging_mixin.py:190} INFO - [2025-09-21T04:51:06.054+0000] {dagbag.py:588} INFO - Filling up the DagBag from /home/airflow/.local/lib/python3.12/site-packages/airflow/example_dags/example_subdag_operator.py
[2025-09-21T04:51:06.082+0000] {processor.py:925} INFO - DAG(s) 'example_subdag_operator.section-1', 'example_subdag_operator.section-2', 'example_subdag_operator' retrieved from /home/airflow/.local/lib/python3.12/site-packages/airflow/example_dags/example_subdag_operator.py
[2025-09-21T04:51:06.099+0000] {logging_mixin.py:190} INFO - [2025-09-21T04:51:06.098+0000] {dag.py:3239} INFO - Sync 3 DAGs
[2025-09-21T04:51:06.125+0000] {logging_mixin.py:190} INFO - [2025-09-21T04:51:06.124+0000] {dag.py:4180} INFO - Setting next_dagrun for example_subdag_operator to 2022-01-01 00:00:00+00:00, run_after=2022-01-01 00:00:00+00:00
[2025-09-21T04:51:06.128+0000] {logging_mixin.py:190} INFO - [2025-09-21T04:51:06.128+0000] {dag.py:4180} INFO - Setting next_dagrun for example_subdag_operator.section-1 to None, run_after=None
[2025-09-21T04:51:06.130+0000] {logging_mixin.py:190} INFO - [2025-09-21T04:51:06.130+0000] {dag.py:4180} INFO - Setting next_dagrun for example_subdag_operator.section-2 to None, run_after=None
[2025-09-21T04:51:06.136+0000] {logging_mixin.py:190} INFO - [2025-09-21T04:51:06.136+0000] {dag.py:3239} INFO - Sync 2 DAGs
[2025-09-21T04:51:06.141+0000] {logging_mixin.py:190} INFO - [2025-09-21T04:51:06.141+0000] {dag.py:4180} INFO - Setting next_dagrun for example_subdag_operator.section-1 to None, run_after=None
[2025-09-21T04:51:06.141+0000] {logging_mixin.py:190} INFO - [2025-09-21T04:51:06.141+0000] {dag.py:4180} INFO - Setting next_dagrun for example_subdag_operator.section-2 to None, run_after=None
[2025-09-21T04:51:06.150+0000] {processor.py:208} INFO - Processing /home/airflow/.local/lib/python3.12/site-packages/airflow/example_dags/example_subdag_operator.py took 0.104 seconds
[2025-09-21T04:51:36.277+0000] {processor.py:186} INFO - Started process (PID=532) to work on /home/airflow/.local/lib/python3.12/site-packages/airflow/example_dags/example_subdag_operator.py
[2025-09-21T04:51:36.278+0000] {processor.py:914} INFO - Processing file /home/airflow/.local/lib/python3.12/site-packages/airflow/example_dags/example_subdag_operator.py for tasks to queue
[2025-09-21T04:51:36.281+0000] {logging_mixin.py:190} INFO - [2025-09-21T04:51:36.281+0000] {dagbag.py:588} INFO - Filling up the DagBag from /home/airflow/.local/lib/python3.12/site-packages/airflow/example_dags/example_subdag_operator.py
[2025-09-21T04:51:36.312+0000] {processor.py:925} INFO - DAG(s) 'example_subdag_operator.section-1', 'example_subdag_operator.section-2', 'example_subdag_operator' retrieved from /home/airflow/.local/lib/python3.12/site-packages/airflow/example_dags/example_subdag_operator.py
[2025-09-21T04:51:36.330+0000] {logging_mixin.py:190} INFO - [2025-09-21T04:51:36.329+0000] {dag.py:3239} INFO - Sync 3 DAGs
[2025-09-21T04:51:36.352+0000] {logging_mixin.py:190} INFO - [2025-09-21T04:51:36.352+0000] {dag.py:4180} INFO - Setting next_dagrun for example_subdag_operator to 2022-01-01 00:00:00+00:00, run_after=2022-01-01 00:00:00+00:00
[2025-09-21T04:51:36.355+0000] {logging_mixin.py:190} INFO - [2025-09-21T04:51:36.354+0000] {dag.py:4180} INFO - Setting next_dagrun for example_subdag_operator.section-1 to None, run_after=None
[2025-09-21T04:51:36.356+0000] {logging_mixin.py:190} INFO - [2025-09-21T04:51:36.355+0000] {dag.py:4180} INFO - Setting next_dagrun for example_subdag_operator.section-2 to None, run_after=None
[2025-09-21T04:51:36.361+0000] {logging_mixin.py:190} INFO - [2025-09-21T04:51:36.361+0000] {dag.py:3239} INFO - Sync 2 DAGs
[2025-09-21T04:51:36.365+0000] {logging_mixin.py:190} INFO - [2025-09-21T04:51:36.365+0000] {dag.py:4180} INFO - Setting next_dagrun for example_subdag_operator.section-1 to None, run_after=None
[2025-09-21T04:51:36.365+0000] {logging_mixin.py:190} INFO - [2025-09-21T04:51:36.365+0000] {dag.py:4180} INFO - Setting next_dagrun for example_subdag_operator.section-2 to None, run_after=None
[2025-09-21T04:51:36.373+0000] {processor.py:208} INFO - Processing /home/airflow/.local/lib/python3.12/site-packages/airflow/example_dags/example_subdag_operator.py took 0.102 seconds
[2025-09-21T04:52:06.523+0000] {processor.py:186} INFO - Started process (PID=595) to work on /home/airflow/.local/lib/python3.12/site-packages/airflow/example_dags/example_subdag_operator.py
[2025-09-21T04:52:06.523+0000] {processor.py:914} INFO - Processing file /home/airflow/.local/lib/python3.12/site-packages/airflow/example_dags/example_subdag_operator.py for tasks to queue
[2025-09-21T04:52:06.525+0000] {logging_mixin.py:190} INFO - [2025-09-21T04:52:06.525+0000] {dagbag.py:588} INFO - Filling up the DagBag from /home/airflow/.local/lib/python3.12/site-packages/airflow/example_dags/example_subdag_operator.py
[2025-09-21T04:52:06.546+0000] {processor.py:925} INFO - DAG(s) 'example_subdag_operator.section-1', 'example_subdag_operator.section-2', 'example_subdag_operator' retrieved from /home/airflow/.local/lib/python3.12/site-packages/airflow/example_dags/example_subdag_operator.py
[2025-09-21T04:52:06.557+0000] {logging_mixin.py:190} INFO - [2025-09-21T04:52:06.557+0000] {dag.py:3239} INFO - Sync 3 DAGs
[2025-09-21T04:52:06.588+0000] {logging_mixin.py:190} INFO - [2025-09-21T04:52:06.588+0000] {dag.py:4180} INFO - Setting next_dagrun for example_subdag_operator to 2022-01-01 00:00:00+00:00, run_after=2022-01-01 00:00:00+00:00
[2025-09-21T04:52:06.594+0000] {logging_mixin.py:190} INFO - [2025-09-21T04:52:06.594+0000] {dag.py:4180} INFO - Setting next_dagrun for example_subdag_operator.section-1 to None, run_after=None
[2025-09-21T04:52:06.599+0000] {logging_mixin.py:190} INFO - [2025-09-21T04:52:06.599+0000] {dag.py:4180} INFO - Setting next_dagrun for example_subdag_operator.section-2 to None, run_after=None
[2025-09-21T04:52:06.607+0000] {logging_mixin.py:190} INFO - [2025-09-21T04:52:06.607+0000] {dag.py:3239} INFO - Sync 2 DAGs
[2025-09-21T04:52:06.613+0000] {logging_mixin.py:190} INFO - [2025-09-21T04:52:06.613+0000] {dag.py:4180} INFO - Setting next_dagrun for example_subdag_operator.section-1 to None, run_after=None
[2025-09-21T04:52:06.613+0000] {logging_mixin.py:190} INFO - [2025-09-21T04:52:06.613+0000] {dag.py:4180} INFO - Setting next_dagrun for example_subdag_operator.section-2 to None, run_after=None
[2025-09-21T04:52:06.625+0000] {processor.py:208} INFO - Processing /home/airflow/.local/lib/python3.12/site-packages/airflow/example_dags/example_subdag_operator.py took 0.108 seconds
[2025-09-21T04:52:36.847+0000] {processor.py:186} INFO - Started process (PID=650) to work on /home/airflow/.local/lib/python3.12/site-packages/airflow/example_dags/example_subdag_operator.py
[2025-09-21T04:52:36.847+0000] {processor.py:914} INFO - Processing file /home/airflow/.local/lib/python3.12/site-packages/airflow/example_dags/example_subdag_operator.py for tasks to queue
[2025-09-21T04:52:36.850+0000] {logging_mixin.py:190} INFO - [2025-09-21T04:52:36.850+0000] {dagbag.py:588} INFO - Filling up the DagBag from /home/airflow/.local/lib/python3.12/site-packages/airflow/example_dags/example_subdag_operator.py
[2025-09-21T04:52:36.878+0000] {processor.py:925} INFO - DAG(s) 'example_subdag_operator.section-1', 'example_subdag_operator.section-2', 'example_subdag_operator' retrieved from /home/airflow/.local/lib/python3.12/site-packages/airflow/example_dags/example_subdag_operator.py
[2025-09-21T04:52:36.895+0000] {logging_mixin.py:190} INFO - [2025-09-21T04:52:36.895+0000] {dag.py:3239} INFO - Sync 3 DAGs
[2025-09-21T04:52:36.926+0000] {logging_mixin.py:190} INFO - [2025-09-21T04:52:36.926+0000] {dag.py:4180} INFO - Setting next_dagrun for example_subdag_operator to 2022-01-01 00:00:00+00:00, run_after=2022-01-01 00:00:00+00:00
[2025-09-21T04:52:36.930+0000] {logging_mixin.py:190} INFO - [2025-09-21T04:52:36.929+0000] {dag.py:4180} INFO - Setting next_dagrun for example_subdag_operator.section-1 to None, run_after=None
[2025-09-21T04:52:36.931+0000] {logging_mixin.py:190} INFO - [2025-09-21T04:52:36.931+0000] {dag.py:4180} INFO - Setting next_dagrun for example_subdag_operator.section-2 to None, run_after=None
[2025-09-21T04:52:36.937+0000] {logging_mixin.py:190} INFO - [2025-09-21T04:52:36.937+0000] {dag.py:3239} INFO - Sync 2 DAGs
[2025-09-21T04:52:36.942+0000] {logging_mixin.py:190} INFO - [2025-09-21T04:52:36.942+0000] {dag.py:4180} INFO - Setting next_dagrun for example_subdag_operator.section-1 to None, run_after=None
[2025-09-21T04:52:36.942+0000] {logging_mixin.py:190} INFO - [2025-09-21T04:52:36.942+0000] {dag.py:4180} INFO - Setting next_dagrun for example_subdag_operator.section-2 to None, run_after=None
[2025-09-21T04:52:36.952+0000] {processor.py:208} INFO - Processing /home/airflow/.local/lib/python3.12/site-packages/airflow/example_dags/example_subdag_operator.py took 0.111 seconds
[2025-09-21T04:53:07.584+0000] {processor.py:186} INFO - Started process (PID=713) to work on /home/airflow/.local/lib/python3.12/site-packages/airflow/example_dags/example_subdag_operator.py
[2025-09-21T04:53:07.589+0000] {processor.py:914} INFO - Processing file /home/airflow/.local/lib/python3.12/site-packages/airflow/example_dags/example_subdag_operator.py for tasks to queue
[2025-09-21T04:53:07.597+0000] {logging_mixin.py:190} INFO - [2025-09-21T04:53:07.595+0000] {dagbag.py:588} INFO - Filling up the DagBag from /home/airflow/.local/lib/python3.12/site-packages/airflow/example_dags/example_subdag_operator.py
[2025-09-21T04:53:07.623+0000] {processor.py:925} INFO - DAG(s) 'example_subdag_operator.section-1', 'example_subdag_operator.section-2', 'example_subdag_operator' retrieved from /home/airflow/.local/lib/python3.12/site-packages/airflow/example_dags/example_subdag_operator.py
[2025-09-21T04:53:07.641+0000] {logging_mixin.py:190} INFO - [2025-09-21T04:53:07.641+0000] {dag.py:3239} INFO - Sync 3 DAGs
[2025-09-21T04:53:07.667+0000] {logging_mixin.py:190} INFO - [2025-09-21T04:53:07.667+0000] {dag.py:4180} INFO - Setting next_dagrun for example_subdag_operator to 2022-01-01 00:00:00+00:00, run_after=2022-01-01 00:00:00+00:00
[2025-09-21T04:53:07.670+0000] {logging_mixin.py:190} INFO - [2025-09-21T04:53:07.670+0000] {dag.py:4180} INFO - Setting next_dagrun for example_subdag_operator.section-1 to None, run_after=None
[2025-09-21T04:53:07.672+0000] {logging_mixin.py:190} INFO - [2025-09-21T04:53:07.671+0000] {dag.py:4180} INFO - Setting next_dagrun for example_subdag_operator.section-2 to None, run_after=None
[2025-09-21T04:53:07.678+0000] {logging_mixin.py:190} INFO - [2025-09-21T04:53:07.678+0000] {dag.py:3239} INFO - Sync 2 DAGs
[2025-09-21T04:53:07.683+0000] {logging_mixin.py:190} INFO - [2025-09-21T04:53:07.683+0000] {dag.py:4180} INFO - Setting next_dagrun for example_subdag_operator.section-1 to None, run_after=None
[2025-09-21T04:53:07.683+0000] {logging_mixin.py:190} INFO - [2025-09-21T04:53:07.683+0000] {dag.py:4180} INFO - Setting next_dagrun for example_subdag_operator.section-2 to None, run_after=None
[2025-09-21T04:53:07.692+0000] {processor.py:208} INFO - Processing /home/airflow/.local/lib/python3.12/site-packages/airflow/example_dags/example_subdag_operator.py took 0.122 seconds
[2025-09-21T04:53:38.373+0000] {processor.py:186} INFO - Started process (PID=776) to work on /home/airflow/.local/lib/python3.12/site-packages/airflow/example_dags/example_subdag_operator.py
[2025-09-21T04:53:38.376+0000] {processor.py:914} INFO - Processing file /home/airflow/.local/lib/python3.12/site-packages/airflow/example_dags/example_subdag_operator.py for tasks to queue
[2025-09-21T04:53:38.380+0000] {logging_mixin.py:190} INFO - [2025-09-21T04:53:38.380+0000] {dagbag.py:588} INFO - Filling up the DagBag from /home/airflow/.local/lib/python3.12/site-packages/airflow/example_dags/example_subdag_operator.py
[2025-09-21T04:53:38.409+0000] {processor.py:925} INFO - DAG(s) 'example_subdag_operator.section-1', 'example_subdag_operator.section-2', 'example_subdag_operator' retrieved from /home/airflow/.local/lib/python3.12/site-packages/airflow/example_dags/example_subdag_operator.py
[2025-09-21T04:53:38.427+0000] {logging_mixin.py:190} INFO - [2025-09-21T04:53:38.426+0000] {dag.py:3239} INFO - Sync 3 DAGs
[2025-09-21T04:53:38.462+0000] {logging_mixin.py:190} INFO - [2025-09-21T04:53:38.461+0000] {dag.py:4180} INFO - Setting next_dagrun for example_subdag_operator to 2022-01-01 00:00:00+00:00, run_after=2022-01-01 00:00:00+00:00
[2025-09-21T04:53:38.466+0000] {logging_mixin.py:190} INFO - [2025-09-21T04:53:38.465+0000] {dag.py:4180} INFO - Setting next_dagrun for example_subdag_operator.section-1 to None, run_after=None
[2025-09-21T04:53:38.467+0000] {logging_mixin.py:190} INFO - [2025-09-21T04:53:38.467+0000] {dag.py:4180} INFO - Setting next_dagrun for example_subdag_operator.section-2 to None, run_after=None
[2025-09-21T04:53:38.478+0000] {logging_mixin.py:190} INFO - [2025-09-21T04:53:38.478+0000] {dag.py:3239} INFO - Sync 2 DAGs
[2025-09-21T04:53:38.492+0000] {logging_mixin.py:190} INFO - [2025-09-21T04:53:38.491+0000] {dag.py:4180} INFO - Setting next_dagrun for example_subdag_operator.section-1 to None, run_after=None
[2025-09-21T04:53:38.492+0000] {logging_mixin.py:190} INFO - [2025-09-21T04:53:38.492+0000] {dag.py:4180} INFO - Setting next_dagrun for example_subdag_operator.section-2 to None, run_after=None
[2025-09-21T04:53:38.515+0000] {processor.py:208} INFO - Processing /home/airflow/.local/lib/python3.12/site-packages/airflow/example_dags/example_subdag_operator.py took 0.152 seconds
[2025-09-21T04:54:09.393+0000] {processor.py:186} INFO - Started process (PID=839) to work on /home/airflow/.local/lib/python3.12/site-packages/airflow/example_dags/example_subdag_operator.py
[2025-09-21T04:54:09.394+0000] {processor.py:914} INFO - Processing file /home/airflow/.local/lib/python3.12/site-packages/airflow/example_dags/example_subdag_operator.py for tasks to queue
[2025-09-21T04:54:09.401+0000] {logging_mixin.py:190} INFO - [2025-09-21T04:54:09.400+0000] {dagbag.py:588} INFO - Filling up the DagBag from /home/airflow/.local/lib/python3.12/site-packages/airflow/example_dags/example_subdag_operator.py
[2025-09-21T04:54:09.488+0000] {processor.py:925} INFO - DAG(s) 'example_subdag_operator.section-1', 'example_subdag_operator.section-2', 'example_subdag_operator' retrieved from /home/airflow/.local/lib/python3.12/site-packages/airflow/example_dags/example_subdag_operator.py
[2025-09-21T04:54:09.547+0000] {logging_mixin.py:190} INFO - [2025-09-21T04:54:09.547+0000] {dag.py:3239} INFO - Sync 3 DAGs
[2025-09-21T04:54:09.636+0000] {logging_mixin.py:190} INFO - [2025-09-21T04:54:09.636+0000] {dag.py:4180} INFO - Setting next_dagrun for example_subdag_operator to 2022-01-01 00:00:00+00:00, run_after=2022-01-01 00:00:00+00:00
[2025-09-21T04:54:09.640+0000] {logging_mixin.py:190} INFO - [2025-09-21T04:54:09.640+0000] {dag.py:4180} INFO - Setting next_dagrun for example_subdag_operator.section-1 to None, run_after=None
[2025-09-21T04:54:09.641+0000] {logging_mixin.py:190} INFO - [2025-09-21T04:54:09.641+0000] {dag.py:4180} INFO - Setting next_dagrun for example_subdag_operator.section-2 to None, run_after=None
[2025-09-21T04:54:09.648+0000] {logging_mixin.py:190} INFO - [2025-09-21T04:54:09.648+0000] {dag.py:3239} INFO - Sync 2 DAGs
[2025-09-21T04:54:09.654+0000] {logging_mixin.py:190} INFO - [2025-09-21T04:54:09.654+0000] {dag.py:4180} INFO - Setting next_dagrun for example_subdag_operator.section-1 to None, run_after=None
[2025-09-21T04:54:09.654+0000] {logging_mixin.py:190} INFO - [2025-09-21T04:54:09.654+0000] {dag.py:4180} INFO - Setting next_dagrun for example_subdag_operator.section-2 to None, run_after=None
[2025-09-21T04:54:09.664+0000] {processor.py:208} INFO - Processing /home/airflow/.local/lib/python3.12/site-packages/airflow/example_dags/example_subdag_operator.py took 0.287 seconds
[2025-09-21T04:54:40.603+0000] {processor.py:186} INFO - Started process (PID=903) to work on /home/airflow/.local/lib/python3.12/site-packages/airflow/example_dags/example_subdag_operator.py
[2025-09-21T04:54:40.604+0000] {processor.py:914} INFO - Processing file /home/airflow/.local/lib/python3.12/site-packages/airflow/example_dags/example_subdag_operator.py for tasks to queue
[2025-09-21T04:54:40.606+0000] {logging_mixin.py:190} INFO - [2025-09-21T04:54:40.606+0000] {dagbag.py:588} INFO - Filling up the DagBag from /home/airflow/.local/lib/python3.12/site-packages/airflow/example_dags/example_subdag_operator.py
[2025-09-21T04:54:40.635+0000] {processor.py:925} INFO - DAG(s) 'example_subdag_operator.section-1', 'example_subdag_operator.section-2', 'example_subdag_operator' retrieved from /home/airflow/.local/lib/python3.12/site-packages/airflow/example_dags/example_subdag_operator.py
[2025-09-21T04:54:40.652+0000] {logging_mixin.py:190} INFO - [2025-09-21T04:54:40.651+0000] {dag.py:3239} INFO - Sync 3 DAGs
[2025-09-21T04:54:40.682+0000] {logging_mixin.py:190} INFO - [2025-09-21T04:54:40.682+0000] {dag.py:4180} INFO - Setting next_dagrun for example_subdag_operator to 2022-01-01 00:00:00+00:00, run_after=2022-01-01 00:00:00+00:00
[2025-09-21T04:54:40.686+0000] {logging_mixin.py:190} INFO - [2025-09-21T04:54:40.686+0000] {dag.py:4180} INFO - Setting next_dagrun for example_subdag_operator.section-1 to None, run_after=None
[2025-09-21T04:54:40.687+0000] {logging_mixin.py:190} INFO - [2025-09-21T04:54:40.687+0000] {dag.py:4180} INFO - Setting next_dagrun for example_subdag_operator.section-2 to None, run_after=None
[2025-09-21T04:54:40.694+0000] {logging_mixin.py:190} INFO - [2025-09-21T04:54:40.694+0000] {dag.py:3239} INFO - Sync 2 DAGs
[2025-09-21T04:54:40.700+0000] {logging_mixin.py:190} INFO - [2025-09-21T04:54:40.700+0000] {dag.py:4180} INFO - Setting next_dagrun for example_subdag_operator.section-1 to None, run_after=None
[2025-09-21T04:54:40.700+0000] {logging_mixin.py:190} INFO - [2025-09-21T04:54:40.700+0000] {dag.py:4180} INFO - Setting next_dagrun for example_subdag_operator.section-2 to None, run_after=None
[2025-09-21T04:54:40.710+0000] {processor.py:208} INFO - Processing /home/airflow/.local/lib/python3.12/site-packages/airflow/example_dags/example_subdag_operator.py took 0.113 seconds
[2025-09-21T04:55:11.387+0000] {processor.py:186} INFO - Started process (PID=966) to work on /home/airflow/.local/lib/python3.12/site-packages/airflow/example_dags/example_subdag_operator.py
[2025-09-21T04:55:11.388+0000] {processor.py:914} INFO - Processing file /home/airflow/.local/lib/python3.12/site-packages/airflow/example_dags/example_subdag_operator.py for tasks to queue
[2025-09-21T04:55:11.391+0000] {logging_mixin.py:190} INFO - [2025-09-21T04:55:11.391+0000] {dagbag.py:588} INFO - Filling up the DagBag from /home/airflow/.local/lib/python3.12/site-packages/airflow/example_dags/example_subdag_operator.py
[2025-09-21T04:55:11.423+0000] {processor.py:925} INFO - DAG(s) 'example_subdag_operator.section-1', 'example_subdag_operator.section-2', 'example_subdag_operator' retrieved from /home/airflow/.local/lib/python3.12/site-packages/airflow/example_dags/example_subdag_operator.py
[2025-09-21T04:55:11.445+0000] {logging_mixin.py:190} INFO - [2025-09-21T04:55:11.445+0000] {dag.py:3239} INFO - Sync 3 DAGs
[2025-09-21T04:55:11.474+0000] {logging_mixin.py:190} INFO - [2025-09-21T04:55:11.473+0000] {dag.py:4180} INFO - Setting next_dagrun for example_subdag_operator to 2022-01-01 00:00:00+00:00, run_after=2022-01-01 00:00:00+00:00
[2025-09-21T04:55:11.478+0000] {logging_mixin.py:190} INFO - [2025-09-21T04:55:11.478+0000] {dag.py:4180} INFO - Setting next_dagrun for example_subdag_operator.section-1 to None, run_after=None
[2025-09-21T04:55:11.479+0000] {logging_mixin.py:190} INFO - [2025-09-21T04:55:11.479+0000] {dag.py:4180} INFO - Setting next_dagrun for example_subdag_operator.section-2 to None, run_after=None
[2025-09-21T04:55:11.486+0000] {logging_mixin.py:190} INFO - [2025-09-21T04:55:11.486+0000] {dag.py:3239} INFO - Sync 2 DAGs
[2025-09-21T04:55:11.492+0000] {logging_mixin.py:190} INFO - [2025-09-21T04:55:11.492+0000] {dag.py:4180} INFO - Setting next_dagrun for example_subdag_operator.section-1 to None, run_after=None
[2025-09-21T04:55:11.492+0000] {logging_mixin.py:190} INFO - [2025-09-21T04:55:11.492+0000] {dag.py:4180} INFO - Setting next_dagrun for example_subdag_operator.section-2 to None, run_after=None
[2025-09-21T04:55:11.502+0000] {processor.py:208} INFO - Processing /home/airflow/.local/lib/python3.12/site-packages/airflow/example_dags/example_subdag_operator.py took 0.121 seconds
[2025-09-21T04:55:41.655+0000] {processor.py:186} INFO - Started process (PID=1029) to work on /home/airflow/.local/lib/python3.12/site-packages/airflow/example_dags/example_subdag_operator.py
[2025-09-21T04:55:41.656+0000] {processor.py:914} INFO - Processing file /home/airflow/.local/lib/python3.12/site-packages/airflow/example_dags/example_subdag_operator.py for tasks to queue
[2025-09-21T04:55:41.658+0000] {logging_mixin.py:190} INFO - [2025-09-21T04:55:41.658+0000] {dagbag.py:588} INFO - Filling up the DagBag from /home/airflow/.local/lib/python3.12/site-packages/airflow/example_dags/example_subdag_operator.py
[2025-09-21T04:55:41.685+0000] {processor.py:925} INFO - DAG(s) 'example_subdag_operator.section-1', 'example_subdag_operator.section-2', 'example_subdag_operator' retrieved from /home/airflow/.local/lib/python3.12/site-packages/airflow/example_dags/example_subdag_operator.py
[2025-09-21T04:55:41.702+0000] {logging_mixin.py:190} INFO - [2025-09-21T04:55:41.702+0000] {dag.py:3239} INFO - Sync 3 DAGs
[2025-09-21T04:55:41.729+0000] {logging_mixin.py:190} INFO - [2025-09-21T04:55:41.729+0000] {dag.py:4180} INFO - Setting next_dagrun for example_subdag_operator to 2022-01-01 00:00:00+00:00, run_after=2022-01-01 00:00:00+00:00
[2025-09-21T04:55:41.734+0000] {logging_mixin.py:190} INFO - [2025-09-21T04:55:41.734+0000] {dag.py:4180} INFO - Setting next_dagrun for example_subdag_operator.section-1 to None, run_after=None
[2025-09-21T04:55:41.735+0000] {logging_mixin.py:190} INFO - [2025-09-21T04:55:41.735+0000] {dag.py:4180} INFO - Setting next_dagrun for example_subdag_operator.section-2 to None, run_after=None
[2025-09-21T04:55:41.742+0000] {logging_mixin.py:190} INFO - [2025-09-21T04:55:41.741+0000] {dag.py:3239} INFO - Sync 2 DAGs
[2025-09-21T04:55:41.747+0000] {logging_mixin.py:190} INFO - [2025-09-21T04:55:41.747+0000] {dag.py:4180} INFO - Setting next_dagrun for example_subdag_operator.section-1 to None, run_after=None
[2025-09-21T04:55:41.748+0000] {logging_mixin.py:190} INFO - [2025-09-21T04:55:41.747+0000] {dag.py:4180} INFO - Setting next_dagrun for example_subdag_operator.section-2 to None, run_after=None
[2025-09-21T04:55:41.756+0000] {processor.py:208} INFO - Processing /home/airflow/.local/lib/python3.12/site-packages/airflow/example_dags/example_subdag_operator.py took 0.107 seconds
