[2025-09-21T04:47:49.342+0000] {processor.py:186} INFO - Started process (PID=78) to work on /home/airflow/.local/lib/python3.12/site-packages/airflow/example_dags/example_setup_teardown_taskflow.py
[2025-09-21T04:47:49.345+0000] {processor.py:914} INFO - Processing file /home/airflow/.local/lib/python3.12/site-packages/airflow/example_dags/example_setup_teardown_taskflow.py for tasks to queue
[2025-09-21T04:47:49.351+0000] {logging_mixin.py:190} INFO - [2025-09-21T04:47:49.349+0000] {dagbag.py:588} INFO - Filling up the DagBag from /home/airflow/.local/lib/python3.12/site-packages/airflow/example_dags/example_setup_teardown_taskflow.py
[2025-09-21T04:47:49.386+0000] {processor.py:925} INFO - DAG(s) 'example_setup_teardown_taskflow' retrieved from /home/airflow/.local/lib/python3.12/site-packages/airflow/example_dags/example_setup_teardown_taskflow.py
[2025-09-21T04:47:49.920+0000] {logging_mixin.py:190} INFO - [2025-09-21T04:47:49.919+0000] {override.py:1911} INFO - Created Permission View: can delete on DAG:example_setup_teardown_taskflow
[2025-09-21T04:47:49.973+0000] {logging_mixin.py:190} INFO - [2025-09-21T04:47:49.972+0000] {override.py:1911} INFO - Created Permission View: can read on DAG:example_setup_teardown_taskflow
[2025-09-21T04:47:49.999+0000] {logging_mixin.py:190} INFO - [2025-09-21T04:47:49.998+0000] {override.py:1911} INFO - Created Permission View: can edit on DAG:example_setup_teardown_taskflow
[2025-09-21T04:47:50.049+0000] {logging_mixin.py:190} INFO - [2025-09-21T04:47:50.048+0000] {override.py:1911} INFO - Created Permission View: can read on DAG Run:example_setup_teardown_taskflow
[2025-09-21T04:47:50.133+0000] {logging_mixin.py:190} INFO - [2025-09-21T04:47:50.132+0000] {override.py:1911} INFO - Created Permission View: menu access on DAG Run:example_setup_teardown_taskflow
[2025-09-21T04:47:50.185+0000] {logging_mixin.py:190} INFO - [2025-09-21T04:47:50.184+0000] {override.py:1911} INFO - Created Permission View: can delete on DAG Run:example_setup_teardown_taskflow
[2025-09-21T04:47:50.227+0000] {logging_mixin.py:190} INFO - [2025-09-21T04:47:50.226+0000] {override.py:1911} INFO - Created Permission View: can create on DAG Run:example_setup_teardown_taskflow
[2025-09-21T04:47:50.227+0000] {logging_mixin.py:190} INFO - [2025-09-21T04:47:50.227+0000] {dag.py:3239} INFO - Sync 1 DAGs
[2025-09-21T04:47:50.278+0000] {logging_mixin.py:190} INFO - [2025-09-21T04:47:50.278+0000] {dag.py:3262} INFO - Creating ORM DAG for example_setup_teardown_taskflow
[2025-09-21T04:47:50.281+0000] {logging_mixin.py:190} INFO - [2025-09-21T04:47:50.281+0000] {dag.py:4180} INFO - Setting next_dagrun for example_setup_teardown_taskflow to None, run_after=None
[2025-09-21T04:47:50.353+0000] {processor.py:208} INFO - Processing /home/airflow/.local/lib/python3.12/site-packages/airflow/example_dags/example_setup_teardown_taskflow.py took 1.027 seconds
[2025-09-21T04:48:26.007+0000] {processor.py:186} INFO - Started process (PID=140) to work on /home/airflow/.local/lib/python3.12/site-packages/airflow/example_dags/example_setup_teardown_taskflow.py
[2025-09-21T04:48:26.013+0000] {processor.py:914} INFO - Processing file /home/airflow/.local/lib/python3.12/site-packages/airflow/example_dags/example_setup_teardown_taskflow.py for tasks to queue
[2025-09-21T04:48:26.020+0000] {logging_mixin.py:190} INFO - [2025-09-21T04:48:26.020+0000] {dagbag.py:588} INFO - Filling up the DagBag from /home/airflow/.local/lib/python3.12/site-packages/airflow/example_dags/example_setup_teardown_taskflow.py
[2025-09-21T04:48:26.069+0000] {processor.py:925} INFO - DAG(s) 'example_setup_teardown_taskflow' retrieved from /home/airflow/.local/lib/python3.12/site-packages/airflow/example_dags/example_setup_teardown_taskflow.py
[2025-09-21T04:48:26.141+0000] {logging_mixin.py:190} INFO - [2025-09-21T04:48:26.141+0000] {dag.py:3239} INFO - Sync 1 DAGs
[2025-09-21T04:48:26.188+0000] {logging_mixin.py:190} INFO - [2025-09-21T04:48:26.182+0000] {dag.py:4180} INFO - Setting next_dagrun for example_setup_teardown_taskflow to None, run_after=None
[2025-09-21T04:48:26.243+0000] {processor.py:208} INFO - Processing /home/airflow/.local/lib/python3.12/site-packages/airflow/example_dags/example_setup_teardown_taskflow.py took 0.259 seconds
[2025-09-21T04:48:56.859+0000] {processor.py:186} INFO - Started process (PID=203) to work on /home/airflow/.local/lib/python3.12/site-packages/airflow/example_dags/example_setup_teardown_taskflow.py
[2025-09-21T04:48:56.860+0000] {processor.py:914} INFO - Processing file /home/airflow/.local/lib/python3.12/site-packages/airflow/example_dags/example_setup_teardown_taskflow.py for tasks to queue
[2025-09-21T04:48:56.862+0000] {logging_mixin.py:190} INFO - [2025-09-21T04:48:56.862+0000] {dagbag.py:588} INFO - Filling up the DagBag from /home/airflow/.local/lib/python3.12/site-packages/airflow/example_dags/example_setup_teardown_taskflow.py
[2025-09-21T04:48:56.875+0000] {processor.py:925} INFO - DAG(s) 'example_setup_teardown_taskflow' retrieved from /home/airflow/.local/lib/python3.12/site-packages/airflow/example_dags/example_setup_teardown_taskflow.py
[2025-09-21T04:48:56.898+0000] {logging_mixin.py:190} INFO - [2025-09-21T04:48:56.898+0000] {dag.py:3239} INFO - Sync 1 DAGs
[2025-09-21T04:48:56.914+0000] {logging_mixin.py:190} INFO - [2025-09-21T04:48:56.914+0000] {dag.py:4180} INFO - Setting next_dagrun for example_setup_teardown_taskflow to None, run_after=None
[2025-09-21T04:48:56.931+0000] {processor.py:208} INFO - Processing /home/airflow/.local/lib/python3.12/site-packages/airflow/example_dags/example_setup_teardown_taskflow.py took 0.086 seconds
[2025-09-21T04:49:30.401+0000] {processor.py:186} INFO - Started process (PID=260) to work on /home/airflow/.local/lib/python3.12/site-packages/airflow/example_dags/example_setup_teardown_taskflow.py
[2025-09-21T04:49:30.402+0000] {processor.py:914} INFO - Processing file /home/airflow/.local/lib/python3.12/site-packages/airflow/example_dags/example_setup_teardown_taskflow.py for tasks to queue
[2025-09-21T04:49:30.404+0000] {logging_mixin.py:190} INFO - [2025-09-21T04:49:30.404+0000] {dagbag.py:588} INFO - Filling up the DagBag from /home/airflow/.local/lib/python3.12/site-packages/airflow/example_dags/example_setup_teardown_taskflow.py
[2025-09-21T04:49:30.449+0000] {processor.py:925} INFO - DAG(s) 'example_setup_teardown_taskflow' retrieved from /home/airflow/.local/lib/python3.12/site-packages/airflow/example_dags/example_setup_teardown_taskflow.py
[2025-09-21T04:49:30.560+0000] {logging_mixin.py:190} INFO - [2025-09-21T04:49:30.560+0000] {dag.py:3239} INFO - Sync 1 DAGs
[2025-09-21T04:49:30.648+0000] {logging_mixin.py:190} INFO - [2025-09-21T04:49:30.647+0000] {dag.py:4180} INFO - Setting next_dagrun for example_setup_teardown_taskflow to None, run_after=None
[2025-09-21T04:49:30.716+0000] {processor.py:208} INFO - Processing /home/airflow/.local/lib/python3.12/site-packages/airflow/example_dags/example_setup_teardown_taskflow.py took 0.327 seconds
[2025-09-21T04:50:01.678+0000] {processor.py:186} INFO - Started process (PID=323) to work on /home/airflow/.local/lib/python3.12/site-packages/airflow/example_dags/example_setup_teardown_taskflow.py
[2025-09-21T04:50:01.679+0000] {processor.py:914} INFO - Processing file /home/airflow/.local/lib/python3.12/site-packages/airflow/example_dags/example_setup_teardown_taskflow.py for tasks to queue
[2025-09-21T04:50:01.681+0000] {logging_mixin.py:190} INFO - [2025-09-21T04:50:01.681+0000] {dagbag.py:588} INFO - Filling up the DagBag from /home/airflow/.local/lib/python3.12/site-packages/airflow/example_dags/example_setup_teardown_taskflow.py
[2025-09-21T04:50:01.693+0000] {processor.py:925} INFO - DAG(s) 'example_setup_teardown_taskflow' retrieved from /home/airflow/.local/lib/python3.12/site-packages/airflow/example_dags/example_setup_teardown_taskflow.py
[2025-09-21T04:50:01.717+0000] {logging_mixin.py:190} INFO - [2025-09-21T04:50:01.717+0000] {dag.py:3239} INFO - Sync 1 DAGs
[2025-09-21T04:50:01.735+0000] {logging_mixin.py:190} INFO - [2025-09-21T04:50:01.734+0000] {dag.py:4180} INFO - Setting next_dagrun for example_setup_teardown_taskflow to None, run_after=None
[2025-09-21T04:50:01.752+0000] {processor.py:208} INFO - Processing /home/airflow/.local/lib/python3.12/site-packages/airflow/example_dags/example_setup_teardown_taskflow.py took 0.080 seconds
[2025-09-21T04:50:32.206+0000] {processor.py:186} INFO - Started process (PID=386) to work on /home/airflow/.local/lib/python3.12/site-packages/airflow/example_dags/example_setup_teardown_taskflow.py
[2025-09-21T04:50:32.210+0000] {processor.py:914} INFO - Processing file /home/airflow/.local/lib/python3.12/site-packages/airflow/example_dags/example_setup_teardown_taskflow.py for tasks to queue
[2025-09-21T04:50:32.212+0000] {logging_mixin.py:190} INFO - [2025-09-21T04:50:32.212+0000] {dagbag.py:588} INFO - Filling up the DagBag from /home/airflow/.local/lib/python3.12/site-packages/airflow/example_dags/example_setup_teardown_taskflow.py
[2025-09-21T04:50:32.242+0000] {processor.py:925} INFO - DAG(s) 'example_setup_teardown_taskflow' retrieved from /home/airflow/.local/lib/python3.12/site-packages/airflow/example_dags/example_setup_teardown_taskflow.py
[2025-09-21T04:50:32.336+0000] {logging_mixin.py:190} INFO - [2025-09-21T04:50:32.336+0000] {dag.py:3239} INFO - Sync 1 DAGs
[2025-09-21T04:50:32.417+0000] {logging_mixin.py:190} INFO - [2025-09-21T04:50:32.417+0000] {dag.py:4180} INFO - Setting next_dagrun for example_setup_teardown_taskflow to None, run_after=None
[2025-09-21T04:50:32.459+0000] {processor.py:208} INFO - Processing /home/airflow/.local/lib/python3.12/site-packages/airflow/example_dags/example_setup_teardown_taskflow.py took 0.265 seconds
[2025-09-21T04:51:03.158+0000] {processor.py:186} INFO - Started process (PID=453) to work on /home/airflow/.local/lib/python3.12/site-packages/airflow/example_dags/example_setup_teardown_taskflow.py
[2025-09-21T04:51:03.158+0000] {processor.py:914} INFO - Processing file /home/airflow/.local/lib/python3.12/site-packages/airflow/example_dags/example_setup_teardown_taskflow.py for tasks to queue
[2025-09-21T04:51:03.161+0000] {logging_mixin.py:190} INFO - [2025-09-21T04:51:03.160+0000] {dagbag.py:588} INFO - Filling up the DagBag from /home/airflow/.local/lib/python3.12/site-packages/airflow/example_dags/example_setup_teardown_taskflow.py
[2025-09-21T04:51:03.182+0000] {processor.py:925} INFO - DAG(s) 'example_setup_teardown_taskflow' retrieved from /home/airflow/.local/lib/python3.12/site-packages/airflow/example_dags/example_setup_teardown_taskflow.py
[2025-09-21T04:51:03.209+0000] {logging_mixin.py:190} INFO - [2025-09-21T04:51:03.208+0000] {dag.py:3239} INFO - Sync 1 DAGs
[2025-09-21T04:51:03.240+0000] {logging_mixin.py:190} INFO - [2025-09-21T04:51:03.240+0000] {dag.py:4180} INFO - Setting next_dagrun for example_setup_teardown_taskflow to None, run_after=None
[2025-09-21T04:51:03.258+0000] {processor.py:208} INFO - Processing /home/airflow/.local/lib/python3.12/site-packages/airflow/example_dags/example_setup_teardown_taskflow.py took 0.106 seconds
[2025-09-21T04:51:33.680+0000] {processor.py:186} INFO - Started process (PID=516) to work on /home/airflow/.local/lib/python3.12/site-packages/airflow/example_dags/example_setup_teardown_taskflow.py
[2025-09-21T04:51:33.681+0000] {processor.py:914} INFO - Processing file /home/airflow/.local/lib/python3.12/site-packages/airflow/example_dags/example_setup_teardown_taskflow.py for tasks to queue
[2025-09-21T04:51:33.683+0000] {logging_mixin.py:190} INFO - [2025-09-21T04:51:33.683+0000] {dagbag.py:588} INFO - Filling up the DagBag from /home/airflow/.local/lib/python3.12/site-packages/airflow/example_dags/example_setup_teardown_taskflow.py
[2025-09-21T04:51:33.695+0000] {processor.py:925} INFO - DAG(s) 'example_setup_teardown_taskflow' retrieved from /home/airflow/.local/lib/python3.12/site-packages/airflow/example_dags/example_setup_teardown_taskflow.py
[2025-09-21T04:51:33.720+0000] {logging_mixin.py:190} INFO - [2025-09-21T04:51:33.720+0000] {dag.py:3239} INFO - Sync 1 DAGs
[2025-09-21T04:51:33.737+0000] {logging_mixin.py:190} INFO - [2025-09-21T04:51:33.737+0000] {dag.py:4180} INFO - Setting next_dagrun for example_setup_teardown_taskflow to None, run_after=None
[2025-09-21T04:51:33.755+0000] {processor.py:208} INFO - Processing /home/airflow/.local/lib/python3.12/site-packages/airflow/example_dags/example_setup_teardown_taskflow.py took 0.081 seconds
[2025-09-21T04:52:03.887+0000] {processor.py:186} INFO - Started process (PID=579) to work on /home/airflow/.local/lib/python3.12/site-packages/airflow/example_dags/example_setup_teardown_taskflow.py
[2025-09-21T04:52:03.888+0000] {processor.py:914} INFO - Processing file /home/airflow/.local/lib/python3.12/site-packages/airflow/example_dags/example_setup_teardown_taskflow.py for tasks to queue
[2025-09-21T04:52:03.890+0000] {logging_mixin.py:190} INFO - [2025-09-21T04:52:03.890+0000] {dagbag.py:588} INFO - Filling up the DagBag from /home/airflow/.local/lib/python3.12/site-packages/airflow/example_dags/example_setup_teardown_taskflow.py
[2025-09-21T04:52:03.902+0000] {processor.py:925} INFO - DAG(s) 'example_setup_teardown_taskflow' retrieved from /home/airflow/.local/lib/python3.12/site-packages/airflow/example_dags/example_setup_teardown_taskflow.py
[2025-09-21T04:52:03.928+0000] {logging_mixin.py:190} INFO - [2025-09-21T04:52:03.928+0000] {dag.py:3239} INFO - Sync 1 DAGs
[2025-09-21T04:52:03.948+0000] {logging_mixin.py:190} INFO - [2025-09-21T04:52:03.948+0000] {dag.py:4180} INFO - Setting next_dagrun for example_setup_teardown_taskflow to None, run_after=None
[2025-09-21T04:52:03.977+0000] {processor.py:208} INFO - Processing /home/airflow/.local/lib/python3.12/site-packages/airflow/example_dags/example_setup_teardown_taskflow.py took 0.096 seconds
[2025-09-21T04:52:34.485+0000] {processor.py:186} INFO - Started process (PID=642) to work on /home/airflow/.local/lib/python3.12/site-packages/airflow/example_dags/example_setup_teardown_taskflow.py
[2025-09-21T04:52:34.486+0000] {processor.py:914} INFO - Processing file /home/airflow/.local/lib/python3.12/site-packages/airflow/example_dags/example_setup_teardown_taskflow.py for tasks to queue
[2025-09-21T04:52:34.488+0000] {logging_mixin.py:190} INFO - [2025-09-21T04:52:34.488+0000] {dagbag.py:588} INFO - Filling up the DagBag from /home/airflow/.local/lib/python3.12/site-packages/airflow/example_dags/example_setup_teardown_taskflow.py
[2025-09-21T04:52:34.500+0000] {processor.py:925} INFO - DAG(s) 'example_setup_teardown_taskflow' retrieved from /home/airflow/.local/lib/python3.12/site-packages/airflow/example_dags/example_setup_teardown_taskflow.py
[2025-09-21T04:52:34.526+0000] {logging_mixin.py:190} INFO - [2025-09-21T04:52:34.526+0000] {dag.py:3239} INFO - Sync 1 DAGs
[2025-09-21T04:52:34.553+0000] {logging_mixin.py:190} INFO - [2025-09-21T04:52:34.552+0000] {dag.py:4180} INFO - Setting next_dagrun for example_setup_teardown_taskflow to None, run_after=None
[2025-09-21T04:52:34.570+0000] {processor.py:208} INFO - Processing /home/airflow/.local/lib/python3.12/site-packages/airflow/example_dags/example_setup_teardown_taskflow.py took 0.091 seconds
[2025-09-21T04:53:04.861+0000] {processor.py:186} INFO - Started process (PID=705) to work on /home/airflow/.local/lib/python3.12/site-packages/airflow/example_dags/example_setup_teardown_taskflow.py
[2025-09-21T04:53:04.864+0000] {processor.py:914} INFO - Processing file /home/airflow/.local/lib/python3.12/site-packages/airflow/example_dags/example_setup_teardown_taskflow.py for tasks to queue
[2025-09-21T04:53:04.868+0000] {logging_mixin.py:190} INFO - [2025-09-21T04:53:04.868+0000] {dagbag.py:588} INFO - Filling up the DagBag from /home/airflow/.local/lib/python3.12/site-packages/airflow/example_dags/example_setup_teardown_taskflow.py
[2025-09-21T04:53:04.912+0000] {processor.py:925} INFO - DAG(s) 'example_setup_teardown_taskflow' retrieved from /home/airflow/.local/lib/python3.12/site-packages/airflow/example_dags/example_setup_teardown_taskflow.py
[2025-09-21T04:53:04.966+0000] {logging_mixin.py:190} INFO - [2025-09-21T04:53:04.966+0000] {dag.py:3239} INFO - Sync 1 DAGs
[2025-09-21T04:53:05.026+0000] {logging_mixin.py:190} INFO - [2025-09-21T04:53:05.026+0000] {dag.py:4180} INFO - Setting next_dagrun for example_setup_teardown_taskflow to None, run_after=None
[2025-09-21T04:53:05.117+0000] {processor.py:208} INFO - Processing /home/airflow/.local/lib/python3.12/site-packages/airflow/example_dags/example_setup_teardown_taskflow.py took 0.282 seconds
[2025-09-21T04:53:35.729+0000] {processor.py:186} INFO - Started process (PID=768) to work on /home/airflow/.local/lib/python3.12/site-packages/airflow/example_dags/example_setup_teardown_taskflow.py
[2025-09-21T04:53:35.730+0000] {processor.py:914} INFO - Processing file /home/airflow/.local/lib/python3.12/site-packages/airflow/example_dags/example_setup_teardown_taskflow.py for tasks to queue
[2025-09-21T04:53:35.740+0000] {logging_mixin.py:190} INFO - [2025-09-21T04:53:35.740+0000] {dagbag.py:588} INFO - Filling up the DagBag from /home/airflow/.local/lib/python3.12/site-packages/airflow/example_dags/example_setup_teardown_taskflow.py
[2025-09-21T04:53:35.789+0000] {processor.py:925} INFO - DAG(s) 'example_setup_teardown_taskflow' retrieved from /home/airflow/.local/lib/python3.12/site-packages/airflow/example_dags/example_setup_teardown_taskflow.py
[2025-09-21T04:53:35.862+0000] {logging_mixin.py:190} INFO - [2025-09-21T04:53:35.862+0000] {dag.py:3239} INFO - Sync 1 DAGs
[2025-09-21T04:53:35.906+0000] {logging_mixin.py:190} INFO - [2025-09-21T04:53:35.906+0000] {dag.py:4180} INFO - Setting next_dagrun for example_setup_teardown_taskflow to None, run_after=None
[2025-09-21T04:53:35.964+0000] {processor.py:208} INFO - Processing /home/airflow/.local/lib/python3.12/site-packages/airflow/example_dags/example_setup_teardown_taskflow.py took 0.263 seconds
[2025-09-21T04:54:06.719+0000] {processor.py:186} INFO - Started process (PID=831) to work on /home/airflow/.local/lib/python3.12/site-packages/airflow/example_dags/example_setup_teardown_taskflow.py
[2025-09-21T04:54:06.720+0000] {processor.py:914} INFO - Processing file /home/airflow/.local/lib/python3.12/site-packages/airflow/example_dags/example_setup_teardown_taskflow.py for tasks to queue
[2025-09-21T04:54:06.722+0000] {logging_mixin.py:190} INFO - [2025-09-21T04:54:06.722+0000] {dagbag.py:588} INFO - Filling up the DagBag from /home/airflow/.local/lib/python3.12/site-packages/airflow/example_dags/example_setup_teardown_taskflow.py
[2025-09-21T04:54:06.734+0000] {processor.py:925} INFO - DAG(s) 'example_setup_teardown_taskflow' retrieved from /home/airflow/.local/lib/python3.12/site-packages/airflow/example_dags/example_setup_teardown_taskflow.py
[2025-09-21T04:54:06.759+0000] {logging_mixin.py:190} INFO - [2025-09-21T04:54:06.759+0000] {dag.py:3239} INFO - Sync 1 DAGs
[2025-09-21T04:54:06.776+0000] {logging_mixin.py:190} INFO - [2025-09-21T04:54:06.776+0000] {dag.py:4180} INFO - Setting next_dagrun for example_setup_teardown_taskflow to None, run_after=None
[2025-09-21T04:54:06.793+0000] {processor.py:208} INFO - Processing /home/airflow/.local/lib/python3.12/site-packages/airflow/example_dags/example_setup_teardown_taskflow.py took 0.081 seconds
[2025-09-21T04:54:37.151+0000] {processor.py:186} INFO - Started process (PID=894) to work on /home/airflow/.local/lib/python3.12/site-packages/airflow/example_dags/example_setup_teardown_taskflow.py
[2025-09-21T04:54:37.152+0000] {processor.py:914} INFO - Processing file /home/airflow/.local/lib/python3.12/site-packages/airflow/example_dags/example_setup_teardown_taskflow.py for tasks to queue
[2025-09-21T04:54:37.154+0000] {logging_mixin.py:190} INFO - [2025-09-21T04:54:37.154+0000] {dagbag.py:588} INFO - Filling up the DagBag from /home/airflow/.local/lib/python3.12/site-packages/airflow/example_dags/example_setup_teardown_taskflow.py
[2025-09-21T04:54:37.167+0000] {processor.py:925} INFO - DAG(s) 'example_setup_teardown_taskflow' retrieved from /home/airflow/.local/lib/python3.12/site-packages/airflow/example_dags/example_setup_teardown_taskflow.py
[2025-09-21T04:54:37.191+0000] {logging_mixin.py:190} INFO - [2025-09-21T04:54:37.191+0000] {dag.py:3239} INFO - Sync 1 DAGs
[2025-09-21T04:54:37.208+0000] {logging_mixin.py:190} INFO - [2025-09-21T04:54:37.208+0000] {dag.py:4180} INFO - Setting next_dagrun for example_setup_teardown_taskflow to None, run_after=None
[2025-09-21T04:54:37.228+0000] {processor.py:208} INFO - Processing /home/airflow/.local/lib/python3.12/site-packages/airflow/example_dags/example_setup_teardown_taskflow.py took 0.083 seconds
[2025-09-21T04:55:07.920+0000] {processor.py:186} INFO - Started process (PID=957) to work on /home/airflow/.local/lib/python3.12/site-packages/airflow/example_dags/example_setup_teardown_taskflow.py
[2025-09-21T04:55:07.920+0000] {processor.py:914} INFO - Processing file /home/airflow/.local/lib/python3.12/site-packages/airflow/example_dags/example_setup_teardown_taskflow.py for tasks to queue
[2025-09-21T04:55:07.923+0000] {logging_mixin.py:190} INFO - [2025-09-21T04:55:07.922+0000] {dagbag.py:588} INFO - Filling up the DagBag from /home/airflow/.local/lib/python3.12/site-packages/airflow/example_dags/example_setup_teardown_taskflow.py
[2025-09-21T04:55:07.935+0000] {processor.py:925} INFO - DAG(s) 'example_setup_teardown_taskflow' retrieved from /home/airflow/.local/lib/python3.12/site-packages/airflow/example_dags/example_setup_teardown_taskflow.py
[2025-09-21T04:55:07.960+0000] {logging_mixin.py:190} INFO - [2025-09-21T04:55:07.959+0000] {dag.py:3239} INFO - Sync 1 DAGs
[2025-09-21T04:55:07.977+0000] {logging_mixin.py:190} INFO - [2025-09-21T04:55:07.977+0000] {dag.py:4180} INFO - Setting next_dagrun for example_setup_teardown_taskflow to None, run_after=None
[2025-09-21T04:55:07.995+0000] {processor.py:208} INFO - Processing /home/airflow/.local/lib/python3.12/site-packages/airflow/example_dags/example_setup_teardown_taskflow.py took 0.082 seconds
[2025-09-21T04:55:38.172+0000] {processor.py:186} INFO - Started process (PID=1020) to work on /home/airflow/.local/lib/python3.12/site-packages/airflow/example_dags/example_setup_teardown_taskflow.py
[2025-09-21T04:55:38.173+0000] {processor.py:914} INFO - Processing file /home/airflow/.local/lib/python3.12/site-packages/airflow/example_dags/example_setup_teardown_taskflow.py for tasks to queue
[2025-09-21T04:55:38.175+0000] {logging_mixin.py:190} INFO - [2025-09-21T04:55:38.175+0000] {dagbag.py:588} INFO - Filling up the DagBag from /home/airflow/.local/lib/python3.12/site-packages/airflow/example_dags/example_setup_teardown_taskflow.py
[2025-09-21T04:55:38.187+0000] {processor.py:925} INFO - DAG(s) 'example_setup_teardown_taskflow' retrieved from /home/airflow/.local/lib/python3.12/site-packages/airflow/example_dags/example_setup_teardown_taskflow.py
[2025-09-21T04:55:38.210+0000] {logging_mixin.py:190} INFO - [2025-09-21T04:55:38.210+0000] {dag.py:3239} INFO - Sync 1 DAGs
[2025-09-21T04:55:38.227+0000] {logging_mixin.py:190} INFO - [2025-09-21T04:55:38.226+0000] {dag.py:4180} INFO - Setting next_dagrun for example_setup_teardown_taskflow to None, run_after=None
[2025-09-21T04:55:38.244+0000] {processor.py:208} INFO - Processing /home/airflow/.local/lib/python3.12/site-packages/airflow/example_dags/example_setup_teardown_taskflow.py took 0.078 seconds
