[2025-09-21T04:47:59.604+0000] {processor.py:186} INFO - Started process (PID=89) to work on /home/airflow/.local/lib/python3.12/site-packages/airflow/example_dags/example_branch_day_of_week_operator.py
[2025-09-21T04:47:59.610+0000] {processor.py:914} INFO - Processing file /home/airflow/.local/lib/python3.12/site-packages/airflow/example_dags/example_branch_day_of_week_operator.py for tasks to queue
[2025-09-21T04:47:59.613+0000] {logging_mixin.py:190} INFO - [2025-09-21T04:47:59.613+0000] {dagbag.py:588} INFO - Filling up the DagBag from /home/airflow/.local/lib/python3.12/site-packages/airflow/example_dags/example_branch_day_of_week_operator.py
[2025-09-21T04:47:59.651+0000] {processor.py:925} INFO - DAG(s) 'example_weekday_branch_operator' retrieved from /home/airflow/.local/lib/python3.12/site-packages/airflow/example_dags/example_branch_day_of_week_operator.py
[2025-09-21T04:48:00.027+0000] {logging_mixin.py:190} INFO - [2025-09-21T04:48:00.026+0000] {override.py:1911} INFO - Created Permission View: can delete on DAG:example_weekday_branch_operator
[2025-09-21T04:48:00.073+0000] {logging_mixin.py:190} INFO - [2025-09-21T04:48:00.072+0000] {override.py:1911} INFO - Created Permission View: can read on DAG:example_weekday_branch_operator
[2025-09-21T04:48:00.093+0000] {logging_mixin.py:190} INFO - [2025-09-21T04:48:00.093+0000] {override.py:1911} INFO - Created Permission View: can edit on DAG:example_weekday_branch_operator
[2025-09-21T04:48:00.111+0000] {logging_mixin.py:190} INFO - [2025-09-21T04:48:00.111+0000] {override.py:1911} INFO - Created Permission View: can read on DAG Run:example_weekday_branch_operator
[2025-09-21T04:48:00.132+0000] {logging_mixin.py:190} INFO - [2025-09-21T04:48:00.131+0000] {override.py:1911} INFO - Created Permission View: menu access on DAG Run:example_weekday_branch_operator
[2025-09-21T04:48:00.150+0000] {logging_mixin.py:190} INFO - [2025-09-21T04:48:00.149+0000] {override.py:1911} INFO - Created Permission View: can delete on DAG Run:example_weekday_branch_operator
[2025-09-21T04:48:00.163+0000] {logging_mixin.py:190} INFO - [2025-09-21T04:48:00.163+0000] {override.py:1911} INFO - Created Permission View: can create on DAG Run:example_weekday_branch_operator
[2025-09-21T04:48:00.164+0000] {logging_mixin.py:190} INFO - [2025-09-21T04:48:00.163+0000] {dag.py:3239} INFO - Sync 1 DAGs
[2025-09-21T04:48:00.196+0000] {logging_mixin.py:190} INFO - [2025-09-21T04:48:00.195+0000] {dag.py:3262} INFO - Creating ORM DAG for example_weekday_branch_operator
[2025-09-21T04:48:00.227+0000] {logging_mixin.py:190} INFO - [2025-09-21T04:48:00.227+0000] {dag.py:4180} INFO - Setting next_dagrun for example_weekday_branch_operator to 2025-09-20 00:00:00+00:00, run_after=2025-09-21 00:00:00+00:00
[2025-09-21T04:48:00.274+0000] {processor.py:208} INFO - Processing /home/airflow/.local/lib/python3.12/site-packages/airflow/example_dags/example_branch_day_of_week_operator.py took 0.692 seconds
[2025-09-21T04:48:31.074+0000] {processor.py:186} INFO - Started process (PID=151) to work on /home/airflow/.local/lib/python3.12/site-packages/airflow/example_dags/example_branch_day_of_week_operator.py
[2025-09-21T04:48:31.075+0000] {processor.py:914} INFO - Processing file /home/airflow/.local/lib/python3.12/site-packages/airflow/example_dags/example_branch_day_of_week_operator.py for tasks to queue
[2025-09-21T04:48:31.077+0000] {logging_mixin.py:190} INFO - [2025-09-21T04:48:31.077+0000] {dagbag.py:588} INFO - Filling up the DagBag from /home/airflow/.local/lib/python3.12/site-packages/airflow/example_dags/example_branch_day_of_week_operator.py
[2025-09-21T04:48:31.088+0000] {processor.py:925} INFO - DAG(s) 'example_weekday_branch_operator' retrieved from /home/airflow/.local/lib/python3.12/site-packages/airflow/example_dags/example_branch_day_of_week_operator.py
[2025-09-21T04:48:31.110+0000] {logging_mixin.py:190} INFO - [2025-09-21T04:48:31.110+0000] {dag.py:3239} INFO - Sync 1 DAGs
[2025-09-21T04:48:31.144+0000] {logging_mixin.py:190} INFO - [2025-09-21T04:48:31.144+0000] {dag.py:4180} INFO - Setting next_dagrun for example_weekday_branch_operator to 2025-09-20 00:00:00+00:00, run_after=2025-09-21 00:00:00+00:00
[2025-09-21T04:48:31.164+0000] {processor.py:208} INFO - Processing /home/airflow/.local/lib/python3.12/site-packages/airflow/example_dags/example_branch_day_of_week_operator.py took 0.096 seconds
[2025-09-21T04:49:01.384+0000] {processor.py:186} INFO - Started process (PID=213) to work on /home/airflow/.local/lib/python3.12/site-packages/airflow/example_dags/example_branch_day_of_week_operator.py
[2025-09-21T04:49:01.385+0000] {processor.py:914} INFO - Processing file /home/airflow/.local/lib/python3.12/site-packages/airflow/example_dags/example_branch_day_of_week_operator.py for tasks to queue
[2025-09-21T04:49:01.387+0000] {logging_mixin.py:190} INFO - [2025-09-21T04:49:01.387+0000] {dagbag.py:588} INFO - Filling up the DagBag from /home/airflow/.local/lib/python3.12/site-packages/airflow/example_dags/example_branch_day_of_week_operator.py
[2025-09-21T04:49:01.397+0000] {processor.py:925} INFO - DAG(s) 'example_weekday_branch_operator' retrieved from /home/airflow/.local/lib/python3.12/site-packages/airflow/example_dags/example_branch_day_of_week_operator.py
[2025-09-21T04:49:01.420+0000] {logging_mixin.py:190} INFO - [2025-09-21T04:49:01.420+0000] {dag.py:3239} INFO - Sync 1 DAGs
[2025-09-21T04:49:01.448+0000] {logging_mixin.py:190} INFO - [2025-09-21T04:49:01.448+0000] {dag.py:4180} INFO - Setting next_dagrun for example_weekday_branch_operator to 2025-09-20 00:00:00+00:00, run_after=2025-09-21 00:00:00+00:00
[2025-09-21T04:49:01.467+0000] {processor.py:208} INFO - Processing /home/airflow/.local/lib/python3.12/site-packages/airflow/example_dags/example_branch_day_of_week_operator.py took 0.089 seconds
[2025-09-21T04:49:34.052+0000] {processor.py:186} INFO - Started process (PID=283) to work on /home/airflow/.local/lib/python3.12/site-packages/airflow/example_dags/example_branch_day_of_week_operator.py
[2025-09-21T04:49:34.055+0000] {processor.py:914} INFO - Processing file /home/airflow/.local/lib/python3.12/site-packages/airflow/example_dags/example_branch_day_of_week_operator.py for tasks to queue
[2025-09-21T04:49:34.059+0000] {logging_mixin.py:190} INFO - [2025-09-21T04:49:34.059+0000] {dagbag.py:588} INFO - Filling up the DagBag from /home/airflow/.local/lib/python3.12/site-packages/airflow/example_dags/example_branch_day_of_week_operator.py
[2025-09-21T04:49:34.080+0000] {processor.py:925} INFO - DAG(s) 'example_weekday_branch_operator' retrieved from /home/airflow/.local/lib/python3.12/site-packages/airflow/example_dags/example_branch_day_of_week_operator.py
[2025-09-21T04:49:34.126+0000] {logging_mixin.py:190} INFO - [2025-09-21T04:49:34.126+0000] {dag.py:3239} INFO - Sync 1 DAGs
[2025-09-21T04:49:34.181+0000] {logging_mixin.py:190} INFO - [2025-09-21T04:49:34.181+0000] {dag.py:4180} INFO - Setting next_dagrun for example_weekday_branch_operator to 2025-09-20 00:00:00+00:00, run_after=2025-09-21 00:00:00+00:00
[2025-09-21T04:49:34.220+0000] {processor.py:208} INFO - Processing /home/airflow/.local/lib/python3.12/site-packages/airflow/example_dags/example_branch_day_of_week_operator.py took 0.178 seconds
[2025-09-21T04:50:05.133+0000] {processor.py:186} INFO - Started process (PID=345) to work on /home/airflow/.local/lib/python3.12/site-packages/airflow/example_dags/example_branch_day_of_week_operator.py
[2025-09-21T04:50:05.134+0000] {processor.py:914} INFO - Processing file /home/airflow/.local/lib/python3.12/site-packages/airflow/example_dags/example_branch_day_of_week_operator.py for tasks to queue
[2025-09-21T04:50:05.144+0000] {logging_mixin.py:190} INFO - [2025-09-21T04:50:05.140+0000] {dagbag.py:588} INFO - Filling up the DagBag from /home/airflow/.local/lib/python3.12/site-packages/airflow/example_dags/example_branch_day_of_week_operator.py
[2025-09-21T04:50:05.185+0000] {processor.py:925} INFO - DAG(s) 'example_weekday_branch_operator' retrieved from /home/airflow/.local/lib/python3.12/site-packages/airflow/example_dags/example_branch_day_of_week_operator.py
[2025-09-21T04:50:05.262+0000] {logging_mixin.py:190} INFO - [2025-09-21T04:50:05.262+0000] {dag.py:3239} INFO - Sync 1 DAGs
[2025-09-21T04:50:05.363+0000] {logging_mixin.py:190} INFO - [2025-09-21T04:50:05.363+0000] {dag.py:4180} INFO - Setting next_dagrun for example_weekday_branch_operator to 2025-09-20 00:00:00+00:00, run_after=2025-09-21 00:00:00+00:00
[2025-09-21T04:50:05.447+0000] {processor.py:208} INFO - Processing /home/airflow/.local/lib/python3.12/site-packages/airflow/example_dags/example_branch_day_of_week_operator.py took 0.330 seconds
[2025-09-21T04:50:36.271+0000] {processor.py:186} INFO - Started process (PID=407) to work on /home/airflow/.local/lib/python3.12/site-packages/airflow/example_dags/example_branch_day_of_week_operator.py
[2025-09-21T04:50:36.272+0000] {processor.py:914} INFO - Processing file /home/airflow/.local/lib/python3.12/site-packages/airflow/example_dags/example_branch_day_of_week_operator.py for tasks to queue
[2025-09-21T04:50:36.274+0000] {logging_mixin.py:190} INFO - [2025-09-21T04:50:36.274+0000] {dagbag.py:588} INFO - Filling up the DagBag from /home/airflow/.local/lib/python3.12/site-packages/airflow/example_dags/example_branch_day_of_week_operator.py
[2025-09-21T04:50:36.285+0000] {processor.py:925} INFO - DAG(s) 'example_weekday_branch_operator' retrieved from /home/airflow/.local/lib/python3.12/site-packages/airflow/example_dags/example_branch_day_of_week_operator.py
[2025-09-21T04:50:36.308+0000] {logging_mixin.py:190} INFO - [2025-09-21T04:50:36.308+0000] {dag.py:3239} INFO - Sync 1 DAGs
[2025-09-21T04:50:36.348+0000] {logging_mixin.py:190} INFO - [2025-09-21T04:50:36.348+0000] {dag.py:4180} INFO - Setting next_dagrun for example_weekday_branch_operator to 2025-09-20 00:00:00+00:00, run_after=2025-09-21 00:00:00+00:00
[2025-09-21T04:50:36.380+0000] {processor.py:208} INFO - Processing /home/airflow/.local/lib/python3.12/site-packages/airflow/example_dags/example_branch_day_of_week_operator.py took 0.115 seconds
[2025-09-21T04:51:07.172+0000] {processor.py:186} INFO - Started process (PID=469) to work on /home/airflow/.local/lib/python3.12/site-packages/airflow/example_dags/example_branch_day_of_week_operator.py
[2025-09-21T04:51:07.172+0000] {processor.py:914} INFO - Processing file /home/airflow/.local/lib/python3.12/site-packages/airflow/example_dags/example_branch_day_of_week_operator.py for tasks to queue
[2025-09-21T04:51:07.174+0000] {logging_mixin.py:190} INFO - [2025-09-21T04:51:07.174+0000] {dagbag.py:588} INFO - Filling up the DagBag from /home/airflow/.local/lib/python3.12/site-packages/airflow/example_dags/example_branch_day_of_week_operator.py
[2025-09-21T04:51:07.185+0000] {processor.py:925} INFO - DAG(s) 'example_weekday_branch_operator' retrieved from /home/airflow/.local/lib/python3.12/site-packages/airflow/example_dags/example_branch_day_of_week_operator.py
[2025-09-21T04:51:07.210+0000] {logging_mixin.py:190} INFO - [2025-09-21T04:51:07.210+0000] {dag.py:3239} INFO - Sync 1 DAGs
[2025-09-21T04:51:07.239+0000] {logging_mixin.py:190} INFO - [2025-09-21T04:51:07.238+0000] {dag.py:4180} INFO - Setting next_dagrun for example_weekday_branch_operator to 2025-09-20 00:00:00+00:00, run_after=2025-09-21 00:00:00+00:00
[2025-09-21T04:51:07.256+0000] {processor.py:208} INFO - Processing /home/airflow/.local/lib/python3.12/site-packages/airflow/example_dags/example_branch_day_of_week_operator.py took 0.090 seconds
[2025-09-21T04:51:37.404+0000] {processor.py:186} INFO - Started process (PID=533) to work on /home/airflow/.local/lib/python3.12/site-packages/airflow/example_dags/example_branch_day_of_week_operator.py
[2025-09-21T04:51:37.405+0000] {processor.py:914} INFO - Processing file /home/airflow/.local/lib/python3.12/site-packages/airflow/example_dags/example_branch_day_of_week_operator.py for tasks to queue
[2025-09-21T04:51:37.407+0000] {logging_mixin.py:190} INFO - [2025-09-21T04:51:37.406+0000] {dagbag.py:588} INFO - Filling up the DagBag from /home/airflow/.local/lib/python3.12/site-packages/airflow/example_dags/example_branch_day_of_week_operator.py
[2025-09-21T04:51:37.417+0000] {processor.py:925} INFO - DAG(s) 'example_weekday_branch_operator' retrieved from /home/airflow/.local/lib/python3.12/site-packages/airflow/example_dags/example_branch_day_of_week_operator.py
[2025-09-21T04:51:37.440+0000] {logging_mixin.py:190} INFO - [2025-09-21T04:51:37.440+0000] {dag.py:3239} INFO - Sync 1 DAGs
[2025-09-21T04:51:37.467+0000] {logging_mixin.py:190} INFO - [2025-09-21T04:51:37.467+0000] {dag.py:4180} INFO - Setting next_dagrun for example_weekday_branch_operator to 2025-09-20 00:00:00+00:00, run_after=2025-09-21 00:00:00+00:00
[2025-09-21T04:51:37.484+0000] {processor.py:208} INFO - Processing /home/airflow/.local/lib/python3.12/site-packages/airflow/example_dags/example_branch_day_of_week_operator.py took 0.086 seconds
[2025-09-21T04:52:07.535+0000] {processor.py:186} INFO - Started process (PID=596) to work on /home/airflow/.local/lib/python3.12/site-packages/airflow/example_dags/example_branch_day_of_week_operator.py
[2025-09-21T04:52:07.536+0000] {processor.py:914} INFO - Processing file /home/airflow/.local/lib/python3.12/site-packages/airflow/example_dags/example_branch_day_of_week_operator.py for tasks to queue
[2025-09-21T04:52:07.538+0000] {logging_mixin.py:190} INFO - [2025-09-21T04:52:07.537+0000] {dagbag.py:588} INFO - Filling up the DagBag from /home/airflow/.local/lib/python3.12/site-packages/airflow/example_dags/example_branch_day_of_week_operator.py
[2025-09-21T04:52:07.548+0000] {processor.py:925} INFO - DAG(s) 'example_weekday_branch_operator' retrieved from /home/airflow/.local/lib/python3.12/site-packages/airflow/example_dags/example_branch_day_of_week_operator.py
[2025-09-21T04:52:07.571+0000] {logging_mixin.py:190} INFO - [2025-09-21T04:52:07.571+0000] {dag.py:3239} INFO - Sync 1 DAGs
[2025-09-21T04:52:07.600+0000] {logging_mixin.py:190} INFO - [2025-09-21T04:52:07.600+0000] {dag.py:4180} INFO - Setting next_dagrun for example_weekday_branch_operator to 2025-09-20 00:00:00+00:00, run_after=2025-09-21 00:00:00+00:00
[2025-09-21T04:52:07.618+0000] {processor.py:208} INFO - Processing /home/airflow/.local/lib/python3.12/site-packages/airflow/example_dags/example_branch_day_of_week_operator.py took 0.089 seconds
[2025-09-21T04:52:37.736+0000] {processor.py:186} INFO - Started process (PID=659) to work on /home/airflow/.local/lib/python3.12/site-packages/airflow/example_dags/example_branch_day_of_week_operator.py
[2025-09-21T04:52:37.737+0000] {processor.py:914} INFO - Processing file /home/airflow/.local/lib/python3.12/site-packages/airflow/example_dags/example_branch_day_of_week_operator.py for tasks to queue
[2025-09-21T04:52:37.739+0000] {logging_mixin.py:190} INFO - [2025-09-21T04:52:37.739+0000] {dagbag.py:588} INFO - Filling up the DagBag from /home/airflow/.local/lib/python3.12/site-packages/airflow/example_dags/example_branch_day_of_week_operator.py
[2025-09-21T04:52:37.749+0000] {processor.py:925} INFO - DAG(s) 'example_weekday_branch_operator' retrieved from /home/airflow/.local/lib/python3.12/site-packages/airflow/example_dags/example_branch_day_of_week_operator.py
[2025-09-21T04:52:37.772+0000] {logging_mixin.py:190} INFO - [2025-09-21T04:52:37.772+0000] {dag.py:3239} INFO - Sync 1 DAGs
[2025-09-21T04:52:37.799+0000] {logging_mixin.py:190} INFO - [2025-09-21T04:52:37.799+0000] {dag.py:4180} INFO - Setting next_dagrun for example_weekday_branch_operator to 2025-09-20 00:00:00+00:00, run_after=2025-09-21 00:00:00+00:00
[2025-09-21T04:52:37.816+0000] {processor.py:208} INFO - Processing /home/airflow/.local/lib/python3.12/site-packages/airflow/example_dags/example_branch_day_of_week_operator.py took 0.085 seconds
[2025-09-21T04:53:07.994+0000] {processor.py:186} INFO - Started process (PID=721) to work on /home/airflow/.local/lib/python3.12/site-packages/airflow/example_dags/example_branch_day_of_week_operator.py
[2025-09-21T04:53:07.995+0000] {processor.py:914} INFO - Processing file /home/airflow/.local/lib/python3.12/site-packages/airflow/example_dags/example_branch_day_of_week_operator.py for tasks to queue
[2025-09-21T04:53:07.997+0000] {logging_mixin.py:190} INFO - [2025-09-21T04:53:07.997+0000] {dagbag.py:588} INFO - Filling up the DagBag from /home/airflow/.local/lib/python3.12/site-packages/airflow/example_dags/example_branch_day_of_week_operator.py
[2025-09-21T04:53:08.008+0000] {processor.py:925} INFO - DAG(s) 'example_weekday_branch_operator' retrieved from /home/airflow/.local/lib/python3.12/site-packages/airflow/example_dags/example_branch_day_of_week_operator.py
[2025-09-21T04:53:08.033+0000] {logging_mixin.py:190} INFO - [2025-09-21T04:53:08.033+0000] {dag.py:3239} INFO - Sync 1 DAGs
[2025-09-21T04:53:08.061+0000] {logging_mixin.py:190} INFO - [2025-09-21T04:53:08.061+0000] {dag.py:4180} INFO - Setting next_dagrun for example_weekday_branch_operator to 2025-09-20 00:00:00+00:00, run_after=2025-09-21 00:00:00+00:00
[2025-09-21T04:53:08.079+0000] {processor.py:208} INFO - Processing /home/airflow/.local/lib/python3.12/site-packages/airflow/example_dags/example_branch_day_of_week_operator.py took 0.091 seconds
[2025-09-21T04:53:38.582+0000] {processor.py:186} INFO - Started process (PID=778) to work on /home/airflow/.local/lib/python3.12/site-packages/airflow/example_dags/example_branch_day_of_week_operator.py
[2025-09-21T04:53:38.584+0000] {processor.py:914} INFO - Processing file /home/airflow/.local/lib/python3.12/site-packages/airflow/example_dags/example_branch_day_of_week_operator.py for tasks to queue
[2025-09-21T04:53:38.589+0000] {logging_mixin.py:190} INFO - [2025-09-21T04:53:38.588+0000] {dagbag.py:588} INFO - Filling up the DagBag from /home/airflow/.local/lib/python3.12/site-packages/airflow/example_dags/example_branch_day_of_week_operator.py
[2025-09-21T04:53:38.616+0000] {processor.py:925} INFO - DAG(s) 'example_weekday_branch_operator' retrieved from /home/airflow/.local/lib/python3.12/site-packages/airflow/example_dags/example_branch_day_of_week_operator.py
[2025-09-21T04:53:38.720+0000] {logging_mixin.py:190} INFO - [2025-09-21T04:53:38.720+0000] {dag.py:3239} INFO - Sync 1 DAGs
[2025-09-21T04:53:38.829+0000] {logging_mixin.py:190} INFO - [2025-09-21T04:53:38.825+0000] {dag.py:4180} INFO - Setting next_dagrun for example_weekday_branch_operator to 2025-09-20 00:00:00+00:00, run_after=2025-09-21 00:00:00+00:00
[2025-09-21T04:53:38.907+0000] {processor.py:208} INFO - Processing /home/airflow/.local/lib/python3.12/site-packages/airflow/example_dags/example_branch_day_of_week_operator.py took 0.339 seconds
[2025-09-21T04:54:09.626+0000] {processor.py:186} INFO - Started process (PID=841) to work on /home/airflow/.local/lib/python3.12/site-packages/airflow/example_dags/example_branch_day_of_week_operator.py
[2025-09-21T04:54:09.630+0000] {processor.py:914} INFO - Processing file /home/airflow/.local/lib/python3.12/site-packages/airflow/example_dags/example_branch_day_of_week_operator.py for tasks to queue
[2025-09-21T04:54:09.638+0000] {logging_mixin.py:190} INFO - [2025-09-21T04:54:09.638+0000] {dagbag.py:588} INFO - Filling up the DagBag from /home/airflow/.local/lib/python3.12/site-packages/airflow/example_dags/example_branch_day_of_week_operator.py
[2025-09-21T04:54:09.669+0000] {processor.py:925} INFO - DAG(s) 'example_weekday_branch_operator' retrieved from /home/airflow/.local/lib/python3.12/site-packages/airflow/example_dags/example_branch_day_of_week_operator.py
[2025-09-21T04:54:09.727+0000] {logging_mixin.py:190} INFO - [2025-09-21T04:54:09.727+0000] {dag.py:3239} INFO - Sync 1 DAGs
[2025-09-21T04:54:09.772+0000] {logging_mixin.py:190} INFO - [2025-09-21T04:54:09.772+0000] {dag.py:4180} INFO - Setting next_dagrun for example_weekday_branch_operator to 2025-09-20 00:00:00+00:00, run_after=2025-09-21 00:00:00+00:00
[2025-09-21T04:54:09.811+0000] {processor.py:208} INFO - Processing /home/airflow/.local/lib/python3.12/site-packages/airflow/example_dags/example_branch_day_of_week_operator.py took 0.220 seconds
[2025-09-21T04:54:40.616+0000] {processor.py:186} INFO - Started process (PID=904) to work on /home/airflow/.local/lib/python3.12/site-packages/airflow/example_dags/example_branch_day_of_week_operator.py
[2025-09-21T04:54:40.616+0000] {processor.py:914} INFO - Processing file /home/airflow/.local/lib/python3.12/site-packages/airflow/example_dags/example_branch_day_of_week_operator.py for tasks to queue
[2025-09-21T04:54:40.619+0000] {logging_mixin.py:190} INFO - [2025-09-21T04:54:40.619+0000] {dagbag.py:588} INFO - Filling up the DagBag from /home/airflow/.local/lib/python3.12/site-packages/airflow/example_dags/example_branch_day_of_week_operator.py
[2025-09-21T04:54:40.630+0000] {processor.py:925} INFO - DAG(s) 'example_weekday_branch_operator' retrieved from /home/airflow/.local/lib/python3.12/site-packages/airflow/example_dags/example_branch_day_of_week_operator.py
[2025-09-21T04:54:40.652+0000] {logging_mixin.py:190} INFO - [2025-09-21T04:54:40.651+0000] {dag.py:3239} INFO - Sync 1 DAGs
[2025-09-21T04:54:40.680+0000] {logging_mixin.py:190} INFO - [2025-09-21T04:54:40.680+0000] {dag.py:4180} INFO - Setting next_dagrun for example_weekday_branch_operator to 2025-09-20 00:00:00+00:00, run_after=2025-09-21 00:00:00+00:00
[2025-09-21T04:54:40.698+0000] {processor.py:208} INFO - Processing /home/airflow/.local/lib/python3.12/site-packages/airflow/example_dags/example_branch_day_of_week_operator.py took 0.089 seconds
[2025-09-21T04:55:11.405+0000] {processor.py:186} INFO - Started process (PID=967) to work on /home/airflow/.local/lib/python3.12/site-packages/airflow/example_dags/example_branch_day_of_week_operator.py
[2025-09-21T04:55:11.406+0000] {processor.py:914} INFO - Processing file /home/airflow/.local/lib/python3.12/site-packages/airflow/example_dags/example_branch_day_of_week_operator.py for tasks to queue
[2025-09-21T04:55:11.408+0000] {logging_mixin.py:190} INFO - [2025-09-21T04:55:11.408+0000] {dagbag.py:588} INFO - Filling up the DagBag from /home/airflow/.local/lib/python3.12/site-packages/airflow/example_dags/example_branch_day_of_week_operator.py
[2025-09-21T04:55:11.419+0000] {processor.py:925} INFO - DAG(s) 'example_weekday_branch_operator' retrieved from /home/airflow/.local/lib/python3.12/site-packages/airflow/example_dags/example_branch_day_of_week_operator.py
[2025-09-21T04:55:11.475+0000] {logging_mixin.py:190} INFO - [2025-09-21T04:55:11.475+0000] {dag.py:3239} INFO - Sync 1 DAGs
[2025-09-21T04:55:11.506+0000] {logging_mixin.py:190} INFO - [2025-09-21T04:55:11.505+0000] {dag.py:4180} INFO - Setting next_dagrun for example_weekday_branch_operator to 2025-09-20 00:00:00+00:00, run_after=2025-09-21 00:00:00+00:00
[2025-09-21T04:55:11.521+0000] {processor.py:208} INFO - Processing /home/airflow/.local/lib/python3.12/site-packages/airflow/example_dags/example_branch_day_of_week_operator.py took 0.123 seconds
[2025-09-21T04:55:41.667+0000] {processor.py:186} INFO - Started process (PID=1030) to work on /home/airflow/.local/lib/python3.12/site-packages/airflow/example_dags/example_branch_day_of_week_operator.py
[2025-09-21T04:55:41.668+0000] {processor.py:914} INFO - Processing file /home/airflow/.local/lib/python3.12/site-packages/airflow/example_dags/example_branch_day_of_week_operator.py for tasks to queue
[2025-09-21T04:55:41.670+0000] {logging_mixin.py:190} INFO - [2025-09-21T04:55:41.670+0000] {dagbag.py:588} INFO - Filling up the DagBag from /home/airflow/.local/lib/python3.12/site-packages/airflow/example_dags/example_branch_day_of_week_operator.py
[2025-09-21T04:55:41.681+0000] {processor.py:925} INFO - DAG(s) 'example_weekday_branch_operator' retrieved from /home/airflow/.local/lib/python3.12/site-packages/airflow/example_dags/example_branch_day_of_week_operator.py
[2025-09-21T04:55:41.702+0000] {logging_mixin.py:190} INFO - [2025-09-21T04:55:41.702+0000] {dag.py:3239} INFO - Sync 1 DAGs
[2025-09-21T04:55:41.733+0000] {logging_mixin.py:190} INFO - [2025-09-21T04:55:41.732+0000] {dag.py:4180} INFO - Setting next_dagrun for example_weekday_branch_operator to 2025-09-20 00:00:00+00:00, run_after=2025-09-21 00:00:00+00:00
[2025-09-21T04:55:41.751+0000] {processor.py:208} INFO - Processing /home/airflow/.local/lib/python3.12/site-packages/airflow/example_dags/example_branch_day_of_week_operator.py took 0.090 seconds
