[2025-09-21T04:48:08.162+0000] {processor.py:186} INFO - Started process (PID=109) to work on /home/airflow/.local/lib/python3.12/site-packages/airflow/example_dags/example_trigger_controller_dag.py
[2025-09-21T04:48:08.167+0000] {processor.py:914} INFO - Processing file /home/airflow/.local/lib/python3.12/site-packages/airflow/example_dags/example_trigger_controller_dag.py for tasks to queue
[2025-09-21T04:48:08.174+0000] {logging_mixin.py:190} INFO - [2025-09-21T04:48:08.174+0000] {dagbag.py:588} INFO - Filling up the DagBag from /home/airflow/.local/lib/python3.12/site-packages/airflow/example_dags/example_trigger_controller_dag.py
[2025-09-21T04:48:08.191+0000] {processor.py:925} INFO - DAG(s) 'example_trigger_controller_dag' retrieved from /home/airflow/.local/lib/python3.12/site-packages/airflow/example_dags/example_trigger_controller_dag.py
[2025-09-21T04:48:08.357+0000] {logging_mixin.py:190} INFO - [2025-09-21T04:48:08.356+0000] {override.py:1911} INFO - Created Permission View: can delete on DAG:example_trigger_controller_dag
[2025-09-21T04:48:08.373+0000] {logging_mixin.py:190} INFO - [2025-09-21T04:48:08.372+0000] {override.py:1911} INFO - Created Permission View: can read on DAG:example_trigger_controller_dag
[2025-09-21T04:48:08.395+0000] {logging_mixin.py:190} INFO - [2025-09-21T04:48:08.395+0000] {override.py:1911} INFO - Created Permission View: can edit on DAG:example_trigger_controller_dag
[2025-09-21T04:48:08.407+0000] {logging_mixin.py:190} INFO - [2025-09-21T04:48:08.407+0000] {override.py:1911} INFO - Created Permission View: can read on DAG Run:example_trigger_controller_dag
[2025-09-21T04:48:08.430+0000] {logging_mixin.py:190} INFO - [2025-09-21T04:48:08.430+0000] {override.py:1911} INFO - Created Permission View: menu access on DAG Run:example_trigger_controller_dag
[2025-09-21T04:48:08.449+0000] {logging_mixin.py:190} INFO - [2025-09-21T04:48:08.449+0000] {override.py:1911} INFO - Created Permission View: can delete on DAG Run:example_trigger_controller_dag
[2025-09-21T04:48:08.478+0000] {logging_mixin.py:190} INFO - [2025-09-21T04:48:08.478+0000] {override.py:1911} INFO - Created Permission View: can create on DAG Run:example_trigger_controller_dag
[2025-09-21T04:48:08.479+0000] {logging_mixin.py:190} INFO - [2025-09-21T04:48:08.479+0000] {dag.py:3239} INFO - Sync 1 DAGs
[2025-09-21T04:48:08.516+0000] {logging_mixin.py:190} INFO - [2025-09-21T04:48:08.516+0000] {dag.py:3262} INFO - Creating ORM DAG for example_trigger_controller_dag
[2025-09-21T04:48:08.541+0000] {logging_mixin.py:190} INFO - [2025-09-21T04:48:08.541+0000] {dag.py:4180} INFO - Setting next_dagrun for example_trigger_controller_dag to 2021-01-01 00:00:00+00:00, run_after=2021-01-01 00:00:00+00:00
[2025-09-21T04:48:08.582+0000] {processor.py:208} INFO - Processing /home/airflow/.local/lib/python3.12/site-packages/airflow/example_dags/example_trigger_controller_dag.py took 0.433 seconds
[2025-09-21T04:48:39.164+0000] {processor.py:186} INFO - Started process (PID=172) to work on /home/airflow/.local/lib/python3.12/site-packages/airflow/example_dags/example_trigger_controller_dag.py
[2025-09-21T04:48:39.164+0000] {processor.py:914} INFO - Processing file /home/airflow/.local/lib/python3.12/site-packages/airflow/example_dags/example_trigger_controller_dag.py for tasks to queue
[2025-09-21T04:48:39.167+0000] {logging_mixin.py:190} INFO - [2025-09-21T04:48:39.167+0000] {dagbag.py:588} INFO - Filling up the DagBag from /home/airflow/.local/lib/python3.12/site-packages/airflow/example_dags/example_trigger_controller_dag.py
[2025-09-21T04:48:39.174+0000] {processor.py:925} INFO - DAG(s) 'example_trigger_controller_dag' retrieved from /home/airflow/.local/lib/python3.12/site-packages/airflow/example_dags/example_trigger_controller_dag.py
[2025-09-21T04:48:39.239+0000] {logging_mixin.py:190} INFO - [2025-09-21T04:48:39.239+0000] {dag.py:3239} INFO - Sync 1 DAGs
[2025-09-21T04:48:39.313+0000] {logging_mixin.py:190} INFO - [2025-09-21T04:48:39.312+0000] {dag.py:4180} INFO - Setting next_dagrun for example_trigger_controller_dag to 2021-01-01 00:00:00+00:00, run_after=2021-01-01 00:00:00+00:00
[2025-09-21T04:48:39.362+0000] {processor.py:208} INFO - Processing /home/airflow/.local/lib/python3.12/site-packages/airflow/example_dags/example_trigger_controller_dag.py took 0.204 seconds
[2025-09-21T04:49:10.380+0000] {processor.py:186} INFO - Started process (PID=235) to work on /home/airflow/.local/lib/python3.12/site-packages/airflow/example_dags/example_trigger_controller_dag.py
[2025-09-21T04:49:10.381+0000] {processor.py:914} INFO - Processing file /home/airflow/.local/lib/python3.12/site-packages/airflow/example_dags/example_trigger_controller_dag.py for tasks to queue
[2025-09-21T04:49:10.383+0000] {logging_mixin.py:190} INFO - [2025-09-21T04:49:10.383+0000] {dagbag.py:588} INFO - Filling up the DagBag from /home/airflow/.local/lib/python3.12/site-packages/airflow/example_dags/example_trigger_controller_dag.py
[2025-09-21T04:49:10.390+0000] {processor.py:925} INFO - DAG(s) 'example_trigger_controller_dag' retrieved from /home/airflow/.local/lib/python3.12/site-packages/airflow/example_dags/example_trigger_controller_dag.py
[2025-09-21T04:49:10.411+0000] {logging_mixin.py:190} INFO - [2025-09-21T04:49:10.411+0000] {dag.py:3239} INFO - Sync 1 DAGs
[2025-09-21T04:49:10.437+0000] {logging_mixin.py:190} INFO - [2025-09-21T04:49:10.437+0000] {dag.py:4180} INFO - Setting next_dagrun for example_trigger_controller_dag to 2021-01-01 00:00:00+00:00, run_after=2021-01-01 00:00:00+00:00
[2025-09-21T04:49:10.455+0000] {processor.py:208} INFO - Processing /home/airflow/.local/lib/python3.12/site-packages/airflow/example_dags/example_trigger_controller_dag.py took 0.084 seconds
[2025-09-21T04:49:41.305+0000] {processor.py:186} INFO - Started process (PID=298) to work on /home/airflow/.local/lib/python3.12/site-packages/airflow/example_dags/example_trigger_controller_dag.py
[2025-09-21T04:49:41.306+0000] {processor.py:914} INFO - Processing file /home/airflow/.local/lib/python3.12/site-packages/airflow/example_dags/example_trigger_controller_dag.py for tasks to queue
[2025-09-21T04:49:41.308+0000] {logging_mixin.py:190} INFO - [2025-09-21T04:49:41.308+0000] {dagbag.py:588} INFO - Filling up the DagBag from /home/airflow/.local/lib/python3.12/site-packages/airflow/example_dags/example_trigger_controller_dag.py
[2025-09-21T04:49:41.315+0000] {processor.py:925} INFO - DAG(s) 'example_trigger_controller_dag' retrieved from /home/airflow/.local/lib/python3.12/site-packages/airflow/example_dags/example_trigger_controller_dag.py
[2025-09-21T04:49:41.335+0000] {logging_mixin.py:190} INFO - [2025-09-21T04:49:41.335+0000] {dag.py:3239} INFO - Sync 1 DAGs
[2025-09-21T04:49:41.361+0000] {logging_mixin.py:190} INFO - [2025-09-21T04:49:41.361+0000] {dag.py:4180} INFO - Setting next_dagrun for example_trigger_controller_dag to 2021-01-01 00:00:00+00:00, run_after=2021-01-01 00:00:00+00:00
[2025-09-21T04:49:41.378+0000] {processor.py:208} INFO - Processing /home/airflow/.local/lib/python3.12/site-packages/airflow/example_dags/example_trigger_controller_dag.py took 0.082 seconds
[2025-09-21T04:50:12.294+0000] {processor.py:186} INFO - Started process (PID=361) to work on /home/airflow/.local/lib/python3.12/site-packages/airflow/example_dags/example_trigger_controller_dag.py
[2025-09-21T04:50:12.295+0000] {processor.py:914} INFO - Processing file /home/airflow/.local/lib/python3.12/site-packages/airflow/example_dags/example_trigger_controller_dag.py for tasks to queue
[2025-09-21T04:50:12.298+0000] {logging_mixin.py:190} INFO - [2025-09-21T04:50:12.298+0000] {dagbag.py:588} INFO - Filling up the DagBag from /home/airflow/.local/lib/python3.12/site-packages/airflow/example_dags/example_trigger_controller_dag.py
[2025-09-21T04:50:12.305+0000] {processor.py:925} INFO - DAG(s) 'example_trigger_controller_dag' retrieved from /home/airflow/.local/lib/python3.12/site-packages/airflow/example_dags/example_trigger_controller_dag.py
[2025-09-21T04:50:12.325+0000] {logging_mixin.py:190} INFO - [2025-09-21T04:50:12.324+0000] {dag.py:3239} INFO - Sync 1 DAGs
[2025-09-21T04:50:12.351+0000] {logging_mixin.py:190} INFO - [2025-09-21T04:50:12.351+0000] {dag.py:4180} INFO - Setting next_dagrun for example_trigger_controller_dag to 2021-01-01 00:00:00+00:00, run_after=2021-01-01 00:00:00+00:00
[2025-09-21T04:50:12.369+0000] {processor.py:208} INFO - Processing /home/airflow/.local/lib/python3.12/site-packages/airflow/example_dags/example_trigger_controller_dag.py took 0.084 seconds
[2025-09-21T04:50:42.564+0000] {processor.py:186} INFO - Started process (PID=422) to work on /home/airflow/.local/lib/python3.12/site-packages/airflow/example_dags/example_trigger_controller_dag.py
[2025-09-21T04:50:42.573+0000] {processor.py:914} INFO - Processing file /home/airflow/.local/lib/python3.12/site-packages/airflow/example_dags/example_trigger_controller_dag.py for tasks to queue
[2025-09-21T04:50:42.577+0000] {logging_mixin.py:190} INFO - [2025-09-21T04:50:42.577+0000] {dagbag.py:588} INFO - Filling up the DagBag from /home/airflow/.local/lib/python3.12/site-packages/airflow/example_dags/example_trigger_controller_dag.py
[2025-09-21T04:50:42.596+0000] {processor.py:925} INFO - DAG(s) 'example_trigger_controller_dag' retrieved from /home/airflow/.local/lib/python3.12/site-packages/airflow/example_dags/example_trigger_controller_dag.py
[2025-09-21T04:50:42.668+0000] {logging_mixin.py:190} INFO - [2025-09-21T04:50:42.668+0000] {dag.py:3239} INFO - Sync 1 DAGs
[2025-09-21T04:50:42.718+0000] {logging_mixin.py:190} INFO - [2025-09-21T04:50:42.718+0000] {dag.py:4180} INFO - Setting next_dagrun for example_trigger_controller_dag to 2021-01-01 00:00:00+00:00, run_after=2021-01-01 00:00:00+00:00
[2025-09-21T04:50:42.793+0000] {processor.py:208} INFO - Processing /home/airflow/.local/lib/python3.12/site-packages/airflow/example_dags/example_trigger_controller_dag.py took 0.245 seconds
[2025-09-21T04:51:13.563+0000] {processor.py:186} INFO - Started process (PID=484) to work on /home/airflow/.local/lib/python3.12/site-packages/airflow/example_dags/example_trigger_controller_dag.py
[2025-09-21T04:51:13.564+0000] {processor.py:914} INFO - Processing file /home/airflow/.local/lib/python3.12/site-packages/airflow/example_dags/example_trigger_controller_dag.py for tasks to queue
[2025-09-21T04:51:13.566+0000] {logging_mixin.py:190} INFO - [2025-09-21T04:51:13.565+0000] {dagbag.py:588} INFO - Filling up the DagBag from /home/airflow/.local/lib/python3.12/site-packages/airflow/example_dags/example_trigger_controller_dag.py
[2025-09-21T04:51:13.573+0000] {processor.py:925} INFO - DAG(s) 'example_trigger_controller_dag' retrieved from /home/airflow/.local/lib/python3.12/site-packages/airflow/example_dags/example_trigger_controller_dag.py
[2025-09-21T04:51:13.608+0000] {logging_mixin.py:190} INFO - [2025-09-21T04:51:13.608+0000] {dag.py:3239} INFO - Sync 1 DAGs
[2025-09-21T04:51:13.653+0000] {logging_mixin.py:190} INFO - [2025-09-21T04:51:13.653+0000] {dag.py:4180} INFO - Setting next_dagrun for example_trigger_controller_dag to 2021-01-01 00:00:00+00:00, run_after=2021-01-01 00:00:00+00:00
[2025-09-21T04:51:13.675+0000] {processor.py:208} INFO - Processing /home/airflow/.local/lib/python3.12/site-packages/airflow/example_dags/example_trigger_controller_dag.py took 0.118 seconds
[2025-09-21T04:51:43.926+0000] {processor.py:186} INFO - Started process (PID=548) to work on /home/airflow/.local/lib/python3.12/site-packages/airflow/example_dags/example_trigger_controller_dag.py
[2025-09-21T04:51:43.928+0000] {processor.py:914} INFO - Processing file /home/airflow/.local/lib/python3.12/site-packages/airflow/example_dags/example_trigger_controller_dag.py for tasks to queue
[2025-09-21T04:51:43.930+0000] {logging_mixin.py:190} INFO - [2025-09-21T04:51:43.930+0000] {dagbag.py:588} INFO - Filling up the DagBag from /home/airflow/.local/lib/python3.12/site-packages/airflow/example_dags/example_trigger_controller_dag.py
[2025-09-21T04:51:43.937+0000] {processor.py:925} INFO - DAG(s) 'example_trigger_controller_dag' retrieved from /home/airflow/.local/lib/python3.12/site-packages/airflow/example_dags/example_trigger_controller_dag.py
[2025-09-21T04:51:43.982+0000] {logging_mixin.py:190} INFO - [2025-09-21T04:51:43.982+0000] {dag.py:3239} INFO - Sync 1 DAGs
[2025-09-21T04:51:44.029+0000] {logging_mixin.py:190} INFO - [2025-09-21T04:51:44.028+0000] {dag.py:4180} INFO - Setting next_dagrun for example_trigger_controller_dag to 2021-01-01 00:00:00+00:00, run_after=2021-01-01 00:00:00+00:00
[2025-09-21T04:51:44.046+0000] {processor.py:208} INFO - Processing /home/airflow/.local/lib/python3.12/site-packages/airflow/example_dags/example_trigger_controller_dag.py took 0.125 seconds
[2025-09-21T04:52:14.129+0000] {processor.py:186} INFO - Started process (PID=611) to work on /home/airflow/.local/lib/python3.12/site-packages/airflow/example_dags/example_trigger_controller_dag.py
[2025-09-21T04:52:14.130+0000] {processor.py:914} INFO - Processing file /home/airflow/.local/lib/python3.12/site-packages/airflow/example_dags/example_trigger_controller_dag.py for tasks to queue
[2025-09-21T04:52:14.132+0000] {logging_mixin.py:190} INFO - [2025-09-21T04:52:14.132+0000] {dagbag.py:588} INFO - Filling up the DagBag from /home/airflow/.local/lib/python3.12/site-packages/airflow/example_dags/example_trigger_controller_dag.py
[2025-09-21T04:52:14.139+0000] {processor.py:925} INFO - DAG(s) 'example_trigger_controller_dag' retrieved from /home/airflow/.local/lib/python3.12/site-packages/airflow/example_dags/example_trigger_controller_dag.py
[2025-09-21T04:52:14.160+0000] {logging_mixin.py:190} INFO - [2025-09-21T04:52:14.160+0000] {dag.py:3239} INFO - Sync 1 DAGs
[2025-09-21T04:52:14.189+0000] {logging_mixin.py:190} INFO - [2025-09-21T04:52:14.189+0000] {dag.py:4180} INFO - Setting next_dagrun for example_trigger_controller_dag to 2021-01-01 00:00:00+00:00, run_after=2021-01-01 00:00:00+00:00
[2025-09-21T04:52:14.213+0000] {processor.py:208} INFO - Processing /home/airflow/.local/lib/python3.12/site-packages/airflow/example_dags/example_trigger_controller_dag.py took 0.089 seconds
[2025-09-21T04:52:44.894+0000] {processor.py:186} INFO - Started process (PID=674) to work on /home/airflow/.local/lib/python3.12/site-packages/airflow/example_dags/example_trigger_controller_dag.py
[2025-09-21T04:52:44.895+0000] {processor.py:914} INFO - Processing file /home/airflow/.local/lib/python3.12/site-packages/airflow/example_dags/example_trigger_controller_dag.py for tasks to queue
[2025-09-21T04:52:44.897+0000] {logging_mixin.py:190} INFO - [2025-09-21T04:52:44.897+0000] {dagbag.py:588} INFO - Filling up the DagBag from /home/airflow/.local/lib/python3.12/site-packages/airflow/example_dags/example_trigger_controller_dag.py
[2025-09-21T04:52:44.907+0000] {processor.py:925} INFO - DAG(s) 'example_trigger_controller_dag' retrieved from /home/airflow/.local/lib/python3.12/site-packages/airflow/example_dags/example_trigger_controller_dag.py
[2025-09-21T04:52:44.933+0000] {logging_mixin.py:190} INFO - [2025-09-21T04:52:44.933+0000] {dag.py:3239} INFO - Sync 1 DAGs
[2025-09-21T04:52:44.964+0000] {logging_mixin.py:190} INFO - [2025-09-21T04:52:44.964+0000] {dag.py:4180} INFO - Setting next_dagrun for example_trigger_controller_dag to 2021-01-01 00:00:00+00:00, run_after=2021-01-01 00:00:00+00:00
[2025-09-21T04:52:44.994+0000] {processor.py:208} INFO - Processing /home/airflow/.local/lib/python3.12/site-packages/airflow/example_dags/example_trigger_controller_dag.py took 0.112 seconds
[2025-09-21T04:53:15.040+0000] {processor.py:186} INFO - Started process (PID=737) to work on /home/airflow/.local/lib/python3.12/site-packages/airflow/example_dags/example_trigger_controller_dag.py
[2025-09-21T04:53:15.041+0000] {processor.py:914} INFO - Processing file /home/airflow/.local/lib/python3.12/site-packages/airflow/example_dags/example_trigger_controller_dag.py for tasks to queue
[2025-09-21T04:53:15.043+0000] {logging_mixin.py:190} INFO - [2025-09-21T04:53:15.043+0000] {dagbag.py:588} INFO - Filling up the DagBag from /home/airflow/.local/lib/python3.12/site-packages/airflow/example_dags/example_trigger_controller_dag.py
[2025-09-21T04:53:15.048+0000] {processor.py:925} INFO - DAG(s) 'example_trigger_controller_dag' retrieved from /home/airflow/.local/lib/python3.12/site-packages/airflow/example_dags/example_trigger_controller_dag.py
[2025-09-21T04:53:15.063+0000] {logging_mixin.py:190} INFO - [2025-09-21T04:53:15.063+0000] {dag.py:3239} INFO - Sync 1 DAGs
[2025-09-21T04:53:15.081+0000] {logging_mixin.py:190} INFO - [2025-09-21T04:53:15.081+0000] {dag.py:4180} INFO - Setting next_dagrun for example_trigger_controller_dag to 2021-01-01 00:00:00+00:00, run_after=2021-01-01 00:00:00+00:00
[2025-09-21T04:53:15.094+0000] {processor.py:208} INFO - Processing /home/airflow/.local/lib/python3.12/site-packages/airflow/example_dags/example_trigger_controller_dag.py took 0.059 seconds
[2025-09-21T04:53:45.179+0000] {processor.py:186} INFO - Started process (PID=800) to work on /home/airflow/.local/lib/python3.12/site-packages/airflow/example_dags/example_trigger_controller_dag.py
[2025-09-21T04:53:45.179+0000] {processor.py:914} INFO - Processing file /home/airflow/.local/lib/python3.12/site-packages/airflow/example_dags/example_trigger_controller_dag.py for tasks to queue
[2025-09-21T04:53:45.182+0000] {logging_mixin.py:190} INFO - [2025-09-21T04:53:45.181+0000] {dagbag.py:588} INFO - Filling up the DagBag from /home/airflow/.local/lib/python3.12/site-packages/airflow/example_dags/example_trigger_controller_dag.py
[2025-09-21T04:53:45.189+0000] {processor.py:925} INFO - DAG(s) 'example_trigger_controller_dag' retrieved from /home/airflow/.local/lib/python3.12/site-packages/airflow/example_dags/example_trigger_controller_dag.py
[2025-09-21T04:53:45.210+0000] {logging_mixin.py:190} INFO - [2025-09-21T04:53:45.209+0000] {dag.py:3239} INFO - Sync 1 DAGs
[2025-09-21T04:53:45.249+0000] {logging_mixin.py:190} INFO - [2025-09-21T04:53:45.249+0000] {dag.py:4180} INFO - Setting next_dagrun for example_trigger_controller_dag to 2021-01-01 00:00:00+00:00, run_after=2021-01-01 00:00:00+00:00
[2025-09-21T04:53:45.272+0000] {processor.py:208} INFO - Processing /home/airflow/.local/lib/python3.12/site-packages/airflow/example_dags/example_trigger_controller_dag.py took 0.100 seconds
[2025-09-21T04:54:15.432+0000] {processor.py:186} INFO - Started process (PID=862) to work on /home/airflow/.local/lib/python3.12/site-packages/airflow/example_dags/example_trigger_controller_dag.py
[2025-09-21T04:54:15.432+0000] {processor.py:914} INFO - Processing file /home/airflow/.local/lib/python3.12/site-packages/airflow/example_dags/example_trigger_controller_dag.py for tasks to queue
[2025-09-21T04:54:15.434+0000] {logging_mixin.py:190} INFO - [2025-09-21T04:54:15.434+0000] {dagbag.py:588} INFO - Filling up the DagBag from /home/airflow/.local/lib/python3.12/site-packages/airflow/example_dags/example_trigger_controller_dag.py
[2025-09-21T04:54:15.440+0000] {processor.py:925} INFO - DAG(s) 'example_trigger_controller_dag' retrieved from /home/airflow/.local/lib/python3.12/site-packages/airflow/example_dags/example_trigger_controller_dag.py
[2025-09-21T04:54:15.456+0000] {logging_mixin.py:190} INFO - [2025-09-21T04:54:15.456+0000] {dag.py:3239} INFO - Sync 1 DAGs
[2025-09-21T04:54:15.474+0000] {logging_mixin.py:190} INFO - [2025-09-21T04:54:15.474+0000] {dag.py:4180} INFO - Setting next_dagrun for example_trigger_controller_dag to 2021-01-01 00:00:00+00:00, run_after=2021-01-01 00:00:00+00:00
[2025-09-21T04:54:15.488+0000] {processor.py:208} INFO - Processing /home/airflow/.local/lib/python3.12/site-packages/airflow/example_dags/example_trigger_controller_dag.py took 0.061 seconds
[2025-09-21T04:54:46.207+0000] {processor.py:186} INFO - Started process (PID=925) to work on /home/airflow/.local/lib/python3.12/site-packages/airflow/example_dags/example_trigger_controller_dag.py
[2025-09-21T04:54:46.210+0000] {processor.py:914} INFO - Processing file /home/airflow/.local/lib/python3.12/site-packages/airflow/example_dags/example_trigger_controller_dag.py for tasks to queue
[2025-09-21T04:54:46.213+0000] {logging_mixin.py:190} INFO - [2025-09-21T04:54:46.213+0000] {dagbag.py:588} INFO - Filling up the DagBag from /home/airflow/.local/lib/python3.12/site-packages/airflow/example_dags/example_trigger_controller_dag.py
[2025-09-21T04:54:46.224+0000] {processor.py:925} INFO - DAG(s) 'example_trigger_controller_dag' retrieved from /home/airflow/.local/lib/python3.12/site-packages/airflow/example_dags/example_trigger_controller_dag.py
[2025-09-21T04:54:46.279+0000] {logging_mixin.py:190} INFO - [2025-09-21T04:54:46.279+0000] {dag.py:3239} INFO - Sync 1 DAGs
[2025-09-21T04:54:46.335+0000] {logging_mixin.py:190} INFO - [2025-09-21T04:54:46.335+0000] {dag.py:4180} INFO - Setting next_dagrun for example_trigger_controller_dag to 2021-01-01 00:00:00+00:00, run_after=2021-01-01 00:00:00+00:00
[2025-09-21T04:54:46.397+0000] {processor.py:208} INFO - Processing /home/airflow/.local/lib/python3.12/site-packages/airflow/example_dags/example_trigger_controller_dag.py took 0.204 seconds
[2025-09-21T04:55:17.122+0000] {processor.py:186} INFO - Started process (PID=988) to work on /home/airflow/.local/lib/python3.12/site-packages/airflow/example_dags/example_trigger_controller_dag.py
[2025-09-21T04:55:17.123+0000] {processor.py:914} INFO - Processing file /home/airflow/.local/lib/python3.12/site-packages/airflow/example_dags/example_trigger_controller_dag.py for tasks to queue
[2025-09-21T04:55:17.125+0000] {logging_mixin.py:190} INFO - [2025-09-21T04:55:17.125+0000] {dagbag.py:588} INFO - Filling up the DagBag from /home/airflow/.local/lib/python3.12/site-packages/airflow/example_dags/example_trigger_controller_dag.py
[2025-09-21T04:55:17.133+0000] {processor.py:925} INFO - DAG(s) 'example_trigger_controller_dag' retrieved from /home/airflow/.local/lib/python3.12/site-packages/airflow/example_dags/example_trigger_controller_dag.py
[2025-09-21T04:55:17.154+0000] {logging_mixin.py:190} INFO - [2025-09-21T04:55:17.154+0000] {dag.py:3239} INFO - Sync 1 DAGs
[2025-09-21T04:55:17.186+0000] {logging_mixin.py:190} INFO - [2025-09-21T04:55:17.186+0000] {dag.py:4180} INFO - Setting next_dagrun for example_trigger_controller_dag to 2021-01-01 00:00:00+00:00, run_after=2021-01-01 00:00:00+00:00
[2025-09-21T04:55:17.218+0000] {processor.py:208} INFO - Processing /home/airflow/.local/lib/python3.12/site-packages/airflow/example_dags/example_trigger_controller_dag.py took 0.103 seconds
