[2025-09-21T04:47:56.377+0000] {processor.py:186} INFO - Started process (PID=86) to work on /home/airflow/.local/lib/python3.12/site-packages/airflow/example_dags/example_local_kubernetes_executor.py
[2025-09-21T04:47:56.392+0000] {processor.py:914} INFO - Processing file /home/airflow/.local/lib/python3.12/site-packages/airflow/example_dags/example_local_kubernetes_executor.py for tasks to queue
[2025-09-21T04:47:56.419+0000] {logging_mixin.py:190} INFO - [2025-09-21T04:47:56.405+0000] {dagbag.py:588} INFO - Filling up the DagBag from /home/airflow/.local/lib/python3.12/site-packages/airflow/example_dags/example_local_kubernetes_executor.py
[2025-09-21T04:47:56.515+0000] {processor.py:925} INFO - DAG(s) 'example_local_kubernetes_executor' retrieved from /home/airflow/.local/lib/python3.12/site-packages/airflow/example_dags/example_local_kubernetes_executor.py
[2025-09-21T04:47:56.944+0000] {logging_mixin.py:190} INFO - [2025-09-21T04:47:56.944+0000] {override.py:1911} INFO - Created Permission View: can delete on DAG:example_local_kubernetes_executor
[2025-09-21T04:47:56.970+0000] {logging_mixin.py:190} INFO - [2025-09-21T04:47:56.970+0000] {override.py:1911} INFO - Created Permission View: can read on DAG:example_local_kubernetes_executor
[2025-09-21T04:47:56.984+0000] {logging_mixin.py:190} INFO - [2025-09-21T04:47:56.984+0000] {override.py:1911} INFO - Created Permission View: can edit on DAG:example_local_kubernetes_executor
[2025-09-21T04:47:56.998+0000] {logging_mixin.py:190} INFO - [2025-09-21T04:47:56.997+0000] {override.py:1911} INFO - Created Permission View: can read on DAG Run:example_local_kubernetes_executor
[2025-09-21T04:47:57.011+0000] {logging_mixin.py:190} INFO - [2025-09-21T04:47:57.011+0000] {override.py:1911} INFO - Created Permission View: menu access on DAG Run:example_local_kubernetes_executor
[2025-09-21T04:47:57.023+0000] {logging_mixin.py:190} INFO - [2025-09-21T04:47:57.022+0000] {override.py:1911} INFO - Created Permission View: can delete on DAG Run:example_local_kubernetes_executor
[2025-09-21T04:47:57.038+0000] {logging_mixin.py:190} INFO - [2025-09-21T04:47:57.037+0000] {override.py:1911} INFO - Created Permission View: can create on DAG Run:example_local_kubernetes_executor
[2025-09-21T04:47:57.040+0000] {logging_mixin.py:190} INFO - [2025-09-21T04:47:57.039+0000] {dag.py:3239} INFO - Sync 1 DAGs
[2025-09-21T04:47:57.077+0000] {logging_mixin.py:190} INFO - [2025-09-21T04:47:57.076+0000] {dag.py:3262} INFO - Creating ORM DAG for example_local_kubernetes_executor
[2025-09-21T04:47:57.080+0000] {logging_mixin.py:190} INFO - [2025-09-21T04:47:57.079+0000] {dag.py:4180} INFO - Setting next_dagrun for example_local_kubernetes_executor to None, run_after=None
[2025-09-21T04:47:57.181+0000] {processor.py:208} INFO - Processing /home/airflow/.local/lib/python3.12/site-packages/airflow/example_dags/example_local_kubernetes_executor.py took 0.861 seconds
[2025-09-21T04:48:27.949+0000] {processor.py:186} INFO - Started process (PID=147) to work on /home/airflow/.local/lib/python3.12/site-packages/airflow/example_dags/example_local_kubernetes_executor.py
[2025-09-21T04:48:27.949+0000] {processor.py:914} INFO - Processing file /home/airflow/.local/lib/python3.12/site-packages/airflow/example_dags/example_local_kubernetes_executor.py for tasks to queue
[2025-09-21T04:48:27.952+0000] {logging_mixin.py:190} INFO - [2025-09-21T04:48:27.952+0000] {dagbag.py:588} INFO - Filling up the DagBag from /home/airflow/.local/lib/python3.12/site-packages/airflow/example_dags/example_local_kubernetes_executor.py
[2025-09-21T04:48:27.959+0000] {processor.py:925} INFO - DAG(s) 'example_local_kubernetes_executor' retrieved from /home/airflow/.local/lib/python3.12/site-packages/airflow/example_dags/example_local_kubernetes_executor.py
[2025-09-21T04:48:27.984+0000] {logging_mixin.py:190} INFO - [2025-09-21T04:48:27.983+0000] {dag.py:3239} INFO - Sync 1 DAGs
[2025-09-21T04:48:27.995+0000] {logging_mixin.py:190} INFO - [2025-09-21T04:48:27.994+0000] {dag.py:4180} INFO - Setting next_dagrun for example_local_kubernetes_executor to None, run_after=None
[2025-09-21T04:48:28.007+0000] {processor.py:208} INFO - Processing /home/airflow/.local/lib/python3.12/site-packages/airflow/example_dags/example_local_kubernetes_executor.py took 0.064 seconds
[2025-09-21T04:48:58.269+0000] {processor.py:186} INFO - Started process (PID=210) to work on /home/airflow/.local/lib/python3.12/site-packages/airflow/example_dags/example_local_kubernetes_executor.py
[2025-09-21T04:48:58.270+0000] {processor.py:914} INFO - Processing file /home/airflow/.local/lib/python3.12/site-packages/airflow/example_dags/example_local_kubernetes_executor.py for tasks to queue
[2025-09-21T04:48:58.272+0000] {logging_mixin.py:190} INFO - [2025-09-21T04:48:58.271+0000] {dagbag.py:588} INFO - Filling up the DagBag from /home/airflow/.local/lib/python3.12/site-packages/airflow/example_dags/example_local_kubernetes_executor.py
[2025-09-21T04:48:58.279+0000] {processor.py:925} INFO - DAG(s) 'example_local_kubernetes_executor' retrieved from /home/airflow/.local/lib/python3.12/site-packages/airflow/example_dags/example_local_kubernetes_executor.py
[2025-09-21T04:48:58.304+0000] {logging_mixin.py:190} INFO - [2025-09-21T04:48:58.304+0000] {dag.py:3239} INFO - Sync 1 DAGs
[2025-09-21T04:48:58.315+0000] {logging_mixin.py:190} INFO - [2025-09-21T04:48:58.315+0000] {dag.py:4180} INFO - Setting next_dagrun for example_local_kubernetes_executor to None, run_after=None
[2025-09-21T04:48:58.328+0000] {processor.py:208} INFO - Processing /home/airflow/.local/lib/python3.12/site-packages/airflow/example_dags/example_local_kubernetes_executor.py took 0.063 seconds
[2025-09-21T04:49:32.257+0000] {processor.py:186} INFO - Started process (PID=273) to work on /home/airflow/.local/lib/python3.12/site-packages/airflow/example_dags/example_local_kubernetes_executor.py
[2025-09-21T04:49:32.261+0000] {processor.py:914} INFO - Processing file /home/airflow/.local/lib/python3.12/site-packages/airflow/example_dags/example_local_kubernetes_executor.py for tasks to queue
[2025-09-21T04:49:32.270+0000] {logging_mixin.py:190} INFO - [2025-09-21T04:49:32.270+0000] {dagbag.py:588} INFO - Filling up the DagBag from /home/airflow/.local/lib/python3.12/site-packages/airflow/example_dags/example_local_kubernetes_executor.py
[2025-09-21T04:49:32.305+0000] {processor.py:925} INFO - DAG(s) 'example_local_kubernetes_executor' retrieved from /home/airflow/.local/lib/python3.12/site-packages/airflow/example_dags/example_local_kubernetes_executor.py
[2025-09-21T04:49:32.438+0000] {logging_mixin.py:190} INFO - [2025-09-21T04:49:32.438+0000] {dag.py:3239} INFO - Sync 1 DAGs
[2025-09-21T04:49:32.491+0000] {logging_mixin.py:190} INFO - [2025-09-21T04:49:32.490+0000] {dag.py:4180} INFO - Setting next_dagrun for example_local_kubernetes_executor to None, run_after=None
[2025-09-21T04:49:32.544+0000] {processor.py:208} INFO - Processing /home/airflow/.local/lib/python3.12/site-packages/airflow/example_dags/example_local_kubernetes_executor.py took 0.335 seconds
[2025-09-21T04:50:03.213+0000] {processor.py:186} INFO - Started process (PID=336) to work on /home/airflow/.local/lib/python3.12/site-packages/airflow/example_dags/example_local_kubernetes_executor.py
[2025-09-21T04:50:03.213+0000] {processor.py:914} INFO - Processing file /home/airflow/.local/lib/python3.12/site-packages/airflow/example_dags/example_local_kubernetes_executor.py for tasks to queue
[2025-09-21T04:50:03.217+0000] {logging_mixin.py:190} INFO - [2025-09-21T04:50:03.216+0000] {dagbag.py:588} INFO - Filling up the DagBag from /home/airflow/.local/lib/python3.12/site-packages/airflow/example_dags/example_local_kubernetes_executor.py
[2025-09-21T04:50:03.227+0000] {processor.py:925} INFO - DAG(s) 'example_local_kubernetes_executor' retrieved from /home/airflow/.local/lib/python3.12/site-packages/airflow/example_dags/example_local_kubernetes_executor.py
[2025-09-21T04:50:03.266+0000] {logging_mixin.py:190} INFO - [2025-09-21T04:50:03.266+0000] {dag.py:3239} INFO - Sync 1 DAGs
[2025-09-21T04:50:03.284+0000] {logging_mixin.py:190} INFO - [2025-09-21T04:50:03.284+0000] {dag.py:4180} INFO - Setting next_dagrun for example_local_kubernetes_executor to None, run_after=None
[2025-09-21T04:50:03.300+0000] {processor.py:208} INFO - Processing /home/airflow/.local/lib/python3.12/site-packages/airflow/example_dags/example_local_kubernetes_executor.py took 0.095 seconds
[2025-09-21T04:50:33.818+0000] {processor.py:186} INFO - Started process (PID=398) to work on /home/airflow/.local/lib/python3.12/site-packages/airflow/example_dags/example_local_kubernetes_executor.py
[2025-09-21T04:50:33.819+0000] {processor.py:914} INFO - Processing file /home/airflow/.local/lib/python3.12/site-packages/airflow/example_dags/example_local_kubernetes_executor.py for tasks to queue
[2025-09-21T04:50:33.821+0000] {logging_mixin.py:190} INFO - [2025-09-21T04:50:33.821+0000] {dagbag.py:588} INFO - Filling up the DagBag from /home/airflow/.local/lib/python3.12/site-packages/airflow/example_dags/example_local_kubernetes_executor.py
[2025-09-21T04:50:33.831+0000] {processor.py:925} INFO - DAG(s) 'example_local_kubernetes_executor' retrieved from /home/airflow/.local/lib/python3.12/site-packages/airflow/example_dags/example_local_kubernetes_executor.py
[2025-09-21T04:50:33.867+0000] {logging_mixin.py:190} INFO - [2025-09-21T04:50:33.866+0000] {dag.py:3239} INFO - Sync 1 DAGs
[2025-09-21T04:50:33.886+0000] {logging_mixin.py:190} INFO - [2025-09-21T04:50:33.885+0000] {dag.py:4180} INFO - Setting next_dagrun for example_local_kubernetes_executor to None, run_after=None
[2025-09-21T04:50:33.901+0000] {processor.py:208} INFO - Processing /home/airflow/.local/lib/python3.12/site-packages/airflow/example_dags/example_local_kubernetes_executor.py took 0.092 seconds
[2025-09-21T04:51:04.669+0000] {processor.py:186} INFO - Started process (PID=460) to work on /home/airflow/.local/lib/python3.12/site-packages/airflow/example_dags/example_local_kubernetes_executor.py
[2025-09-21T04:51:04.670+0000] {processor.py:914} INFO - Processing file /home/airflow/.local/lib/python3.12/site-packages/airflow/example_dags/example_local_kubernetes_executor.py for tasks to queue
[2025-09-21T04:51:04.674+0000] {logging_mixin.py:190} INFO - [2025-09-21T04:51:04.673+0000] {dagbag.py:588} INFO - Filling up the DagBag from /home/airflow/.local/lib/python3.12/site-packages/airflow/example_dags/example_local_kubernetes_executor.py
[2025-09-21T04:51:04.683+0000] {processor.py:925} INFO - DAG(s) 'example_local_kubernetes_executor' retrieved from /home/airflow/.local/lib/python3.12/site-packages/airflow/example_dags/example_local_kubernetes_executor.py
[2025-09-21T04:51:04.718+0000] {logging_mixin.py:190} INFO - [2025-09-21T04:51:04.718+0000] {dag.py:3239} INFO - Sync 1 DAGs
[2025-09-21T04:51:04.737+0000] {logging_mixin.py:190} INFO - [2025-09-21T04:51:04.737+0000] {dag.py:4180} INFO - Setting next_dagrun for example_local_kubernetes_executor to None, run_after=None
[2025-09-21T04:51:04.752+0000] {processor.py:208} INFO - Processing /home/airflow/.local/lib/python3.12/site-packages/airflow/example_dags/example_local_kubernetes_executor.py took 0.092 seconds
[2025-09-21T04:51:34.810+0000] {processor.py:186} INFO - Started process (PID=524) to work on /home/airflow/.local/lib/python3.12/site-packages/airflow/example_dags/example_local_kubernetes_executor.py
[2025-09-21T04:51:34.811+0000] {processor.py:914} INFO - Processing file /home/airflow/.local/lib/python3.12/site-packages/airflow/example_dags/example_local_kubernetes_executor.py for tasks to queue
[2025-09-21T04:51:34.813+0000] {logging_mixin.py:190} INFO - [2025-09-21T04:51:34.813+0000] {dagbag.py:588} INFO - Filling up the DagBag from /home/airflow/.local/lib/python3.12/site-packages/airflow/example_dags/example_local_kubernetes_executor.py
[2025-09-21T04:51:34.823+0000] {processor.py:925} INFO - DAG(s) 'example_local_kubernetes_executor' retrieved from /home/airflow/.local/lib/python3.12/site-packages/airflow/example_dags/example_local_kubernetes_executor.py
[2025-09-21T04:51:34.859+0000] {logging_mixin.py:190} INFO - [2025-09-21T04:51:34.859+0000] {dag.py:3239} INFO - Sync 1 DAGs
[2025-09-21T04:51:34.876+0000] {logging_mixin.py:190} INFO - [2025-09-21T04:51:34.876+0000] {dag.py:4180} INFO - Setting next_dagrun for example_local_kubernetes_executor to None, run_after=None
[2025-09-21T04:51:34.892+0000] {processor.py:208} INFO - Processing /home/airflow/.local/lib/python3.12/site-packages/airflow/example_dags/example_local_kubernetes_executor.py took 0.089 seconds
[2025-09-21T04:52:05.369+0000] {processor.py:186} INFO - Started process (PID=586) to work on /home/airflow/.local/lib/python3.12/site-packages/airflow/example_dags/example_local_kubernetes_executor.py
[2025-09-21T04:52:05.370+0000] {processor.py:914} INFO - Processing file /home/airflow/.local/lib/python3.12/site-packages/airflow/example_dags/example_local_kubernetes_executor.py for tasks to queue
[2025-09-21T04:52:05.372+0000] {logging_mixin.py:190} INFO - [2025-09-21T04:52:05.372+0000] {dagbag.py:588} INFO - Filling up the DagBag from /home/airflow/.local/lib/python3.12/site-packages/airflow/example_dags/example_local_kubernetes_executor.py
[2025-09-21T04:52:05.381+0000] {processor.py:925} INFO - DAG(s) 'example_local_kubernetes_executor' retrieved from /home/airflow/.local/lib/python3.12/site-packages/airflow/example_dags/example_local_kubernetes_executor.py
[2025-09-21T04:52:05.431+0000] {logging_mixin.py:190} INFO - [2025-09-21T04:52:05.431+0000] {dag.py:3239} INFO - Sync 1 DAGs
[2025-09-21T04:52:05.448+0000] {logging_mixin.py:190} INFO - [2025-09-21T04:52:05.447+0000] {dag.py:4180} INFO - Setting next_dagrun for example_local_kubernetes_executor to None, run_after=None
[2025-09-21T04:52:05.466+0000] {processor.py:208} INFO - Processing /home/airflow/.local/lib/python3.12/site-packages/airflow/example_dags/example_local_kubernetes_executor.py took 0.103 seconds
[2025-09-21T04:52:35.828+0000] {processor.py:186} INFO - Started process (PID=649) to work on /home/airflow/.local/lib/python3.12/site-packages/airflow/example_dags/example_local_kubernetes_executor.py
[2025-09-21T04:52:35.829+0000] {processor.py:914} INFO - Processing file /home/airflow/.local/lib/python3.12/site-packages/airflow/example_dags/example_local_kubernetes_executor.py for tasks to queue
[2025-09-21T04:52:35.831+0000] {logging_mixin.py:190} INFO - [2025-09-21T04:52:35.830+0000] {dagbag.py:588} INFO - Filling up the DagBag from /home/airflow/.local/lib/python3.12/site-packages/airflow/example_dags/example_local_kubernetes_executor.py
[2025-09-21T04:52:35.838+0000] {processor.py:925} INFO - DAG(s) 'example_local_kubernetes_executor' retrieved from /home/airflow/.local/lib/python3.12/site-packages/airflow/example_dags/example_local_kubernetes_executor.py
[2025-09-21T04:52:35.862+0000] {logging_mixin.py:190} INFO - [2025-09-21T04:52:35.862+0000] {dag.py:3239} INFO - Sync 1 DAGs
[2025-09-21T04:52:35.874+0000] {logging_mixin.py:190} INFO - [2025-09-21T04:52:35.874+0000] {dag.py:4180} INFO - Setting next_dagrun for example_local_kubernetes_executor to None, run_after=None
[2025-09-21T04:52:35.887+0000] {processor.py:208} INFO - Processing /home/airflow/.local/lib/python3.12/site-packages/airflow/example_dags/example_local_kubernetes_executor.py took 0.065 seconds
[2025-09-21T04:53:06.541+0000] {processor.py:186} INFO - Started process (PID=712) to work on /home/airflow/.local/lib/python3.12/site-packages/airflow/example_dags/example_local_kubernetes_executor.py
[2025-09-21T04:53:06.542+0000] {processor.py:914} INFO - Processing file /home/airflow/.local/lib/python3.12/site-packages/airflow/example_dags/example_local_kubernetes_executor.py for tasks to queue
[2025-09-21T04:53:06.544+0000] {logging_mixin.py:190} INFO - [2025-09-21T04:53:06.544+0000] {dagbag.py:588} INFO - Filling up the DagBag from /home/airflow/.local/lib/python3.12/site-packages/airflow/example_dags/example_local_kubernetes_executor.py
[2025-09-21T04:53:06.552+0000] {processor.py:925} INFO - DAG(s) 'example_local_kubernetes_executor' retrieved from /home/airflow/.local/lib/python3.12/site-packages/airflow/example_dags/example_local_kubernetes_executor.py
[2025-09-21T04:53:06.577+0000] {logging_mixin.py:190} INFO - [2025-09-21T04:53:06.577+0000] {dag.py:3239} INFO - Sync 1 DAGs
[2025-09-21T04:53:06.588+0000] {logging_mixin.py:190} INFO - [2025-09-21T04:53:06.588+0000] {dag.py:4180} INFO - Setting next_dagrun for example_local_kubernetes_executor to None, run_after=None
[2025-09-21T04:53:06.603+0000] {processor.py:208} INFO - Processing /home/airflow/.local/lib/python3.12/site-packages/airflow/example_dags/example_local_kubernetes_executor.py took 0.066 seconds
[2025-09-21T04:53:37.282+0000] {processor.py:186} INFO - Started process (PID=775) to work on /home/airflow/.local/lib/python3.12/site-packages/airflow/example_dags/example_local_kubernetes_executor.py
[2025-09-21T04:53:37.287+0000] {processor.py:914} INFO - Processing file /home/airflow/.local/lib/python3.12/site-packages/airflow/example_dags/example_local_kubernetes_executor.py for tasks to queue
[2025-09-21T04:53:37.292+0000] {logging_mixin.py:190} INFO - [2025-09-21T04:53:37.291+0000] {dagbag.py:588} INFO - Filling up the DagBag from /home/airflow/.local/lib/python3.12/site-packages/airflow/example_dags/example_local_kubernetes_executor.py
[2025-09-21T04:53:37.322+0000] {processor.py:925} INFO - DAG(s) 'example_local_kubernetes_executor' retrieved from /home/airflow/.local/lib/python3.12/site-packages/airflow/example_dags/example_local_kubernetes_executor.py
[2025-09-21T04:53:37.371+0000] {logging_mixin.py:190} INFO - [2025-09-21T04:53:37.371+0000] {dag.py:3239} INFO - Sync 1 DAGs
[2025-09-21T04:53:37.389+0000] {logging_mixin.py:190} INFO - [2025-09-21T04:53:37.389+0000] {dag.py:4180} INFO - Setting next_dagrun for example_local_kubernetes_executor to None, run_after=None
[2025-09-21T04:53:37.407+0000] {processor.py:208} INFO - Processing /home/airflow/.local/lib/python3.12/site-packages/airflow/example_dags/example_local_kubernetes_executor.py took 0.150 seconds
[2025-09-21T04:54:08.293+0000] {processor.py:186} INFO - Started process (PID=838) to work on /home/airflow/.local/lib/python3.12/site-packages/airflow/example_dags/example_local_kubernetes_executor.py
[2025-09-21T04:54:08.301+0000] {processor.py:914} INFO - Processing file /home/airflow/.local/lib/python3.12/site-packages/airflow/example_dags/example_local_kubernetes_executor.py for tasks to queue
[2025-09-21T04:54:08.314+0000] {logging_mixin.py:190} INFO - [2025-09-21T04:54:08.314+0000] {dagbag.py:588} INFO - Filling up the DagBag from /home/airflow/.local/lib/python3.12/site-packages/airflow/example_dags/example_local_kubernetes_executor.py
[2025-09-21T04:54:08.332+0000] {processor.py:925} INFO - DAG(s) 'example_local_kubernetes_executor' retrieved from /home/airflow/.local/lib/python3.12/site-packages/airflow/example_dags/example_local_kubernetes_executor.py
[2025-09-21T04:54:08.368+0000] {logging_mixin.py:190} INFO - [2025-09-21T04:54:08.367+0000] {dag.py:3239} INFO - Sync 1 DAGs
[2025-09-21T04:54:08.385+0000] {logging_mixin.py:190} INFO - [2025-09-21T04:54:08.385+0000] {dag.py:4180} INFO - Setting next_dagrun for example_local_kubernetes_executor to None, run_after=None
[2025-09-21T04:54:08.403+0000] {processor.py:208} INFO - Processing /home/airflow/.local/lib/python3.12/site-packages/airflow/example_dags/example_local_kubernetes_executor.py took 0.131 seconds
[2025-09-21T04:54:38.578+0000] {processor.py:186} INFO - Started process (PID=901) to work on /home/airflow/.local/lib/python3.12/site-packages/airflow/example_dags/example_local_kubernetes_executor.py
[2025-09-21T04:54:38.579+0000] {processor.py:914} INFO - Processing file /home/airflow/.local/lib/python3.12/site-packages/airflow/example_dags/example_local_kubernetes_executor.py for tasks to queue
[2025-09-21T04:54:38.581+0000] {logging_mixin.py:190} INFO - [2025-09-21T04:54:38.580+0000] {dagbag.py:588} INFO - Filling up the DagBag from /home/airflow/.local/lib/python3.12/site-packages/airflow/example_dags/example_local_kubernetes_executor.py
[2025-09-21T04:54:38.588+0000] {processor.py:925} INFO - DAG(s) 'example_local_kubernetes_executor' retrieved from /home/airflow/.local/lib/python3.12/site-packages/airflow/example_dags/example_local_kubernetes_executor.py
[2025-09-21T04:54:38.613+0000] {logging_mixin.py:190} INFO - [2025-09-21T04:54:38.613+0000] {dag.py:3239} INFO - Sync 1 DAGs
[2025-09-21T04:54:38.624+0000] {logging_mixin.py:190} INFO - [2025-09-21T04:54:38.624+0000] {dag.py:4180} INFO - Setting next_dagrun for example_local_kubernetes_executor to None, run_after=None
[2025-09-21T04:54:38.637+0000] {processor.py:208} INFO - Processing /home/airflow/.local/lib/python3.12/site-packages/airflow/example_dags/example_local_kubernetes_executor.py took 0.064 seconds
[2025-09-21T04:55:09.345+0000] {processor.py:186} INFO - Started process (PID=964) to work on /home/airflow/.local/lib/python3.12/site-packages/airflow/example_dags/example_local_kubernetes_executor.py
[2025-09-21T04:55:09.345+0000] {processor.py:914} INFO - Processing file /home/airflow/.local/lib/python3.12/site-packages/airflow/example_dags/example_local_kubernetes_executor.py for tasks to queue
[2025-09-21T04:55:09.348+0000] {logging_mixin.py:190} INFO - [2025-09-21T04:55:09.347+0000] {dagbag.py:588} INFO - Filling up the DagBag from /home/airflow/.local/lib/python3.12/site-packages/airflow/example_dags/example_local_kubernetes_executor.py
[2025-09-21T04:55:09.355+0000] {processor.py:925} INFO - DAG(s) 'example_local_kubernetes_executor' retrieved from /home/airflow/.local/lib/python3.12/site-packages/airflow/example_dags/example_local_kubernetes_executor.py
[2025-09-21T04:55:09.381+0000] {logging_mixin.py:190} INFO - [2025-09-21T04:55:09.381+0000] {dag.py:3239} INFO - Sync 1 DAGs
[2025-09-21T04:55:09.393+0000] {logging_mixin.py:190} INFO - [2025-09-21T04:55:09.392+0000] {dag.py:4180} INFO - Setting next_dagrun for example_local_kubernetes_executor to None, run_after=None
[2025-09-21T04:55:09.408+0000] {processor.py:208} INFO - Processing /home/airflow/.local/lib/python3.12/site-packages/airflow/example_dags/example_local_kubernetes_executor.py took 0.069 seconds
[2025-09-21T04:55:39.630+0000] {processor.py:186} INFO - Started process (PID=1027) to work on /home/airflow/.local/lib/python3.12/site-packages/airflow/example_dags/example_local_kubernetes_executor.py
[2025-09-21T04:55:39.631+0000] {processor.py:914} INFO - Processing file /home/airflow/.local/lib/python3.12/site-packages/airflow/example_dags/example_local_kubernetes_executor.py for tasks to queue
[2025-09-21T04:55:39.632+0000] {logging_mixin.py:190} INFO - [2025-09-21T04:55:39.632+0000] {dagbag.py:588} INFO - Filling up the DagBag from /home/airflow/.local/lib/python3.12/site-packages/airflow/example_dags/example_local_kubernetes_executor.py
[2025-09-21T04:55:39.640+0000] {processor.py:925} INFO - DAG(s) 'example_local_kubernetes_executor' retrieved from /home/airflow/.local/lib/python3.12/site-packages/airflow/example_dags/example_local_kubernetes_executor.py
[2025-09-21T04:55:39.665+0000] {logging_mixin.py:190} INFO - [2025-09-21T04:55:39.665+0000] {dag.py:3239} INFO - Sync 1 DAGs
[2025-09-21T04:55:39.677+0000] {logging_mixin.py:190} INFO - [2025-09-21T04:55:39.677+0000] {dag.py:4180} INFO - Setting next_dagrun for example_local_kubernetes_executor to None, run_after=None
[2025-09-21T04:55:39.690+0000] {processor.py:208} INFO - Processing /home/airflow/.local/lib/python3.12/site-packages/airflow/example_dags/example_local_kubernetes_executor.py took 0.065 seconds
