[2025-09-21T04:48:00.358+0000] {processor.py:186} INFO - Started process (PID=91) to work on /home/airflow/.local/lib/python3.12/site-packages/airflow/example_dags/example_setup_teardown.py
[2025-09-21T04:48:00.359+0000] {processor.py:914} INFO - Processing file /home/airflow/.local/lib/python3.12/site-packages/airflow/example_dags/example_setup_teardown.py for tasks to queue
[2025-09-21T04:48:00.371+0000] {logging_mixin.py:190} INFO - [2025-09-21T04:48:00.368+0000] {dagbag.py:588} INFO - Filling up the DagBag from /home/airflow/.local/lib/python3.12/site-packages/airflow/example_dags/example_setup_teardown.py
[2025-09-21T04:48:00.408+0000] {processor.py:925} INFO - DAG(s) 'example_setup_teardown' retrieved from /home/airflow/.local/lib/python3.12/site-packages/airflow/example_dags/example_setup_teardown.py
[2025-09-21T04:48:00.840+0000] {logging_mixin.py:190} INFO - [2025-09-21T04:48:00.839+0000] {override.py:1911} INFO - Created Permission View: can delete on DAG:example_setup_teardown
[2025-09-21T04:48:00.916+0000] {logging_mixin.py:190} INFO - [2025-09-21T04:48:00.895+0000] {override.py:1911} INFO - Created Permission View: can read on DAG:example_setup_teardown
[2025-09-21T04:48:00.967+0000] {logging_mixin.py:190} INFO - [2025-09-21T04:48:00.967+0000] {override.py:1911} INFO - Created Permission View: can edit on DAG:example_setup_teardown
[2025-09-21T04:48:01.015+0000] {logging_mixin.py:190} INFO - [2025-09-21T04:48:01.014+0000] {override.py:1911} INFO - Created Permission View: can read on DAG Run:example_setup_teardown
[2025-09-21T04:48:01.043+0000] {logging_mixin.py:190} INFO - [2025-09-21T04:48:01.042+0000] {override.py:1911} INFO - Created Permission View: menu access on DAG Run:example_setup_teardown
[2025-09-21T04:48:01.062+0000] {logging_mixin.py:190} INFO - [2025-09-21T04:48:01.061+0000] {override.py:1911} INFO - Created Permission View: can delete on DAG Run:example_setup_teardown
[2025-09-21T04:48:01.078+0000] {logging_mixin.py:190} INFO - [2025-09-21T04:48:01.077+0000] {override.py:1911} INFO - Created Permission View: can create on DAG Run:example_setup_teardown
[2025-09-21T04:48:01.078+0000] {logging_mixin.py:190} INFO - [2025-09-21T04:48:01.078+0000] {dag.py:3239} INFO - Sync 1 DAGs
[2025-09-21T04:48:01.110+0000] {logging_mixin.py:190} INFO - [2025-09-21T04:48:01.110+0000] {dag.py:3262} INFO - Creating ORM DAG for example_setup_teardown
[2025-09-21T04:48:01.113+0000] {logging_mixin.py:190} INFO - [2025-09-21T04:48:01.113+0000] {dag.py:4180} INFO - Setting next_dagrun for example_setup_teardown to None, run_after=None
[2025-09-21T04:48:01.176+0000] {processor.py:208} INFO - Processing /home/airflow/.local/lib/python3.12/site-packages/airflow/example_dags/example_setup_teardown.py took 0.832 seconds
[2025-09-21T04:48:31.338+0000] {processor.py:186} INFO - Started process (PID=153) to work on /home/airflow/.local/lib/python3.12/site-packages/airflow/example_dags/example_setup_teardown.py
[2025-09-21T04:48:31.339+0000] {processor.py:914} INFO - Processing file /home/airflow/.local/lib/python3.12/site-packages/airflow/example_dags/example_setup_teardown.py for tasks to queue
[2025-09-21T04:48:31.341+0000] {logging_mixin.py:190} INFO - [2025-09-21T04:48:31.341+0000] {dagbag.py:588} INFO - Filling up the DagBag from /home/airflow/.local/lib/python3.12/site-packages/airflow/example_dags/example_setup_teardown.py
[2025-09-21T04:48:31.353+0000] {processor.py:925} INFO - DAG(s) 'example_setup_teardown' retrieved from /home/airflow/.local/lib/python3.12/site-packages/airflow/example_dags/example_setup_teardown.py
[2025-09-21T04:48:31.384+0000] {logging_mixin.py:190} INFO - [2025-09-21T04:48:31.384+0000] {dag.py:3239} INFO - Sync 1 DAGs
[2025-09-21T04:48:31.410+0000] {logging_mixin.py:190} INFO - [2025-09-21T04:48:31.410+0000] {dag.py:4180} INFO - Setting next_dagrun for example_setup_teardown to None, run_after=None
[2025-09-21T04:48:31.466+0000] {processor.py:208} INFO - Processing /home/airflow/.local/lib/python3.12/site-packages/airflow/example_dags/example_setup_teardown.py took 0.135 seconds
[2025-09-21T04:49:01.498+0000] {processor.py:186} INFO - Started process (PID=215) to work on /home/airflow/.local/lib/python3.12/site-packages/airflow/example_dags/example_setup_teardown.py
[2025-09-21T04:49:01.498+0000] {processor.py:914} INFO - Processing file /home/airflow/.local/lib/python3.12/site-packages/airflow/example_dags/example_setup_teardown.py for tasks to queue
[2025-09-21T04:49:01.500+0000] {logging_mixin.py:190} INFO - [2025-09-21T04:49:01.500+0000] {dagbag.py:588} INFO - Filling up the DagBag from /home/airflow/.local/lib/python3.12/site-packages/airflow/example_dags/example_setup_teardown.py
[2025-09-21T04:49:01.507+0000] {processor.py:925} INFO - DAG(s) 'example_setup_teardown' retrieved from /home/airflow/.local/lib/python3.12/site-packages/airflow/example_dags/example_setup_teardown.py
[2025-09-21T04:49:01.540+0000] {logging_mixin.py:190} INFO - [2025-09-21T04:49:01.539+0000] {dag.py:3239} INFO - Sync 1 DAGs
[2025-09-21T04:49:01.557+0000] {logging_mixin.py:190} INFO - [2025-09-21T04:49:01.556+0000] {dag.py:4180} INFO - Setting next_dagrun for example_setup_teardown to None, run_after=None
[2025-09-21T04:49:01.582+0000] {processor.py:208} INFO - Processing /home/airflow/.local/lib/python3.12/site-packages/airflow/example_dags/example_setup_teardown.py took 0.089 seconds
[2025-09-21T04:49:34.533+0000] {processor.py:186} INFO - Started process (PID=285) to work on /home/airflow/.local/lib/python3.12/site-packages/airflow/example_dags/example_setup_teardown.py
[2025-09-21T04:49:34.534+0000] {processor.py:914} INFO - Processing file /home/airflow/.local/lib/python3.12/site-packages/airflow/example_dags/example_setup_teardown.py for tasks to queue
[2025-09-21T04:49:34.536+0000] {logging_mixin.py:190} INFO - [2025-09-21T04:49:34.536+0000] {dagbag.py:588} INFO - Filling up the DagBag from /home/airflow/.local/lib/python3.12/site-packages/airflow/example_dags/example_setup_teardown.py
[2025-09-21T04:49:34.544+0000] {processor.py:925} INFO - DAG(s) 'example_setup_teardown' retrieved from /home/airflow/.local/lib/python3.12/site-packages/airflow/example_dags/example_setup_teardown.py
[2025-09-21T04:49:34.570+0000] {logging_mixin.py:190} INFO - [2025-09-21T04:49:34.570+0000] {dag.py:3239} INFO - Sync 1 DAGs
[2025-09-21T04:49:34.588+0000] {logging_mixin.py:190} INFO - [2025-09-21T04:49:34.587+0000] {dag.py:4180} INFO - Setting next_dagrun for example_setup_teardown to None, run_after=None
[2025-09-21T04:49:34.605+0000] {processor.py:208} INFO - Processing /home/airflow/.local/lib/python3.12/site-packages/airflow/example_dags/example_setup_teardown.py took 0.077 seconds
[2025-09-21T04:50:05.554+0000] {processor.py:186} INFO - Started process (PID=347) to work on /home/airflow/.local/lib/python3.12/site-packages/airflow/example_dags/example_setup_teardown.py
[2025-09-21T04:50:05.555+0000] {processor.py:914} INFO - Processing file /home/airflow/.local/lib/python3.12/site-packages/airflow/example_dags/example_setup_teardown.py for tasks to queue
[2025-09-21T04:50:05.562+0000] {logging_mixin.py:190} INFO - [2025-09-21T04:50:05.562+0000] {dagbag.py:588} INFO - Filling up the DagBag from /home/airflow/.local/lib/python3.12/site-packages/airflow/example_dags/example_setup_teardown.py
[2025-09-21T04:50:05.586+0000] {processor.py:925} INFO - DAG(s) 'example_setup_teardown' retrieved from /home/airflow/.local/lib/python3.12/site-packages/airflow/example_dags/example_setup_teardown.py
[2025-09-21T04:50:05.641+0000] {logging_mixin.py:190} INFO - [2025-09-21T04:50:05.640+0000] {dag.py:3239} INFO - Sync 1 DAGs
[2025-09-21T04:50:05.677+0000] {logging_mixin.py:190} INFO - [2025-09-21T04:50:05.676+0000] {dag.py:4180} INFO - Setting next_dagrun for example_setup_teardown to None, run_after=None
[2025-09-21T04:50:05.718+0000] {processor.py:208} INFO - Processing /home/airflow/.local/lib/python3.12/site-packages/airflow/example_dags/example_setup_teardown.py took 0.187 seconds
[2025-09-21T04:50:36.401+0000] {processor.py:186} INFO - Started process (PID=409) to work on /home/airflow/.local/lib/python3.12/site-packages/airflow/example_dags/example_setup_teardown.py
[2025-09-21T04:50:36.402+0000] {processor.py:914} INFO - Processing file /home/airflow/.local/lib/python3.12/site-packages/airflow/example_dags/example_setup_teardown.py for tasks to queue
[2025-09-21T04:50:36.404+0000] {logging_mixin.py:190} INFO - [2025-09-21T04:50:36.403+0000] {dagbag.py:588} INFO - Filling up the DagBag from /home/airflow/.local/lib/python3.12/site-packages/airflow/example_dags/example_setup_teardown.py
[2025-09-21T04:50:36.410+0000] {processor.py:925} INFO - DAG(s) 'example_setup_teardown' retrieved from /home/airflow/.local/lib/python3.12/site-packages/airflow/example_dags/example_setup_teardown.py
[2025-09-21T04:50:36.431+0000] {logging_mixin.py:190} INFO - [2025-09-21T04:50:36.431+0000] {dag.py:3239} INFO - Sync 1 DAGs
[2025-09-21T04:50:36.443+0000] {logging_mixin.py:190} INFO - [2025-09-21T04:50:36.443+0000] {dag.py:4180} INFO - Setting next_dagrun for example_setup_teardown to None, run_after=None
[2025-09-21T04:50:36.456+0000] {processor.py:208} INFO - Processing /home/airflow/.local/lib/python3.12/site-packages/airflow/example_dags/example_setup_teardown.py took 0.060 seconds
[2025-09-21T04:51:07.289+0000] {processor.py:186} INFO - Started process (PID=471) to work on /home/airflow/.local/lib/python3.12/site-packages/airflow/example_dags/example_setup_teardown.py
[2025-09-21T04:51:07.290+0000] {processor.py:914} INFO - Processing file /home/airflow/.local/lib/python3.12/site-packages/airflow/example_dags/example_setup_teardown.py for tasks to queue
[2025-09-21T04:51:07.293+0000] {logging_mixin.py:190} INFO - [2025-09-21T04:51:07.292+0000] {dagbag.py:588} INFO - Filling up the DagBag from /home/airflow/.local/lib/python3.12/site-packages/airflow/example_dags/example_setup_teardown.py
[2025-09-21T04:51:07.301+0000] {processor.py:925} INFO - DAG(s) 'example_setup_teardown' retrieved from /home/airflow/.local/lib/python3.12/site-packages/airflow/example_dags/example_setup_teardown.py
[2025-09-21T04:51:07.323+0000] {logging_mixin.py:190} INFO - [2025-09-21T04:51:07.323+0000] {dag.py:3239} INFO - Sync 1 DAGs
[2025-09-21T04:51:07.340+0000] {logging_mixin.py:190} INFO - [2025-09-21T04:51:07.339+0000] {dag.py:4180} INFO - Setting next_dagrun for example_setup_teardown to None, run_after=None
[2025-09-21T04:51:07.357+0000] {processor.py:208} INFO - Processing /home/airflow/.local/lib/python3.12/site-packages/airflow/example_dags/example_setup_teardown.py took 0.074 seconds
[2025-09-21T04:51:37.514+0000] {processor.py:186} INFO - Started process (PID=535) to work on /home/airflow/.local/lib/python3.12/site-packages/airflow/example_dags/example_setup_teardown.py
[2025-09-21T04:51:37.515+0000] {processor.py:914} INFO - Processing file /home/airflow/.local/lib/python3.12/site-packages/airflow/example_dags/example_setup_teardown.py for tasks to queue
[2025-09-21T04:51:37.518+0000] {logging_mixin.py:190} INFO - [2025-09-21T04:51:37.517+0000] {dagbag.py:588} INFO - Filling up the DagBag from /home/airflow/.local/lib/python3.12/site-packages/airflow/example_dags/example_setup_teardown.py
[2025-09-21T04:51:37.526+0000] {processor.py:925} INFO - DAG(s) 'example_setup_teardown' retrieved from /home/airflow/.local/lib/python3.12/site-packages/airflow/example_dags/example_setup_teardown.py
[2025-09-21T04:51:37.549+0000] {logging_mixin.py:190} INFO - [2025-09-21T04:51:37.549+0000] {dag.py:3239} INFO - Sync 1 DAGs
[2025-09-21T04:51:37.566+0000] {logging_mixin.py:190} INFO - [2025-09-21T04:51:37.566+0000] {dag.py:4180} INFO - Setting next_dagrun for example_setup_teardown to None, run_after=None
[2025-09-21T04:51:37.583+0000] {processor.py:208} INFO - Processing /home/airflow/.local/lib/python3.12/site-packages/airflow/example_dags/example_setup_teardown.py took 0.075 seconds
[2025-09-21T04:52:07.649+0000] {processor.py:186} INFO - Started process (PID=598) to work on /home/airflow/.local/lib/python3.12/site-packages/airflow/example_dags/example_setup_teardown.py
[2025-09-21T04:52:07.650+0000] {processor.py:914} INFO - Processing file /home/airflow/.local/lib/python3.12/site-packages/airflow/example_dags/example_setup_teardown.py for tasks to queue
[2025-09-21T04:52:07.651+0000] {logging_mixin.py:190} INFO - [2025-09-21T04:52:07.651+0000] {dagbag.py:588} INFO - Filling up the DagBag from /home/airflow/.local/lib/python3.12/site-packages/airflow/example_dags/example_setup_teardown.py
[2025-09-21T04:52:07.658+0000] {processor.py:925} INFO - DAG(s) 'example_setup_teardown' retrieved from /home/airflow/.local/lib/python3.12/site-packages/airflow/example_dags/example_setup_teardown.py
[2025-09-21T04:52:07.674+0000] {logging_mixin.py:190} INFO - [2025-09-21T04:52:07.673+0000] {dag.py:3239} INFO - Sync 1 DAGs
[2025-09-21T04:52:07.685+0000] {logging_mixin.py:190} INFO - [2025-09-21T04:52:07.685+0000] {dag.py:4180} INFO - Setting next_dagrun for example_setup_teardown to None, run_after=None
[2025-09-21T04:52:07.698+0000] {processor.py:208} INFO - Processing /home/airflow/.local/lib/python3.12/site-packages/airflow/example_dags/example_setup_teardown.py took 0.053 seconds
[2025-09-21T04:52:37.846+0000] {processor.py:186} INFO - Started process (PID=661) to work on /home/airflow/.local/lib/python3.12/site-packages/airflow/example_dags/example_setup_teardown.py
[2025-09-21T04:52:37.846+0000] {processor.py:914} INFO - Processing file /home/airflow/.local/lib/python3.12/site-packages/airflow/example_dags/example_setup_teardown.py for tasks to queue
[2025-09-21T04:52:37.849+0000] {logging_mixin.py:190} INFO - [2025-09-21T04:52:37.848+0000] {dagbag.py:588} INFO - Filling up the DagBag from /home/airflow/.local/lib/python3.12/site-packages/airflow/example_dags/example_setup_teardown.py
[2025-09-21T04:52:37.855+0000] {processor.py:925} INFO - DAG(s) 'example_setup_teardown' retrieved from /home/airflow/.local/lib/python3.12/site-packages/airflow/example_dags/example_setup_teardown.py
[2025-09-21T04:52:37.871+0000] {logging_mixin.py:190} INFO - [2025-09-21T04:52:37.871+0000] {dag.py:3239} INFO - Sync 1 DAGs
[2025-09-21T04:52:37.882+0000] {logging_mixin.py:190} INFO - [2025-09-21T04:52:37.882+0000] {dag.py:4180} INFO - Setting next_dagrun for example_setup_teardown to None, run_after=None
[2025-09-21T04:52:37.895+0000] {processor.py:208} INFO - Processing /home/airflow/.local/lib/python3.12/site-packages/airflow/example_dags/example_setup_teardown.py took 0.054 seconds
[2025-09-21T04:53:08.099+0000] {processor.py:186} INFO - Started process (PID=723) to work on /home/airflow/.local/lib/python3.12/site-packages/airflow/example_dags/example_setup_teardown.py
[2025-09-21T04:53:08.100+0000] {processor.py:914} INFO - Processing file /home/airflow/.local/lib/python3.12/site-packages/airflow/example_dags/example_setup_teardown.py for tasks to queue
[2025-09-21T04:53:08.101+0000] {logging_mixin.py:190} INFO - [2025-09-21T04:53:08.101+0000] {dagbag.py:588} INFO - Filling up the DagBag from /home/airflow/.local/lib/python3.12/site-packages/airflow/example_dags/example_setup_teardown.py
[2025-09-21T04:53:08.108+0000] {processor.py:925} INFO - DAG(s) 'example_setup_teardown' retrieved from /home/airflow/.local/lib/python3.12/site-packages/airflow/example_dags/example_setup_teardown.py
[2025-09-21T04:53:08.123+0000] {logging_mixin.py:190} INFO - [2025-09-21T04:53:08.123+0000] {dag.py:3239} INFO - Sync 1 DAGs
[2025-09-21T04:53:08.134+0000] {logging_mixin.py:190} INFO - [2025-09-21T04:53:08.134+0000] {dag.py:4180} INFO - Setting next_dagrun for example_setup_teardown to None, run_after=None
[2025-09-21T04:53:08.148+0000] {processor.py:208} INFO - Processing /home/airflow/.local/lib/python3.12/site-packages/airflow/example_dags/example_setup_teardown.py took 0.054 seconds
[2025-09-21T04:53:38.914+0000] {processor.py:186} INFO - Started process (PID=780) to work on /home/airflow/.local/lib/python3.12/site-packages/airflow/example_dags/example_setup_teardown.py
[2025-09-21T04:53:38.914+0000] {processor.py:914} INFO - Processing file /home/airflow/.local/lib/python3.12/site-packages/airflow/example_dags/example_setup_teardown.py for tasks to queue
[2025-09-21T04:53:38.917+0000] {logging_mixin.py:190} INFO - [2025-09-21T04:53:38.916+0000] {dagbag.py:588} INFO - Filling up the DagBag from /home/airflow/.local/lib/python3.12/site-packages/airflow/example_dags/example_setup_teardown.py
[2025-09-21T04:53:38.925+0000] {processor.py:925} INFO - DAG(s) 'example_setup_teardown' retrieved from /home/airflow/.local/lib/python3.12/site-packages/airflow/example_dags/example_setup_teardown.py
[2025-09-21T04:53:38.947+0000] {logging_mixin.py:190} INFO - [2025-09-21T04:53:38.947+0000] {dag.py:3239} INFO - Sync 1 DAGs
[2025-09-21T04:53:38.965+0000] {logging_mixin.py:190} INFO - [2025-09-21T04:53:38.965+0000] {dag.py:4180} INFO - Setting next_dagrun for example_setup_teardown to None, run_after=None
[2025-09-21T04:53:38.981+0000] {processor.py:208} INFO - Processing /home/airflow/.local/lib/python3.12/site-packages/airflow/example_dags/example_setup_teardown.py took 0.074 seconds
[2025-09-21T04:54:09.870+0000] {processor.py:186} INFO - Started process (PID=843) to work on /home/airflow/.local/lib/python3.12/site-packages/airflow/example_dags/example_setup_teardown.py
[2025-09-21T04:54:09.871+0000] {processor.py:914} INFO - Processing file /home/airflow/.local/lib/python3.12/site-packages/airflow/example_dags/example_setup_teardown.py for tasks to queue
[2025-09-21T04:54:09.873+0000] {logging_mixin.py:190} INFO - [2025-09-21T04:54:09.872+0000] {dagbag.py:588} INFO - Filling up the DagBag from /home/airflow/.local/lib/python3.12/site-packages/airflow/example_dags/example_setup_teardown.py
[2025-09-21T04:54:09.882+0000] {processor.py:925} INFO - DAG(s) 'example_setup_teardown' retrieved from /home/airflow/.local/lib/python3.12/site-packages/airflow/example_dags/example_setup_teardown.py
[2025-09-21T04:54:09.906+0000] {logging_mixin.py:190} INFO - [2025-09-21T04:54:09.905+0000] {dag.py:3239} INFO - Sync 1 DAGs
[2025-09-21T04:54:09.923+0000] {logging_mixin.py:190} INFO - [2025-09-21T04:54:09.923+0000] {dag.py:4180} INFO - Setting next_dagrun for example_setup_teardown to None, run_after=None
[2025-09-21T04:54:09.942+0000] {processor.py:208} INFO - Processing /home/airflow/.local/lib/python3.12/site-packages/airflow/example_dags/example_setup_teardown.py took 0.079 seconds
[2025-09-21T04:54:40.810+0000] {processor.py:186} INFO - Started process (PID=906) to work on /home/airflow/.local/lib/python3.12/site-packages/airflow/example_dags/example_setup_teardown.py
[2025-09-21T04:54:40.811+0000] {processor.py:914} INFO - Processing file /home/airflow/.local/lib/python3.12/site-packages/airflow/example_dags/example_setup_teardown.py for tasks to queue
[2025-09-21T04:54:40.813+0000] {logging_mixin.py:190} INFO - [2025-09-21T04:54:40.813+0000] {dagbag.py:588} INFO - Filling up the DagBag from /home/airflow/.local/lib/python3.12/site-packages/airflow/example_dags/example_setup_teardown.py
[2025-09-21T04:54:40.822+0000] {processor.py:925} INFO - DAG(s) 'example_setup_teardown' retrieved from /home/airflow/.local/lib/python3.12/site-packages/airflow/example_dags/example_setup_teardown.py
[2025-09-21T04:54:40.845+0000] {logging_mixin.py:190} INFO - [2025-09-21T04:54:40.845+0000] {dag.py:3239} INFO - Sync 1 DAGs
[2025-09-21T04:54:40.861+0000] {logging_mixin.py:190} INFO - [2025-09-21T04:54:40.861+0000] {dag.py:4180} INFO - Setting next_dagrun for example_setup_teardown to None, run_after=None
[2025-09-21T04:54:40.880+0000] {processor.py:208} INFO - Processing /home/airflow/.local/lib/python3.12/site-packages/airflow/example_dags/example_setup_teardown.py took 0.075 seconds
[2025-09-21T04:55:11.617+0000] {processor.py:186} INFO - Started process (PID=969) to work on /home/airflow/.local/lib/python3.12/site-packages/airflow/example_dags/example_setup_teardown.py
[2025-09-21T04:55:11.618+0000] {processor.py:914} INFO - Processing file /home/airflow/.local/lib/python3.12/site-packages/airflow/example_dags/example_setup_teardown.py for tasks to queue
[2025-09-21T04:55:11.620+0000] {logging_mixin.py:190} INFO - [2025-09-21T04:55:11.620+0000] {dagbag.py:588} INFO - Filling up the DagBag from /home/airflow/.local/lib/python3.12/site-packages/airflow/example_dags/example_setup_teardown.py
[2025-09-21T04:55:11.629+0000] {processor.py:925} INFO - DAG(s) 'example_setup_teardown' retrieved from /home/airflow/.local/lib/python3.12/site-packages/airflow/example_dags/example_setup_teardown.py
[2025-09-21T04:55:11.652+0000] {logging_mixin.py:190} INFO - [2025-09-21T04:55:11.652+0000] {dag.py:3239} INFO - Sync 1 DAGs
[2025-09-21T04:55:11.677+0000] {logging_mixin.py:190} INFO - [2025-09-21T04:55:11.677+0000] {dag.py:4180} INFO - Setting next_dagrun for example_setup_teardown to None, run_after=None
[2025-09-21T04:55:11.705+0000] {processor.py:208} INFO - Processing /home/airflow/.local/lib/python3.12/site-packages/airflow/example_dags/example_setup_teardown.py took 0.094 seconds
[2025-09-21T04:55:41.857+0000] {processor.py:186} INFO - Started process (PID=1032) to work on /home/airflow/.local/lib/python3.12/site-packages/airflow/example_dags/example_setup_teardown.py
[2025-09-21T04:55:41.858+0000] {processor.py:914} INFO - Processing file /home/airflow/.local/lib/python3.12/site-packages/airflow/example_dags/example_setup_teardown.py for tasks to queue
[2025-09-21T04:55:41.860+0000] {logging_mixin.py:190} INFO - [2025-09-21T04:55:41.860+0000] {dagbag.py:588} INFO - Filling up the DagBag from /home/airflow/.local/lib/python3.12/site-packages/airflow/example_dags/example_setup_teardown.py
[2025-09-21T04:55:41.869+0000] {processor.py:925} INFO - DAG(s) 'example_setup_teardown' retrieved from /home/airflow/.local/lib/python3.12/site-packages/airflow/example_dags/example_setup_teardown.py
[2025-09-21T04:55:41.891+0000] {logging_mixin.py:190} INFO - [2025-09-21T04:55:41.891+0000] {dag.py:3239} INFO - Sync 1 DAGs
[2025-09-21T04:55:41.908+0000] {logging_mixin.py:190} INFO - [2025-09-21T04:55:41.908+0000] {dag.py:4180} INFO - Setting next_dagrun for example_setup_teardown to None, run_after=None
[2025-09-21T04:55:41.926+0000] {processor.py:208} INFO - Processing /home/airflow/.local/lib/python3.12/site-packages/airflow/example_dags/example_setup_teardown.py took 0.075 seconds
[2025-09-21T04:56:12.518+0000] {processor.py:186} INFO - Started process (PID=1095) to work on /home/airflow/.local/lib/python3.12/site-packages/airflow/example_dags/example_setup_teardown.py
[2025-09-21T04:56:12.519+0000] {processor.py:914} INFO - Processing file /home/airflow/.local/lib/python3.12/site-packages/airflow/example_dags/example_setup_teardown.py for tasks to queue
[2025-09-21T04:56:12.522+0000] {logging_mixin.py:190} INFO - [2025-09-21T04:56:12.521+0000] {dagbag.py:588} INFO - Filling up the DagBag from /home/airflow/.local/lib/python3.12/site-packages/airflow/example_dags/example_setup_teardown.py
[2025-09-21T04:56:12.531+0000] {processor.py:925} INFO - DAG(s) 'example_setup_teardown' retrieved from /home/airflow/.local/lib/python3.12/site-packages/airflow/example_dags/example_setup_teardown.py
[2025-09-21T04:56:12.556+0000] {logging_mixin.py:190} INFO - [2025-09-21T04:56:12.556+0000] {dag.py:3239} INFO - Sync 1 DAGs
[2025-09-21T04:56:12.574+0000] {logging_mixin.py:190} INFO - [2025-09-21T04:56:12.573+0000] {dag.py:4180} INFO - Setting next_dagrun for example_setup_teardown to None, run_after=None
[2025-09-21T04:56:12.591+0000] {processor.py:208} INFO - Processing /home/airflow/.local/lib/python3.12/site-packages/airflow/example_dags/example_setup_teardown.py took 0.080 seconds
[2025-09-21T04:56:42.975+0000] {processor.py:186} INFO - Started process (PID=1158) to work on /home/airflow/.local/lib/python3.12/site-packages/airflow/example_dags/example_setup_teardown.py
[2025-09-21T04:56:42.975+0000] {processor.py:914} INFO - Processing file /home/airflow/.local/lib/python3.12/site-packages/airflow/example_dags/example_setup_teardown.py for tasks to queue
[2025-09-21T04:56:42.978+0000] {logging_mixin.py:190} INFO - [2025-09-21T04:56:42.977+0000] {dagbag.py:588} INFO - Filling up the DagBag from /home/airflow/.local/lib/python3.12/site-packages/airflow/example_dags/example_setup_teardown.py
[2025-09-21T04:56:42.987+0000] {processor.py:925} INFO - DAG(s) 'example_setup_teardown' retrieved from /home/airflow/.local/lib/python3.12/site-packages/airflow/example_dags/example_setup_teardown.py
[2025-09-21T04:56:43.010+0000] {logging_mixin.py:190} INFO - [2025-09-21T04:56:43.009+0000] {dag.py:3239} INFO - Sync 1 DAGs
[2025-09-21T04:56:43.027+0000] {logging_mixin.py:190} INFO - [2025-09-21T04:56:43.026+0000] {dag.py:4180} INFO - Setting next_dagrun for example_setup_teardown to None, run_after=None
[2025-09-21T04:56:43.045+0000] {processor.py:208} INFO - Processing /home/airflow/.local/lib/python3.12/site-packages/airflow/example_dags/example_setup_teardown.py took 0.076 seconds
[2025-09-21T04:57:13.324+0000] {processor.py:186} INFO - Started process (PID=1221) to work on /home/airflow/.local/lib/python3.12/site-packages/airflow/example_dags/example_setup_teardown.py
[2025-09-21T04:57:13.324+0000] {processor.py:914} INFO - Processing file /home/airflow/.local/lib/python3.12/site-packages/airflow/example_dags/example_setup_teardown.py for tasks to queue
[2025-09-21T04:57:13.327+0000] {logging_mixin.py:190} INFO - [2025-09-21T04:57:13.326+0000] {dagbag.py:588} INFO - Filling up the DagBag from /home/airflow/.local/lib/python3.12/site-packages/airflow/example_dags/example_setup_teardown.py
[2025-09-21T04:57:13.337+0000] {processor.py:925} INFO - DAG(s) 'example_setup_teardown' retrieved from /home/airflow/.local/lib/python3.12/site-packages/airflow/example_dags/example_setup_teardown.py
[2025-09-21T04:57:13.362+0000] {logging_mixin.py:190} INFO - [2025-09-21T04:57:13.362+0000] {dag.py:3239} INFO - Sync 1 DAGs
[2025-09-21T04:57:13.381+0000] {logging_mixin.py:190} INFO - [2025-09-21T04:57:13.381+0000] {dag.py:4180} INFO - Setting next_dagrun for example_setup_teardown to None, run_after=None
[2025-09-21T04:57:13.400+0000] {processor.py:208} INFO - Processing /home/airflow/.local/lib/python3.12/site-packages/airflow/example_dags/example_setup_teardown.py took 0.082 seconds
[2025-09-21T04:57:44.043+0000] {processor.py:186} INFO - Started process (PID=1284) to work on /home/airflow/.local/lib/python3.12/site-packages/airflow/example_dags/example_setup_teardown.py
[2025-09-21T04:57:44.043+0000] {processor.py:914} INFO - Processing file /home/airflow/.local/lib/python3.12/site-packages/airflow/example_dags/example_setup_teardown.py for tasks to queue
[2025-09-21T04:57:44.046+0000] {logging_mixin.py:190} INFO - [2025-09-21T04:57:44.046+0000] {dagbag.py:588} INFO - Filling up the DagBag from /home/airflow/.local/lib/python3.12/site-packages/airflow/example_dags/example_setup_teardown.py
[2025-09-21T04:57:44.055+0000] {processor.py:925} INFO - DAG(s) 'example_setup_teardown' retrieved from /home/airflow/.local/lib/python3.12/site-packages/airflow/example_dags/example_setup_teardown.py
[2025-09-21T04:57:44.078+0000] {logging_mixin.py:190} INFO - [2025-09-21T04:57:44.078+0000] {dag.py:3239} INFO - Sync 1 DAGs
[2025-09-21T04:57:44.093+0000] {logging_mixin.py:190} INFO - [2025-09-21T04:57:44.093+0000] {dag.py:4180} INFO - Setting next_dagrun for example_setup_teardown to None, run_after=None
[2025-09-21T04:57:44.110+0000] {processor.py:208} INFO - Processing /home/airflow/.local/lib/python3.12/site-packages/airflow/example_dags/example_setup_teardown.py took 0.074 seconds
