[2025-09-21T04:48:08.610+0000] {processor.py:186} INFO - Started process (PID=110) to work on /home/airflow/.local/lib/python3.12/site-packages/airflow/example_dags/example_python_decorator.py
[2025-09-21T04:48:08.611+0000] {processor.py:914} INFO - Processing file /home/airflow/.local/lib/python3.12/site-packages/airflow/example_dags/example_python_decorator.py for tasks to queue
[2025-09-21T04:48:08.612+0000] {logging_mixin.py:190} INFO - [2025-09-21T04:48:08.612+0000] {dagbag.py:588} INFO - Filling up the DagBag from /home/airflow/.local/lib/python3.12/site-packages/airflow/example_dags/example_python_decorator.py
[2025-09-21T04:48:08.632+0000] {processor.py:925} INFO - DAG(s) 'example_python_decorator' retrieved from /home/airflow/.local/lib/python3.12/site-packages/airflow/example_dags/example_python_decorator.py
[2025-09-21T04:48:08.771+0000] {logging_mixin.py:190} INFO - [2025-09-21T04:48:08.770+0000] {override.py:1911} INFO - Created Permission View: can delete on DAG:example_python_decorator
[2025-09-21T04:48:08.781+0000] {logging_mixin.py:190} INFO - [2025-09-21T04:48:08.781+0000] {override.py:1911} INFO - Created Permission View: can read on DAG:example_python_decorator
[2025-09-21T04:48:08.787+0000] {logging_mixin.py:190} INFO - [2025-09-21T04:48:08.787+0000] {override.py:1911} INFO - Created Permission View: can edit on DAG:example_python_decorator
[2025-09-21T04:48:08.793+0000] {logging_mixin.py:190} INFO - [2025-09-21T04:48:08.793+0000] {override.py:1911} INFO - Created Permission View: can read on DAG Run:example_python_decorator
[2025-09-21T04:48:08.799+0000] {logging_mixin.py:190} INFO - [2025-09-21T04:48:08.799+0000] {override.py:1911} INFO - Created Permission View: menu access on DAG Run:example_python_decorator
[2025-09-21T04:48:08.805+0000] {logging_mixin.py:190} INFO - [2025-09-21T04:48:08.805+0000] {override.py:1911} INFO - Created Permission View: can delete on DAG Run:example_python_decorator
[2025-09-21T04:48:08.811+0000] {logging_mixin.py:190} INFO - [2025-09-21T04:48:08.810+0000] {override.py:1911} INFO - Created Permission View: can create on DAG Run:example_python_decorator
[2025-09-21T04:48:08.811+0000] {logging_mixin.py:190} INFO - [2025-09-21T04:48:08.811+0000] {dag.py:3239} INFO - Sync 1 DAGs
[2025-09-21T04:48:08.828+0000] {logging_mixin.py:190} INFO - [2025-09-21T04:48:08.828+0000] {dag.py:3262} INFO - Creating ORM DAG for example_python_decorator
[2025-09-21T04:48:08.829+0000] {logging_mixin.py:190} INFO - [2025-09-21T04:48:08.829+0000] {dag.py:4180} INFO - Setting next_dagrun for example_python_decorator to None, run_after=None
[2025-09-21T04:48:08.846+0000] {processor.py:208} INFO - Processing /home/airflow/.local/lib/python3.12/site-packages/airflow/example_dags/example_python_decorator.py took 0.243 seconds
[2025-09-21T04:48:39.402+0000] {processor.py:186} INFO - Started process (PID=173) to work on /home/airflow/.local/lib/python3.12/site-packages/airflow/example_dags/example_python_decorator.py
[2025-09-21T04:48:39.403+0000] {processor.py:914} INFO - Processing file /home/airflow/.local/lib/python3.12/site-packages/airflow/example_dags/example_python_decorator.py for tasks to queue
[2025-09-21T04:48:39.405+0000] {logging_mixin.py:190} INFO - [2025-09-21T04:48:39.405+0000] {dagbag.py:588} INFO - Filling up the DagBag from /home/airflow/.local/lib/python3.12/site-packages/airflow/example_dags/example_python_decorator.py
[2025-09-21T04:48:39.422+0000] {processor.py:925} INFO - DAG(s) 'example_python_decorator' retrieved from /home/airflow/.local/lib/python3.12/site-packages/airflow/example_dags/example_python_decorator.py
[2025-09-21T04:48:39.447+0000] {logging_mixin.py:190} INFO - [2025-09-21T04:48:39.447+0000] {dag.py:3239} INFO - Sync 1 DAGs
[2025-09-21T04:48:39.464+0000] {logging_mixin.py:190} INFO - [2025-09-21T04:48:39.463+0000] {dag.py:4180} INFO - Setting next_dagrun for example_python_decorator to None, run_after=None
[2025-09-21T04:48:39.482+0000] {processor.py:208} INFO - Processing /home/airflow/.local/lib/python3.12/site-packages/airflow/example_dags/example_python_decorator.py took 0.085 seconds
[2025-09-21T04:49:10.497+0000] {processor.py:186} INFO - Started process (PID=236) to work on /home/airflow/.local/lib/python3.12/site-packages/airflow/example_dags/example_python_decorator.py
[2025-09-21T04:49:10.497+0000] {processor.py:914} INFO - Processing file /home/airflow/.local/lib/python3.12/site-packages/airflow/example_dags/example_python_decorator.py for tasks to queue
[2025-09-21T04:49:10.500+0000] {logging_mixin.py:190} INFO - [2025-09-21T04:49:10.499+0000] {dagbag.py:588} INFO - Filling up the DagBag from /home/airflow/.local/lib/python3.12/site-packages/airflow/example_dags/example_python_decorator.py
[2025-09-21T04:49:10.520+0000] {processor.py:925} INFO - DAG(s) 'example_python_decorator' retrieved from /home/airflow/.local/lib/python3.12/site-packages/airflow/example_dags/example_python_decorator.py
[2025-09-21T04:49:10.546+0000] {logging_mixin.py:190} INFO - [2025-09-21T04:49:10.546+0000] {dag.py:3239} INFO - Sync 1 DAGs
[2025-09-21T04:49:10.563+0000] {logging_mixin.py:190} INFO - [2025-09-21T04:49:10.563+0000] {dag.py:4180} INFO - Setting next_dagrun for example_python_decorator to None, run_after=None
[2025-09-21T04:49:10.580+0000] {processor.py:208} INFO - Processing /home/airflow/.local/lib/python3.12/site-packages/airflow/example_dags/example_python_decorator.py took 0.090 seconds
[2025-09-21T04:49:41.415+0000] {processor.py:186} INFO - Started process (PID=299) to work on /home/airflow/.local/lib/python3.12/site-packages/airflow/example_dags/example_python_decorator.py
[2025-09-21T04:49:41.416+0000] {processor.py:914} INFO - Processing file /home/airflow/.local/lib/python3.12/site-packages/airflow/example_dags/example_python_decorator.py for tasks to queue
[2025-09-21T04:49:41.418+0000] {logging_mixin.py:190} INFO - [2025-09-21T04:49:41.418+0000] {dagbag.py:588} INFO - Filling up the DagBag from /home/airflow/.local/lib/python3.12/site-packages/airflow/example_dags/example_python_decorator.py
[2025-09-21T04:49:41.433+0000] {processor.py:925} INFO - DAG(s) 'example_python_decorator' retrieved from /home/airflow/.local/lib/python3.12/site-packages/airflow/example_dags/example_python_decorator.py
[2025-09-21T04:49:41.458+0000] {logging_mixin.py:190} INFO - [2025-09-21T04:49:41.458+0000] {dag.py:3239} INFO - Sync 1 DAGs
[2025-09-21T04:49:41.475+0000] {logging_mixin.py:190} INFO - [2025-09-21T04:49:41.475+0000] {dag.py:4180} INFO - Setting next_dagrun for example_python_decorator to None, run_after=None
[2025-09-21T04:49:41.492+0000] {processor.py:208} INFO - Processing /home/airflow/.local/lib/python3.12/site-packages/airflow/example_dags/example_python_decorator.py took 0.084 seconds
[2025-09-21T04:50:12.409+0000] {processor.py:186} INFO - Started process (PID=362) to work on /home/airflow/.local/lib/python3.12/site-packages/airflow/example_dags/example_python_decorator.py
[2025-09-21T04:50:12.410+0000] {processor.py:914} INFO - Processing file /home/airflow/.local/lib/python3.12/site-packages/airflow/example_dags/example_python_decorator.py for tasks to queue
[2025-09-21T04:50:12.412+0000] {logging_mixin.py:190} INFO - [2025-09-21T04:50:12.412+0000] {dagbag.py:588} INFO - Filling up the DagBag from /home/airflow/.local/lib/python3.12/site-packages/airflow/example_dags/example_python_decorator.py
[2025-09-21T04:50:12.428+0000] {processor.py:925} INFO - DAG(s) 'example_python_decorator' retrieved from /home/airflow/.local/lib/python3.12/site-packages/airflow/example_dags/example_python_decorator.py
[2025-09-21T04:50:12.454+0000] {logging_mixin.py:190} INFO - [2025-09-21T04:50:12.454+0000] {dag.py:3239} INFO - Sync 1 DAGs
[2025-09-21T04:50:12.472+0000] {logging_mixin.py:190} INFO - [2025-09-21T04:50:12.471+0000] {dag.py:4180} INFO - Setting next_dagrun for example_python_decorator to None, run_after=None
[2025-09-21T04:50:12.490+0000] {processor.py:208} INFO - Processing /home/airflow/.local/lib/python3.12/site-packages/airflow/example_dags/example_python_decorator.py took 0.087 seconds
[2025-09-21T04:50:42.614+0000] {processor.py:186} INFO - Started process (PID=423) to work on /home/airflow/.local/lib/python3.12/site-packages/airflow/example_dags/example_python_decorator.py
[2025-09-21T04:50:42.619+0000] {processor.py:914} INFO - Processing file /home/airflow/.local/lib/python3.12/site-packages/airflow/example_dags/example_python_decorator.py for tasks to queue
[2025-09-21T04:50:42.625+0000] {logging_mixin.py:190} INFO - [2025-09-21T04:50:42.625+0000] {dagbag.py:588} INFO - Filling up the DagBag from /home/airflow/.local/lib/python3.12/site-packages/airflow/example_dags/example_python_decorator.py
[2025-09-21T04:50:42.685+0000] {processor.py:925} INFO - DAG(s) 'example_python_decorator' retrieved from /home/airflow/.local/lib/python3.12/site-packages/airflow/example_dags/example_python_decorator.py
[2025-09-21T04:50:42.785+0000] {logging_mixin.py:190} INFO - [2025-09-21T04:50:42.784+0000] {dag.py:3239} INFO - Sync 1 DAGs
[2025-09-21T04:50:42.831+0000] {logging_mixin.py:190} INFO - [2025-09-21T04:50:42.830+0000] {dag.py:4180} INFO - Setting next_dagrun for example_python_decorator to None, run_after=None
[2025-09-21T04:50:42.874+0000] {processor.py:208} INFO - Processing /home/airflow/.local/lib/python3.12/site-packages/airflow/example_dags/example_python_decorator.py took 0.286 seconds
[2025-09-21T04:51:13.586+0000] {processor.py:186} INFO - Started process (PID=485) to work on /home/airflow/.local/lib/python3.12/site-packages/airflow/example_dags/example_python_decorator.py
[2025-09-21T04:51:13.587+0000] {processor.py:914} INFO - Processing file /home/airflow/.local/lib/python3.12/site-packages/airflow/example_dags/example_python_decorator.py for tasks to queue
[2025-09-21T04:51:13.589+0000] {logging_mixin.py:190} INFO - [2025-09-21T04:51:13.589+0000] {dagbag.py:588} INFO - Filling up the DagBag from /home/airflow/.local/lib/python3.12/site-packages/airflow/example_dags/example_python_decorator.py
[2025-09-21T04:51:13.612+0000] {processor.py:925} INFO - DAG(s) 'example_python_decorator' retrieved from /home/airflow/.local/lib/python3.12/site-packages/airflow/example_dags/example_python_decorator.py
[2025-09-21T04:51:13.647+0000] {logging_mixin.py:190} INFO - [2025-09-21T04:51:13.647+0000] {dag.py:3239} INFO - Sync 1 DAGs
[2025-09-21T04:51:13.665+0000] {logging_mixin.py:190} INFO - [2025-09-21T04:51:13.664+0000] {dag.py:4180} INFO - Setting next_dagrun for example_python_decorator to None, run_after=None
[2025-09-21T04:51:13.691+0000] {processor.py:208} INFO - Processing /home/airflow/.local/lib/python3.12/site-packages/airflow/example_dags/example_python_decorator.py took 0.118 seconds
[2025-09-21T04:51:43.937+0000] {processor.py:186} INFO - Started process (PID=549) to work on /home/airflow/.local/lib/python3.12/site-packages/airflow/example_dags/example_python_decorator.py
[2025-09-21T04:51:43.937+0000] {processor.py:914} INFO - Processing file /home/airflow/.local/lib/python3.12/site-packages/airflow/example_dags/example_python_decorator.py for tasks to queue
[2025-09-21T04:51:43.940+0000] {logging_mixin.py:190} INFO - [2025-09-21T04:51:43.939+0000] {dagbag.py:588} INFO - Filling up the DagBag from /home/airflow/.local/lib/python3.12/site-packages/airflow/example_dags/example_python_decorator.py
[2025-09-21T04:51:43.966+0000] {processor.py:925} INFO - DAG(s) 'example_python_decorator' retrieved from /home/airflow/.local/lib/python3.12/site-packages/airflow/example_dags/example_python_decorator.py
[2025-09-21T04:51:43.994+0000] {logging_mixin.py:190} INFO - [2025-09-21T04:51:43.994+0000] {dag.py:3239} INFO - Sync 1 DAGs
[2025-09-21T04:51:44.010+0000] {logging_mixin.py:190} INFO - [2025-09-21T04:51:44.010+0000] {dag.py:4180} INFO - Setting next_dagrun for example_python_decorator to None, run_after=None
[2025-09-21T04:51:44.044+0000] {processor.py:208} INFO - Processing /home/airflow/.local/lib/python3.12/site-packages/airflow/example_dags/example_python_decorator.py took 0.113 seconds
[2025-09-21T04:52:14.144+0000] {processor.py:186} INFO - Started process (PID=612) to work on /home/airflow/.local/lib/python3.12/site-packages/airflow/example_dags/example_python_decorator.py
[2025-09-21T04:52:14.145+0000] {processor.py:914} INFO - Processing file /home/airflow/.local/lib/python3.12/site-packages/airflow/example_dags/example_python_decorator.py for tasks to queue
[2025-09-21T04:52:14.147+0000] {logging_mixin.py:190} INFO - [2025-09-21T04:52:14.147+0000] {dagbag.py:588} INFO - Filling up the DagBag from /home/airflow/.local/lib/python3.12/site-packages/airflow/example_dags/example_python_decorator.py
[2025-09-21T04:52:14.164+0000] {processor.py:925} INFO - DAG(s) 'example_python_decorator' retrieved from /home/airflow/.local/lib/python3.12/site-packages/airflow/example_dags/example_python_decorator.py
[2025-09-21T04:52:14.189+0000] {logging_mixin.py:190} INFO - [2025-09-21T04:52:14.189+0000] {dag.py:3239} INFO - Sync 1 DAGs
[2025-09-21T04:52:14.209+0000] {logging_mixin.py:190} INFO - [2025-09-21T04:52:14.208+0000] {dag.py:4180} INFO - Setting next_dagrun for example_python_decorator to None, run_after=None
[2025-09-21T04:52:14.248+0000] {processor.py:208} INFO - Processing /home/airflow/.local/lib/python3.12/site-packages/airflow/example_dags/example_python_decorator.py took 0.110 seconds
[2025-09-21T04:52:44.927+0000] {processor.py:186} INFO - Started process (PID=675) to work on /home/airflow/.local/lib/python3.12/site-packages/airflow/example_dags/example_python_decorator.py
[2025-09-21T04:52:44.927+0000] {processor.py:914} INFO - Processing file /home/airflow/.local/lib/python3.12/site-packages/airflow/example_dags/example_python_decorator.py for tasks to queue
[2025-09-21T04:52:44.936+0000] {logging_mixin.py:190} INFO - [2025-09-21T04:52:44.936+0000] {dagbag.py:588} INFO - Filling up the DagBag from /home/airflow/.local/lib/python3.12/site-packages/airflow/example_dags/example_python_decorator.py
[2025-09-21T04:52:44.955+0000] {processor.py:925} INFO - DAG(s) 'example_python_decorator' retrieved from /home/airflow/.local/lib/python3.12/site-packages/airflow/example_dags/example_python_decorator.py
[2025-09-21T04:52:44.991+0000] {logging_mixin.py:190} INFO - [2025-09-21T04:52:44.991+0000] {dag.py:3239} INFO - Sync 1 DAGs
[2025-09-21T04:52:45.006+0000] {logging_mixin.py:190} INFO - [2025-09-21T04:52:45.006+0000] {dag.py:4180} INFO - Setting next_dagrun for example_python_decorator to None, run_after=None
[2025-09-21T04:52:45.030+0000] {processor.py:208} INFO - Processing /home/airflow/.local/lib/python3.12/site-packages/airflow/example_dags/example_python_decorator.py took 0.116 seconds
[2025-09-21T04:53:15.122+0000] {processor.py:186} INFO - Started process (PID=738) to work on /home/airflow/.local/lib/python3.12/site-packages/airflow/example_dags/example_python_decorator.py
[2025-09-21T04:53:15.122+0000] {processor.py:914} INFO - Processing file /home/airflow/.local/lib/python3.12/site-packages/airflow/example_dags/example_python_decorator.py for tasks to queue
[2025-09-21T04:53:15.124+0000] {logging_mixin.py:190} INFO - [2025-09-21T04:53:15.124+0000] {dagbag.py:588} INFO - Filling up the DagBag from /home/airflow/.local/lib/python3.12/site-packages/airflow/example_dags/example_python_decorator.py
[2025-09-21T04:53:15.136+0000] {processor.py:925} INFO - DAG(s) 'example_python_decorator' retrieved from /home/airflow/.local/lib/python3.12/site-packages/airflow/example_dags/example_python_decorator.py
[2025-09-21T04:53:15.154+0000] {logging_mixin.py:190} INFO - [2025-09-21T04:53:15.153+0000] {dag.py:3239} INFO - Sync 1 DAGs
[2025-09-21T04:53:15.166+0000] {logging_mixin.py:190} INFO - [2025-09-21T04:53:15.166+0000] {dag.py:4180} INFO - Setting next_dagrun for example_python_decorator to None, run_after=None
[2025-09-21T04:53:15.180+0000] {processor.py:208} INFO - Processing /home/airflow/.local/lib/python3.12/site-packages/airflow/example_dags/example_python_decorator.py took 0.063 seconds
[2025-09-21T04:53:45.359+0000] {processor.py:186} INFO - Started process (PID=801) to work on /home/airflow/.local/lib/python3.12/site-packages/airflow/example_dags/example_python_decorator.py
[2025-09-21T04:53:45.362+0000] {processor.py:914} INFO - Processing file /home/airflow/.local/lib/python3.12/site-packages/airflow/example_dags/example_python_decorator.py for tasks to queue
[2025-09-21T04:53:45.366+0000] {logging_mixin.py:190} INFO - [2025-09-21T04:53:45.365+0000] {dagbag.py:588} INFO - Filling up the DagBag from /home/airflow/.local/lib/python3.12/site-packages/airflow/example_dags/example_python_decorator.py
[2025-09-21T04:53:45.412+0000] {processor.py:925} INFO - DAG(s) 'example_python_decorator' retrieved from /home/airflow/.local/lib/python3.12/site-packages/airflow/example_dags/example_python_decorator.py
[2025-09-21T04:53:45.449+0000] {logging_mixin.py:190} INFO - [2025-09-21T04:53:45.448+0000] {dag.py:3239} INFO - Sync 1 DAGs
[2025-09-21T04:53:45.465+0000] {logging_mixin.py:190} INFO - [2025-09-21T04:53:45.464+0000] {dag.py:4180} INFO - Setting next_dagrun for example_python_decorator to None, run_after=None
[2025-09-21T04:53:45.481+0000] {processor.py:208} INFO - Processing /home/airflow/.local/lib/python3.12/site-packages/airflow/example_dags/example_python_decorator.py took 0.139 seconds
[2025-09-21T04:54:15.515+0000] {processor.py:186} INFO - Started process (PID=863) to work on /home/airflow/.local/lib/python3.12/site-packages/airflow/example_dags/example_python_decorator.py
[2025-09-21T04:54:15.516+0000] {processor.py:914} INFO - Processing file /home/airflow/.local/lib/python3.12/site-packages/airflow/example_dags/example_python_decorator.py for tasks to queue
[2025-09-21T04:54:15.517+0000] {logging_mixin.py:190} INFO - [2025-09-21T04:54:15.517+0000] {dagbag.py:588} INFO - Filling up the DagBag from /home/airflow/.local/lib/python3.12/site-packages/airflow/example_dags/example_python_decorator.py
[2025-09-21T04:54:15.529+0000] {processor.py:925} INFO - DAG(s) 'example_python_decorator' retrieved from /home/airflow/.local/lib/python3.12/site-packages/airflow/example_dags/example_python_decorator.py
[2025-09-21T04:54:15.548+0000] {logging_mixin.py:190} INFO - [2025-09-21T04:54:15.547+0000] {dag.py:3239} INFO - Sync 1 DAGs
[2025-09-21T04:54:15.559+0000] {logging_mixin.py:190} INFO - [2025-09-21T04:54:15.559+0000] {dag.py:4180} INFO - Setting next_dagrun for example_python_decorator to None, run_after=None
[2025-09-21T04:54:15.574+0000] {processor.py:208} INFO - Processing /home/airflow/.local/lib/python3.12/site-packages/airflow/example_dags/example_python_decorator.py took 0.064 seconds
[2025-09-21T04:54:46.336+0000] {processor.py:186} INFO - Started process (PID=926) to work on /home/airflow/.local/lib/python3.12/site-packages/airflow/example_dags/example_python_decorator.py
[2025-09-21T04:54:46.337+0000] {processor.py:914} INFO - Processing file /home/airflow/.local/lib/python3.12/site-packages/airflow/example_dags/example_python_decorator.py for tasks to queue
[2025-09-21T04:54:46.339+0000] {logging_mixin.py:190} INFO - [2025-09-21T04:54:46.339+0000] {dagbag.py:588} INFO - Filling up the DagBag from /home/airflow/.local/lib/python3.12/site-packages/airflow/example_dags/example_python_decorator.py
[2025-09-21T04:54:46.357+0000] {processor.py:925} INFO - DAG(s) 'example_python_decorator' retrieved from /home/airflow/.local/lib/python3.12/site-packages/airflow/example_dags/example_python_decorator.py
[2025-09-21T04:54:46.393+0000] {logging_mixin.py:190} INFO - [2025-09-21T04:54:46.393+0000] {dag.py:3239} INFO - Sync 1 DAGs
[2025-09-21T04:54:46.413+0000] {logging_mixin.py:190} INFO - [2025-09-21T04:54:46.412+0000] {dag.py:4180} INFO - Setting next_dagrun for example_python_decorator to None, run_after=None
[2025-09-21T04:54:46.435+0000] {processor.py:208} INFO - Processing /home/airflow/.local/lib/python3.12/site-packages/airflow/example_dags/example_python_decorator.py took 0.105 seconds
[2025-09-21T04:55:17.260+0000] {processor.py:186} INFO - Started process (PID=989) to work on /home/airflow/.local/lib/python3.12/site-packages/airflow/example_dags/example_python_decorator.py
[2025-09-21T04:55:17.261+0000] {processor.py:914} INFO - Processing file /home/airflow/.local/lib/python3.12/site-packages/airflow/example_dags/example_python_decorator.py for tasks to queue
[2025-09-21T04:55:17.263+0000] {logging_mixin.py:190} INFO - [2025-09-21T04:55:17.263+0000] {dagbag.py:588} INFO - Filling up the DagBag from /home/airflow/.local/lib/python3.12/site-packages/airflow/example_dags/example_python_decorator.py
[2025-09-21T04:55:17.279+0000] {processor.py:925} INFO - DAG(s) 'example_python_decorator' retrieved from /home/airflow/.local/lib/python3.12/site-packages/airflow/example_dags/example_python_decorator.py
[2025-09-21T04:55:17.306+0000] {logging_mixin.py:190} INFO - [2025-09-21T04:55:17.306+0000] {dag.py:3239} INFO - Sync 1 DAGs
[2025-09-21T04:55:17.324+0000] {logging_mixin.py:190} INFO - [2025-09-21T04:55:17.324+0000] {dag.py:4180} INFO - Setting next_dagrun for example_python_decorator to None, run_after=None
[2025-09-21T04:55:17.344+0000] {processor.py:208} INFO - Processing /home/airflow/.local/lib/python3.12/site-packages/airflow/example_dags/example_python_decorator.py took 0.090 seconds
[2025-09-21T04:55:47.592+0000] {processor.py:186} INFO - Started process (PID=1052) to work on /home/airflow/.local/lib/python3.12/site-packages/airflow/example_dags/example_python_decorator.py
[2025-09-21T04:55:47.596+0000] {processor.py:914} INFO - Processing file /home/airflow/.local/lib/python3.12/site-packages/airflow/example_dags/example_python_decorator.py for tasks to queue
[2025-09-21T04:55:47.598+0000] {logging_mixin.py:190} INFO - [2025-09-21T04:55:47.598+0000] {dagbag.py:588} INFO - Filling up the DagBag from /home/airflow/.local/lib/python3.12/site-packages/airflow/example_dags/example_python_decorator.py
[2025-09-21T04:55:47.630+0000] {processor.py:925} INFO - DAG(s) 'example_python_decorator' retrieved from /home/airflow/.local/lib/python3.12/site-packages/airflow/example_dags/example_python_decorator.py
[2025-09-21T04:55:47.683+0000] {logging_mixin.py:190} INFO - [2025-09-21T04:55:47.683+0000] {dag.py:3239} INFO - Sync 1 DAGs
[2025-09-21T04:55:47.710+0000] {logging_mixin.py:190} INFO - [2025-09-21T04:55:47.710+0000] {dag.py:4180} INFO - Setting next_dagrun for example_python_decorator to None, run_after=None
[2025-09-21T04:55:47.738+0000] {processor.py:208} INFO - Processing /home/airflow/.local/lib/python3.12/site-packages/airflow/example_dags/example_python_decorator.py took 0.152 seconds
[2025-09-21T04:56:18.657+0000] {processor.py:186} INFO - Started process (PID=1114) to work on /home/airflow/.local/lib/python3.12/site-packages/airflow/example_dags/example_python_decorator.py
[2025-09-21T04:56:18.659+0000] {processor.py:914} INFO - Processing file /home/airflow/.local/lib/python3.12/site-packages/airflow/example_dags/example_python_decorator.py for tasks to queue
[2025-09-21T04:56:18.661+0000] {logging_mixin.py:190} INFO - [2025-09-21T04:56:18.660+0000] {dagbag.py:588} INFO - Filling up the DagBag from /home/airflow/.local/lib/python3.12/site-packages/airflow/example_dags/example_python_decorator.py
[2025-09-21T04:56:18.679+0000] {processor.py:925} INFO - DAG(s) 'example_python_decorator' retrieved from /home/airflow/.local/lib/python3.12/site-packages/airflow/example_dags/example_python_decorator.py
[2025-09-21T04:56:18.705+0000] {logging_mixin.py:190} INFO - [2025-09-21T04:56:18.704+0000] {dag.py:3239} INFO - Sync 1 DAGs
[2025-09-21T04:56:18.721+0000] {logging_mixin.py:190} INFO - [2025-09-21T04:56:18.721+0000] {dag.py:4180} INFO - Setting next_dagrun for example_python_decorator to None, run_after=None
[2025-09-21T04:56:18.741+0000] {processor.py:208} INFO - Processing /home/airflow/.local/lib/python3.12/site-packages/airflow/example_dags/example_python_decorator.py took 0.089 seconds
[2025-09-21T04:56:48.984+0000] {processor.py:186} INFO - Started process (PID=1177) to work on /home/airflow/.local/lib/python3.12/site-packages/airflow/example_dags/example_python_decorator.py
[2025-09-21T04:56:48.985+0000] {processor.py:914} INFO - Processing file /home/airflow/.local/lib/python3.12/site-packages/airflow/example_dags/example_python_decorator.py for tasks to queue
[2025-09-21T04:56:48.988+0000] {logging_mixin.py:190} INFO - [2025-09-21T04:56:48.988+0000] {dagbag.py:588} INFO - Filling up the DagBag from /home/airflow/.local/lib/python3.12/site-packages/airflow/example_dags/example_python_decorator.py
[2025-09-21T04:56:49.014+0000] {processor.py:925} INFO - DAG(s) 'example_python_decorator' retrieved from /home/airflow/.local/lib/python3.12/site-packages/airflow/example_dags/example_python_decorator.py
[2025-09-21T04:56:49.050+0000] {logging_mixin.py:190} INFO - [2025-09-21T04:56:49.050+0000] {dag.py:3239} INFO - Sync 1 DAGs
[2025-09-21T04:56:49.067+0000] {logging_mixin.py:190} INFO - [2025-09-21T04:56:49.066+0000] {dag.py:4180} INFO - Setting next_dagrun for example_python_decorator to None, run_after=None
[2025-09-21T04:56:49.087+0000] {processor.py:208} INFO - Processing /home/airflow/.local/lib/python3.12/site-packages/airflow/example_dags/example_python_decorator.py took 0.112 seconds
[2025-09-21T04:57:19.359+0000] {processor.py:186} INFO - Started process (PID=1240) to work on /home/airflow/.local/lib/python3.12/site-packages/airflow/example_dags/example_python_decorator.py
[2025-09-21T04:57:19.359+0000] {processor.py:914} INFO - Processing file /home/airflow/.local/lib/python3.12/site-packages/airflow/example_dags/example_python_decorator.py for tasks to queue
[2025-09-21T04:57:19.361+0000] {logging_mixin.py:190} INFO - [2025-09-21T04:57:19.361+0000] {dagbag.py:588} INFO - Filling up the DagBag from /home/airflow/.local/lib/python3.12/site-packages/airflow/example_dags/example_python_decorator.py
[2025-09-21T04:57:19.376+0000] {processor.py:925} INFO - DAG(s) 'example_python_decorator' retrieved from /home/airflow/.local/lib/python3.12/site-packages/airflow/example_dags/example_python_decorator.py
[2025-09-21T04:57:19.403+0000] {logging_mixin.py:190} INFO - [2025-09-21T04:57:19.402+0000] {dag.py:3239} INFO - Sync 1 DAGs
[2025-09-21T04:57:19.422+0000] {logging_mixin.py:190} INFO - [2025-09-21T04:57:19.421+0000] {dag.py:4180} INFO - Setting next_dagrun for example_python_decorator to None, run_after=None
[2025-09-21T04:57:19.445+0000] {processor.py:208} INFO - Processing /home/airflow/.local/lib/python3.12/site-packages/airflow/example_dags/example_python_decorator.py took 0.091 seconds
[2025-09-21T04:57:50.087+0000] {processor.py:186} INFO - Started process (PID=1303) to work on /home/airflow/.local/lib/python3.12/site-packages/airflow/example_dags/example_python_decorator.py
[2025-09-21T04:57:50.088+0000] {processor.py:914} INFO - Processing file /home/airflow/.local/lib/python3.12/site-packages/airflow/example_dags/example_python_decorator.py for tasks to queue
[2025-09-21T04:57:50.090+0000] {logging_mixin.py:190} INFO - [2025-09-21T04:57:50.089+0000] {dagbag.py:588} INFO - Filling up the DagBag from /home/airflow/.local/lib/python3.12/site-packages/airflow/example_dags/example_python_decorator.py
[2025-09-21T04:57:50.101+0000] {processor.py:925} INFO - DAG(s) 'example_python_decorator' retrieved from /home/airflow/.local/lib/python3.12/site-packages/airflow/example_dags/example_python_decorator.py
[2025-09-21T04:57:50.119+0000] {logging_mixin.py:190} INFO - [2025-09-21T04:57:50.119+0000] {dag.py:3239} INFO - Sync 1 DAGs
[2025-09-21T04:57:50.133+0000] {logging_mixin.py:190} INFO - [2025-09-21T04:57:50.132+0000] {dag.py:4180} INFO - Setting next_dagrun for example_python_decorator to None, run_after=None
[2025-09-21T04:57:50.146+0000] {processor.py:208} INFO - Processing /home/airflow/.local/lib/python3.12/site-packages/airflow/example_dags/example_python_decorator.py took 0.063 seconds
