[2025-09-21T04:47:52.707+0000] {processor.py:186} INFO - Started process (PID=82) to work on /home/airflow/.local/lib/python3.12/site-packages/airflow/example_dags/example_latest_only.py
[2025-09-21T04:47:52.707+0000] {processor.py:914} INFO - Processing file /home/airflow/.local/lib/python3.12/site-packages/airflow/example_dags/example_latest_only.py for tasks to queue
[2025-09-21T04:47:52.722+0000] {logging_mixin.py:190} INFO - [2025-09-21T04:47:52.721+0000] {dagbag.py:588} INFO - Filling up the DagBag from /home/airflow/.local/lib/python3.12/site-packages/airflow/example_dags/example_latest_only.py
[2025-09-21T04:47:52.788+0000] {processor.py:925} INFO - DAG(s) 'latest_only' retrieved from /home/airflow/.local/lib/python3.12/site-packages/airflow/example_dags/example_latest_only.py
[2025-09-21T04:47:53.111+0000] {logging_mixin.py:190} INFO - [2025-09-21T04:47:53.110+0000] {override.py:1911} INFO - Created Permission View: can delete on DAG:latest_only
[2025-09-21T04:47:53.125+0000] {logging_mixin.py:190} INFO - [2025-09-21T04:47:53.125+0000] {override.py:1911} INFO - Created Permission View: can read on DAG:latest_only
[2025-09-21T04:47:53.132+0000] {logging_mixin.py:190} INFO - [2025-09-21T04:47:53.132+0000] {override.py:1911} INFO - Created Permission View: can edit on DAG:latest_only
[2025-09-21T04:47:53.141+0000] {logging_mixin.py:190} INFO - [2025-09-21T04:47:53.141+0000] {override.py:1911} INFO - Created Permission View: can read on DAG Run:latest_only
[2025-09-21T04:47:53.150+0000] {logging_mixin.py:190} INFO - [2025-09-21T04:47:53.149+0000] {override.py:1911} INFO - Created Permission View: menu access on DAG Run:latest_only
[2025-09-21T04:47:53.169+0000] {logging_mixin.py:190} INFO - [2025-09-21T04:47:53.168+0000] {override.py:1911} INFO - Created Permission View: can delete on DAG Run:latest_only
[2025-09-21T04:47:53.195+0000] {logging_mixin.py:190} INFO - [2025-09-21T04:47:53.195+0000] {override.py:1911} INFO - Created Permission View: can create on DAG Run:latest_only
[2025-09-21T04:47:53.196+0000] {logging_mixin.py:190} INFO - [2025-09-21T04:47:53.195+0000] {dag.py:3239} INFO - Sync 1 DAGs
[2025-09-21T04:47:53.234+0000] {logging_mixin.py:190} INFO - [2025-09-21T04:47:53.233+0000] {dag.py:3262} INFO - Creating ORM DAG for latest_only
[2025-09-21T04:47:53.266+0000] {logging_mixin.py:190} INFO - [2025-09-21T04:47:53.265+0000] {dag.py:4180} INFO - Setting next_dagrun for latest_only to 2025-09-21 00:00:00+00:00, run_after=2025-09-21 04:00:00+00:00
[2025-09-21T04:47:53.344+0000] {processor.py:208} INFO - Processing /home/airflow/.local/lib/python3.12/site-packages/airflow/example_dags/example_latest_only.py took 0.672 seconds
[2025-09-21T04:48:26.385+0000] {processor.py:186} INFO - Started process (PID=143) to work on /home/airflow/.local/lib/python3.12/site-packages/airflow/example_dags/example_latest_only.py
[2025-09-21T04:48:26.389+0000] {processor.py:914} INFO - Processing file /home/airflow/.local/lib/python3.12/site-packages/airflow/example_dags/example_latest_only.py for tasks to queue
[2025-09-21T04:48:26.394+0000] {logging_mixin.py:190} INFO - [2025-09-21T04:48:26.393+0000] {dagbag.py:588} INFO - Filling up the DagBag from /home/airflow/.local/lib/python3.12/site-packages/airflow/example_dags/example_latest_only.py
[2025-09-21T04:48:26.410+0000] {processor.py:925} INFO - DAG(s) 'latest_only' retrieved from /home/airflow/.local/lib/python3.12/site-packages/airflow/example_dags/example_latest_only.py
[2025-09-21T04:48:26.448+0000] {logging_mixin.py:190} INFO - [2025-09-21T04:48:26.447+0000] {dag.py:3239} INFO - Sync 1 DAGs
[2025-09-21T04:48:26.488+0000] {logging_mixin.py:190} INFO - [2025-09-21T04:48:26.487+0000] {dag.py:4180} INFO - Setting next_dagrun for latest_only to 2025-09-21 00:00:00+00:00, run_after=2025-09-21 04:00:00+00:00
[2025-09-21T04:48:26.524+0000] {processor.py:208} INFO - Processing /home/airflow/.local/lib/python3.12/site-packages/airflow/example_dags/example_latest_only.py took 0.150 seconds
[2025-09-21T04:48:56.973+0000] {processor.py:186} INFO - Started process (PID=206) to work on /home/airflow/.local/lib/python3.12/site-packages/airflow/example_dags/example_latest_only.py
[2025-09-21T04:48:56.974+0000] {processor.py:914} INFO - Processing file /home/airflow/.local/lib/python3.12/site-packages/airflow/example_dags/example_latest_only.py for tasks to queue
[2025-09-21T04:48:56.976+0000] {logging_mixin.py:190} INFO - [2025-09-21T04:48:56.976+0000] {dagbag.py:588} INFO - Filling up the DagBag from /home/airflow/.local/lib/python3.12/site-packages/airflow/example_dags/example_latest_only.py
[2025-09-21T04:48:56.986+0000] {processor.py:925} INFO - DAG(s) 'latest_only' retrieved from /home/airflow/.local/lib/python3.12/site-packages/airflow/example_dags/example_latest_only.py
[2025-09-21T04:48:57.006+0000] {logging_mixin.py:190} INFO - [2025-09-21T04:48:57.006+0000] {dag.py:3239} INFO - Sync 1 DAGs
[2025-09-21T04:48:57.034+0000] {logging_mixin.py:190} INFO - [2025-09-21T04:48:57.034+0000] {dag.py:4180} INFO - Setting next_dagrun for latest_only to 2025-09-21 00:00:00+00:00, run_after=2025-09-21 04:00:00+00:00
[2025-09-21T04:48:57.052+0000] {processor.py:208} INFO - Processing /home/airflow/.local/lib/python3.12/site-packages/airflow/example_dags/example_latest_only.py took 0.085 seconds
[2025-09-21T04:49:31.180+0000] {processor.py:186} INFO - Started process (PID=263) to work on /home/airflow/.local/lib/python3.12/site-packages/airflow/example_dags/example_latest_only.py
[2025-09-21T04:49:31.185+0000] {processor.py:914} INFO - Processing file /home/airflow/.local/lib/python3.12/site-packages/airflow/example_dags/example_latest_only.py for tasks to queue
[2025-09-21T04:49:31.190+0000] {logging_mixin.py:190} INFO - [2025-09-21T04:49:31.190+0000] {dagbag.py:588} INFO - Filling up the DagBag from /home/airflow/.local/lib/python3.12/site-packages/airflow/example_dags/example_latest_only.py
[2025-09-21T04:49:31.211+0000] {processor.py:925} INFO - DAG(s) 'latest_only' retrieved from /home/airflow/.local/lib/python3.12/site-packages/airflow/example_dags/example_latest_only.py
[2025-09-21T04:49:31.290+0000] {logging_mixin.py:190} INFO - [2025-09-21T04:49:31.290+0000] {dag.py:3239} INFO - Sync 1 DAGs
[2025-09-21T04:49:31.389+0000] {logging_mixin.py:190} INFO - [2025-09-21T04:49:31.389+0000] {dag.py:4180} INFO - Setting next_dagrun for latest_only to 2025-09-21 00:00:00+00:00, run_after=2025-09-21 04:00:00+00:00
[2025-09-21T04:49:31.436+0000] {processor.py:208} INFO - Processing /home/airflow/.local/lib/python3.12/site-packages/airflow/example_dags/example_latest_only.py took 0.271 seconds
[2025-09-21T04:50:01.876+0000] {processor.py:186} INFO - Started process (PID=326) to work on /home/airflow/.local/lib/python3.12/site-packages/airflow/example_dags/example_latest_only.py
[2025-09-21T04:50:01.877+0000] {processor.py:914} INFO - Processing file /home/airflow/.local/lib/python3.12/site-packages/airflow/example_dags/example_latest_only.py for tasks to queue
[2025-09-21T04:50:01.879+0000] {logging_mixin.py:190} INFO - [2025-09-21T04:50:01.879+0000] {dagbag.py:588} INFO - Filling up the DagBag from /home/airflow/.local/lib/python3.12/site-packages/airflow/example_dags/example_latest_only.py
[2025-09-21T04:50:01.886+0000] {processor.py:925} INFO - DAG(s) 'latest_only' retrieved from /home/airflow/.local/lib/python3.12/site-packages/airflow/example_dags/example_latest_only.py
[2025-09-21T04:50:01.918+0000] {logging_mixin.py:190} INFO - [2025-09-21T04:50:01.918+0000] {dag.py:3239} INFO - Sync 1 DAGs
[2025-09-21T04:50:01.944+0000] {logging_mixin.py:190} INFO - [2025-09-21T04:50:01.944+0000] {dag.py:4180} INFO - Setting next_dagrun for latest_only to 2025-09-21 00:00:00+00:00, run_after=2025-09-21 04:00:00+00:00
[2025-09-21T04:50:01.965+0000] {processor.py:208} INFO - Processing /home/airflow/.local/lib/python3.12/site-packages/airflow/example_dags/example_latest_only.py took 0.095 seconds
[2025-09-21T04:50:32.599+0000] {processor.py:186} INFO - Started process (PID=394) to work on /home/airflow/.local/lib/python3.12/site-packages/airflow/example_dags/example_latest_only.py
[2025-09-21T04:50:32.600+0000] {processor.py:914} INFO - Processing file /home/airflow/.local/lib/python3.12/site-packages/airflow/example_dags/example_latest_only.py for tasks to queue
[2025-09-21T04:50:32.602+0000] {logging_mixin.py:190} INFO - [2025-09-21T04:50:32.602+0000] {dagbag.py:588} INFO - Filling up the DagBag from /home/airflow/.local/lib/python3.12/site-packages/airflow/example_dags/example_latest_only.py
[2025-09-21T04:50:32.608+0000] {processor.py:925} INFO - DAG(s) 'latest_only' retrieved from /home/airflow/.local/lib/python3.12/site-packages/airflow/example_dags/example_latest_only.py
[2025-09-21T04:50:32.623+0000] {logging_mixin.py:190} INFO - [2025-09-21T04:50:32.623+0000] {dag.py:3239} INFO - Sync 1 DAGs
[2025-09-21T04:50:32.642+0000] {logging_mixin.py:190} INFO - [2025-09-21T04:50:32.642+0000] {dag.py:4180} INFO - Setting next_dagrun for latest_only to 2025-09-21 00:00:00+00:00, run_after=2025-09-21 04:00:00+00:00
[2025-09-21T04:50:32.656+0000] {processor.py:208} INFO - Processing /home/airflow/.local/lib/python3.12/site-packages/airflow/example_dags/example_latest_only.py took 0.061 seconds
[2025-09-21T04:51:03.435+0000] {processor.py:186} INFO - Started process (PID=456) to work on /home/airflow/.local/lib/python3.12/site-packages/airflow/example_dags/example_latest_only.py
[2025-09-21T04:51:03.436+0000] {processor.py:914} INFO - Processing file /home/airflow/.local/lib/python3.12/site-packages/airflow/example_dags/example_latest_only.py for tasks to queue
[2025-09-21T04:51:03.440+0000] {logging_mixin.py:190} INFO - [2025-09-21T04:51:03.439+0000] {dagbag.py:588} INFO - Filling up the DagBag from /home/airflow/.local/lib/python3.12/site-packages/airflow/example_dags/example_latest_only.py
[2025-09-21T04:51:03.447+0000] {processor.py:925} INFO - DAG(s) 'latest_only' retrieved from /home/airflow/.local/lib/python3.12/site-packages/airflow/example_dags/example_latest_only.py
[2025-09-21T04:51:03.472+0000] {logging_mixin.py:190} INFO - [2025-09-21T04:51:03.471+0000] {dag.py:3239} INFO - Sync 1 DAGs
[2025-09-21T04:51:03.501+0000] {logging_mixin.py:190} INFO - [2025-09-21T04:51:03.501+0000] {dag.py:4180} INFO - Setting next_dagrun for latest_only to 2025-09-21 00:00:00+00:00, run_after=2025-09-21 04:00:00+00:00
[2025-09-21T04:51:03.521+0000] {processor.py:208} INFO - Processing /home/airflow/.local/lib/python3.12/site-packages/airflow/example_dags/example_latest_only.py took 0.094 seconds
[2025-09-21T04:51:33.931+0000] {processor.py:186} INFO - Started process (PID=519) to work on /home/airflow/.local/lib/python3.12/site-packages/airflow/example_dags/example_latest_only.py
[2025-09-21T04:51:33.932+0000] {processor.py:914} INFO - Processing file /home/airflow/.local/lib/python3.12/site-packages/airflow/example_dags/example_latest_only.py for tasks to queue
[2025-09-21T04:51:33.934+0000] {logging_mixin.py:190} INFO - [2025-09-21T04:51:33.934+0000] {dagbag.py:588} INFO - Filling up the DagBag from /home/airflow/.local/lib/python3.12/site-packages/airflow/example_dags/example_latest_only.py
[2025-09-21T04:51:33.941+0000] {processor.py:925} INFO - DAG(s) 'latest_only' retrieved from /home/airflow/.local/lib/python3.12/site-packages/airflow/example_dags/example_latest_only.py
[2025-09-21T04:51:33.963+0000] {logging_mixin.py:190} INFO - [2025-09-21T04:51:33.962+0000] {dag.py:3239} INFO - Sync 1 DAGs
[2025-09-21T04:51:33.990+0000] {logging_mixin.py:190} INFO - [2025-09-21T04:51:33.990+0000] {dag.py:4180} INFO - Setting next_dagrun for latest_only to 2025-09-21 00:00:00+00:00, run_after=2025-09-21 04:00:00+00:00
[2025-09-21T04:51:34.008+0000] {processor.py:208} INFO - Processing /home/airflow/.local/lib/python3.12/site-packages/airflow/example_dags/example_latest_only.py took 0.085 seconds
[2025-09-21T04:52:04.232+0000] {processor.py:186} INFO - Started process (PID=582) to work on /home/airflow/.local/lib/python3.12/site-packages/airflow/example_dags/example_latest_only.py
[2025-09-21T04:52:04.233+0000] {processor.py:914} INFO - Processing file /home/airflow/.local/lib/python3.12/site-packages/airflow/example_dags/example_latest_only.py for tasks to queue
[2025-09-21T04:52:04.236+0000] {logging_mixin.py:190} INFO - [2025-09-21T04:52:04.235+0000] {dagbag.py:588} INFO - Filling up the DagBag from /home/airflow/.local/lib/python3.12/site-packages/airflow/example_dags/example_latest_only.py
[2025-09-21T04:52:04.243+0000] {processor.py:925} INFO - DAG(s) 'latest_only' retrieved from /home/airflow/.local/lib/python3.12/site-packages/airflow/example_dags/example_latest_only.py
[2025-09-21T04:52:04.265+0000] {logging_mixin.py:190} INFO - [2025-09-21T04:52:04.265+0000] {dag.py:3239} INFO - Sync 1 DAGs
[2025-09-21T04:52:04.292+0000] {logging_mixin.py:190} INFO - [2025-09-21T04:52:04.291+0000] {dag.py:4180} INFO - Setting next_dagrun for latest_only to 2025-09-21 00:00:00+00:00, run_after=2025-09-21 04:00:00+00:00
[2025-09-21T04:52:04.309+0000] {processor.py:208} INFO - Processing /home/airflow/.local/lib/python3.12/site-packages/airflow/example_dags/example_latest_only.py took 0.084 seconds
[2025-09-21T04:52:34.698+0000] {processor.py:186} INFO - Started process (PID=645) to work on /home/airflow/.local/lib/python3.12/site-packages/airflow/example_dags/example_latest_only.py
[2025-09-21T04:52:34.699+0000] {processor.py:914} INFO - Processing file /home/airflow/.local/lib/python3.12/site-packages/airflow/example_dags/example_latest_only.py for tasks to queue
[2025-09-21T04:52:34.701+0000] {logging_mixin.py:190} INFO - [2025-09-21T04:52:34.701+0000] {dagbag.py:588} INFO - Filling up the DagBag from /home/airflow/.local/lib/python3.12/site-packages/airflow/example_dags/example_latest_only.py
[2025-09-21T04:52:34.708+0000] {processor.py:925} INFO - DAG(s) 'latest_only' retrieved from /home/airflow/.local/lib/python3.12/site-packages/airflow/example_dags/example_latest_only.py
[2025-09-21T04:52:34.729+0000] {logging_mixin.py:190} INFO - [2025-09-21T04:52:34.729+0000] {dag.py:3239} INFO - Sync 1 DAGs
[2025-09-21T04:52:34.755+0000] {logging_mixin.py:190} INFO - [2025-09-21T04:52:34.755+0000] {dag.py:4180} INFO - Setting next_dagrun for latest_only to 2025-09-21 00:00:00+00:00, run_after=2025-09-21 04:00:00+00:00
[2025-09-21T04:52:34.772+0000] {processor.py:208} INFO - Processing /home/airflow/.local/lib/python3.12/site-packages/airflow/example_dags/example_latest_only.py took 0.080 seconds
[2025-09-21T04:53:05.229+0000] {processor.py:186} INFO - Started process (PID=708) to work on /home/airflow/.local/lib/python3.12/site-packages/airflow/example_dags/example_latest_only.py
[2025-09-21T04:53:05.230+0000] {processor.py:914} INFO - Processing file /home/airflow/.local/lib/python3.12/site-packages/airflow/example_dags/example_latest_only.py for tasks to queue
[2025-09-21T04:53:05.232+0000] {logging_mixin.py:190} INFO - [2025-09-21T04:53:05.231+0000] {dagbag.py:588} INFO - Filling up the DagBag from /home/airflow/.local/lib/python3.12/site-packages/airflow/example_dags/example_latest_only.py
[2025-09-21T04:53:05.240+0000] {processor.py:925} INFO - DAG(s) 'latest_only' retrieved from /home/airflow/.local/lib/python3.12/site-packages/airflow/example_dags/example_latest_only.py
[2025-09-21T04:53:05.260+0000] {logging_mixin.py:190} INFO - [2025-09-21T04:53:05.260+0000] {dag.py:3239} INFO - Sync 1 DAGs
[2025-09-21T04:53:05.287+0000] {logging_mixin.py:190} INFO - [2025-09-21T04:53:05.287+0000] {dag.py:4180} INFO - Setting next_dagrun for latest_only to 2025-09-21 00:00:00+00:00, run_after=2025-09-21 04:00:00+00:00
[2025-09-21T04:53:05.303+0000] {processor.py:208} INFO - Processing /home/airflow/.local/lib/python3.12/site-packages/airflow/example_dags/example_latest_only.py took 0.081 seconds
[2025-09-21T04:53:36.476+0000] {processor.py:186} INFO - Started process (PID=771) to work on /home/airflow/.local/lib/python3.12/site-packages/airflow/example_dags/example_latest_only.py
[2025-09-21T04:53:36.478+0000] {processor.py:914} INFO - Processing file /home/airflow/.local/lib/python3.12/site-packages/airflow/example_dags/example_latest_only.py for tasks to queue
[2025-09-21T04:53:36.482+0000] {logging_mixin.py:190} INFO - [2025-09-21T04:53:36.482+0000] {dagbag.py:588} INFO - Filling up the DagBag from /home/airflow/.local/lib/python3.12/site-packages/airflow/example_dags/example_latest_only.py
[2025-09-21T04:53:36.503+0000] {processor.py:925} INFO - DAG(s) 'latest_only' retrieved from /home/airflow/.local/lib/python3.12/site-packages/airflow/example_dags/example_latest_only.py
[2025-09-21T04:53:36.565+0000] {logging_mixin.py:190} INFO - [2025-09-21T04:53:36.565+0000] {dag.py:3239} INFO - Sync 1 DAGs
[2025-09-21T04:53:36.624+0000] {logging_mixin.py:190} INFO - [2025-09-21T04:53:36.624+0000] {dag.py:4180} INFO - Setting next_dagrun for latest_only to 2025-09-21 00:00:00+00:00, run_after=2025-09-21 04:00:00+00:00
[2025-09-21T04:53:36.659+0000] {processor.py:208} INFO - Processing /home/airflow/.local/lib/python3.12/site-packages/airflow/example_dags/example_latest_only.py took 0.201 seconds
[2025-09-21T04:54:06.913+0000] {processor.py:186} INFO - Started process (PID=834) to work on /home/airflow/.local/lib/python3.12/site-packages/airflow/example_dags/example_latest_only.py
[2025-09-21T04:54:06.913+0000] {processor.py:914} INFO - Processing file /home/airflow/.local/lib/python3.12/site-packages/airflow/example_dags/example_latest_only.py for tasks to queue
[2025-09-21T04:54:06.916+0000] {logging_mixin.py:190} INFO - [2025-09-21T04:54:06.915+0000] {dagbag.py:588} INFO - Filling up the DagBag from /home/airflow/.local/lib/python3.12/site-packages/airflow/example_dags/example_latest_only.py
[2025-09-21T04:54:06.923+0000] {processor.py:925} INFO - DAG(s) 'latest_only' retrieved from /home/airflow/.local/lib/python3.12/site-packages/airflow/example_dags/example_latest_only.py
[2025-09-21T04:54:06.943+0000] {logging_mixin.py:190} INFO - [2025-09-21T04:54:06.943+0000] {dag.py:3239} INFO - Sync 1 DAGs
[2025-09-21T04:54:06.969+0000] {logging_mixin.py:190} INFO - [2025-09-21T04:54:06.969+0000] {dag.py:4180} INFO - Setting next_dagrun for latest_only to 2025-09-21 00:00:00+00:00, run_after=2025-09-21 04:00:00+00:00
[2025-09-21T04:54:06.999+0000] {processor.py:208} INFO - Processing /home/airflow/.local/lib/python3.12/site-packages/airflow/example_dags/example_latest_only.py took 0.092 seconds
[2025-09-21T04:54:37.378+0000] {processor.py:186} INFO - Started process (PID=897) to work on /home/airflow/.local/lib/python3.12/site-packages/airflow/example_dags/example_latest_only.py
[2025-09-21T04:54:37.379+0000] {processor.py:914} INFO - Processing file /home/airflow/.local/lib/python3.12/site-packages/airflow/example_dags/example_latest_only.py for tasks to queue
[2025-09-21T04:54:37.381+0000] {logging_mixin.py:190} INFO - [2025-09-21T04:54:37.380+0000] {dagbag.py:588} INFO - Filling up the DagBag from /home/airflow/.local/lib/python3.12/site-packages/airflow/example_dags/example_latest_only.py
[2025-09-21T04:54:37.386+0000] {processor.py:925} INFO - DAG(s) 'latest_only' retrieved from /home/airflow/.local/lib/python3.12/site-packages/airflow/example_dags/example_latest_only.py
[2025-09-21T04:54:37.401+0000] {logging_mixin.py:190} INFO - [2025-09-21T04:54:37.401+0000] {dag.py:3239} INFO - Sync 1 DAGs
[2025-09-21T04:54:37.419+0000] {logging_mixin.py:190} INFO - [2025-09-21T04:54:37.419+0000] {dag.py:4180} INFO - Setting next_dagrun for latest_only to 2025-09-21 00:00:00+00:00, run_after=2025-09-21 04:00:00+00:00
[2025-09-21T04:54:37.432+0000] {processor.py:208} INFO - Processing /home/airflow/.local/lib/python3.12/site-packages/airflow/example_dags/example_latest_only.py took 0.058 seconds
[2025-09-21T04:55:08.111+0000] {processor.py:186} INFO - Started process (PID=960) to work on /home/airflow/.local/lib/python3.12/site-packages/airflow/example_dags/example_latest_only.py
[2025-09-21T04:55:08.111+0000] {processor.py:914} INFO - Processing file /home/airflow/.local/lib/python3.12/site-packages/airflow/example_dags/example_latest_only.py for tasks to queue
[2025-09-21T04:55:08.114+0000] {logging_mixin.py:190} INFO - [2025-09-21T04:55:08.113+0000] {dagbag.py:588} INFO - Filling up the DagBag from /home/airflow/.local/lib/python3.12/site-packages/airflow/example_dags/example_latest_only.py
[2025-09-21T04:55:08.122+0000] {processor.py:925} INFO - DAG(s) 'latest_only' retrieved from /home/airflow/.local/lib/python3.12/site-packages/airflow/example_dags/example_latest_only.py
[2025-09-21T04:55:08.142+0000] {logging_mixin.py:190} INFO - [2025-09-21T04:55:08.142+0000] {dag.py:3239} INFO - Sync 1 DAGs
[2025-09-21T04:55:08.172+0000] {logging_mixin.py:190} INFO - [2025-09-21T04:55:08.171+0000] {dag.py:4180} INFO - Setting next_dagrun for latest_only to 2025-09-21 00:00:00+00:00, run_after=2025-09-21 04:00:00+00:00
[2025-09-21T04:55:08.188+0000] {processor.py:208} INFO - Processing /home/airflow/.local/lib/python3.12/site-packages/airflow/example_dags/example_latest_only.py took 0.084 seconds
[2025-09-21T04:55:38.411+0000] {processor.py:186} INFO - Started process (PID=1023) to work on /home/airflow/.local/lib/python3.12/site-packages/airflow/example_dags/example_latest_only.py
[2025-09-21T04:55:38.412+0000] {processor.py:914} INFO - Processing file /home/airflow/.local/lib/python3.12/site-packages/airflow/example_dags/example_latest_only.py for tasks to queue
[2025-09-21T04:55:38.414+0000] {logging_mixin.py:190} INFO - [2025-09-21T04:55:38.414+0000] {dagbag.py:588} INFO - Filling up the DagBag from /home/airflow/.local/lib/python3.12/site-packages/airflow/example_dags/example_latest_only.py
[2025-09-21T04:55:38.421+0000] {processor.py:925} INFO - DAG(s) 'latest_only' retrieved from /home/airflow/.local/lib/python3.12/site-packages/airflow/example_dags/example_latest_only.py
[2025-09-21T04:55:38.442+0000] {logging_mixin.py:190} INFO - [2025-09-21T04:55:38.441+0000] {dag.py:3239} INFO - Sync 1 DAGs
[2025-09-21T04:55:38.468+0000] {logging_mixin.py:190} INFO - [2025-09-21T04:55:38.468+0000] {dag.py:4180} INFO - Setting next_dagrun for latest_only to 2025-09-21 00:00:00+00:00, run_after=2025-09-21 04:00:00+00:00
[2025-09-21T04:55:38.487+0000] {processor.py:208} INFO - Processing /home/airflow/.local/lib/python3.12/site-packages/airflow/example_dags/example_latest_only.py took 0.083 seconds
