[2025-09-21T04:48:04.028+0000] {processor.py:186} INFO - Started process (PID=104) to work on /home/airflow/.local/lib/python3.12/site-packages/airflow/example_dags/example_inlet_event_extra.py
[2025-09-21T04:48:04.029+0000] {processor.py:914} INFO - Processing file /home/airflow/.local/lib/python3.12/site-packages/airflow/example_dags/example_inlet_event_extra.py for tasks to queue
[2025-09-21T04:48:04.038+0000] {logging_mixin.py:190} INFO - [2025-09-21T04:48:04.038+0000] {dagbag.py:588} INFO - Filling up the DagBag from /home/airflow/.local/lib/python3.12/site-packages/airflow/example_dags/example_inlet_event_extra.py
[2025-09-21T04:48:06.535+0000] {processor.py:925} INFO - DAG(s) 'read_dataset_event_from_classic', 'read_dataset_event' retrieved from /home/airflow/.local/lib/python3.12/site-packages/airflow/example_dags/example_inlet_event_extra.py
[2025-09-21T04:48:07.011+0000] {logging_mixin.py:190} INFO - [2025-09-21T04:48:07.010+0000] {override.py:1911} INFO - Created Permission View: can delete on DAG:read_dataset_event_from_classic
[2025-09-21T04:48:07.087+0000] {logging_mixin.py:190} INFO - [2025-09-21T04:48:07.087+0000] {override.py:1911} INFO - Created Permission View: can read on DAG:read_dataset_event_from_classic
[2025-09-21T04:48:07.118+0000] {logging_mixin.py:190} INFO - [2025-09-21T04:48:07.117+0000] {override.py:1911} INFO - Created Permission View: can edit on DAG:read_dataset_event_from_classic
[2025-09-21T04:48:07.147+0000] {logging_mixin.py:190} INFO - [2025-09-21T04:48:07.146+0000] {override.py:1911} INFO - Created Permission View: can read on DAG Run:read_dataset_event_from_classic
[2025-09-21T04:48:07.181+0000] {logging_mixin.py:190} INFO - [2025-09-21T04:48:07.181+0000] {override.py:1911} INFO - Created Permission View: menu access on DAG Run:read_dataset_event_from_classic
[2025-09-21T04:48:07.226+0000] {logging_mixin.py:190} INFO - [2025-09-21T04:48:07.225+0000] {override.py:1911} INFO - Created Permission View: can delete on DAG Run:read_dataset_event_from_classic
[2025-09-21T04:48:07.286+0000] {logging_mixin.py:190} INFO - [2025-09-21T04:48:07.285+0000] {override.py:1911} INFO - Created Permission View: can create on DAG Run:read_dataset_event_from_classic
[2025-09-21T04:48:07.377+0000] {logging_mixin.py:190} INFO - [2025-09-21T04:48:07.376+0000] {override.py:1911} INFO - Created Permission View: can delete on DAG:read_dataset_event
[2025-09-21T04:48:07.398+0000] {logging_mixin.py:190} INFO - [2025-09-21T04:48:07.398+0000] {override.py:1911} INFO - Created Permission View: can read on DAG:read_dataset_event
[2025-09-21T04:48:07.441+0000] {logging_mixin.py:190} INFO - [2025-09-21T04:48:07.440+0000] {override.py:1911} INFO - Created Permission View: can edit on DAG:read_dataset_event
[2025-09-21T04:48:07.526+0000] {logging_mixin.py:190} INFO - [2025-09-21T04:48:07.525+0000] {override.py:1911} INFO - Created Permission View: can read on DAG Run:read_dataset_event
[2025-09-21T04:48:07.821+0000] {logging_mixin.py:190} INFO - [2025-09-21T04:48:07.821+0000] {override.py:1911} INFO - Created Permission View: menu access on DAG Run:read_dataset_event
[2025-09-21T04:48:07.859+0000] {logging_mixin.py:190} INFO - [2025-09-21T04:48:07.858+0000] {override.py:1911} INFO - Created Permission View: can delete on DAG Run:read_dataset_event
[2025-09-21T04:48:07.879+0000] {logging_mixin.py:190} INFO - [2025-09-21T04:48:07.878+0000] {override.py:1911} INFO - Created Permission View: can create on DAG Run:read_dataset_event
[2025-09-21T04:48:07.883+0000] {logging_mixin.py:190} INFO - [2025-09-21T04:48:07.883+0000] {dag.py:3239} INFO - Sync 2 DAGs
[2025-09-21T04:48:07.948+0000] {logging_mixin.py:190} INFO - [2025-09-21T04:48:07.948+0000] {dag.py:3262} INFO - Creating ORM DAG for read_dataset_event_from_classic
[2025-09-21T04:48:07.949+0000] {logging_mixin.py:190} INFO - [2025-09-21T04:48:07.949+0000] {dag.py:3262} INFO - Creating ORM DAG for read_dataset_event
[2025-09-21T04:48:07.979+0000] {logging_mixin.py:190} INFO - [2025-09-21T04:48:07.979+0000] {dag.py:4180} INFO - Setting next_dagrun for read_dataset_event to 2025-09-20 00:00:00+00:00, run_after=2025-09-21 00:00:00+00:00
[2025-09-21T04:48:07.985+0000] {logging_mixin.py:190} INFO - [2025-09-21T04:48:07.983+0000] {dag.py:4180} INFO - Setting next_dagrun for read_dataset_event_from_classic to 2025-09-20 00:00:00+00:00, run_after=2025-09-21 00:00:00+00:00
[2025-09-21T04:48:08.025+0000] {processor.py:208} INFO - Processing /home/airflow/.local/lib/python3.12/site-packages/airflow/example_dags/example_inlet_event_extra.py took 4.017 seconds
[2025-09-21T04:48:38.890+0000] {processor.py:186} INFO - Started process (PID=169) to work on /home/airflow/.local/lib/python3.12/site-packages/airflow/example_dags/example_inlet_event_extra.py
[2025-09-21T04:48:38.891+0000] {processor.py:914} INFO - Processing file /home/airflow/.local/lib/python3.12/site-packages/airflow/example_dags/example_inlet_event_extra.py for tasks to queue
[2025-09-21T04:48:38.893+0000] {logging_mixin.py:190} INFO - [2025-09-21T04:48:38.892+0000] {dagbag.py:588} INFO - Filling up the DagBag from /home/airflow/.local/lib/python3.12/site-packages/airflow/example_dags/example_inlet_event_extra.py
[2025-09-21T04:48:39.677+0000] {processor.py:925} INFO - DAG(s) 'read_dataset_event', 'read_dataset_event_from_classic' retrieved from /home/airflow/.local/lib/python3.12/site-packages/airflow/example_dags/example_inlet_event_extra.py
[2025-09-21T04:48:39.693+0000] {logging_mixin.py:190} INFO - [2025-09-21T04:48:39.692+0000] {dag.py:3239} INFO - Sync 2 DAGs
[2025-09-21T04:48:39.712+0000] {logging_mixin.py:190} INFO - [2025-09-21T04:48:39.712+0000] {dag.py:4180} INFO - Setting next_dagrun for read_dataset_event to 2025-09-20 00:00:00+00:00, run_after=2025-09-21 00:00:00+00:00
[2025-09-21T04:48:39.716+0000] {logging_mixin.py:190} INFO - [2025-09-21T04:48:39.716+0000] {dag.py:4180} INFO - Setting next_dagrun for read_dataset_event_from_classic to 2025-09-20 00:00:00+00:00, run_after=2025-09-21 00:00:00+00:00
[2025-09-21T04:48:39.728+0000] {processor.py:208} INFO - Processing /home/airflow/.local/lib/python3.12/site-packages/airflow/example_dags/example_inlet_event_extra.py took 0.844 seconds
[2025-09-21T04:49:10.362+0000] {processor.py:186} INFO - Started process (PID=234) to work on /home/airflow/.local/lib/python3.12/site-packages/airflow/example_dags/example_inlet_event_extra.py
[2025-09-21T04:49:10.362+0000] {processor.py:914} INFO - Processing file /home/airflow/.local/lib/python3.12/site-packages/airflow/example_dags/example_inlet_event_extra.py for tasks to queue
[2025-09-21T04:49:10.365+0000] {logging_mixin.py:190} INFO - [2025-09-21T04:49:10.364+0000] {dagbag.py:588} INFO - Filling up the DagBag from /home/airflow/.local/lib/python3.12/site-packages/airflow/example_dags/example_inlet_event_extra.py
[2025-09-21T04:49:11.115+0000] {processor.py:925} INFO - DAG(s) 'read_dataset_event', 'read_dataset_event_from_classic' retrieved from /home/airflow/.local/lib/python3.12/site-packages/airflow/example_dags/example_inlet_event_extra.py
[2025-09-21T04:49:11.131+0000] {logging_mixin.py:190} INFO - [2025-09-21T04:49:11.130+0000] {dag.py:3239} INFO - Sync 2 DAGs
[2025-09-21T04:49:11.150+0000] {logging_mixin.py:190} INFO - [2025-09-21T04:49:11.150+0000] {dag.py:4180} INFO - Setting next_dagrun for read_dataset_event to 2025-09-20 00:00:00+00:00, run_after=2025-09-21 00:00:00+00:00
[2025-09-21T04:49:11.154+0000] {logging_mixin.py:190} INFO - [2025-09-21T04:49:11.154+0000] {dag.py:4180} INFO - Setting next_dagrun for read_dataset_event_from_classic to 2025-09-20 00:00:00+00:00, run_after=2025-09-21 00:00:00+00:00
[2025-09-21T04:49:11.166+0000] {processor.py:208} INFO - Processing /home/airflow/.local/lib/python3.12/site-packages/airflow/example_dags/example_inlet_event_extra.py took 0.810 seconds
[2025-09-21T04:49:41.288+0000] {processor.py:186} INFO - Started process (PID=297) to work on /home/airflow/.local/lib/python3.12/site-packages/airflow/example_dags/example_inlet_event_extra.py
[2025-09-21T04:49:41.289+0000] {processor.py:914} INFO - Processing file /home/airflow/.local/lib/python3.12/site-packages/airflow/example_dags/example_inlet_event_extra.py for tasks to queue
[2025-09-21T04:49:41.292+0000] {logging_mixin.py:190} INFO - [2025-09-21T04:49:41.291+0000] {dagbag.py:588} INFO - Filling up the DagBag from /home/airflow/.local/lib/python3.12/site-packages/airflow/example_dags/example_inlet_event_extra.py
[2025-09-21T04:49:42.053+0000] {processor.py:925} INFO - DAG(s) 'read_dataset_event', 'read_dataset_event_from_classic' retrieved from /home/airflow/.local/lib/python3.12/site-packages/airflow/example_dags/example_inlet_event_extra.py
[2025-09-21T04:49:42.070+0000] {logging_mixin.py:190} INFO - [2025-09-21T04:49:42.070+0000] {dag.py:3239} INFO - Sync 2 DAGs
[2025-09-21T04:49:42.089+0000] {logging_mixin.py:190} INFO - [2025-09-21T04:49:42.089+0000] {dag.py:4180} INFO - Setting next_dagrun for read_dataset_event to 2025-09-20 00:00:00+00:00, run_after=2025-09-21 00:00:00+00:00
[2025-09-21T04:49:42.093+0000] {logging_mixin.py:190} INFO - [2025-09-21T04:49:42.093+0000] {dag.py:4180} INFO - Setting next_dagrun for read_dataset_event_from_classic to 2025-09-20 00:00:00+00:00, run_after=2025-09-21 00:00:00+00:00
[2025-09-21T04:49:42.105+0000] {processor.py:208} INFO - Processing /home/airflow/.local/lib/python3.12/site-packages/airflow/example_dags/example_inlet_event_extra.py took 0.822 seconds
[2025-09-21T04:50:12.278+0000] {processor.py:186} INFO - Started process (PID=360) to work on /home/airflow/.local/lib/python3.12/site-packages/airflow/example_dags/example_inlet_event_extra.py
[2025-09-21T04:50:12.279+0000] {processor.py:914} INFO - Processing file /home/airflow/.local/lib/python3.12/site-packages/airflow/example_dags/example_inlet_event_extra.py for tasks to queue
[2025-09-21T04:50:12.281+0000] {logging_mixin.py:190} INFO - [2025-09-21T04:50:12.281+0000] {dagbag.py:588} INFO - Filling up the DagBag from /home/airflow/.local/lib/python3.12/site-packages/airflow/example_dags/example_inlet_event_extra.py
[2025-09-21T04:50:12.988+0000] {processor.py:925} INFO - DAG(s) 'read_dataset_event_from_classic', 'read_dataset_event' retrieved from /home/airflow/.local/lib/python3.12/site-packages/airflow/example_dags/example_inlet_event_extra.py
[2025-09-21T04:50:13.013+0000] {logging_mixin.py:190} INFO - [2025-09-21T04:50:13.012+0000] {dag.py:3239} INFO - Sync 2 DAGs
[2025-09-21T04:50:13.047+0000] {logging_mixin.py:190} INFO - [2025-09-21T04:50:13.046+0000] {dag.py:4180} INFO - Setting next_dagrun for read_dataset_event to 2025-09-20 00:00:00+00:00, run_after=2025-09-21 00:00:00+00:00
[2025-09-21T04:50:13.053+0000] {logging_mixin.py:190} INFO - [2025-09-21T04:50:13.052+0000] {dag.py:4180} INFO - Setting next_dagrun for read_dataset_event_from_classic to 2025-09-20 00:00:00+00:00, run_after=2025-09-21 00:00:00+00:00
[2025-09-21T04:50:13.071+0000] {processor.py:208} INFO - Processing /home/airflow/.local/lib/python3.12/site-packages/airflow/example_dags/example_inlet_event_extra.py took 0.798 seconds
[2025-09-21T04:50:43.431+0000] {processor.py:186} INFO - Started process (PID=426) to work on /home/airflow/.local/lib/python3.12/site-packages/airflow/example_dags/example_inlet_event_extra.py
[2025-09-21T04:50:43.438+0000] {processor.py:914} INFO - Processing file /home/airflow/.local/lib/python3.12/site-packages/airflow/example_dags/example_inlet_event_extra.py for tasks to queue
[2025-09-21T04:50:43.442+0000] {logging_mixin.py:190} INFO - [2025-09-21T04:50:43.442+0000] {dagbag.py:588} INFO - Filling up the DagBag from /home/airflow/.local/lib/python3.12/site-packages/airflow/example_dags/example_inlet_event_extra.py
[2025-09-21T04:50:44.987+0000] {processor.py:925} INFO - DAG(s) 'read_dataset_event', 'read_dataset_event_from_classic' retrieved from /home/airflow/.local/lib/python3.12/site-packages/airflow/example_dags/example_inlet_event_extra.py
[2025-09-21T04:50:45.017+0000] {logging_mixin.py:190} INFO - [2025-09-21T04:50:45.016+0000] {dag.py:3239} INFO - Sync 2 DAGs
[2025-09-21T04:50:45.046+0000] {logging_mixin.py:190} INFO - [2025-09-21T04:50:45.046+0000] {dag.py:4180} INFO - Setting next_dagrun for read_dataset_event to 2025-09-20 00:00:00+00:00, run_after=2025-09-21 00:00:00+00:00
[2025-09-21T04:50:45.052+0000] {logging_mixin.py:190} INFO - [2025-09-21T04:50:45.052+0000] {dag.py:4180} INFO - Setting next_dagrun for read_dataset_event_from_classic to 2025-09-20 00:00:00+00:00, run_after=2025-09-21 00:00:00+00:00
[2025-09-21T04:50:45.077+0000] {processor.py:208} INFO - Processing /home/airflow/.local/lib/python3.12/site-packages/airflow/example_dags/example_inlet_event_extra.py took 1.661 seconds
[2025-09-21T04:51:15.793+0000] {processor.py:186} INFO - Started process (PID=489) to work on /home/airflow/.local/lib/python3.12/site-packages/airflow/example_dags/example_inlet_event_extra.py
[2025-09-21T04:51:15.796+0000] {processor.py:914} INFO - Processing file /home/airflow/.local/lib/python3.12/site-packages/airflow/example_dags/example_inlet_event_extra.py for tasks to queue
[2025-09-21T04:51:15.798+0000] {logging_mixin.py:190} INFO - [2025-09-21T04:51:15.797+0000] {dagbag.py:588} INFO - Filling up the DagBag from /home/airflow/.local/lib/python3.12/site-packages/airflow/example_dags/example_inlet_event_extra.py
[2025-09-21T04:51:17.295+0000] {processor.py:925} INFO - DAG(s) 'read_dataset_event', 'read_dataset_event_from_classic' retrieved from /home/airflow/.local/lib/python3.12/site-packages/airflow/example_dags/example_inlet_event_extra.py
[2025-09-21T04:51:17.343+0000] {logging_mixin.py:190} INFO - [2025-09-21T04:51:17.342+0000] {dag.py:3239} INFO - Sync 2 DAGs
[2025-09-21T04:51:17.405+0000] {logging_mixin.py:190} INFO - [2025-09-21T04:51:17.405+0000] {dag.py:4180} INFO - Setting next_dagrun for read_dataset_event to 2025-09-20 00:00:00+00:00, run_after=2025-09-21 00:00:00+00:00
[2025-09-21T04:51:17.420+0000] {logging_mixin.py:190} INFO - [2025-09-21T04:51:17.419+0000] {dag.py:4180} INFO - Setting next_dagrun for read_dataset_event_from_classic to 2025-09-20 00:00:00+00:00, run_after=2025-09-21 00:00:00+00:00
[2025-09-21T04:51:17.453+0000] {processor.py:208} INFO - Processing /home/airflow/.local/lib/python3.12/site-packages/airflow/example_dags/example_inlet_event_extra.py took 1.674 seconds
[2025-09-21T04:51:48.278+0000] {processor.py:186} INFO - Started process (PID=553) to work on /home/airflow/.local/lib/python3.12/site-packages/airflow/example_dags/example_inlet_event_extra.py
[2025-09-21T04:51:48.279+0000] {processor.py:914} INFO - Processing file /home/airflow/.local/lib/python3.12/site-packages/airflow/example_dags/example_inlet_event_extra.py for tasks to queue
[2025-09-21T04:51:48.281+0000] {logging_mixin.py:190} INFO - [2025-09-21T04:51:48.281+0000] {dagbag.py:588} INFO - Filling up the DagBag from /home/airflow/.local/lib/python3.12/site-packages/airflow/example_dags/example_inlet_event_extra.py
[2025-09-21T04:51:48.900+0000] {processor.py:925} INFO - DAG(s) 'read_dataset_event', 'read_dataset_event_from_classic' retrieved from /home/airflow/.local/lib/python3.12/site-packages/airflow/example_dags/example_inlet_event_extra.py
[2025-09-21T04:51:48.931+0000] {logging_mixin.py:190} INFO - [2025-09-21T04:51:48.931+0000] {dag.py:3239} INFO - Sync 2 DAGs
[2025-09-21T04:51:48.969+0000] {logging_mixin.py:190} INFO - [2025-09-21T04:51:48.969+0000] {dag.py:4180} INFO - Setting next_dagrun for read_dataset_event to 2025-09-20 00:00:00+00:00, run_after=2025-09-21 00:00:00+00:00
[2025-09-21T04:51:48.975+0000] {logging_mixin.py:190} INFO - [2025-09-21T04:51:48.975+0000] {dag.py:4180} INFO - Setting next_dagrun for read_dataset_event_from_classic to 2025-09-20 00:00:00+00:00, run_after=2025-09-21 00:00:00+00:00
[2025-09-21T04:51:48.990+0000] {processor.py:208} INFO - Processing /home/airflow/.local/lib/python3.12/site-packages/airflow/example_dags/example_inlet_event_extra.py took 0.718 seconds
[2025-09-21T04:52:19.436+0000] {processor.py:186} INFO - Started process (PID=616) to work on /home/airflow/.local/lib/python3.12/site-packages/airflow/example_dags/example_inlet_event_extra.py
[2025-09-21T04:52:19.437+0000] {processor.py:914} INFO - Processing file /home/airflow/.local/lib/python3.12/site-packages/airflow/example_dags/example_inlet_event_extra.py for tasks to queue
[2025-09-21T04:52:19.439+0000] {logging_mixin.py:190} INFO - [2025-09-21T04:52:19.438+0000] {dagbag.py:588} INFO - Filling up the DagBag from /home/airflow/.local/lib/python3.12/site-packages/airflow/example_dags/example_inlet_event_extra.py
[2025-09-21T04:52:19.962+0000] {processor.py:925} INFO - DAG(s) 'read_dataset_event', 'read_dataset_event_from_classic' retrieved from /home/airflow/.local/lib/python3.12/site-packages/airflow/example_dags/example_inlet_event_extra.py
[2025-09-21T04:52:19.978+0000] {logging_mixin.py:190} INFO - [2025-09-21T04:52:19.978+0000] {dag.py:3239} INFO - Sync 2 DAGs
[2025-09-21T04:52:20.001+0000] {logging_mixin.py:190} INFO - [2025-09-21T04:52:20.001+0000] {dag.py:4180} INFO - Setting next_dagrun for read_dataset_event to 2025-09-20 00:00:00+00:00, run_after=2025-09-21 00:00:00+00:00
[2025-09-21T04:52:20.008+0000] {logging_mixin.py:190} INFO - [2025-09-21T04:52:20.008+0000] {dag.py:4180} INFO - Setting next_dagrun for read_dataset_event_from_classic to 2025-09-20 00:00:00+00:00, run_after=2025-09-21 00:00:00+00:00
[2025-09-21T04:52:20.022+0000] {processor.py:208} INFO - Processing /home/airflow/.local/lib/python3.12/site-packages/airflow/example_dags/example_inlet_event_extra.py took 0.591 seconds
[2025-09-21T04:52:50.201+0000] {processor.py:186} INFO - Started process (PID=679) to work on /home/airflow/.local/lib/python3.12/site-packages/airflow/example_dags/example_inlet_event_extra.py
[2025-09-21T04:52:50.201+0000] {processor.py:914} INFO - Processing file /home/airflow/.local/lib/python3.12/site-packages/airflow/example_dags/example_inlet_event_extra.py for tasks to queue
[2025-09-21T04:52:50.203+0000] {logging_mixin.py:190} INFO - [2025-09-21T04:52:50.203+0000] {dagbag.py:588} INFO - Filling up the DagBag from /home/airflow/.local/lib/python3.12/site-packages/airflow/example_dags/example_inlet_event_extra.py
[2025-09-21T04:52:50.750+0000] {processor.py:925} INFO - DAG(s) 'read_dataset_event_from_classic', 'read_dataset_event' retrieved from /home/airflow/.local/lib/python3.12/site-packages/airflow/example_dags/example_inlet_event_extra.py
[2025-09-21T04:52:50.768+0000] {logging_mixin.py:190} INFO - [2025-09-21T04:52:50.768+0000] {dag.py:3239} INFO - Sync 2 DAGs
[2025-09-21T04:52:50.787+0000] {logging_mixin.py:190} INFO - [2025-09-21T04:52:50.787+0000] {dag.py:4180} INFO - Setting next_dagrun for read_dataset_event to 2025-09-20 00:00:00+00:00, run_after=2025-09-21 00:00:00+00:00
[2025-09-21T04:52:50.791+0000] {logging_mixin.py:190} INFO - [2025-09-21T04:52:50.791+0000] {dag.py:4180} INFO - Setting next_dagrun for read_dataset_event_from_classic to 2025-09-20 00:00:00+00:00, run_after=2025-09-21 00:00:00+00:00
[2025-09-21T04:52:50.802+0000] {processor.py:208} INFO - Processing /home/airflow/.local/lib/python3.12/site-packages/airflow/example_dags/example_inlet_event_extra.py took 0.606 seconds
[2025-09-21T04:53:21.433+0000] {processor.py:186} INFO - Started process (PID=742) to work on /home/airflow/.local/lib/python3.12/site-packages/airflow/example_dags/example_inlet_event_extra.py
[2025-09-21T04:53:21.434+0000] {processor.py:914} INFO - Processing file /home/airflow/.local/lib/python3.12/site-packages/airflow/example_dags/example_inlet_event_extra.py for tasks to queue
[2025-09-21T04:53:21.436+0000] {logging_mixin.py:190} INFO - [2025-09-21T04:53:21.436+0000] {dagbag.py:588} INFO - Filling up the DagBag from /home/airflow/.local/lib/python3.12/site-packages/airflow/example_dags/example_inlet_event_extra.py
[2025-09-21T04:53:22.031+0000] {processor.py:925} INFO - DAG(s) 'read_dataset_event', 'read_dataset_event_from_classic' retrieved from /home/airflow/.local/lib/python3.12/site-packages/airflow/example_dags/example_inlet_event_extra.py
[2025-09-21T04:53:22.051+0000] {logging_mixin.py:190} INFO - [2025-09-21T04:53:22.050+0000] {dag.py:3239} INFO - Sync 2 DAGs
[2025-09-21T04:53:22.072+0000] {logging_mixin.py:190} INFO - [2025-09-21T04:53:22.071+0000] {dag.py:4180} INFO - Setting next_dagrun for read_dataset_event to 2025-09-20 00:00:00+00:00, run_after=2025-09-21 00:00:00+00:00
[2025-09-21T04:53:22.076+0000] {logging_mixin.py:190} INFO - [2025-09-21T04:53:22.076+0000] {dag.py:4180} INFO - Setting next_dagrun for read_dataset_event_from_classic to 2025-09-20 00:00:00+00:00, run_after=2025-09-21 00:00:00+00:00
[2025-09-21T04:53:22.089+0000] {processor.py:208} INFO - Processing /home/airflow/.local/lib/python3.12/site-packages/airflow/example_dags/example_inlet_event_extra.py took 0.660 seconds
[2025-09-21T04:53:52.778+0000] {processor.py:186} INFO - Started process (PID=805) to work on /home/airflow/.local/lib/python3.12/site-packages/airflow/example_dags/example_inlet_event_extra.py
[2025-09-21T04:53:52.779+0000] {processor.py:914} INFO - Processing file /home/airflow/.local/lib/python3.12/site-packages/airflow/example_dags/example_inlet_event_extra.py for tasks to queue
[2025-09-21T04:53:52.781+0000] {logging_mixin.py:190} INFO - [2025-09-21T04:53:52.780+0000] {dagbag.py:588} INFO - Filling up the DagBag from /home/airflow/.local/lib/python3.12/site-packages/airflow/example_dags/example_inlet_event_extra.py
[2025-09-21T04:53:53.296+0000] {processor.py:925} INFO - DAG(s) 'read_dataset_event_from_classic', 'read_dataset_event' retrieved from /home/airflow/.local/lib/python3.12/site-packages/airflow/example_dags/example_inlet_event_extra.py
[2025-09-21T04:53:53.315+0000] {logging_mixin.py:190} INFO - [2025-09-21T04:53:53.314+0000] {dag.py:3239} INFO - Sync 2 DAGs
[2025-09-21T04:53:53.338+0000] {logging_mixin.py:190} INFO - [2025-09-21T04:53:53.337+0000] {dag.py:4180} INFO - Setting next_dagrun for read_dataset_event to 2025-09-20 00:00:00+00:00, run_after=2025-09-21 00:00:00+00:00
[2025-09-21T04:53:53.341+0000] {logging_mixin.py:190} INFO - [2025-09-21T04:53:53.341+0000] {dag.py:4180} INFO - Setting next_dagrun for read_dataset_event_from_classic to 2025-09-20 00:00:00+00:00, run_after=2025-09-21 00:00:00+00:00
[2025-09-21T04:53:53.353+0000] {processor.py:208} INFO - Processing /home/airflow/.local/lib/python3.12/site-packages/airflow/example_dags/example_inlet_event_extra.py took 0.580 seconds
[2025-09-21T04:54:24.310+0000] {processor.py:186} INFO - Started process (PID=868) to work on /home/airflow/.local/lib/python3.12/site-packages/airflow/example_dags/example_inlet_event_extra.py
[2025-09-21T04:54:24.311+0000] {processor.py:914} INFO - Processing file /home/airflow/.local/lib/python3.12/site-packages/airflow/example_dags/example_inlet_event_extra.py for tasks to queue
[2025-09-21T04:54:24.312+0000] {logging_mixin.py:190} INFO - [2025-09-21T04:54:24.312+0000] {dagbag.py:588} INFO - Filling up the DagBag from /home/airflow/.local/lib/python3.12/site-packages/airflow/example_dags/example_inlet_event_extra.py
[2025-09-21T04:54:24.933+0000] {processor.py:925} INFO - DAG(s) 'read_dataset_event_from_classic', 'read_dataset_event' retrieved from /home/airflow/.local/lib/python3.12/site-packages/airflow/example_dags/example_inlet_event_extra.py
[2025-09-21T04:54:24.949+0000] {logging_mixin.py:190} INFO - [2025-09-21T04:54:24.949+0000] {dag.py:3239} INFO - Sync 2 DAGs
[2025-09-21T04:54:24.970+0000] {logging_mixin.py:190} INFO - [2025-09-21T04:54:24.970+0000] {dag.py:4180} INFO - Setting next_dagrun for read_dataset_event to 2025-09-20 00:00:00+00:00, run_after=2025-09-21 00:00:00+00:00
[2025-09-21T04:54:24.974+0000] {logging_mixin.py:190} INFO - [2025-09-21T04:54:24.974+0000] {dag.py:4180} INFO - Setting next_dagrun for read_dataset_event_from_classic to 2025-09-20 00:00:00+00:00, run_after=2025-09-21 00:00:00+00:00
[2025-09-21T04:54:24.985+0000] {processor.py:208} INFO - Processing /home/airflow/.local/lib/python3.12/site-packages/airflow/example_dags/example_inlet_event_extra.py took 0.680 seconds
[2025-09-21T04:54:55.272+0000] {processor.py:186} INFO - Started process (PID=931) to work on /home/airflow/.local/lib/python3.12/site-packages/airflow/example_dags/example_inlet_event_extra.py
[2025-09-21T04:54:55.273+0000] {processor.py:914} INFO - Processing file /home/airflow/.local/lib/python3.12/site-packages/airflow/example_dags/example_inlet_event_extra.py for tasks to queue
[2025-09-21T04:54:55.275+0000] {logging_mixin.py:190} INFO - [2025-09-21T04:54:55.275+0000] {dagbag.py:588} INFO - Filling up the DagBag from /home/airflow/.local/lib/python3.12/site-packages/airflow/example_dags/example_inlet_event_extra.py
[2025-09-21T04:54:55.927+0000] {processor.py:925} INFO - DAG(s) 'read_dataset_event', 'read_dataset_event_from_classic' retrieved from /home/airflow/.local/lib/python3.12/site-packages/airflow/example_dags/example_inlet_event_extra.py
[2025-09-21T04:54:55.944+0000] {logging_mixin.py:190} INFO - [2025-09-21T04:54:55.944+0000] {dag.py:3239} INFO - Sync 2 DAGs
[2025-09-21T04:54:55.963+0000] {logging_mixin.py:190} INFO - [2025-09-21T04:54:55.963+0000] {dag.py:4180} INFO - Setting next_dagrun for read_dataset_event to 2025-09-20 00:00:00+00:00, run_after=2025-09-21 00:00:00+00:00
[2025-09-21T04:54:55.967+0000] {logging_mixin.py:190} INFO - [2025-09-21T04:54:55.967+0000] {dag.py:4180} INFO - Setting next_dagrun for read_dataset_event_from_classic to 2025-09-20 00:00:00+00:00, run_after=2025-09-21 00:00:00+00:00
[2025-09-21T04:54:55.978+0000] {processor.py:208} INFO - Processing /home/airflow/.local/lib/python3.12/site-packages/airflow/example_dags/example_inlet_event_extra.py took 0.712 seconds
[2025-09-21T04:55:26.734+0000] {processor.py:186} INFO - Started process (PID=996) to work on /home/airflow/.local/lib/python3.12/site-packages/airflow/example_dags/example_inlet_event_extra.py
[2025-09-21T04:55:26.734+0000] {processor.py:914} INFO - Processing file /home/airflow/.local/lib/python3.12/site-packages/airflow/example_dags/example_inlet_event_extra.py for tasks to queue
[2025-09-21T04:55:26.736+0000] {logging_mixin.py:190} INFO - [2025-09-21T04:55:26.736+0000] {dagbag.py:588} INFO - Filling up the DagBag from /home/airflow/.local/lib/python3.12/site-packages/airflow/example_dags/example_inlet_event_extra.py
[2025-09-21T04:55:27.530+0000] {processor.py:925} INFO - DAG(s) 'read_dataset_event_from_classic', 'read_dataset_event' retrieved from /home/airflow/.local/lib/python3.12/site-packages/airflow/example_dags/example_inlet_event_extra.py
[2025-09-21T04:55:27.545+0000] {logging_mixin.py:190} INFO - [2025-09-21T04:55:27.545+0000] {dag.py:3239} INFO - Sync 2 DAGs
[2025-09-21T04:55:27.567+0000] {logging_mixin.py:190} INFO - [2025-09-21T04:55:27.567+0000] {dag.py:4180} INFO - Setting next_dagrun for read_dataset_event to 2025-09-20 00:00:00+00:00, run_after=2025-09-21 00:00:00+00:00
[2025-09-21T04:55:27.572+0000] {logging_mixin.py:190} INFO - [2025-09-21T04:55:27.572+0000] {dag.py:4180} INFO - Setting next_dagrun for read_dataset_event_from_classic to 2025-09-20 00:00:00+00:00, run_after=2025-09-21 00:00:00+00:00
[2025-09-21T04:55:27.583+0000] {processor.py:208} INFO - Processing /home/airflow/.local/lib/python3.12/site-packages/airflow/example_dags/example_inlet_event_extra.py took 0.856 seconds
