[2025-09-21T04:48:16.334+0000] {processor.py:186} INFO - Started process (PID=118) to work on /home/airflow/.local/lib/python3.12/site-packages/airflow/example_dags/tutorial_taskflow_templates.py
[2025-09-21T04:48:16.345+0000] {processor.py:914} INFO - Processing file /home/airflow/.local/lib/python3.12/site-packages/airflow/example_dags/tutorial_taskflow_templates.py for tasks to queue
[2025-09-21T04:48:16.361+0000] {logging_mixin.py:190} INFO - [2025-09-21T04:48:16.361+0000] {dagbag.py:588} INFO - Filling up the DagBag from /home/airflow/.local/lib/python3.12/site-packages/airflow/example_dags/tutorial_taskflow_templates.py
[2025-09-21T04:48:16.456+0000] {processor.py:925} INFO - DAG(s) 'tutorial_taskflow_templates' retrieved from /home/airflow/.local/lib/python3.12/site-packages/airflow/example_dags/tutorial_taskflow_templates.py
[2025-09-21T04:48:17.241+0000] {logging_mixin.py:190} INFO - [2025-09-21T04:48:17.240+0000] {override.py:1911} INFO - Created Permission View: can delete on DAG:tutorial_taskflow_templates
[2025-09-21T04:48:17.329+0000] {logging_mixin.py:190} INFO - [2025-09-21T04:48:17.325+0000] {override.py:1911} INFO - Created Permission View: can read on DAG:tutorial_taskflow_templates
[2025-09-21T04:48:17.363+0000] {logging_mixin.py:190} INFO - [2025-09-21T04:48:17.360+0000] {override.py:1911} INFO - Created Permission View: can edit on DAG:tutorial_taskflow_templates
[2025-09-21T04:48:17.396+0000] {logging_mixin.py:190} INFO - [2025-09-21T04:48:17.395+0000] {override.py:1911} INFO - Created Permission View: can read on DAG Run:tutorial_taskflow_templates
[2025-09-21T04:48:17.434+0000] {logging_mixin.py:190} INFO - [2025-09-21T04:48:17.434+0000] {override.py:1911} INFO - Created Permission View: menu access on DAG Run:tutorial_taskflow_templates
[2025-09-21T04:48:17.471+0000] {logging_mixin.py:190} INFO - [2025-09-21T04:48:17.469+0000] {override.py:1911} INFO - Created Permission View: can delete on DAG Run:tutorial_taskflow_templates
[2025-09-21T04:48:17.502+0000] {logging_mixin.py:190} INFO - [2025-09-21T04:48:17.501+0000] {override.py:1911} INFO - Created Permission View: can create on DAG Run:tutorial_taskflow_templates
[2025-09-21T04:48:17.506+0000] {logging_mixin.py:190} INFO - [2025-09-21T04:48:17.505+0000] {dag.py:3239} INFO - Sync 1 DAGs
[2025-09-21T04:48:17.593+0000] {logging_mixin.py:190} INFO - [2025-09-21T04:48:17.593+0000] {dag.py:3262} INFO - Creating ORM DAG for tutorial_taskflow_templates
[2025-09-21T04:48:17.663+0000] {logging_mixin.py:190} INFO - [2025-09-21T04:48:17.663+0000] {dag.py:4180} INFO - Setting next_dagrun for tutorial_taskflow_templates to 2025-09-20 00:00:00+00:00, run_after=2025-09-21 00:00:00+00:00
[2025-09-21T04:48:17.741+0000] {processor.py:208} INFO - Processing /home/airflow/.local/lib/python3.12/site-packages/airflow/example_dags/tutorial_taskflow_templates.py took 1.441 seconds
[2025-09-21T04:48:47.927+0000] {processor.py:186} INFO - Started process (PID=181) to work on /home/airflow/.local/lib/python3.12/site-packages/airflow/example_dags/tutorial_taskflow_templates.py
[2025-09-21T04:48:47.928+0000] {processor.py:914} INFO - Processing file /home/airflow/.local/lib/python3.12/site-packages/airflow/example_dags/tutorial_taskflow_templates.py for tasks to queue
[2025-09-21T04:48:47.930+0000] {logging_mixin.py:190} INFO - [2025-09-21T04:48:47.930+0000] {dagbag.py:588} INFO - Filling up the DagBag from /home/airflow/.local/lib/python3.12/site-packages/airflow/example_dags/tutorial_taskflow_templates.py
[2025-09-21T04:48:47.945+0000] {processor.py:925} INFO - DAG(s) 'tutorial_taskflow_templates' retrieved from /home/airflow/.local/lib/python3.12/site-packages/airflow/example_dags/tutorial_taskflow_templates.py
[2025-09-21T04:48:47.973+0000] {logging_mixin.py:190} INFO - [2025-09-21T04:48:47.973+0000] {dag.py:3239} INFO - Sync 1 DAGs
[2025-09-21T04:48:47.999+0000] {logging_mixin.py:190} INFO - [2025-09-21T04:48:47.999+0000] {dag.py:4180} INFO - Setting next_dagrun for tutorial_taskflow_templates to 2025-09-20 00:00:00+00:00, run_after=2025-09-21 00:00:00+00:00
[2025-09-21T04:48:48.012+0000] {processor.py:208} INFO - Processing /home/airflow/.local/lib/python3.12/site-packages/airflow/example_dags/tutorial_taskflow_templates.py took 0.092 seconds
[2025-09-21T04:49:18.514+0000] {processor.py:186} INFO - Started process (PID=244) to work on /home/airflow/.local/lib/python3.12/site-packages/airflow/example_dags/tutorial_taskflow_templates.py
[2025-09-21T04:49:18.515+0000] {processor.py:914} INFO - Processing file /home/airflow/.local/lib/python3.12/site-packages/airflow/example_dags/tutorial_taskflow_templates.py for tasks to queue
[2025-09-21T04:49:18.517+0000] {logging_mixin.py:190} INFO - [2025-09-21T04:49:18.517+0000] {dagbag.py:588} INFO - Filling up the DagBag from /home/airflow/.local/lib/python3.12/site-packages/airflow/example_dags/tutorial_taskflow_templates.py
[2025-09-21T04:49:18.532+0000] {processor.py:925} INFO - DAG(s) 'tutorial_taskflow_templates' retrieved from /home/airflow/.local/lib/python3.12/site-packages/airflow/example_dags/tutorial_taskflow_templates.py
[2025-09-21T04:49:18.547+0000] {logging_mixin.py:190} INFO - [2025-09-21T04:49:18.547+0000] {dag.py:3239} INFO - Sync 1 DAGs
[2025-09-21T04:49:18.567+0000] {logging_mixin.py:190} INFO - [2025-09-21T04:49:18.567+0000] {dag.py:4180} INFO - Setting next_dagrun for tutorial_taskflow_templates to 2025-09-20 00:00:00+00:00, run_after=2025-09-21 00:00:00+00:00
[2025-09-21T04:49:18.581+0000] {processor.py:208} INFO - Processing /home/airflow/.local/lib/python3.12/site-packages/airflow/example_dags/tutorial_taskflow_templates.py took 0.073 seconds
[2025-09-21T04:49:50.152+0000] {processor.py:186} INFO - Started process (PID=307) to work on /home/airflow/.local/lib/python3.12/site-packages/airflow/example_dags/tutorial_taskflow_templates.py
[2025-09-21T04:49:50.152+0000] {processor.py:914} INFO - Processing file /home/airflow/.local/lib/python3.12/site-packages/airflow/example_dags/tutorial_taskflow_templates.py for tasks to queue
[2025-09-21T04:49:50.155+0000] {logging_mixin.py:190} INFO - [2025-09-21T04:49:50.154+0000] {dagbag.py:588} INFO - Filling up the DagBag from /home/airflow/.local/lib/python3.12/site-packages/airflow/example_dags/tutorial_taskflow_templates.py
[2025-09-21T04:49:50.170+0000] {processor.py:925} INFO - DAG(s) 'tutorial_taskflow_templates' retrieved from /home/airflow/.local/lib/python3.12/site-packages/airflow/example_dags/tutorial_taskflow_templates.py
[2025-09-21T04:49:50.190+0000] {logging_mixin.py:190} INFO - [2025-09-21T04:49:50.190+0000] {dag.py:3239} INFO - Sync 1 DAGs
[2025-09-21T04:49:50.209+0000] {logging_mixin.py:190} INFO - [2025-09-21T04:49:50.209+0000] {dag.py:4180} INFO - Setting next_dagrun for tutorial_taskflow_templates to 2025-09-20 00:00:00+00:00, run_after=2025-09-21 00:00:00+00:00
[2025-09-21T04:49:50.222+0000] {processor.py:208} INFO - Processing /home/airflow/.local/lib/python3.12/site-packages/airflow/example_dags/tutorial_taskflow_templates.py took 0.077 seconds
[2025-09-21T04:50:21.433+0000] {processor.py:186} INFO - Started process (PID=370) to work on /home/airflow/.local/lib/python3.12/site-packages/airflow/example_dags/tutorial_taskflow_templates.py
[2025-09-21T04:50:21.438+0000] {processor.py:914} INFO - Processing file /home/airflow/.local/lib/python3.12/site-packages/airflow/example_dags/tutorial_taskflow_templates.py for tasks to queue
[2025-09-21T04:50:21.440+0000] {logging_mixin.py:190} INFO - [2025-09-21T04:50:21.440+0000] {dagbag.py:588} INFO - Filling up the DagBag from /home/airflow/.local/lib/python3.12/site-packages/airflow/example_dags/tutorial_taskflow_templates.py
[2025-09-21T04:50:21.456+0000] {processor.py:925} INFO - DAG(s) 'tutorial_taskflow_templates' retrieved from /home/airflow/.local/lib/python3.12/site-packages/airflow/example_dags/tutorial_taskflow_templates.py
[2025-09-21T04:50:21.481+0000] {logging_mixin.py:190} INFO - [2025-09-21T04:50:21.481+0000] {dag.py:3239} INFO - Sync 1 DAGs
[2025-09-21T04:50:21.526+0000] {logging_mixin.py:190} INFO - [2025-09-21T04:50:21.526+0000] {dag.py:4180} INFO - Setting next_dagrun for tutorial_taskflow_templates to 2025-09-20 00:00:00+00:00, run_after=2025-09-21 00:00:00+00:00
[2025-09-21T04:50:21.560+0000] {processor.py:208} INFO - Processing /home/airflow/.local/lib/python3.12/site-packages/airflow/example_dags/tutorial_taskflow_templates.py took 0.162 seconds
[2025-09-21T04:50:52.332+0000] {processor.py:186} INFO - Started process (PID=432) to work on /home/airflow/.local/lib/python3.12/site-packages/airflow/example_dags/tutorial_taskflow_templates.py
[2025-09-21T04:50:52.333+0000] {processor.py:914} INFO - Processing file /home/airflow/.local/lib/python3.12/site-packages/airflow/example_dags/tutorial_taskflow_templates.py for tasks to queue
[2025-09-21T04:50:52.335+0000] {logging_mixin.py:190} INFO - [2025-09-21T04:50:52.335+0000] {dagbag.py:588} INFO - Filling up the DagBag from /home/airflow/.local/lib/python3.12/site-packages/airflow/example_dags/tutorial_taskflow_templates.py
[2025-09-21T04:50:52.350+0000] {processor.py:925} INFO - DAG(s) 'tutorial_taskflow_templates' retrieved from /home/airflow/.local/lib/python3.12/site-packages/airflow/example_dags/tutorial_taskflow_templates.py
[2025-09-21T04:50:52.372+0000] {logging_mixin.py:190} INFO - [2025-09-21T04:50:52.372+0000] {dag.py:3239} INFO - Sync 1 DAGs
[2025-09-21T04:50:52.401+0000] {logging_mixin.py:190} INFO - [2025-09-21T04:50:52.400+0000] {dag.py:4180} INFO - Setting next_dagrun for tutorial_taskflow_templates to 2025-09-20 00:00:00+00:00, run_after=2025-09-21 00:00:00+00:00
[2025-09-21T04:50:52.419+0000] {processor.py:208} INFO - Processing /home/airflow/.local/lib/python3.12/site-packages/airflow/example_dags/tutorial_taskflow_templates.py took 0.093 seconds
[2025-09-21T04:51:22.889+0000] {processor.py:186} INFO - Started process (PID=493) to work on /home/airflow/.local/lib/python3.12/site-packages/airflow/example_dags/tutorial_taskflow_templates.py
[2025-09-21T04:51:22.890+0000] {processor.py:914} INFO - Processing file /home/airflow/.local/lib/python3.12/site-packages/airflow/example_dags/tutorial_taskflow_templates.py for tasks to queue
[2025-09-21T04:51:22.896+0000] {logging_mixin.py:190} INFO - [2025-09-21T04:51:22.892+0000] {dagbag.py:588} INFO - Filling up the DagBag from /home/airflow/.local/lib/python3.12/site-packages/airflow/example_dags/tutorial_taskflow_templates.py
[2025-09-21T04:51:22.941+0000] {processor.py:925} INFO - DAG(s) 'tutorial_taskflow_templates' retrieved from /home/airflow/.local/lib/python3.12/site-packages/airflow/example_dags/tutorial_taskflow_templates.py
[2025-09-21T04:51:22.992+0000] {logging_mixin.py:190} INFO - [2025-09-21T04:51:22.992+0000] {dag.py:3239} INFO - Sync 1 DAGs
[2025-09-21T04:51:23.018+0000] {logging_mixin.py:190} INFO - [2025-09-21T04:51:23.018+0000] {dag.py:4180} INFO - Setting next_dagrun for tutorial_taskflow_templates to 2025-09-20 00:00:00+00:00, run_after=2025-09-21 00:00:00+00:00
[2025-09-21T04:51:23.036+0000] {processor.py:208} INFO - Processing /home/airflow/.local/lib/python3.12/site-packages/airflow/example_dags/tutorial_taskflow_templates.py took 0.161 seconds
[2025-09-21T04:51:53.534+0000] {processor.py:186} INFO - Started process (PID=556) to work on /home/airflow/.local/lib/python3.12/site-packages/airflow/example_dags/tutorial_taskflow_templates.py
[2025-09-21T04:51:53.540+0000] {processor.py:914} INFO - Processing file /home/airflow/.local/lib/python3.12/site-packages/airflow/example_dags/tutorial_taskflow_templates.py for tasks to queue
[2025-09-21T04:51:53.543+0000] {logging_mixin.py:190} INFO - [2025-09-21T04:51:53.543+0000] {dagbag.py:588} INFO - Filling up the DagBag from /home/airflow/.local/lib/python3.12/site-packages/airflow/example_dags/tutorial_taskflow_templates.py
[2025-09-21T04:51:53.596+0000] {processor.py:925} INFO - DAG(s) 'tutorial_taskflow_templates' retrieved from /home/airflow/.local/lib/python3.12/site-packages/airflow/example_dags/tutorial_taskflow_templates.py
[2025-09-21T04:51:53.669+0000] {logging_mixin.py:190} INFO - [2025-09-21T04:51:53.669+0000] {dag.py:3239} INFO - Sync 1 DAGs
[2025-09-21T04:51:53.752+0000] {logging_mixin.py:190} INFO - [2025-09-21T04:51:53.752+0000] {dag.py:4180} INFO - Setting next_dagrun for tutorial_taskflow_templates to 2025-09-20 00:00:00+00:00, run_after=2025-09-21 00:00:00+00:00
[2025-09-21T04:51:53.805+0000] {processor.py:208} INFO - Processing /home/airflow/.local/lib/python3.12/site-packages/airflow/example_dags/tutorial_taskflow_templates.py took 0.298 seconds
[2025-09-21T04:52:24.628+0000] {processor.py:186} INFO - Started process (PID=619) to work on /home/airflow/.local/lib/python3.12/site-packages/airflow/example_dags/tutorial_taskflow_templates.py
[2025-09-21T04:52:24.630+0000] {processor.py:914} INFO - Processing file /home/airflow/.local/lib/python3.12/site-packages/airflow/example_dags/tutorial_taskflow_templates.py for tasks to queue
[2025-09-21T04:52:24.634+0000] {logging_mixin.py:190} INFO - [2025-09-21T04:52:24.634+0000] {dagbag.py:588} INFO - Filling up the DagBag from /home/airflow/.local/lib/python3.12/site-packages/airflow/example_dags/tutorial_taskflow_templates.py
[2025-09-21T04:52:24.649+0000] {processor.py:925} INFO - DAG(s) 'tutorial_taskflow_templates' retrieved from /home/airflow/.local/lib/python3.12/site-packages/airflow/example_dags/tutorial_taskflow_templates.py
[2025-09-21T04:52:24.676+0000] {logging_mixin.py:190} INFO - [2025-09-21T04:52:24.675+0000] {dag.py:3239} INFO - Sync 1 DAGs
[2025-09-21T04:52:24.715+0000] {logging_mixin.py:190} INFO - [2025-09-21T04:52:24.715+0000] {dag.py:4180} INFO - Setting next_dagrun for tutorial_taskflow_templates to 2025-09-20 00:00:00+00:00, run_after=2025-09-21 00:00:00+00:00
[2025-09-21T04:52:24.763+0000] {processor.py:208} INFO - Processing /home/airflow/.local/lib/python3.12/site-packages/airflow/example_dags/tutorial_taskflow_templates.py took 0.148 seconds
[2025-09-21T04:52:54.975+0000] {processor.py:186} INFO - Started process (PID=682) to work on /home/airflow/.local/lib/python3.12/site-packages/airflow/example_dags/tutorial_taskflow_templates.py
[2025-09-21T04:52:54.977+0000] {processor.py:914} INFO - Processing file /home/airflow/.local/lib/python3.12/site-packages/airflow/example_dags/tutorial_taskflow_templates.py for tasks to queue
[2025-09-21T04:52:54.981+0000] {logging_mixin.py:190} INFO - [2025-09-21T04:52:54.980+0000] {dagbag.py:588} INFO - Filling up the DagBag from /home/airflow/.local/lib/python3.12/site-packages/airflow/example_dags/tutorial_taskflow_templates.py
[2025-09-21T04:52:55.012+0000] {processor.py:925} INFO - DAG(s) 'tutorial_taskflow_templates' retrieved from /home/airflow/.local/lib/python3.12/site-packages/airflow/example_dags/tutorial_taskflow_templates.py
[2025-09-21T04:52:55.035+0000] {logging_mixin.py:190} INFO - [2025-09-21T04:52:55.035+0000] {dag.py:3239} INFO - Sync 1 DAGs
[2025-09-21T04:52:55.083+0000] {logging_mixin.py:190} INFO - [2025-09-21T04:52:55.082+0000] {dag.py:4180} INFO - Setting next_dagrun for tutorial_taskflow_templates to 2025-09-20 00:00:00+00:00, run_after=2025-09-21 00:00:00+00:00
[2025-09-21T04:52:55.105+0000] {processor.py:208} INFO - Processing /home/airflow/.local/lib/python3.12/site-packages/airflow/example_dags/tutorial_taskflow_templates.py took 0.136 seconds
[2025-09-21T04:53:25.252+0000] {processor.py:186} INFO - Started process (PID=745) to work on /home/airflow/.local/lib/python3.12/site-packages/airflow/example_dags/tutorial_taskflow_templates.py
[2025-09-21T04:53:25.253+0000] {processor.py:914} INFO - Processing file /home/airflow/.local/lib/python3.12/site-packages/airflow/example_dags/tutorial_taskflow_templates.py for tasks to queue
[2025-09-21T04:53:25.255+0000] {logging_mixin.py:190} INFO - [2025-09-21T04:53:25.255+0000] {dagbag.py:588} INFO - Filling up the DagBag from /home/airflow/.local/lib/python3.12/site-packages/airflow/example_dags/tutorial_taskflow_templates.py
[2025-09-21T04:53:25.270+0000] {processor.py:925} INFO - DAG(s) 'tutorial_taskflow_templates' retrieved from /home/airflow/.local/lib/python3.12/site-packages/airflow/example_dags/tutorial_taskflow_templates.py
[2025-09-21T04:53:25.296+0000] {logging_mixin.py:190} INFO - [2025-09-21T04:53:25.296+0000] {dag.py:3239} INFO - Sync 1 DAGs
[2025-09-21T04:53:25.344+0000] {logging_mixin.py:190} INFO - [2025-09-21T04:53:25.344+0000] {dag.py:4180} INFO - Setting next_dagrun for tutorial_taskflow_templates to 2025-09-20 00:00:00+00:00, run_after=2025-09-21 00:00:00+00:00
[2025-09-21T04:53:25.379+0000] {processor.py:208} INFO - Processing /home/airflow/.local/lib/python3.12/site-packages/airflow/example_dags/tutorial_taskflow_templates.py took 0.133 seconds
[2025-09-21T04:53:55.412+0000] {processor.py:186} INFO - Started process (PID=808) to work on /home/airflow/.local/lib/python3.12/site-packages/airflow/example_dags/tutorial_taskflow_templates.py
[2025-09-21T04:53:55.412+0000] {processor.py:914} INFO - Processing file /home/airflow/.local/lib/python3.12/site-packages/airflow/example_dags/tutorial_taskflow_templates.py for tasks to queue
[2025-09-21T04:53:55.414+0000] {logging_mixin.py:190} INFO - [2025-09-21T04:53:55.414+0000] {dagbag.py:588} INFO - Filling up the DagBag from /home/airflow/.local/lib/python3.12/site-packages/airflow/example_dags/tutorial_taskflow_templates.py
[2025-09-21T04:53:55.424+0000] {processor.py:925} INFO - DAG(s) 'tutorial_taskflow_templates' retrieved from /home/airflow/.local/lib/python3.12/site-packages/airflow/example_dags/tutorial_taskflow_templates.py
[2025-09-21T04:53:55.440+0000] {logging_mixin.py:190} INFO - [2025-09-21T04:53:55.440+0000] {dag.py:3239} INFO - Sync 1 DAGs
[2025-09-21T04:53:55.459+0000] {logging_mixin.py:190} INFO - [2025-09-21T04:53:55.458+0000] {dag.py:4180} INFO - Setting next_dagrun for tutorial_taskflow_templates to 2025-09-20 00:00:00+00:00, run_after=2025-09-21 00:00:00+00:00
[2025-09-21T04:53:55.471+0000] {processor.py:208} INFO - Processing /home/airflow/.local/lib/python3.12/site-packages/airflow/example_dags/tutorial_taskflow_templates.py took 0.065 seconds
[2025-09-21T04:54:26.048+0000] {processor.py:186} INFO - Started process (PID=871) to work on /home/airflow/.local/lib/python3.12/site-packages/airflow/example_dags/tutorial_taskflow_templates.py
[2025-09-21T04:54:26.049+0000] {processor.py:914} INFO - Processing file /home/airflow/.local/lib/python3.12/site-packages/airflow/example_dags/tutorial_taskflow_templates.py for tasks to queue
[2025-09-21T04:54:26.051+0000] {logging_mixin.py:190} INFO - [2025-09-21T04:54:26.051+0000] {dagbag.py:588} INFO - Filling up the DagBag from /home/airflow/.local/lib/python3.12/site-packages/airflow/example_dags/tutorial_taskflow_templates.py
[2025-09-21T04:54:26.066+0000] {processor.py:925} INFO - DAG(s) 'tutorial_taskflow_templates' retrieved from /home/airflow/.local/lib/python3.12/site-packages/airflow/example_dags/tutorial_taskflow_templates.py
[2025-09-21T04:54:26.092+0000] {logging_mixin.py:190} INFO - [2025-09-21T04:54:26.092+0000] {dag.py:3239} INFO - Sync 1 DAGs
[2025-09-21T04:54:26.133+0000] {logging_mixin.py:190} INFO - [2025-09-21T04:54:26.133+0000] {dag.py:4180} INFO - Setting next_dagrun for tutorial_taskflow_templates to 2025-09-20 00:00:00+00:00, run_after=2025-09-21 00:00:00+00:00
[2025-09-21T04:54:26.150+0000] {processor.py:208} INFO - Processing /home/airflow/.local/lib/python3.12/site-packages/airflow/example_dags/tutorial_taskflow_templates.py took 0.110 seconds
[2025-09-21T04:54:56.547+0000] {processor.py:186} INFO - Started process (PID=934) to work on /home/airflow/.local/lib/python3.12/site-packages/airflow/example_dags/tutorial_taskflow_templates.py
[2025-09-21T04:54:56.548+0000] {processor.py:914} INFO - Processing file /home/airflow/.local/lib/python3.12/site-packages/airflow/example_dags/tutorial_taskflow_templates.py for tasks to queue
[2025-09-21T04:54:56.550+0000] {logging_mixin.py:190} INFO - [2025-09-21T04:54:56.550+0000] {dagbag.py:588} INFO - Filling up the DagBag from /home/airflow/.local/lib/python3.12/site-packages/airflow/example_dags/tutorial_taskflow_templates.py
[2025-09-21T04:54:56.565+0000] {processor.py:925} INFO - DAG(s) 'tutorial_taskflow_templates' retrieved from /home/airflow/.local/lib/python3.12/site-packages/airflow/example_dags/tutorial_taskflow_templates.py
[2025-09-21T04:54:56.588+0000] {logging_mixin.py:190} INFO - [2025-09-21T04:54:56.588+0000] {dag.py:3239} INFO - Sync 1 DAGs
[2025-09-21T04:54:56.616+0000] {logging_mixin.py:190} INFO - [2025-09-21T04:54:56.616+0000] {dag.py:4180} INFO - Setting next_dagrun for tutorial_taskflow_templates to 2025-09-20 00:00:00+00:00, run_after=2025-09-21 00:00:00+00:00
[2025-09-21T04:54:56.634+0000] {processor.py:208} INFO - Processing /home/airflow/.local/lib/python3.12/site-packages/airflow/example_dags/tutorial_taskflow_templates.py took 0.092 seconds
[2025-09-21T04:55:26.746+0000] {processor.py:186} INFO - Started process (PID=997) to work on /home/airflow/.local/lib/python3.12/site-packages/airflow/example_dags/tutorial_taskflow_templates.py
[2025-09-21T04:55:26.747+0000] {processor.py:914} INFO - Processing file /home/airflow/.local/lib/python3.12/site-packages/airflow/example_dags/tutorial_taskflow_templates.py for tasks to queue
[2025-09-21T04:55:26.749+0000] {logging_mixin.py:190} INFO - [2025-09-21T04:55:26.749+0000] {dagbag.py:588} INFO - Filling up the DagBag from /home/airflow/.local/lib/python3.12/site-packages/airflow/example_dags/tutorial_taskflow_templates.py
[2025-09-21T04:55:26.764+0000] {processor.py:925} INFO - DAG(s) 'tutorial_taskflow_templates' retrieved from /home/airflow/.local/lib/python3.12/site-packages/airflow/example_dags/tutorial_taskflow_templates.py
[2025-09-21T04:55:26.787+0000] {logging_mixin.py:190} INFO - [2025-09-21T04:55:26.786+0000] {dag.py:3239} INFO - Sync 1 DAGs
[2025-09-21T04:55:26.815+0000] {logging_mixin.py:190} INFO - [2025-09-21T04:55:26.814+0000] {dag.py:4180} INFO - Setting next_dagrun for tutorial_taskflow_templates to 2025-09-20 00:00:00+00:00, run_after=2025-09-21 00:00:00+00:00
[2025-09-21T04:55:26.838+0000] {processor.py:208} INFO - Processing /home/airflow/.local/lib/python3.12/site-packages/airflow/example_dags/tutorial_taskflow_templates.py took 0.098 seconds
