[2025-09-21T04:47:55.411+0000] {processor.py:186} INFO - Started process (PID=85) to work on /home/airflow/.local/lib/python3.12/site-packages/airflow/example_dags/tutorial.py
[2025-09-21T04:47:55.422+0000] {processor.py:914} INFO - Processing file /home/airflow/.local/lib/python3.12/site-packages/airflow/example_dags/tutorial.py for tasks to queue
[2025-09-21T04:47:55.441+0000] {logging_mixin.py:190} INFO - [2025-09-21T04:47:55.437+0000] {dagbag.py:588} INFO - Filling up the DagBag from /home/airflow/.local/lib/python3.12/site-packages/airflow/example_dags/tutorial.py
[2025-09-21T04:47:55.507+0000] {processor.py:925} INFO - DAG(s) 'tutorial' retrieved from /home/airflow/.local/lib/python3.12/site-packages/airflow/example_dags/tutorial.py
[2025-09-21T04:47:56.031+0000] {logging_mixin.py:190} INFO - [2025-09-21T04:47:56.030+0000] {override.py:1911} INFO - Created Permission View: can delete on DAG:tutorial
[2025-09-21T04:47:56.046+0000] {logging_mixin.py:190} INFO - [2025-09-21T04:47:56.046+0000] {override.py:1911} INFO - Created Permission View: can read on DAG:tutorial
[2025-09-21T04:47:56.056+0000] {logging_mixin.py:190} INFO - [2025-09-21T04:47:56.056+0000] {override.py:1911} INFO - Created Permission View: can edit on DAG:tutorial
[2025-09-21T04:47:56.069+0000] {logging_mixin.py:190} INFO - [2025-09-21T04:47:56.069+0000] {override.py:1911} INFO - Created Permission View: can read on DAG Run:tutorial
[2025-09-21T04:47:56.085+0000] {logging_mixin.py:190} INFO - [2025-09-21T04:47:56.085+0000] {override.py:1911} INFO - Created Permission View: menu access on DAG Run:tutorial
[2025-09-21T04:47:56.090+0000] {logging_mixin.py:190} INFO - [2025-09-21T04:47:56.090+0000] {override.py:1911} INFO - Created Permission View: can delete on DAG Run:tutorial
[2025-09-21T04:47:56.096+0000] {logging_mixin.py:190} INFO - [2025-09-21T04:47:56.096+0000] {override.py:1911} INFO - Created Permission View: can create on DAG Run:tutorial
[2025-09-21T04:47:56.096+0000] {logging_mixin.py:190} INFO - [2025-09-21T04:47:56.096+0000] {dag.py:3239} INFO - Sync 1 DAGs
[2025-09-21T04:47:56.114+0000] {logging_mixin.py:190} INFO - [2025-09-21T04:47:56.112+0000] {dag.py:3262} INFO - Creating ORM DAG for tutorial
[2025-09-21T04:47:56.144+0000] {logging_mixin.py:190} INFO - [2025-09-21T04:47:56.144+0000] {dag.py:4180} INFO - Setting next_dagrun for tutorial to 2025-09-20 00:00:00+00:00, run_after=2025-09-21 00:00:00+00:00
[2025-09-21T04:47:56.208+0000] {processor.py:208} INFO - Processing /home/airflow/.local/lib/python3.12/site-packages/airflow/example_dags/tutorial.py took 0.852 seconds
[2025-09-21T04:48:26.631+0000] {processor.py:186} INFO - Started process (PID=146) to work on /home/airflow/.local/lib/python3.12/site-packages/airflow/example_dags/tutorial.py
[2025-09-21T04:48:26.634+0000] {processor.py:914} INFO - Processing file /home/airflow/.local/lib/python3.12/site-packages/airflow/example_dags/tutorial.py for tasks to queue
[2025-09-21T04:48:26.638+0000] {logging_mixin.py:190} INFO - [2025-09-21T04:48:26.636+0000] {dagbag.py:588} INFO - Filling up the DagBag from /home/airflow/.local/lib/python3.12/site-packages/airflow/example_dags/tutorial.py
[2025-09-21T04:48:26.662+0000] {processor.py:925} INFO - DAG(s) 'tutorial' retrieved from /home/airflow/.local/lib/python3.12/site-packages/airflow/example_dags/tutorial.py
[2025-09-21T04:48:26.733+0000] {logging_mixin.py:190} INFO - [2025-09-21T04:48:26.732+0000] {dag.py:3239} INFO - Sync 1 DAGs
[2025-09-21T04:48:26.815+0000] {logging_mixin.py:190} INFO - [2025-09-21T04:48:26.815+0000] {dag.py:4180} INFO - Setting next_dagrun for tutorial to 2025-09-20 00:00:00+00:00, run_after=2025-09-21 00:00:00+00:00
[2025-09-21T04:48:26.886+0000] {processor.py:208} INFO - Processing /home/airflow/.local/lib/python3.12/site-packages/airflow/example_dags/tutorial.py took 0.270 seconds
[2025-09-21T04:48:57.259+0000] {processor.py:186} INFO - Started process (PID=209) to work on /home/airflow/.local/lib/python3.12/site-packages/airflow/example_dags/tutorial.py
[2025-09-21T04:48:57.259+0000] {processor.py:914} INFO - Processing file /home/airflow/.local/lib/python3.12/site-packages/airflow/example_dags/tutorial.py for tasks to queue
[2025-09-21T04:48:57.263+0000] {logging_mixin.py:190} INFO - [2025-09-21T04:48:57.262+0000] {dagbag.py:588} INFO - Filling up the DagBag from /home/airflow/.local/lib/python3.12/site-packages/airflow/example_dags/tutorial.py
[2025-09-21T04:48:57.271+0000] {processor.py:925} INFO - DAG(s) 'tutorial' retrieved from /home/airflow/.local/lib/python3.12/site-packages/airflow/example_dags/tutorial.py
[2025-09-21T04:48:57.288+0000] {logging_mixin.py:190} INFO - [2025-09-21T04:48:57.287+0000] {dag.py:3239} INFO - Sync 1 DAGs
[2025-09-21T04:48:57.305+0000] {logging_mixin.py:190} INFO - [2025-09-21T04:48:57.305+0000] {dag.py:4180} INFO - Setting next_dagrun for tutorial to 2025-09-20 00:00:00+00:00, run_after=2025-09-21 00:00:00+00:00
[2025-09-21T04:48:57.318+0000] {processor.py:208} INFO - Processing /home/airflow/.local/lib/python3.12/site-packages/airflow/example_dags/tutorial.py took 0.067 seconds
[2025-09-21T04:49:32.033+0000] {processor.py:186} INFO - Started process (PID=272) to work on /home/airflow/.local/lib/python3.12/site-packages/airflow/example_dags/tutorial.py
[2025-09-21T04:49:32.043+0000] {processor.py:914} INFO - Processing file /home/airflow/.local/lib/python3.12/site-packages/airflow/example_dags/tutorial.py for tasks to queue
[2025-09-21T04:49:32.063+0000] {logging_mixin.py:190} INFO - [2025-09-21T04:49:32.057+0000] {dagbag.py:588} INFO - Filling up the DagBag from /home/airflow/.local/lib/python3.12/site-packages/airflow/example_dags/tutorial.py
[2025-09-21T04:49:32.100+0000] {processor.py:925} INFO - DAG(s) 'tutorial' retrieved from /home/airflow/.local/lib/python3.12/site-packages/airflow/example_dags/tutorial.py
[2025-09-21T04:49:32.195+0000] {logging_mixin.py:190} INFO - [2025-09-21T04:49:32.195+0000] {dag.py:3239} INFO - Sync 1 DAGs
[2025-09-21T04:49:32.286+0000] {logging_mixin.py:190} INFO - [2025-09-21T04:49:32.285+0000] {dag.py:4180} INFO - Setting next_dagrun for tutorial to 2025-09-20 00:00:00+00:00, run_after=2025-09-21 00:00:00+00:00
[2025-09-21T04:49:32.337+0000] {processor.py:208} INFO - Processing /home/airflow/.local/lib/python3.12/site-packages/airflow/example_dags/tutorial.py took 0.336 seconds
[2025-09-21T04:50:03.199+0000] {processor.py:186} INFO - Started process (PID=335) to work on /home/airflow/.local/lib/python3.12/site-packages/airflow/example_dags/tutorial.py
[2025-09-21T04:50:03.199+0000] {processor.py:914} INFO - Processing file /home/airflow/.local/lib/python3.12/site-packages/airflow/example_dags/tutorial.py for tasks to queue
[2025-09-21T04:50:03.203+0000] {logging_mixin.py:190} INFO - [2025-09-21T04:50:03.202+0000] {dagbag.py:588} INFO - Filling up the DagBag from /home/airflow/.local/lib/python3.12/site-packages/airflow/example_dags/tutorial.py
[2025-09-21T04:50:03.211+0000] {processor.py:925} INFO - DAG(s) 'tutorial' retrieved from /home/airflow/.local/lib/python3.12/site-packages/airflow/example_dags/tutorial.py
[2025-09-21T04:50:03.234+0000] {logging_mixin.py:190} INFO - [2025-09-21T04:50:03.234+0000] {dag.py:3239} INFO - Sync 1 DAGs
[2025-09-21T04:50:03.260+0000] {logging_mixin.py:190} INFO - [2025-09-21T04:50:03.260+0000] {dag.py:4180} INFO - Setting next_dagrun for tutorial to 2025-09-20 00:00:00+00:00, run_after=2025-09-21 00:00:00+00:00
[2025-09-21T04:50:03.279+0000] {processor.py:208} INFO - Processing /home/airflow/.local/lib/python3.12/site-packages/airflow/example_dags/tutorial.py took 0.086 seconds
[2025-09-21T04:50:33.801+0000] {processor.py:186} INFO - Started process (PID=397) to work on /home/airflow/.local/lib/python3.12/site-packages/airflow/example_dags/tutorial.py
[2025-09-21T04:50:33.802+0000] {processor.py:914} INFO - Processing file /home/airflow/.local/lib/python3.12/site-packages/airflow/example_dags/tutorial.py for tasks to queue
[2025-09-21T04:50:33.804+0000] {logging_mixin.py:190} INFO - [2025-09-21T04:50:33.804+0000] {dagbag.py:588} INFO - Filling up the DagBag from /home/airflow/.local/lib/python3.12/site-packages/airflow/example_dags/tutorial.py
[2025-09-21T04:50:33.812+0000] {processor.py:925} INFO - DAG(s) 'tutorial' retrieved from /home/airflow/.local/lib/python3.12/site-packages/airflow/example_dags/tutorial.py
[2025-09-21T04:50:33.834+0000] {logging_mixin.py:190} INFO - [2025-09-21T04:50:33.834+0000] {dag.py:3239} INFO - Sync 1 DAGs
[2025-09-21T04:50:33.860+0000] {logging_mixin.py:190} INFO - [2025-09-21T04:50:33.860+0000] {dag.py:4180} INFO - Setting next_dagrun for tutorial to 2025-09-20 00:00:00+00:00, run_after=2025-09-21 00:00:00+00:00
[2025-09-21T04:50:33.877+0000] {processor.py:208} INFO - Processing /home/airflow/.local/lib/python3.12/site-packages/airflow/example_dags/tutorial.py took 0.082 seconds
[2025-09-21T04:51:04.653+0000] {processor.py:186} INFO - Started process (PID=459) to work on /home/airflow/.local/lib/python3.12/site-packages/airflow/example_dags/tutorial.py
[2025-09-21T04:51:04.654+0000] {processor.py:914} INFO - Processing file /home/airflow/.local/lib/python3.12/site-packages/airflow/example_dags/tutorial.py for tasks to queue
[2025-09-21T04:51:04.656+0000] {logging_mixin.py:190} INFO - [2025-09-21T04:51:04.656+0000] {dagbag.py:588} INFO - Filling up the DagBag from /home/airflow/.local/lib/python3.12/site-packages/airflow/example_dags/tutorial.py
[2025-09-21T04:51:04.664+0000] {processor.py:925} INFO - DAG(s) 'tutorial' retrieved from /home/airflow/.local/lib/python3.12/site-packages/airflow/example_dags/tutorial.py
[2025-09-21T04:51:04.687+0000] {logging_mixin.py:190} INFO - [2025-09-21T04:51:04.687+0000] {dag.py:3239} INFO - Sync 1 DAGs
[2025-09-21T04:51:04.715+0000] {logging_mixin.py:190} INFO - [2025-09-21T04:51:04.714+0000] {dag.py:4180} INFO - Setting next_dagrun for tutorial to 2025-09-20 00:00:00+00:00, run_after=2025-09-21 00:00:00+00:00
[2025-09-21T04:51:04.737+0000] {processor.py:208} INFO - Processing /home/airflow/.local/lib/python3.12/site-packages/airflow/example_dags/tutorial.py took 0.090 seconds
[2025-09-21T04:51:34.800+0000] {processor.py:186} INFO - Started process (PID=523) to work on /home/airflow/.local/lib/python3.12/site-packages/airflow/example_dags/tutorial.py
[2025-09-21T04:51:34.801+0000] {processor.py:914} INFO - Processing file /home/airflow/.local/lib/python3.12/site-packages/airflow/example_dags/tutorial.py for tasks to queue
[2025-09-21T04:51:34.804+0000] {logging_mixin.py:190} INFO - [2025-09-21T04:51:34.803+0000] {dagbag.py:588} INFO - Filling up the DagBag from /home/airflow/.local/lib/python3.12/site-packages/airflow/example_dags/tutorial.py
[2025-09-21T04:51:34.812+0000] {processor.py:925} INFO - DAG(s) 'tutorial' retrieved from /home/airflow/.local/lib/python3.12/site-packages/airflow/example_dags/tutorial.py
[2025-09-21T04:51:34.832+0000] {logging_mixin.py:190} INFO - [2025-09-21T04:51:34.832+0000] {dag.py:3239} INFO - Sync 1 DAGs
[2025-09-21T04:51:34.858+0000] {logging_mixin.py:190} INFO - [2025-09-21T04:51:34.858+0000] {dag.py:4180} INFO - Setting next_dagrun for tutorial to 2025-09-20 00:00:00+00:00, run_after=2025-09-21 00:00:00+00:00
[2025-09-21T04:51:34.875+0000] {processor.py:208} INFO - Processing /home/airflow/.local/lib/python3.12/site-packages/airflow/example_dags/tutorial.py took 0.081 seconds
[2025-09-21T04:52:05.263+0000] {processor.py:186} INFO - Started process (PID=585) to work on /home/airflow/.local/lib/python3.12/site-packages/airflow/example_dags/tutorial.py
[2025-09-21T04:52:05.264+0000] {processor.py:914} INFO - Processing file /home/airflow/.local/lib/python3.12/site-packages/airflow/example_dags/tutorial.py for tasks to queue
[2025-09-21T04:52:05.267+0000] {logging_mixin.py:190} INFO - [2025-09-21T04:52:05.266+0000] {dagbag.py:588} INFO - Filling up the DagBag from /home/airflow/.local/lib/python3.12/site-packages/airflow/example_dags/tutorial.py
[2025-09-21T04:52:05.275+0000] {processor.py:925} INFO - DAG(s) 'tutorial' retrieved from /home/airflow/.local/lib/python3.12/site-packages/airflow/example_dags/tutorial.py
[2025-09-21T04:52:05.295+0000] {logging_mixin.py:190} INFO - [2025-09-21T04:52:05.295+0000] {dag.py:3239} INFO - Sync 1 DAGs
[2025-09-21T04:52:05.321+0000] {logging_mixin.py:190} INFO - [2025-09-21T04:52:05.321+0000] {dag.py:4180} INFO - Setting next_dagrun for tutorial to 2025-09-20 00:00:00+00:00, run_after=2025-09-21 00:00:00+00:00
[2025-09-21T04:52:05.347+0000] {processor.py:208} INFO - Processing /home/airflow/.local/lib/python3.12/site-packages/airflow/example_dags/tutorial.py took 0.090 seconds
[2025-09-21T04:52:35.730+0000] {processor.py:186} INFO - Started process (PID=648) to work on /home/airflow/.local/lib/python3.12/site-packages/airflow/example_dags/tutorial.py
[2025-09-21T04:52:35.731+0000] {processor.py:914} INFO - Processing file /home/airflow/.local/lib/python3.12/site-packages/airflow/example_dags/tutorial.py for tasks to queue
[2025-09-21T04:52:35.734+0000] {logging_mixin.py:190} INFO - [2025-09-21T04:52:35.734+0000] {dagbag.py:588} INFO - Filling up the DagBag from /home/airflow/.local/lib/python3.12/site-packages/airflow/example_dags/tutorial.py
[2025-09-21T04:52:35.742+0000] {processor.py:925} INFO - DAG(s) 'tutorial' retrieved from /home/airflow/.local/lib/python3.12/site-packages/airflow/example_dags/tutorial.py
[2025-09-21T04:52:35.763+0000] {logging_mixin.py:190} INFO - [2025-09-21T04:52:35.763+0000] {dag.py:3239} INFO - Sync 1 DAGs
[2025-09-21T04:52:35.789+0000] {logging_mixin.py:190} INFO - [2025-09-21T04:52:35.789+0000] {dag.py:4180} INFO - Setting next_dagrun for tutorial to 2025-09-20 00:00:00+00:00, run_after=2025-09-21 00:00:00+00:00
[2025-09-21T04:52:35.809+0000] {processor.py:208} INFO - Processing /home/airflow/.local/lib/python3.12/site-packages/airflow/example_dags/tutorial.py took 0.085 seconds
[2025-09-21T04:53:06.434+0000] {processor.py:186} INFO - Started process (PID=711) to work on /home/airflow/.local/lib/python3.12/site-packages/airflow/example_dags/tutorial.py
[2025-09-21T04:53:06.434+0000] {processor.py:914} INFO - Processing file /home/airflow/.local/lib/python3.12/site-packages/airflow/example_dags/tutorial.py for tasks to queue
[2025-09-21T04:53:06.437+0000] {logging_mixin.py:190} INFO - [2025-09-21T04:53:06.436+0000] {dagbag.py:588} INFO - Filling up the DagBag from /home/airflow/.local/lib/python3.12/site-packages/airflow/example_dags/tutorial.py
[2025-09-21T04:53:06.447+0000] {processor.py:925} INFO - DAG(s) 'tutorial' retrieved from /home/airflow/.local/lib/python3.12/site-packages/airflow/example_dags/tutorial.py
[2025-09-21T04:53:06.470+0000] {logging_mixin.py:190} INFO - [2025-09-21T04:53:06.470+0000] {dag.py:3239} INFO - Sync 1 DAGs
[2025-09-21T04:53:06.501+0000] {logging_mixin.py:190} INFO - [2025-09-21T04:53:06.501+0000] {dag.py:4180} INFO - Setting next_dagrun for tutorial to 2025-09-20 00:00:00+00:00, run_after=2025-09-21 00:00:00+00:00
[2025-09-21T04:53:06.520+0000] {processor.py:208} INFO - Processing /home/airflow/.local/lib/python3.12/site-packages/airflow/example_dags/tutorial.py took 0.093 seconds
[2025-09-21T04:53:37.034+0000] {processor.py:186} INFO - Started process (PID=774) to work on /home/airflow/.local/lib/python3.12/site-packages/airflow/example_dags/tutorial.py
[2025-09-21T04:53:37.039+0000] {processor.py:914} INFO - Processing file /home/airflow/.local/lib/python3.12/site-packages/airflow/example_dags/tutorial.py for tasks to queue
[2025-09-21T04:53:37.050+0000] {logging_mixin.py:190} INFO - [2025-09-21T04:53:37.049+0000] {dagbag.py:588} INFO - Filling up the DagBag from /home/airflow/.local/lib/python3.12/site-packages/airflow/example_dags/tutorial.py
[2025-09-21T04:53:37.073+0000] {processor.py:925} INFO - DAG(s) 'tutorial' retrieved from /home/airflow/.local/lib/python3.12/site-packages/airflow/example_dags/tutorial.py
[2025-09-21T04:53:37.168+0000] {logging_mixin.py:190} INFO - [2025-09-21T04:53:37.168+0000] {dag.py:3239} INFO - Sync 1 DAGs
[2025-09-21T04:53:37.227+0000] {logging_mixin.py:190} INFO - [2025-09-21T04:53:37.227+0000] {dag.py:4180} INFO - Setting next_dagrun for tutorial to 2025-09-20 00:00:00+00:00, run_after=2025-09-21 00:00:00+00:00
[2025-09-21T04:53:37.275+0000] {processor.py:208} INFO - Processing /home/airflow/.local/lib/python3.12/site-packages/airflow/example_dags/tutorial.py took 0.255 seconds
[2025-09-21T04:54:08.091+0000] {processor.py:186} INFO - Started process (PID=837) to work on /home/airflow/.local/lib/python3.12/site-packages/airflow/example_dags/tutorial.py
[2025-09-21T04:54:08.094+0000] {processor.py:914} INFO - Processing file /home/airflow/.local/lib/python3.12/site-packages/airflow/example_dags/tutorial.py for tasks to queue
[2025-09-21T04:54:08.099+0000] {logging_mixin.py:190} INFO - [2025-09-21T04:54:08.098+0000] {dagbag.py:588} INFO - Filling up the DagBag from /home/airflow/.local/lib/python3.12/site-packages/airflow/example_dags/tutorial.py
[2025-09-21T04:54:08.119+0000] {processor.py:925} INFO - DAG(s) 'tutorial' retrieved from /home/airflow/.local/lib/python3.12/site-packages/airflow/example_dags/tutorial.py
[2025-09-21T04:54:08.153+0000] {logging_mixin.py:190} INFO - [2025-09-21T04:54:08.152+0000] {dag.py:3239} INFO - Sync 1 DAGs
[2025-09-21T04:54:08.182+0000] {logging_mixin.py:190} INFO - [2025-09-21T04:54:08.181+0000] {dag.py:4180} INFO - Setting next_dagrun for tutorial to 2025-09-20 00:00:00+00:00, run_after=2025-09-21 00:00:00+00:00
[2025-09-21T04:54:08.214+0000] {processor.py:208} INFO - Processing /home/airflow/.local/lib/python3.12/site-packages/airflow/example_dags/tutorial.py took 0.130 seconds
[2025-09-21T04:54:38.482+0000] {processor.py:186} INFO - Started process (PID=900) to work on /home/airflow/.local/lib/python3.12/site-packages/airflow/example_dags/tutorial.py
[2025-09-21T04:54:38.483+0000] {processor.py:914} INFO - Processing file /home/airflow/.local/lib/python3.12/site-packages/airflow/example_dags/tutorial.py for tasks to queue
[2025-09-21T04:54:38.485+0000] {logging_mixin.py:190} INFO - [2025-09-21T04:54:38.485+0000] {dagbag.py:588} INFO - Filling up the DagBag from /home/airflow/.local/lib/python3.12/site-packages/airflow/example_dags/tutorial.py
[2025-09-21T04:54:38.494+0000] {processor.py:925} INFO - DAG(s) 'tutorial' retrieved from /home/airflow/.local/lib/python3.12/site-packages/airflow/example_dags/tutorial.py
[2025-09-21T04:54:38.514+0000] {logging_mixin.py:190} INFO - [2025-09-21T04:54:38.514+0000] {dag.py:3239} INFO - Sync 1 DAGs
[2025-09-21T04:54:38.541+0000] {logging_mixin.py:190} INFO - [2025-09-21T04:54:38.540+0000] {dag.py:4180} INFO - Setting next_dagrun for tutorial to 2025-09-20 00:00:00+00:00, run_after=2025-09-21 00:00:00+00:00
[2025-09-21T04:54:38.558+0000] {processor.py:208} INFO - Processing /home/airflow/.local/lib/python3.12/site-packages/airflow/example_dags/tutorial.py took 0.084 seconds
[2025-09-21T04:55:09.241+0000] {processor.py:186} INFO - Started process (PID=963) to work on /home/airflow/.local/lib/python3.12/site-packages/airflow/example_dags/tutorial.py
[2025-09-21T04:55:09.241+0000] {processor.py:914} INFO - Processing file /home/airflow/.local/lib/python3.12/site-packages/airflow/example_dags/tutorial.py for tasks to queue
[2025-09-21T04:55:09.244+0000] {logging_mixin.py:190} INFO - [2025-09-21T04:55:09.243+0000] {dagbag.py:588} INFO - Filling up the DagBag from /home/airflow/.local/lib/python3.12/site-packages/airflow/example_dags/tutorial.py
[2025-09-21T04:55:09.253+0000] {processor.py:925} INFO - DAG(s) 'tutorial' retrieved from /home/airflow/.local/lib/python3.12/site-packages/airflow/example_dags/tutorial.py
[2025-09-21T04:55:09.276+0000] {logging_mixin.py:190} INFO - [2025-09-21T04:55:09.275+0000] {dag.py:3239} INFO - Sync 1 DAGs
[2025-09-21T04:55:09.309+0000] {logging_mixin.py:190} INFO - [2025-09-21T04:55:09.309+0000] {dag.py:4180} INFO - Setting next_dagrun for tutorial to 2025-09-20 00:00:00+00:00, run_after=2025-09-21 00:00:00+00:00
[2025-09-21T04:55:09.326+0000] {processor.py:208} INFO - Processing /home/airflow/.local/lib/python3.12/site-packages/airflow/example_dags/tutorial.py took 0.092 seconds
[2025-09-21T04:55:39.533+0000] {processor.py:186} INFO - Started process (PID=1026) to work on /home/airflow/.local/lib/python3.12/site-packages/airflow/example_dags/tutorial.py
[2025-09-21T04:55:39.533+0000] {processor.py:914} INFO - Processing file /home/airflow/.local/lib/python3.12/site-packages/airflow/example_dags/tutorial.py for tasks to queue
[2025-09-21T04:55:39.535+0000] {logging_mixin.py:190} INFO - [2025-09-21T04:55:39.535+0000] {dagbag.py:588} INFO - Filling up the DagBag from /home/airflow/.local/lib/python3.12/site-packages/airflow/example_dags/tutorial.py
[2025-09-21T04:55:39.544+0000] {processor.py:925} INFO - DAG(s) 'tutorial' retrieved from /home/airflow/.local/lib/python3.12/site-packages/airflow/example_dags/tutorial.py
[2025-09-21T04:55:39.565+0000] {logging_mixin.py:190} INFO - [2025-09-21T04:55:39.564+0000] {dag.py:3239} INFO - Sync 1 DAGs
[2025-09-21T04:55:39.592+0000] {logging_mixin.py:190} INFO - [2025-09-21T04:55:39.591+0000] {dag.py:4180} INFO - Setting next_dagrun for tutorial to 2025-09-20 00:00:00+00:00, run_after=2025-09-21 00:00:00+00:00
[2025-09-21T04:55:39.609+0000] {processor.py:208} INFO - Processing /home/airflow/.local/lib/python3.12/site-packages/airflow/example_dags/tutorial.py took 0.083 seconds
