[2025-09-21T04:47:50.350+0000] {processor.py:186} INFO - Started process (PID=79) to work on /home/airflow/.local/lib/python3.12/site-packages/airflow/example_dags/tutorial_dag.py
[2025-09-21T04:47:50.360+0000] {processor.py:914} INFO - Processing file /home/airflow/.local/lib/python3.12/site-packages/airflow/example_dags/tutorial_dag.py for tasks to queue
[2025-09-21T04:47:50.368+0000] {logging_mixin.py:190} INFO - [2025-09-21T04:47:50.363+0000] {dagbag.py:588} INFO - Filling up the DagBag from /home/airflow/.local/lib/python3.12/site-packages/airflow/example_dags/tutorial_dag.py
[2025-09-21T04:47:50.417+0000] {processor.py:925} INFO - DAG(s) 'tutorial_dag' retrieved from /home/airflow/.local/lib/python3.12/site-packages/airflow/example_dags/tutorial_dag.py
[2025-09-21T04:47:51.045+0000] {logging_mixin.py:190} INFO - [2025-09-21T04:47:51.044+0000] {override.py:1911} INFO - Created Permission View: can delete on DAG:tutorial_dag
[2025-09-21T04:47:51.087+0000] {logging_mixin.py:190} INFO - [2025-09-21T04:47:51.086+0000] {override.py:1911} INFO - Created Permission View: can read on DAG:tutorial_dag
[2025-09-21T04:47:51.110+0000] {logging_mixin.py:190} INFO - [2025-09-21T04:47:51.109+0000] {override.py:1911} INFO - Created Permission View: can edit on DAG:tutorial_dag
[2025-09-21T04:47:51.141+0000] {logging_mixin.py:190} INFO - [2025-09-21T04:47:51.140+0000] {override.py:1911} INFO - Created Permission View: can read on DAG Run:tutorial_dag
[2025-09-21T04:47:51.164+0000] {logging_mixin.py:190} INFO - [2025-09-21T04:47:51.164+0000] {override.py:1911} INFO - Created Permission View: menu access on DAG Run:tutorial_dag
[2025-09-21T04:47:51.185+0000] {logging_mixin.py:190} INFO - [2025-09-21T04:47:51.184+0000] {override.py:1911} INFO - Created Permission View: can delete on DAG Run:tutorial_dag
[2025-09-21T04:47:51.209+0000] {logging_mixin.py:190} INFO - [2025-09-21T04:47:51.208+0000] {override.py:1911} INFO - Created Permission View: can create on DAG Run:tutorial_dag
[2025-09-21T04:47:51.213+0000] {logging_mixin.py:190} INFO - [2025-09-21T04:47:51.212+0000] {dag.py:3239} INFO - Sync 1 DAGs
[2025-09-21T04:47:51.277+0000] {logging_mixin.py:190} INFO - [2025-09-21T04:47:51.277+0000] {dag.py:3262} INFO - Creating ORM DAG for tutorial_dag
[2025-09-21T04:47:51.293+0000] {logging_mixin.py:190} INFO - [2025-09-21T04:47:51.293+0000] {dag.py:4180} INFO - Setting next_dagrun for tutorial_dag to None, run_after=None
[2025-09-21T04:47:51.366+0000] {processor.py:208} INFO - Processing /home/airflow/.local/lib/python3.12/site-packages/airflow/example_dags/tutorial_dag.py took 1.041 seconds
[2025-09-21T04:48:26.160+0000] {processor.py:186} INFO - Started process (PID=141) to work on /home/airflow/.local/lib/python3.12/site-packages/airflow/example_dags/tutorial_dag.py
[2025-09-21T04:48:26.160+0000] {processor.py:914} INFO - Processing file /home/airflow/.local/lib/python3.12/site-packages/airflow/example_dags/tutorial_dag.py for tasks to queue
[2025-09-21T04:48:26.163+0000] {logging_mixin.py:190} INFO - [2025-09-21T04:48:26.162+0000] {dagbag.py:588} INFO - Filling up the DagBag from /home/airflow/.local/lib/python3.12/site-packages/airflow/example_dags/tutorial_dag.py
[2025-09-21T04:48:26.172+0000] {processor.py:925} INFO - DAG(s) 'tutorial_dag' retrieved from /home/airflow/.local/lib/python3.12/site-packages/airflow/example_dags/tutorial_dag.py
[2025-09-21T04:48:26.197+0000] {logging_mixin.py:190} INFO - [2025-09-21T04:48:26.197+0000] {dag.py:3239} INFO - Sync 1 DAGs
[2025-09-21T04:48:26.216+0000] {logging_mixin.py:190} INFO - [2025-09-21T04:48:26.216+0000] {dag.py:4180} INFO - Setting next_dagrun for tutorial_dag to None, run_after=None
[2025-09-21T04:48:26.235+0000] {processor.py:208} INFO - Processing /home/airflow/.local/lib/python3.12/site-packages/airflow/example_dags/tutorial_dag.py took 0.085 seconds
[2025-09-21T04:48:56.860+0000] {processor.py:186} INFO - Started process (PID=204) to work on /home/airflow/.local/lib/python3.12/site-packages/airflow/example_dags/tutorial_dag.py
[2025-09-21T04:48:56.861+0000] {processor.py:914} INFO - Processing file /home/airflow/.local/lib/python3.12/site-packages/airflow/example_dags/tutorial_dag.py for tasks to queue
[2025-09-21T04:48:56.863+0000] {logging_mixin.py:190} INFO - [2025-09-21T04:48:56.863+0000] {dagbag.py:588} INFO - Filling up the DagBag from /home/airflow/.local/lib/python3.12/site-packages/airflow/example_dags/tutorial_dag.py
[2025-09-21T04:48:56.871+0000] {processor.py:925} INFO - DAG(s) 'tutorial_dag' retrieved from /home/airflow/.local/lib/python3.12/site-packages/airflow/example_dags/tutorial_dag.py
[2025-09-21T04:48:56.896+0000] {logging_mixin.py:190} INFO - [2025-09-21T04:48:56.896+0000] {dag.py:3239} INFO - Sync 1 DAGs
[2025-09-21T04:48:56.913+0000] {logging_mixin.py:190} INFO - [2025-09-21T04:48:56.912+0000] {dag.py:4180} INFO - Setting next_dagrun for tutorial_dag to None, run_after=None
[2025-09-21T04:48:56.931+0000] {processor.py:208} INFO - Processing /home/airflow/.local/lib/python3.12/site-packages/airflow/example_dags/tutorial_dag.py took 0.077 seconds
[2025-09-21T04:49:30.842+0000] {processor.py:186} INFO - Started process (PID=261) to work on /home/airflow/.local/lib/python3.12/site-packages/airflow/example_dags/tutorial_dag.py
[2025-09-21T04:49:30.848+0000] {processor.py:914} INFO - Processing file /home/airflow/.local/lib/python3.12/site-packages/airflow/example_dags/tutorial_dag.py for tasks to queue
[2025-09-21T04:49:30.850+0000] {logging_mixin.py:190} INFO - [2025-09-21T04:49:30.850+0000] {dagbag.py:588} INFO - Filling up the DagBag from /home/airflow/.local/lib/python3.12/site-packages/airflow/example_dags/tutorial_dag.py
[2025-09-21T04:49:30.868+0000] {processor.py:925} INFO - DAG(s) 'tutorial_dag' retrieved from /home/airflow/.local/lib/python3.12/site-packages/airflow/example_dags/tutorial_dag.py
[2025-09-21T04:49:30.931+0000] {logging_mixin.py:190} INFO - [2025-09-21T04:49:30.931+0000] {dag.py:3239} INFO - Sync 1 DAGs
[2025-09-21T04:49:30.976+0000] {logging_mixin.py:190} INFO - [2025-09-21T04:49:30.976+0000] {dag.py:4180} INFO - Setting next_dagrun for tutorial_dag to None, run_after=None
[2025-09-21T04:49:31.058+0000] {processor.py:208} INFO - Processing /home/airflow/.local/lib/python3.12/site-packages/airflow/example_dags/tutorial_dag.py took 0.238 seconds
[2025-09-21T04:50:01.785+0000] {processor.py:186} INFO - Started process (PID=324) to work on /home/airflow/.local/lib/python3.12/site-packages/airflow/example_dags/tutorial_dag.py
[2025-09-21T04:50:01.786+0000] {processor.py:914} INFO - Processing file /home/airflow/.local/lib/python3.12/site-packages/airflow/example_dags/tutorial_dag.py for tasks to queue
[2025-09-21T04:50:01.788+0000] {logging_mixin.py:190} INFO - [2025-09-21T04:50:01.787+0000] {dagbag.py:588} INFO - Filling up the DagBag from /home/airflow/.local/lib/python3.12/site-packages/airflow/example_dags/tutorial_dag.py
[2025-09-21T04:50:01.793+0000] {processor.py:925} INFO - DAG(s) 'tutorial_dag' retrieved from /home/airflow/.local/lib/python3.12/site-packages/airflow/example_dags/tutorial_dag.py
[2025-09-21T04:50:01.809+0000] {logging_mixin.py:190} INFO - [2025-09-21T04:50:01.808+0000] {dag.py:3239} INFO - Sync 1 DAGs
[2025-09-21T04:50:01.820+0000] {logging_mixin.py:190} INFO - [2025-09-21T04:50:01.820+0000] {dag.py:4180} INFO - Setting next_dagrun for tutorial_dag to None, run_after=None
[2025-09-21T04:50:01.833+0000] {processor.py:208} INFO - Processing /home/airflow/.local/lib/python3.12/site-packages/airflow/example_dags/tutorial_dag.py took 0.052 seconds
[2025-09-21T04:50:32.496+0000] {processor.py:186} INFO - Started process (PID=392) to work on /home/airflow/.local/lib/python3.12/site-packages/airflow/example_dags/tutorial_dag.py
[2025-09-21T04:50:32.497+0000] {processor.py:914} INFO - Processing file /home/airflow/.local/lib/python3.12/site-packages/airflow/example_dags/tutorial_dag.py for tasks to queue
[2025-09-21T04:50:32.499+0000] {logging_mixin.py:190} INFO - [2025-09-21T04:50:32.499+0000] {dagbag.py:588} INFO - Filling up the DagBag from /home/airflow/.local/lib/python3.12/site-packages/airflow/example_dags/tutorial_dag.py
[2025-09-21T04:50:32.507+0000] {processor.py:925} INFO - DAG(s) 'tutorial_dag' retrieved from /home/airflow/.local/lib/python3.12/site-packages/airflow/example_dags/tutorial_dag.py
[2025-09-21T04:50:32.531+0000] {logging_mixin.py:190} INFO - [2025-09-21T04:50:32.530+0000] {dag.py:3239} INFO - Sync 1 DAGs
[2025-09-21T04:50:32.548+0000] {logging_mixin.py:190} INFO - [2025-09-21T04:50:32.547+0000] {dag.py:4180} INFO - Setting next_dagrun for tutorial_dag to None, run_after=None
[2025-09-21T04:50:32.565+0000] {processor.py:208} INFO - Processing /home/airflow/.local/lib/python3.12/site-packages/airflow/example_dags/tutorial_dag.py took 0.075 seconds
[2025-09-21T04:51:03.309+0000] {processor.py:186} INFO - Started process (PID=454) to work on /home/airflow/.local/lib/python3.12/site-packages/airflow/example_dags/tutorial_dag.py
[2025-09-21T04:51:03.309+0000] {processor.py:914} INFO - Processing file /home/airflow/.local/lib/python3.12/site-packages/airflow/example_dags/tutorial_dag.py for tasks to queue
[2025-09-21T04:51:03.312+0000] {logging_mixin.py:190} INFO - [2025-09-21T04:51:03.311+0000] {dagbag.py:588} INFO - Filling up the DagBag from /home/airflow/.local/lib/python3.12/site-packages/airflow/example_dags/tutorial_dag.py
[2025-09-21T04:51:03.318+0000] {processor.py:925} INFO - DAG(s) 'tutorial_dag' retrieved from /home/airflow/.local/lib/python3.12/site-packages/airflow/example_dags/tutorial_dag.py
[2025-09-21T04:51:03.346+0000] {logging_mixin.py:190} INFO - [2025-09-21T04:51:03.345+0000] {dag.py:3239} INFO - Sync 1 DAGs
[2025-09-21T04:51:03.366+0000] {logging_mixin.py:190} INFO - [2025-09-21T04:51:03.365+0000] {dag.py:4180} INFO - Setting next_dagrun for tutorial_dag to None, run_after=None
[2025-09-21T04:51:03.396+0000] {processor.py:208} INFO - Processing /home/airflow/.local/lib/python3.12/site-packages/airflow/example_dags/tutorial_dag.py took 0.096 seconds
[2025-09-21T04:51:33.786+0000] {processor.py:186} INFO - Started process (PID=517) to work on /home/airflow/.local/lib/python3.12/site-packages/airflow/example_dags/tutorial_dag.py
[2025-09-21T04:51:33.787+0000] {processor.py:914} INFO - Processing file /home/airflow/.local/lib/python3.12/site-packages/airflow/example_dags/tutorial_dag.py for tasks to queue
[2025-09-21T04:51:33.791+0000] {logging_mixin.py:190} INFO - [2025-09-21T04:51:33.791+0000] {dagbag.py:588} INFO - Filling up the DagBag from /home/airflow/.local/lib/python3.12/site-packages/airflow/example_dags/tutorial_dag.py
[2025-09-21T04:51:33.803+0000] {processor.py:925} INFO - DAG(s) 'tutorial_dag' retrieved from /home/airflow/.local/lib/python3.12/site-packages/airflow/example_dags/tutorial_dag.py
[2025-09-21T04:51:33.833+0000] {logging_mixin.py:190} INFO - [2025-09-21T04:51:33.833+0000] {dag.py:3239} INFO - Sync 1 DAGs
[2025-09-21T04:51:33.873+0000] {logging_mixin.py:190} INFO - [2025-09-21T04:51:33.871+0000] {dag.py:4180} INFO - Setting next_dagrun for tutorial_dag to None, run_after=None
[2025-09-21T04:51:33.902+0000] {processor.py:208} INFO - Processing /home/airflow/.local/lib/python3.12/site-packages/airflow/example_dags/tutorial_dag.py took 0.122 seconds
[2025-09-21T04:52:04.020+0000] {processor.py:186} INFO - Started process (PID=580) to work on /home/airflow/.local/lib/python3.12/site-packages/airflow/example_dags/tutorial_dag.py
[2025-09-21T04:52:04.021+0000] {processor.py:914} INFO - Processing file /home/airflow/.local/lib/python3.12/site-packages/airflow/example_dags/tutorial_dag.py for tasks to queue
[2025-09-21T04:52:04.024+0000] {logging_mixin.py:190} INFO - [2025-09-21T04:52:04.023+0000] {dagbag.py:588} INFO - Filling up the DagBag from /home/airflow/.local/lib/python3.12/site-packages/airflow/example_dags/tutorial_dag.py
[2025-09-21T04:52:04.032+0000] {processor.py:925} INFO - DAG(s) 'tutorial_dag' retrieved from /home/airflow/.local/lib/python3.12/site-packages/airflow/example_dags/tutorial_dag.py
[2025-09-21T04:52:04.054+0000] {logging_mixin.py:190} INFO - [2025-09-21T04:52:04.054+0000] {dag.py:3239} INFO - Sync 1 DAGs
[2025-09-21T04:52:04.071+0000] {logging_mixin.py:190} INFO - [2025-09-21T04:52:04.071+0000] {dag.py:4180} INFO - Setting next_dagrun for tutorial_dag to None, run_after=None
[2025-09-21T04:52:04.088+0000] {processor.py:208} INFO - Processing /home/airflow/.local/lib/python3.12/site-packages/airflow/example_dags/tutorial_dag.py took 0.075 seconds
[2025-09-21T04:52:34.598+0000] {processor.py:186} INFO - Started process (PID=643) to work on /home/airflow/.local/lib/python3.12/site-packages/airflow/example_dags/tutorial_dag.py
[2025-09-21T04:52:34.599+0000] {processor.py:914} INFO - Processing file /home/airflow/.local/lib/python3.12/site-packages/airflow/example_dags/tutorial_dag.py for tasks to queue
[2025-09-21T04:52:34.601+0000] {logging_mixin.py:190} INFO - [2025-09-21T04:52:34.601+0000] {dagbag.py:588} INFO - Filling up the DagBag from /home/airflow/.local/lib/python3.12/site-packages/airflow/example_dags/tutorial_dag.py
[2025-09-21T04:52:34.609+0000] {processor.py:925} INFO - DAG(s) 'tutorial_dag' retrieved from /home/airflow/.local/lib/python3.12/site-packages/airflow/example_dags/tutorial_dag.py
[2025-09-21T04:52:34.631+0000] {logging_mixin.py:190} INFO - [2025-09-21T04:52:34.631+0000] {dag.py:3239} INFO - Sync 1 DAGs
[2025-09-21T04:52:34.648+0000] {logging_mixin.py:190} INFO - [2025-09-21T04:52:34.648+0000] {dag.py:4180} INFO - Setting next_dagrun for tutorial_dag to None, run_after=None
[2025-09-21T04:52:34.665+0000] {processor.py:208} INFO - Processing /home/airflow/.local/lib/python3.12/site-packages/airflow/example_dags/tutorial_dag.py took 0.073 seconds
[2025-09-21T04:53:05.009+0000] {processor.py:186} INFO - Started process (PID=706) to work on /home/airflow/.local/lib/python3.12/site-packages/airflow/example_dags/tutorial_dag.py
[2025-09-21T04:53:05.009+0000] {processor.py:914} INFO - Processing file /home/airflow/.local/lib/python3.12/site-packages/airflow/example_dags/tutorial_dag.py for tasks to queue
[2025-09-21T04:53:05.012+0000] {logging_mixin.py:190} INFO - [2025-09-21T04:53:05.011+0000] {dagbag.py:588} INFO - Filling up the DagBag from /home/airflow/.local/lib/python3.12/site-packages/airflow/example_dags/tutorial_dag.py
[2025-09-21T04:53:05.025+0000] {processor.py:925} INFO - DAG(s) 'tutorial_dag' retrieved from /home/airflow/.local/lib/python3.12/site-packages/airflow/example_dags/tutorial_dag.py
[2025-09-21T04:53:05.109+0000] {logging_mixin.py:190} INFO - [2025-09-21T04:53:05.108+0000] {dag.py:3239} INFO - Sync 1 DAGs
[2025-09-21T04:53:05.142+0000] {logging_mixin.py:190} INFO - [2025-09-21T04:53:05.142+0000] {dag.py:4180} INFO - Setting next_dagrun for tutorial_dag to None, run_after=None
[2025-09-21T04:53:05.174+0000] {processor.py:208} INFO - Processing /home/airflow/.local/lib/python3.12/site-packages/airflow/example_dags/tutorial_dag.py took 0.176 seconds
[2025-09-21T04:53:36.017+0000] {processor.py:186} INFO - Started process (PID=769) to work on /home/airflow/.local/lib/python3.12/site-packages/airflow/example_dags/tutorial_dag.py
[2025-09-21T04:53:36.019+0000] {processor.py:914} INFO - Processing file /home/airflow/.local/lib/python3.12/site-packages/airflow/example_dags/tutorial_dag.py for tasks to queue
[2025-09-21T04:53:36.026+0000] {logging_mixin.py:190} INFO - [2025-09-21T04:53:36.021+0000] {dagbag.py:588} INFO - Filling up the DagBag from /home/airflow/.local/lib/python3.12/site-packages/airflow/example_dags/tutorial_dag.py
[2025-09-21T04:53:36.043+0000] {processor.py:925} INFO - DAG(s) 'tutorial_dag' retrieved from /home/airflow/.local/lib/python3.12/site-packages/airflow/example_dags/tutorial_dag.py
[2025-09-21T04:53:36.157+0000] {logging_mixin.py:190} INFO - [2025-09-21T04:53:36.156+0000] {dag.py:3239} INFO - Sync 1 DAGs
[2025-09-21T04:53:36.218+0000] {logging_mixin.py:190} INFO - [2025-09-21T04:53:36.218+0000] {dag.py:4180} INFO - Setting next_dagrun for tutorial_dag to None, run_after=None
[2025-09-21T04:53:36.301+0000] {processor.py:208} INFO - Processing /home/airflow/.local/lib/python3.12/site-packages/airflow/example_dags/tutorial_dag.py took 0.300 seconds
[2025-09-21T04:54:06.824+0000] {processor.py:186} INFO - Started process (PID=832) to work on /home/airflow/.local/lib/python3.12/site-packages/airflow/example_dags/tutorial_dag.py
[2025-09-21T04:54:06.825+0000] {processor.py:914} INFO - Processing file /home/airflow/.local/lib/python3.12/site-packages/airflow/example_dags/tutorial_dag.py for tasks to queue
[2025-09-21T04:54:06.826+0000] {logging_mixin.py:190} INFO - [2025-09-21T04:54:06.826+0000] {dagbag.py:588} INFO - Filling up the DagBag from /home/airflow/.local/lib/python3.12/site-packages/airflow/example_dags/tutorial_dag.py
[2025-09-21T04:54:06.832+0000] {processor.py:925} INFO - DAG(s) 'tutorial_dag' retrieved from /home/airflow/.local/lib/python3.12/site-packages/airflow/example_dags/tutorial_dag.py
[2025-09-21T04:54:06.847+0000] {logging_mixin.py:190} INFO - [2025-09-21T04:54:06.847+0000] {dag.py:3239} INFO - Sync 1 DAGs
[2025-09-21T04:54:06.859+0000] {logging_mixin.py:190} INFO - [2025-09-21T04:54:06.859+0000] {dag.py:4180} INFO - Setting next_dagrun for tutorial_dag to None, run_after=None
[2025-09-21T04:54:06.872+0000] {processor.py:208} INFO - Processing /home/airflow/.local/lib/python3.12/site-packages/airflow/example_dags/tutorial_dag.py took 0.053 seconds
[2025-09-21T04:54:37.260+0000] {processor.py:186} INFO - Started process (PID=895) to work on /home/airflow/.local/lib/python3.12/site-packages/airflow/example_dags/tutorial_dag.py
[2025-09-21T04:54:37.261+0000] {processor.py:914} INFO - Processing file /home/airflow/.local/lib/python3.12/site-packages/airflow/example_dags/tutorial_dag.py for tasks to queue
[2025-09-21T04:54:37.263+0000] {logging_mixin.py:190} INFO - [2025-09-21T04:54:37.263+0000] {dagbag.py:588} INFO - Filling up the DagBag from /home/airflow/.local/lib/python3.12/site-packages/airflow/example_dags/tutorial_dag.py
[2025-09-21T04:54:37.271+0000] {processor.py:925} INFO - DAG(s) 'tutorial_dag' retrieved from /home/airflow/.local/lib/python3.12/site-packages/airflow/example_dags/tutorial_dag.py
[2025-09-21T04:54:37.301+0000] {logging_mixin.py:190} INFO - [2025-09-21T04:54:37.301+0000] {dag.py:3239} INFO - Sync 1 DAGs
[2025-09-21T04:54:37.325+0000] {logging_mixin.py:190} INFO - [2025-09-21T04:54:37.325+0000] {dag.py:4180} INFO - Setting next_dagrun for tutorial_dag to None, run_after=None
[2025-09-21T04:54:37.344+0000] {processor.py:208} INFO - Processing /home/airflow/.local/lib/python3.12/site-packages/airflow/example_dags/tutorial_dag.py took 0.090 seconds
[2025-09-21T04:55:08.028+0000] {processor.py:186} INFO - Started process (PID=958) to work on /home/airflow/.local/lib/python3.12/site-packages/airflow/example_dags/tutorial_dag.py
[2025-09-21T04:55:08.028+0000] {processor.py:914} INFO - Processing file /home/airflow/.local/lib/python3.12/site-packages/airflow/example_dags/tutorial_dag.py for tasks to queue
[2025-09-21T04:55:08.030+0000] {logging_mixin.py:190} INFO - [2025-09-21T04:55:08.030+0000] {dagbag.py:588} INFO - Filling up the DagBag from /home/airflow/.local/lib/python3.12/site-packages/airflow/example_dags/tutorial_dag.py
[2025-09-21T04:55:08.036+0000] {processor.py:925} INFO - DAG(s) 'tutorial_dag' retrieved from /home/airflow/.local/lib/python3.12/site-packages/airflow/example_dags/tutorial_dag.py
[2025-09-21T04:55:08.051+0000] {logging_mixin.py:190} INFO - [2025-09-21T04:55:08.051+0000] {dag.py:3239} INFO - Sync 1 DAGs
[2025-09-21T04:55:08.063+0000] {logging_mixin.py:190} INFO - [2025-09-21T04:55:08.063+0000] {dag.py:4180} INFO - Setting next_dagrun for tutorial_dag to None, run_after=None
[2025-09-21T04:55:08.076+0000] {processor.py:208} INFO - Processing /home/airflow/.local/lib/python3.12/site-packages/airflow/example_dags/tutorial_dag.py took 0.053 seconds
[2025-09-21T04:55:38.283+0000] {processor.py:186} INFO - Started process (PID=1021) to work on /home/airflow/.local/lib/python3.12/site-packages/airflow/example_dags/tutorial_dag.py
[2025-09-21T04:55:38.284+0000] {processor.py:914} INFO - Processing file /home/airflow/.local/lib/python3.12/site-packages/airflow/example_dags/tutorial_dag.py for tasks to queue
[2025-09-21T04:55:38.286+0000] {logging_mixin.py:190} INFO - [2025-09-21T04:55:38.286+0000] {dagbag.py:588} INFO - Filling up the DagBag from /home/airflow/.local/lib/python3.12/site-packages/airflow/example_dags/tutorial_dag.py
[2025-09-21T04:55:38.295+0000] {processor.py:925} INFO - DAG(s) 'tutorial_dag' retrieved from /home/airflow/.local/lib/python3.12/site-packages/airflow/example_dags/tutorial_dag.py
[2025-09-21T04:55:38.318+0000] {logging_mixin.py:190} INFO - [2025-09-21T04:55:38.318+0000] {dag.py:3239} INFO - Sync 1 DAGs
[2025-09-21T04:55:38.336+0000] {logging_mixin.py:190} INFO - [2025-09-21T04:55:38.336+0000] {dag.py:4180} INFO - Setting next_dagrun for tutorial_dag to None, run_after=None
[2025-09-21T04:55:38.355+0000] {processor.py:208} INFO - Processing /home/airflow/.local/lib/python3.12/site-packages/airflow/example_dags/tutorial_dag.py took 0.078 seconds
[2025-09-21T04:56:08.833+0000] {processor.py:186} INFO - Started process (PID=1084) to work on /home/airflow/.local/lib/python3.12/site-packages/airflow/example_dags/tutorial_dag.py
[2025-09-21T04:56:08.834+0000] {processor.py:914} INFO - Processing file /home/airflow/.local/lib/python3.12/site-packages/airflow/example_dags/tutorial_dag.py for tasks to queue
[2025-09-21T04:56:08.836+0000] {logging_mixin.py:190} INFO - [2025-09-21T04:56:08.836+0000] {dagbag.py:588} INFO - Filling up the DagBag from /home/airflow/.local/lib/python3.12/site-packages/airflow/example_dags/tutorial_dag.py
[2025-09-21T04:56:08.844+0000] {processor.py:925} INFO - DAG(s) 'tutorial_dag' retrieved from /home/airflow/.local/lib/python3.12/site-packages/airflow/example_dags/tutorial_dag.py
[2025-09-21T04:56:08.866+0000] {logging_mixin.py:190} INFO - [2025-09-21T04:56:08.866+0000] {dag.py:3239} INFO - Sync 1 DAGs
[2025-09-21T04:56:08.884+0000] {logging_mixin.py:190} INFO - [2025-09-21T04:56:08.884+0000] {dag.py:4180} INFO - Setting next_dagrun for tutorial_dag to None, run_after=None
[2025-09-21T04:56:08.902+0000] {processor.py:208} INFO - Processing /home/airflow/.local/lib/python3.12/site-packages/airflow/example_dags/tutorial_dag.py took 0.076 seconds
[2025-09-21T04:56:39.250+0000] {processor.py:186} INFO - Started process (PID=1146) to work on /home/airflow/.local/lib/python3.12/site-packages/airflow/example_dags/tutorial_dag.py
[2025-09-21T04:56:39.251+0000] {processor.py:914} INFO - Processing file /home/airflow/.local/lib/python3.12/site-packages/airflow/example_dags/tutorial_dag.py for tasks to queue
[2025-09-21T04:56:39.253+0000] {logging_mixin.py:190} INFO - [2025-09-21T04:56:39.253+0000] {dagbag.py:588} INFO - Filling up the DagBag from /home/airflow/.local/lib/python3.12/site-packages/airflow/example_dags/tutorial_dag.py
[2025-09-21T04:56:39.263+0000] {processor.py:925} INFO - DAG(s) 'tutorial_dag' retrieved from /home/airflow/.local/lib/python3.12/site-packages/airflow/example_dags/tutorial_dag.py
[2025-09-21T04:56:39.293+0000] {logging_mixin.py:190} INFO - [2025-09-21T04:56:39.293+0000] {dag.py:3239} INFO - Sync 1 DAGs
[2025-09-21T04:56:39.312+0000] {logging_mixin.py:190} INFO - [2025-09-21T04:56:39.312+0000] {dag.py:4180} INFO - Setting next_dagrun for tutorial_dag to None, run_after=None
[2025-09-21T04:56:39.337+0000] {processor.py:208} INFO - Processing /home/airflow/.local/lib/python3.12/site-packages/airflow/example_dags/tutorial_dag.py took 0.094 seconds
[2025-09-21T04:57:09.472+0000] {processor.py:186} INFO - Started process (PID=1209) to work on /home/airflow/.local/lib/python3.12/site-packages/airflow/example_dags/tutorial_dag.py
[2025-09-21T04:57:09.473+0000] {processor.py:914} INFO - Processing file /home/airflow/.local/lib/python3.12/site-packages/airflow/example_dags/tutorial_dag.py for tasks to queue
[2025-09-21T04:57:09.476+0000] {logging_mixin.py:190} INFO - [2025-09-21T04:57:09.476+0000] {dagbag.py:588} INFO - Filling up the DagBag from /home/airflow/.local/lib/python3.12/site-packages/airflow/example_dags/tutorial_dag.py
[2025-09-21T04:57:09.489+0000] {processor.py:925} INFO - DAG(s) 'tutorial_dag' retrieved from /home/airflow/.local/lib/python3.12/site-packages/airflow/example_dags/tutorial_dag.py
[2025-09-21T04:57:09.529+0000] {logging_mixin.py:190} INFO - [2025-09-21T04:57:09.529+0000] {dag.py:3239} INFO - Sync 1 DAGs
[2025-09-21T04:57:09.564+0000] {logging_mixin.py:190} INFO - [2025-09-21T04:57:09.563+0000] {dag.py:4180} INFO - Setting next_dagrun for tutorial_dag to None, run_after=None
[2025-09-21T04:57:09.612+0000] {processor.py:208} INFO - Processing /home/airflow/.local/lib/python3.12/site-packages/airflow/example_dags/tutorial_dag.py took 0.146 seconds
[2025-09-21T04:57:40.462+0000] {processor.py:186} INFO - Started process (PID=1271) to work on /home/airflow/.local/lib/python3.12/site-packages/airflow/example_dags/tutorial_dag.py
[2025-09-21T04:57:40.476+0000] {processor.py:914} INFO - Processing file /home/airflow/.local/lib/python3.12/site-packages/airflow/example_dags/tutorial_dag.py for tasks to queue
[2025-09-21T04:57:40.483+0000] {logging_mixin.py:190} INFO - [2025-09-21T04:57:40.483+0000] {dagbag.py:588} INFO - Filling up the DagBag from /home/airflow/.local/lib/python3.12/site-packages/airflow/example_dags/tutorial_dag.py
[2025-09-21T04:57:40.505+0000] {processor.py:925} INFO - DAG(s) 'tutorial_dag' retrieved from /home/airflow/.local/lib/python3.12/site-packages/airflow/example_dags/tutorial_dag.py
[2025-09-21T04:57:40.578+0000] {logging_mixin.py:190} INFO - [2025-09-21T04:57:40.578+0000] {dag.py:3239} INFO - Sync 1 DAGs
[2025-09-21T04:57:40.644+0000] {logging_mixin.py:190} INFO - [2025-09-21T04:57:40.644+0000] {dag.py:4180} INFO - Setting next_dagrun for tutorial_dag to None, run_after=None
[2025-09-21T04:57:40.662+0000] {processor.py:208} INFO - Processing /home/airflow/.local/lib/python3.12/site-packages/airflow/example_dags/tutorial_dag.py took 0.218 seconds
